Whole k-fold eval mode
Source domain: 5, Target domain: 5, Cur_fold 0
Corpus: TOEFL
Starting new HTTPS connection (1): s3.amazonaws.com:443
https://s3.amazonaws.com:443 "HEAD /models.huggingface.co/bert/xlnet-base-cased-spiece.model HTTP/1.1" 200 0
loading file https://s3.amazonaws.com/models.huggingface.co/bert/xlnet-base-cased-spiece.model from cache at /home/minghongxia/.cache/torch/transformers/dad589d582573df0293448af5109cb6981ca77239ed314e15ca63b7b8a318ddd.8b10bd978b5d01c21303cc761fc9ecd464419b3bf921864a355ba807cfbfafa8
Loading these models for language: en (English):
=======================
| Processor | Package |
-----------------------
| tokenize  | ewt     |
=======================

Use device: gpu
Loading: tokenize
Done loading processors!
Loading these models for language: en (English):
=======================
| Processor | Package |
-----------------------
| tokenize  | ewt     |
=======================

Use device: gpu
Loading: tokenize
Done loading processors!
Loading these models for language: en (English):
=======================
| Processor | Package |
-----------------------
| tokenize  | ewt     |
=======================

Use device: gpu
Loading: tokenize
Done loading processors!
Starting new HTTPS connection (1): s3.amazonaws.com:443
https://s3.amazonaws.com:443 "HEAD /models.huggingface.co/bert/xlnet-base-cased-config.json HTTP/1.1" 200 0
loading configuration file https://s3.amazonaws.com/models.huggingface.co/bert/xlnet-base-cased-config.json from cache at /home/minghongxia/.cache/torch/transformers/c9cc6e53904f7f3679a31ec4af244f4419e25ebc8e71ebf8c558a31cbcf07fc8.69e5e35e0b798cab5e473f253752f8bf4d280ee37682281a23eed80f6e2d09c6
Model config XLNetConfig {
  "architectures": [
    "XLNetLMHeadModel"
  ],
  "attn_type": "bi",
  "bi_data": false,
  "bos_token_id": 1,
  "clamp_len": -1,
  "d_head": 64,
  "d_inner": 3072,
  "d_model": 768,
  "do_sample": false,
  "dropout": 0.1,
  "end_n_top": 5,
  "eos_token_id": 2,
  "eos_token_ids": 0,
  "ff_activation": "gelu",
  "finetuning_task": null,
  "id2label": {
    "0": "LABEL_0",
    "1": "LABEL_1"
  },
  "initializer_range": 0.02,
  "is_decoder": false,
  "label2id": {
    "LABEL_0": 0,
    "LABEL_1": 1
  },
  "layer_norm_eps": 1e-12,
  "length_penalty": 1.0,
  "max_length": 20,
  "mem_len": null,
  "model_type": "xlnet",
  "n_head": 12,
  "n_layer": 12,
  "num_beams": 1,
  "num_labels": 2,
  "num_return_sequences": 1,
  "output_attentions": false,
  "output_hidden_states": false,
  "output_past": true,
  "pad_token_id": 5,
  "pruned_heads": {},
  "repetition_penalty": 1.0,
  "reuse_len": null,
  "same_length": false,
  "start_n_top": 5,
  "summary_activation": "tanh",
  "summary_last_dropout": 0.1,
  "summary_type": "last",
  "summary_use_proj": true,
  "task_specific_params": {
    "text-generation": {
      "do_sample": true,
      "max_length": 250
    }
  },
  "temperature": 1.0,
  "top_k": 50,
  "top_p": 1.0,
  "torchscript": false,
  "untie_r": true,
  "use_bfloat16": false,
  "vocab_size": 32000
}

Loading embeddings from: xlnet-base-cased
Model: DIS_Simple Avg Plus Sentence Ordering
Encoder: XLNet
Starting new HTTPS connection (1): s3.amazonaws.com:443
https://s3.amazonaws.com:443 "HEAD /models.huggingface.co/bert/xlnet-base-cased-config.json HTTP/1.1" 200 0
loading configuration file https://s3.amazonaws.com/models.huggingface.co/bert/xlnet-base-cased-config.json from cache at /home/minghongxia/.cache/torch/transformers/c9cc6e53904f7f3679a31ec4af244f4419e25ebc8e71ebf8c558a31cbcf07fc8.69e5e35e0b798cab5e473f253752f8bf4d280ee37682281a23eed80f6e2d09c6
Model config XLNetConfig {
  "architectures": [
    "XLNetLMHeadModel"
  ],
  "attn_type": "bi",
  "bi_data": false,
  "bos_token_id": 1,
  "clamp_len": -1,
  "d_head": 64,
  "d_inner": 3072,
  "d_model": 768,
  "do_sample": false,
  "dropout": 0.1,
  "end_n_top": 5,
  "eos_token_id": 2,
  "eos_token_ids": 0,
  "ff_activation": "gelu",
  "finetuning_task": null,
  "id2label": {
    "0": "LABEL_0",
    "1": "LABEL_1"
  },
  "initializer_range": 0.02,
  "is_decoder": false,
  "label2id": {
    "LABEL_0": 0,
    "LABEL_1": 1
  },
  "layer_norm_eps": 1e-12,
  "length_penalty": 1.0,
  "max_length": 20,
  "mem_len": null,
  "model_type": "xlnet",
  "n_head": 12,
  "n_layer": 12,
  "num_beams": 1,
  "num_labels": 2,
  "num_return_sequences": 1,
  "output_attentions": true,
  "output_hidden_states": false,
  "output_past": true,
  "pad_token_id": 5,
  "pruned_heads": {},
  "repetition_penalty": 1.0,
  "reuse_len": null,
  "same_length": false,
  "start_n_top": 5,
  "summary_activation": "tanh",
  "summary_last_dropout": 0.1,
  "summary_type": "last",
  "summary_use_proj": true,
  "task_specific_params": {
    "text-generation": {
      "do_sample": true,
      "max_length": 250
    }
  },
  "temperature": 1.0,
  "top_k": 50,
  "top_p": 1.0,
  "torchscript": false,
  "untie_r": true,
  "use_bfloat16": false,
  "vocab_size": 32000
}

Starting new HTTPS connection (1): s3.amazonaws.com:443
https://s3.amazonaws.com:443 "HEAD /models.huggingface.co/bert/xlnet-base-cased-pytorch_model.bin HTTP/1.1" 200 0
loading weights file https://s3.amazonaws.com/models.huggingface.co/bert/xlnet-base-cased-pytorch_model.bin from cache at /home/minghongxia/.cache/torch/transformers/24197ba0ce5dbfe23924431610704c88e2c0371afa49149360e4c823219ab474.7eac4fe898a021204e63c88c00ea68c60443c57f94b4bc3c02adbde6465745ac
Starting new HTTPS connection (1): s3.amazonaws.com:443
https://s3.amazonaws.com:443 "HEAD /models.huggingface.co/bert/xlnet-base-cased-config.json HTTP/1.1" 200 0
loading configuration file https://s3.amazonaws.com/models.huggingface.co/bert/xlnet-base-cased-config.json from cache at /home/minghongxia/.cache/torch/transformers/c9cc6e53904f7f3679a31ec4af244f4419e25ebc8e71ebf8c558a31cbcf07fc8.69e5e35e0b798cab5e473f253752f8bf4d280ee37682281a23eed80f6e2d09c6
Model config XLNetConfig {
  "architectures": [
    "XLNetLMHeadModel"
  ],
  "attn_type": "bi",
  "bi_data": false,
  "bos_token_id": 1,
  "clamp_len": -1,
  "d_head": 64,
  "d_inner": 3072,
  "d_model": 768,
  "do_sample": false,
  "dropout": 0.1,
  "end_n_top": 5,
  "eos_token_id": 2,
  "eos_token_ids": 0,
  "ff_activation": "gelu",
  "finetuning_task": null,
  "id2label": {
    "0": "LABEL_0",
    "1": "LABEL_1"
  },
  "initializer_range": 0.02,
  "is_decoder": false,
  "label2id": {
    "LABEL_0": 0,
    "LABEL_1": 1
  },
  "layer_norm_eps": 1e-12,
  "length_penalty": 1.0,
  "max_length": 20,
  "mem_len": null,
  "model_type": "xlnet",
  "n_head": 12,
  "n_layer": 12,
  "num_beams": 1,
  "num_labels": 2,
  "num_return_sequences": 1,
  "output_attentions": false,
  "output_hidden_states": false,
  "output_past": true,
  "pad_token_id": 5,
  "pruned_heads": {},
  "repetition_penalty": 1.0,
  "reuse_len": null,
  "same_length": false,
  "start_n_top": 5,
  "summary_activation": "tanh",
  "summary_last_dropout": 0.1,
  "summary_type": "last",
  "summary_use_proj": true,
  "task_specific_params": {
    "text-generation": {
      "do_sample": true,
      "max_length": 250
    }
  },
  "temperature": 1.0,
  "top_k": 50,
  "top_p": 1.0,
  "torchscript": false,
  "untie_r": true,
  "use_bfloat16": false,
  "vocab_size": 32000
}

Optimizer: adam
Optimizer: adam
**** Training Begins ****
**** Epoch 0/20 ****
Use CrossEntropyLoss
15/33-(1.782)
30/33-(1.568)
12/33-(1.523)
27/33-(1.214)

=== Evaluating Model ===
accuracy on Valid 0.5805471124620061

Best accuracy on Valid 0.5805471124620061
Total valid loss 0.8360765689895266
accuracy on Test 0.5835866261398176
Best accuracy on Test 0.5835866261398176

**** Epoch 0/20 ****
9/33-(0.892)
24/33-(0.948)
6/33-(1.088)
21/33-(0.853)

=== Evaluating Model ===
accuracy on Valid 0.7629179331306991

Best accuracy on Valid 0.7629179331306991
Total valid loss 0.6588592344806308
accuracy on Test 0.7203647416413373
Best accuracy on Test 0.7203647416413373

**** Epoch 1/20 ****
3/33-(0.924)
18/33-(0.748)
0/33-(0.819)
15/33-(0.665)

=== Evaluating Model ===
accuracy on Valid 0.7811550151975684

Best accuracy on Valid 0.7811550151975684
Total valid loss 0.5858782941386813
accuracy on Test 0.7477203647416414
Best accuracy on Test 0.7477203647416414

**** Epoch 2/20 ****
30/33-(0.893)
12/33-(0.696)
27/33-(0.635)
9/33-(0.697)

=== Evaluating Model ===
accuracy on Valid 0.7750759878419453

Total valid loss 0.6724880039691925
accuracy on Test 0.7659574468085106
Best accuracy on Test 0.7659574468085106

**** Epoch 3/20 ****
24/33-(0.507)
6/33-(0.922)
21/33-(0.524)
3/33-(0.581)

=== Evaluating Model ===
accuracy on Valid 0.756838905775076

Total valid loss 0.6002967123474393
accuracy on Test 0.7416413373860182
Best accuracy on Test 0.7659574468085106

**** Epoch 4/20 ****
18/33-(0.538)
0/33-(0.857)
15/33-(0.625)
30/33-(1.225)

=== Evaluating Model ===
accuracy on Valid 0.7750759878419453

Total valid loss 0.5926858456361861
accuracy on Test 0.7507598784194529
Best accuracy on Test 0.7659574468085106

**** Epoch 5/20 ****
12/33-(0.904)
27/33-(0.626)
9/33-(0.325)
24/33-(0.393)

=== Evaluating Model ===
accuracy on Valid 0.8024316109422492

Best accuracy on Valid 0.8024316109422492
Total valid loss 0.5579091267926353
accuracy on Test 0.7416413373860182
Best accuracy on Test 0.7659574468085106

**** Epoch 6/20 ****
6/33-(0.470)
21/33-(0.496)
3/33-(0.374)
18/33-(0.386)

=== Evaluating Model ===
accuracy on Valid 0.790273556231003

Total valid loss 0.6303544846319017
accuracy on Test 0.7750759878419453
Best accuracy on Test 0.7750759878419453

**** Epoch 7/20 ****
0/33-(0.598)
15/33-(0.469)
30/33-(0.712)
12/33-(0.492)

=== Evaluating Model ===
accuracy on Valid 0.7963525835866262

Total valid loss 0.5839897912173044
accuracy on Test 0.7537993920972644
Best accuracy on Test 0.7750759878419453

**** Epoch 8/20 ****
27/33-(0.328)
9/33-(0.379)
24/33-(0.592)
6/33-(0.479)

=== Evaluating Model ===
accuracy on Valid 0.5288753799392097

Total valid loss 1.2993294994036357
accuracy on Test 0.5653495440729484
Best accuracy on Test 0.7750759878419453

**** Epoch 9/20 ****
21/33-(1.086)
3/33-(0.309)
18/33-(0.462)
0/33-(0.539)

=== Evaluating Model ===
accuracy on Valid 0.6990881458966566

Total valid loss 1.0252623785109747
accuracy on Test 0.6565349544072948
Best accuracy on Test 0.7750759878419453

**** Epoch 10/20 ****
15/33-(0.163)
30/33-(0.437)
12/33-(1.237)
27/33-(0.444)

=== Evaluating Model ===
accuracy on Valid 0.7446808510638298

Total valid loss 0.7688764915579841
accuracy on Test 0.7173252279635258
Best accuracy on Test 0.7750759878419453

**** Epoch 11/20 ****
9/33-(0.282)
24/33-(0.560)
6/33-(0.228)
21/33-(0.385)

=== Evaluating Model ===
accuracy on Valid 0.7993920972644377

Total valid loss 0.7192997598931903
accuracy on Test 0.7173252279635258
Best accuracy on Test 0.7750759878419453

**** Epoch 12/20 ****
3/33-(0.473)
18/33-(0.495)
0/33-(0.410)
15/33-(0.315)

=== Evaluating Model ===
accuracy on Valid 0.7112462006079028

Total valid loss 0.768271050282887
accuracy on Test 0.6930091185410334
Best accuracy on Test 0.7750759878419453

**** Epoch 13/20 ****
30/33-(0.216)
12/33-(0.091)
27/33-(0.178)
9/33-(0.200)
24/33-(0.061)

=== Evaluating Model ===
accuracy on Valid 0.7933130699088146

Total valid loss 0.887800110237939
accuracy on Test 0.7203647416413373
Best accuracy on Test 0.7750759878419453

**** Epoch 14/20 ****
6/33-(0.748)
21/33-(0.965)
3/33-(0.349)
18/33-(0.369)

=== Evaluating Model ===
accuracy on Valid 0.6717325227963525

Total valid loss 1.1005891078994388
accuracy on Test 0.6291793313069909
Best accuracy on Test 0.7750759878419453

**** Epoch 15/20 ****
0/33-(0.338)
15/33-(0.272)
30/33-(0.397)
12/33-(0.229)

=== Evaluating Model ===
accuracy on Valid 0.668693009118541

Total valid loss 1.386179160504114
accuracy on Test 0.6382978723404256
Best accuracy on Test 0.7750759878419453

**** Epoch 16/20 ****
27/33-(1.280)
9/33-(0.399)
24/33-(1.193)
6/33-(0.165)

=== Evaluating Model ===
accuracy on Valid 0.662613981762918

Total valid loss 1.4977876089868092
accuracy on Test 0.6352583586626139
Best accuracy on Test 0.7750759878419453

**** Epoch 17/20 ****
21/33-(0.209)
3/33-(0.369)
18/33-(0.224)
0/33-(0.550)

=== Evaluating Model ===
accuracy on Valid 0.7598784194528876

Total valid loss 1.1421517942632948
accuracy on Test 0.723404255319149
Best accuracy on Test 0.7750759878419453

**** Epoch 18/20 ****
15/33-(0.625)
30/33-(0.143)
12/33-(0.094)
27/33-(0.206)

=== Evaluating Model ===
accuracy on Valid 0.7537993920972644

Total valid loss 0.9975827066671281
accuracy on Test 0.723404255319149
Best accuracy on Test 0.7750759878419453

**** Epoch 19/20 ****
9/33-(0.369)
Best accuracy on Test 0.7750759878419453

Source domain: 5, Target domain: 5, Cur_fold 1
Corpus: TOEFL
Starting new HTTPS connection (1): s3.amazonaws.com:443
https://s3.amazonaws.com:443 "HEAD /models.huggingface.co/bert/xlnet-base-cased-spiece.model HTTP/1.1" 200 0
loading file https://s3.amazonaws.com/models.huggingface.co/bert/xlnet-base-cased-spiece.model from cache at /home/minghongxia/.cache/torch/transformers/dad589d582573df0293448af5109cb6981ca77239ed314e15ca63b7b8a318ddd.8b10bd978b5d01c21303cc761fc9ecd464419b3bf921864a355ba807cfbfafa8
Loading these models for language: en (English):
=======================
| Processor | Package |
-----------------------
| tokenize  | ewt     |
=======================

Use device: gpu
Loading: tokenize
Done loading processors!
Loading these models for language: en (English):
=======================
| Processor | Package |
-----------------------
| tokenize  | ewt     |
=======================

Use device: gpu
Loading: tokenize
Done loading processors!
Loading these models for language: en (English):
=======================
| Processor | Package |
-----------------------
| tokenize  | ewt     |
=======================

Use device: gpu
Loading: tokenize
Done loading processors!
Starting new HTTPS connection (1): s3.amazonaws.com:443
https://s3.amazonaws.com:443 "HEAD /models.huggingface.co/bert/xlnet-base-cased-config.json HTTP/1.1" 200 0
loading configuration file https://s3.amazonaws.com/models.huggingface.co/bert/xlnet-base-cased-config.json from cache at /home/minghongxia/.cache/torch/transformers/c9cc6e53904f7f3679a31ec4af244f4419e25ebc8e71ebf8c558a31cbcf07fc8.69e5e35e0b798cab5e473f253752f8bf4d280ee37682281a23eed80f6e2d09c6
Model config XLNetConfig {
  "architectures": [
    "XLNetLMHeadModel"
  ],
  "attn_type": "bi",
  "bi_data": false,
  "bos_token_id": 1,
  "clamp_len": -1,
  "d_head": 64,
  "d_inner": 3072,
  "d_model": 768,
  "do_sample": false,
  "dropout": 0.1,
  "end_n_top": 5,
  "eos_token_id": 2,
  "eos_token_ids": 0,
  "ff_activation": "gelu",
  "finetuning_task": null,
  "id2label": {
    "0": "LABEL_0",
    "1": "LABEL_1"
  },
  "initializer_range": 0.02,
  "is_decoder": false,
  "label2id": {
    "LABEL_0": 0,
    "LABEL_1": 1
  },
  "layer_norm_eps": 1e-12,
  "length_penalty": 1.0,
  "max_length": 20,
  "mem_len": null,
  "model_type": "xlnet",
  "n_head": 12,
  "n_layer": 12,
  "num_beams": 1,
  "num_labels": 2,
  "num_return_sequences": 1,
  "output_attentions": false,
  "output_hidden_states": false,
  "output_past": true,
  "pad_token_id": 5,
  "pruned_heads": {},
  "repetition_penalty": 1.0,
  "reuse_len": null,
  "same_length": false,
  "start_n_top": 5,
  "summary_activation": "tanh",
  "summary_last_dropout": 0.1,
  "summary_type": "last",
  "summary_use_proj": true,
  "task_specific_params": {
    "text-generation": {
      "do_sample": true,
      "max_length": 250
    }
  },
  "temperature": 1.0,
  "top_k": 50,
  "top_p": 1.0,
  "torchscript": false,
  "untie_r": true,
  "use_bfloat16": false,
  "vocab_size": 32000
}

Loading embeddings from: xlnet-base-cased
Model: DIS_Simple Avg Plus Sentence Ordering
Encoder: XLNet
Starting new HTTPS connection (1): s3.amazonaws.com:443
https://s3.amazonaws.com:443 "HEAD /models.huggingface.co/bert/xlnet-base-cased-config.json HTTP/1.1" 200 0
loading configuration file https://s3.amazonaws.com/models.huggingface.co/bert/xlnet-base-cased-config.json from cache at /home/minghongxia/.cache/torch/transformers/c9cc6e53904f7f3679a31ec4af244f4419e25ebc8e71ebf8c558a31cbcf07fc8.69e5e35e0b798cab5e473f253752f8bf4d280ee37682281a23eed80f6e2d09c6
Model config XLNetConfig {
  "architectures": [
    "XLNetLMHeadModel"
  ],
  "attn_type": "bi",
  "bi_data": false,
  "bos_token_id": 1,
  "clamp_len": -1,
  "d_head": 64,
  "d_inner": 3072,
  "d_model": 768,
  "do_sample": false,
  "dropout": 0.1,
  "end_n_top": 5,
  "eos_token_id": 2,
  "eos_token_ids": 0,
  "ff_activation": "gelu",
  "finetuning_task": null,
  "id2label": {
    "0": "LABEL_0",
    "1": "LABEL_1"
  },
  "initializer_range": 0.02,
  "is_decoder": false,
  "label2id": {
    "LABEL_0": 0,
    "LABEL_1": 1
  },
  "layer_norm_eps": 1e-12,
  "length_penalty": 1.0,
  "max_length": 20,
  "mem_len": null,
  "model_type": "xlnet",
  "n_head": 12,
  "n_layer": 12,
  "num_beams": 1,
  "num_labels": 2,
  "num_return_sequences": 1,
  "output_attentions": true,
  "output_hidden_states": false,
  "output_past": true,
  "pad_token_id": 5,
  "pruned_heads": {},
  "repetition_penalty": 1.0,
  "reuse_len": null,
  "same_length": false,
  "start_n_top": 5,
  "summary_activation": "tanh",
  "summary_last_dropout": 0.1,
  "summary_type": "last",
  "summary_use_proj": true,
  "task_specific_params": {
    "text-generation": {
      "do_sample": true,
      "max_length": 250
    }
  },
  "temperature": 1.0,
  "top_k": 50,
  "top_p": 1.0,
  "torchscript": false,
  "untie_r": true,
  "use_bfloat16": false,
  "vocab_size": 32000
}

Starting new HTTPS connection (1): s3.amazonaws.com:443
https://s3.amazonaws.com:443 "HEAD /models.huggingface.co/bert/xlnet-base-cased-pytorch_model.bin HTTP/1.1" 200 0
loading weights file https://s3.amazonaws.com/models.huggingface.co/bert/xlnet-base-cased-pytorch_model.bin from cache at /home/minghongxia/.cache/torch/transformers/24197ba0ce5dbfe23924431610704c88e2c0371afa49149360e4c823219ab474.7eac4fe898a021204e63c88c00ea68c60443c57f94b4bc3c02adbde6465745ac
Starting new HTTPS connection (1): s3.amazonaws.com:443
https://s3.amazonaws.com:443 "HEAD /models.huggingface.co/bert/xlnet-base-cased-config.json HTTP/1.1" 200 0
loading configuration file https://s3.amazonaws.com/models.huggingface.co/bert/xlnet-base-cased-config.json from cache at /home/minghongxia/.cache/torch/transformers/c9cc6e53904f7f3679a31ec4af244f4419e25ebc8e71ebf8c558a31cbcf07fc8.69e5e35e0b798cab5e473f253752f8bf4d280ee37682281a23eed80f6e2d09c6
Model config XLNetConfig {
  "architectures": [
    "XLNetLMHeadModel"
  ],
  "attn_type": "bi",
  "bi_data": false,
  "bos_token_id": 1,
  "clamp_len": -1,
  "d_head": 64,
  "d_inner": 3072,
  "d_model": 768,
  "do_sample": false,
  "dropout": 0.1,
  "end_n_top": 5,
  "eos_token_id": 2,
  "eos_token_ids": 0,
  "ff_activation": "gelu",
  "finetuning_task": null,
  "id2label": {
    "0": "LABEL_0",
    "1": "LABEL_1"
  },
  "initializer_range": 0.02,
  "is_decoder": false,
  "label2id": {
    "LABEL_0": 0,
    "LABEL_1": 1
  },
  "layer_norm_eps": 1e-12,
  "length_penalty": 1.0,
  "max_length": 20,
  "mem_len": null,
  "model_type": "xlnet",
  "n_head": 12,
  "n_layer": 12,
  "num_beams": 1,
  "num_labels": 2,
  "num_return_sequences": 1,
  "output_attentions": false,
  "output_hidden_states": false,
  "output_past": true,
  "pad_token_id": 5,
  "pruned_heads": {},
  "repetition_penalty": 1.0,
  "reuse_len": null,
  "same_length": false,
  "start_n_top": 5,
  "summary_activation": "tanh",
  "summary_last_dropout": 0.1,
  "summary_type": "last",
  "summary_use_proj": true,
  "task_specific_params": {
    "text-generation": {
      "do_sample": true,
      "max_length": 250
    }
  },
  "temperature": 1.0,
  "top_k": 50,
  "top_p": 1.0,
  "torchscript": false,
  "untie_r": true,
  "use_bfloat16": false,
  "vocab_size": 32000
}

Optimizer: adam
Optimizer: adam
**** Training Begins ****
**** Epoch 0/20 ****
Use CrossEntropyLoss
15/33-(2.839)
30/33-(1.456)
12/33-(1.324)
27/33-(0.974)

=== Evaluating Model ===
accuracy on Valid 0.6393939393939394

Best accuracy on Valid 0.6393939393939394
Total valid loss 0.6997886087213244
accuracy on Test 0.6778115501519757
Best accuracy on Test 0.6778115501519757

**** Epoch 0/20 ****
9/33-(0.853)
24/33-(0.879)
6/33-(0.785)
21/33-(0.906)

=== Evaluating Model ===
accuracy on Valid 0.6696969696969697

Best accuracy on Valid 0.6696969696969697
Total valid loss 0.6756819515001207
accuracy on Test 0.6869300911854104
Best accuracy on Test 0.6869300911854104

**** Epoch 1/20 ****
3/33-(0.563)
18/33-(1.240)
0/33-(0.998)
15/33-(0.926)

=== Evaluating Model ===
accuracy on Valid 0.7363636363636363

Best accuracy on Valid 0.7363636363636363
Total valid loss 0.5038163165251414
accuracy on Test 0.7872340425531915
Best accuracy on Test 0.7872340425531915

**** Epoch 2/20 ****
30/33-(0.681)
12/33-(1.492)
27/33-(1.026)
9/33-(0.710)

=== Evaluating Model ===
accuracy on Valid 0.5363636363636364

Total valid loss 0.9837557176748911
accuracy on Test 0.5653495440729484
Best accuracy on Test 0.7872340425531915

**** Epoch 3/20 ****
24/33-(0.833)
6/33-(0.650)
21/33-(0.515)
3/33-(0.603)

=== Evaluating Model ===
accuracy on Valid 0.7424242424242424

Best accuracy on Valid 0.7424242424242424
Total valid loss 0.5159893646126702
accuracy on Test 0.790273556231003
Best accuracy on Test 0.790273556231003

**** Epoch 4/20 ****
18/33-(0.767)
0/33-(0.537)
15/33-(0.677)
30/33-(0.779)

=== Evaluating Model ===
accuracy on Valid 0.7363636363636363

Total valid loss 0.5277962542715526
accuracy on Test 0.7750759878419453
Best accuracy on Test 0.790273556231003

**** Epoch 5/20 ****
12/33-(0.929)
27/33-(0.605)
9/33-(0.630)
24/33-(0.585)

=== Evaluating Model ===
accuracy on Valid 0.6818181818181818

Total valid loss 0.670534909481094
accuracy on Test 0.6930091185410334
Best accuracy on Test 0.790273556231003

**** Epoch 6/20 ****
6/33-(0.879)
21/33-(0.518)
3/33-(0.726)
18/33-(0.450)

=== Evaluating Model ===
accuracy on Valid 0.7212121212121212

Total valid loss 0.7890041236366544
accuracy on Test 0.7386018237082067
Best accuracy on Test 0.790273556231003

**** Epoch 7/20 ****
0/33-(1.035)
15/33-(0.602)
30/33-(0.539)
12/33-(0.880)

=== Evaluating Model ===
accuracy on Valid 0.7272727272727273

Total valid loss 0.5731636016141801
accuracy on Test 0.7659574468085106
Best accuracy on Test 0.790273556231003

**** Epoch 8/20 ****
27/33-(0.507)
9/33-(0.612)
24/33-(1.108)
6/33-(0.519)

=== Evaluating Model ===
accuracy on Valid 0.6545454545454545

Total valid loss 0.8326938790934426
accuracy on Test 0.6170212765957447
Best accuracy on Test 0.790273556231003

**** Epoch 9/20 ****
21/33-(0.657)
3/33-(0.410)
18/33-(0.486)
0/33-(0.260)

=== Evaluating Model ===
accuracy on Valid 0.7393939393939394

Total valid loss 0.6474802565006983
accuracy on Test 0.7720364741641338
Best accuracy on Test 0.790273556231003

**** Epoch 10/20 ****
15/33-(0.567)
30/33-(0.353)
12/33-(0.385)
27/33-(0.359)

=== Evaluating Model ===
accuracy on Valid 0.7151515151515152

Total valid loss 0.8014069029263088
accuracy on Test 0.6990881458966566
Best accuracy on Test 0.790273556231003

**** Epoch 11/20 ****
9/33-(0.324)
24/33-(0.159)
6/33-(0.195)
21/33-(0.329)

=== Evaluating Model ===
accuracy on Valid 0.706060606060606

Total valid loss 0.6675908253306434
accuracy on Test 0.7386018237082067
Best accuracy on Test 0.790273556231003

**** Epoch 12/20 ****
3/33-(0.205)
18/33-(0.268)
0/33-(0.122)
15/33-(0.277)

=== Evaluating Model ===
accuracy on Valid 0.7272727272727273

Total valid loss 0.6786843020291555
accuracy on Test 0.7477203647416414
Best accuracy on Test 0.790273556231003

**** Epoch 13/20 ****
30/33-(0.337)
12/33-(0.525)
27/33-(0.204)
9/33-(0.223)
24/33-(0.151)

=== Evaluating Model ===
accuracy on Valid 0.696969696969697

Total valid loss 0.765933632850647
accuracy on Test 0.7537993920972644
Best accuracy on Test 0.790273556231003

**** Epoch 14/20 ****
6/33-(0.478)
21/33-(1.001)
3/33-(0.309)
18/33-(0.208)

=== Evaluating Model ===
accuracy on Valid 0.7

Total valid loss 0.8029505915585018
accuracy on Test 0.7386018237082067
Best accuracy on Test 0.790273556231003

**** Epoch 15/20 ****
0/33-(0.861)
15/33-(0.134)
30/33-(0.375)
12/33-(0.085)

=== Evaluating Model ===
accuracy on Valid 0.7121212121212122

Total valid loss 0.9909164919739678
accuracy on Test 0.7051671732522796
Best accuracy on Test 0.790273556231003

**** Epoch 16/20 ****
27/33-(0.217)
9/33-(0.108)
24/33-(0.283)
6/33-(0.837)

=== Evaluating Model ===
accuracy on Valid 0.7121212121212122

Total valid loss 0.6998118825611614
accuracy on Test 0.7933130699088146
Best accuracy on Test 0.7933130699088146

**** Epoch 17/20 ****
21/33-(0.186)
3/33-(0.071)
18/33-(0.419)
0/33-(0.087)

=== Evaluating Model ===
accuracy on Valid 0.7303030303030303

Total valid loss 1.0129669578302474
accuracy on Test 0.729483282674772
Best accuracy on Test 0.7933130699088146

**** Epoch 18/20 ****
15/33-(0.306)
30/33-(0.130)
12/33-(0.599)
27/33-(0.340)

=== Evaluating Model ===
accuracy on Valid 0.7242424242424242

Total valid loss 1.1835224060785203
accuracy on Test 0.7203647416413373
Best accuracy on Test 0.7933130699088146

**** Epoch 19/20 ****
9/33-(0.423)
Best accuracy on Test 0.7933130699088146

Source domain: 5, Target domain: 5, Cur_fold 2
Corpus: TOEFL
Starting new HTTPS connection (1): s3.amazonaws.com:443
https://s3.amazonaws.com:443 "HEAD /models.huggingface.co/bert/xlnet-base-cased-spiece.model HTTP/1.1" 200 0
loading file https://s3.amazonaws.com/models.huggingface.co/bert/xlnet-base-cased-spiece.model from cache at /home/minghongxia/.cache/torch/transformers/dad589d582573df0293448af5109cb6981ca77239ed314e15ca63b7b8a318ddd.8b10bd978b5d01c21303cc761fc9ecd464419b3bf921864a355ba807cfbfafa8
Loading these models for language: en (English):
=======================
| Processor | Package |
-----------------------
| tokenize  | ewt     |
=======================

Use device: gpu
Loading: tokenize
Done loading processors!
Loading these models for language: en (English):
=======================
| Processor | Package |
-----------------------
| tokenize  | ewt     |
=======================

Use device: gpu
Loading: tokenize
Done loading processors!
Loading these models for language: en (English):
=======================
| Processor | Package |
-----------------------
| tokenize  | ewt     |
=======================

Use device: gpu
Loading: tokenize
Done loading processors!
Starting new HTTPS connection (1): s3.amazonaws.com:443
https://s3.amazonaws.com:443 "HEAD /models.huggingface.co/bert/xlnet-base-cased-config.json HTTP/1.1" 200 0
loading configuration file https://s3.amazonaws.com/models.huggingface.co/bert/xlnet-base-cased-config.json from cache at /home/minghongxia/.cache/torch/transformers/c9cc6e53904f7f3679a31ec4af244f4419e25ebc8e71ebf8c558a31cbcf07fc8.69e5e35e0b798cab5e473f253752f8bf4d280ee37682281a23eed80f6e2d09c6
Model config XLNetConfig {
  "architectures": [
    "XLNetLMHeadModel"
  ],
  "attn_type": "bi",
  "bi_data": false,
  "bos_token_id": 1,
  "clamp_len": -1,
  "d_head": 64,
  "d_inner": 3072,
  "d_model": 768,
  "do_sample": false,
  "dropout": 0.1,
  "end_n_top": 5,
  "eos_token_id": 2,
  "eos_token_ids": 0,
  "ff_activation": "gelu",
  "finetuning_task": null,
  "id2label": {
    "0": "LABEL_0",
    "1": "LABEL_1"
  },
  "initializer_range": 0.02,
  "is_decoder": false,
  "label2id": {
    "LABEL_0": 0,
    "LABEL_1": 1
  },
  "layer_norm_eps": 1e-12,
  "length_penalty": 1.0,
  "max_length": 20,
  "mem_len": null,
  "model_type": "xlnet",
  "n_head": 12,
  "n_layer": 12,
  "num_beams": 1,
  "num_labels": 2,
  "num_return_sequences": 1,
  "output_attentions": false,
  "output_hidden_states": false,
  "output_past": true,
  "pad_token_id": 5,
  "pruned_heads": {},
  "repetition_penalty": 1.0,
  "reuse_len": null,
  "same_length": false,
  "start_n_top": 5,
  "summary_activation": "tanh",
  "summary_last_dropout": 0.1,
  "summary_type": "last",
  "summary_use_proj": true,
  "task_specific_params": {
    "text-generation": {
      "do_sample": true,
      "max_length": 250
    }
  },
  "temperature": 1.0,
  "top_k": 50,
  "top_p": 1.0,
  "torchscript": false,
  "untie_r": true,
  "use_bfloat16": false,
  "vocab_size": 32000
}

Loading embeddings from: xlnet-base-cased
Model: DIS_Simple Avg Plus Sentence Ordering
Encoder: XLNet
Starting new HTTPS connection (1): s3.amazonaws.com:443
https://s3.amazonaws.com:443 "HEAD /models.huggingface.co/bert/xlnet-base-cased-config.json HTTP/1.1" 200 0
loading configuration file https://s3.amazonaws.com/models.huggingface.co/bert/xlnet-base-cased-config.json from cache at /home/minghongxia/.cache/torch/transformers/c9cc6e53904f7f3679a31ec4af244f4419e25ebc8e71ebf8c558a31cbcf07fc8.69e5e35e0b798cab5e473f253752f8bf4d280ee37682281a23eed80f6e2d09c6
Model config XLNetConfig {
  "architectures": [
    "XLNetLMHeadModel"
  ],
  "attn_type": "bi",
  "bi_data": false,
  "bos_token_id": 1,
  "clamp_len": -1,
  "d_head": 64,
  "d_inner": 3072,
  "d_model": 768,
  "do_sample": false,
  "dropout": 0.1,
  "end_n_top": 5,
  "eos_token_id": 2,
  "eos_token_ids": 0,
  "ff_activation": "gelu",
  "finetuning_task": null,
  "id2label": {
    "0": "LABEL_0",
    "1": "LABEL_1"
  },
  "initializer_range": 0.02,
  "is_decoder": false,
  "label2id": {
    "LABEL_0": 0,
    "LABEL_1": 1
  },
  "layer_norm_eps": 1e-12,
  "length_penalty": 1.0,
  "max_length": 20,
  "mem_len": null,
  "model_type": "xlnet",
  "n_head": 12,
  "n_layer": 12,
  "num_beams": 1,
  "num_labels": 2,
  "num_return_sequences": 1,
  "output_attentions": true,
  "output_hidden_states": false,
  "output_past": true,
  "pad_token_id": 5,
  "pruned_heads": {},
  "repetition_penalty": 1.0,
  "reuse_len": null,
  "same_length": false,
  "start_n_top": 5,
  "summary_activation": "tanh",
  "summary_last_dropout": 0.1,
  "summary_type": "last",
  "summary_use_proj": true,
  "task_specific_params": {
    "text-generation": {
      "do_sample": true,
      "max_length": 250
    }
  },
  "temperature": 1.0,
  "top_k": 50,
  "top_p": 1.0,
  "torchscript": false,
  "untie_r": true,
  "use_bfloat16": false,
  "vocab_size": 32000
}

Starting new HTTPS connection (1): s3.amazonaws.com:443
https://s3.amazonaws.com:443 "HEAD /models.huggingface.co/bert/xlnet-base-cased-pytorch_model.bin HTTP/1.1" 200 0
loading weights file https://s3.amazonaws.com/models.huggingface.co/bert/xlnet-base-cased-pytorch_model.bin from cache at /home/minghongxia/.cache/torch/transformers/24197ba0ce5dbfe23924431610704c88e2c0371afa49149360e4c823219ab474.7eac4fe898a021204e63c88c00ea68c60443c57f94b4bc3c02adbde6465745ac
Starting new HTTPS connection (1): s3.amazonaws.com:443
https://s3.amazonaws.com:443 "HEAD /models.huggingface.co/bert/xlnet-base-cased-config.json HTTP/1.1" 200 0
loading configuration file https://s3.amazonaws.com/models.huggingface.co/bert/xlnet-base-cased-config.json from cache at /home/minghongxia/.cache/torch/transformers/c9cc6e53904f7f3679a31ec4af244f4419e25ebc8e71ebf8c558a31cbcf07fc8.69e5e35e0b798cab5e473f253752f8bf4d280ee37682281a23eed80f6e2d09c6
Model config XLNetConfig {
  "architectures": [
    "XLNetLMHeadModel"
  ],
  "attn_type": "bi",
  "bi_data": false,
  "bos_token_id": 1,
  "clamp_len": -1,
  "d_head": 64,
  "d_inner": 3072,
  "d_model": 768,
  "do_sample": false,
  "dropout": 0.1,
  "end_n_top": 5,
  "eos_token_id": 2,
  "eos_token_ids": 0,
  "ff_activation": "gelu",
  "finetuning_task": null,
  "id2label": {
    "0": "LABEL_0",
    "1": "LABEL_1"
  },
  "initializer_range": 0.02,
  "is_decoder": false,
  "label2id": {
    "LABEL_0": 0,
    "LABEL_1": 1
  },
  "layer_norm_eps": 1e-12,
  "length_penalty": 1.0,
  "max_length": 20,
  "mem_len": null,
  "model_type": "xlnet",
  "n_head": 12,
  "n_layer": 12,
  "num_beams": 1,
  "num_labels": 2,
  "num_return_sequences": 1,
  "output_attentions": false,
  "output_hidden_states": false,
  "output_past": true,
  "pad_token_id": 5,
  "pruned_heads": {},
  "repetition_penalty": 1.0,
  "reuse_len": null,
  "same_length": false,
  "start_n_top": 5,
  "summary_activation": "tanh",
  "summary_last_dropout": 0.1,
  "summary_type": "last",
  "summary_use_proj": true,
  "task_specific_params": {
    "text-generation": {
      "do_sample": true,
      "max_length": 250
    }
  },
  "temperature": 1.0,
  "top_k": 50,
  "top_p": 1.0,
  "torchscript": false,
  "untie_r": true,
  "use_bfloat16": false,
  "vocab_size": 32000
}

Optimizer: adam
Optimizer: adam
**** Training Begins ****
**** Epoch 0/20 ****
Use CrossEntropyLoss
15/33-(1.794)
30/33-(1.427)
12/33-(1.175)
27/33-(0.843)

=== Evaluating Model ===
accuracy on Valid 0.5636363636363636

Best accuracy on Valid 0.5636363636363636
Total valid loss 0.8266826073328654
accuracy on Test 0.5787878787878787
Best accuracy on Test 0.5787878787878787

**** Epoch 0/20 ****
9/33-(0.995)
24/33-(0.750)
6/33-(0.761)
21/33-(1.234)

=== Evaluating Model ===
accuracy on Valid 0.706060606060606

Best accuracy on Valid 0.706060606060606
Total valid loss 0.6402905228592101
accuracy on Test 0.696969696969697
Best accuracy on Test 0.696969696969697

**** Epoch 1/20 ****
3/33-(1.009)
18/33-(0.673)
0/33-(1.525)
15/33-(0.966)

=== Evaluating Model ===
accuracy on Valid 0.7363636363636363

Best accuracy on Valid 0.7363636363636363
Total valid loss 0.6141138843127659
accuracy on Test 0.7303030303030303
Best accuracy on Test 0.7303030303030303

**** Epoch 2/20 ****
30/33-(0.853)
12/33-(1.074)
27/33-(0.686)
9/33-(0.801)

=== Evaluating Model ===
accuracy on Valid 0.7454545454545455

Best accuracy on Valid 0.7454545454545455
Total valid loss 0.5802738957461857
accuracy on Test 0.7545454545454545
Best accuracy on Test 0.7545454545454545

**** Epoch 3/20 ****
24/33-(0.532)
6/33-(0.981)
21/33-(0.630)
3/33-(0.941)

=== Evaluating Model ===
accuracy on Valid 0.7363636363636363

Total valid loss 0.5661271682807377
accuracy on Test 0.7424242424242424
Best accuracy on Test 0.7545454545454545

**** Epoch 4/20 ****
18/33-(0.861)
0/33-(0.714)
15/33-(0.748)
30/33-(1.138)

=== Evaluating Model ===
accuracy on Valid 0.706060606060606

Total valid loss 0.6365034182866415
accuracy on Test 0.693939393939394
Best accuracy on Test 0.7545454545454545

**** Epoch 5/20 ****
12/33-(0.538)
27/33-(0.997)
9/33-(0.454)
24/33-(0.768)

=== Evaluating Model ===
accuracy on Valid 0.6636363636363637

Total valid loss 0.713106897615251
accuracy on Test 0.6636363636363637
Best accuracy on Test 0.7545454545454545

**** Epoch 6/20 ****
6/33-(0.385)
21/33-(1.259)
3/33-(0.426)
18/33-(0.372)

=== Evaluating Model ===
accuracy on Valid 0.6636363636363637

Total valid loss 0.7903657271748498
accuracy on Test 0.6757575757575758
Best accuracy on Test 0.7545454545454545

**** Epoch 7/20 ****
0/33-(0.329)
15/33-(0.489)
30/33-(0.352)
12/33-(0.451)

=== Evaluating Model ===
accuracy on Valid 0.6666666666666666

Total valid loss 0.7137483159701029
accuracy on Test 0.6696969696969697
Best accuracy on Test 0.7545454545454545

**** Epoch 8/20 ****
27/33-(0.392)
9/33-(0.600)
24/33-(0.592)
6/33-(0.492)

=== Evaluating Model ===
accuracy on Valid 0.7484848484848485

Best accuracy on Valid 0.7484848484848485
Total valid loss 0.5240741563694817
accuracy on Test 0.7545454545454545
Best accuracy on Test 0.7545454545454545

**** Epoch 9/20 ****
21/33-(0.746)
3/33-(0.349)
18/33-(0.408)
0/33-(0.315)

=== Evaluating Model ===
accuracy on Valid 0.7363636363636363

Total valid loss 0.5904511497134254
accuracy on Test 0.7757575757575758
Best accuracy on Test 0.7757575757575758

**** Epoch 10/20 ****
15/33-(0.323)
30/33-(0.588)
12/33-(0.585)
27/33-(1.068)

=== Evaluating Model ===
accuracy on Valid 0.7272727272727273

Total valid loss 0.5915261180627913
accuracy on Test 0.7424242424242424
Best accuracy on Test 0.7757575757575758

**** Epoch 11/20 ****
9/33-(0.521)
24/33-(0.335)
6/33-(0.359)
21/33-(0.257)

=== Evaluating Model ===
accuracy on Valid 0.7090909090909091

Total valid loss 1.0564474910497665
accuracy on Test 0.706060606060606
Best accuracy on Test 0.7757575757575758

**** Epoch 12/20 ****
3/33-(0.393)
18/33-(0.237)
0/33-(0.244)
15/33-(0.287)

=== Evaluating Model ===
accuracy on Valid 0.7454545454545455

Total valid loss 0.6688560715743473
accuracy on Test 0.7727272727272727
Best accuracy on Test 0.7757575757575758

**** Epoch 13/20 ****
30/33-(0.298)
12/33-(0.455)
27/33-(0.482)
9/33-(0.225)
24/33-(0.067)

=== Evaluating Model ===
accuracy on Valid 0.703030303030303

Total valid loss 0.8935572178590865
accuracy on Test 0.7393939393939394
Best accuracy on Test 0.7757575757575758

**** Epoch 14/20 ****
6/33-(0.947)
21/33-(0.355)
3/33-(0.127)
18/33-(0.234)

=== Evaluating Model ===
accuracy on Valid 0.7454545454545455

Total valid loss 0.9157400017692929
accuracy on Test 0.7393939393939394
Best accuracy on Test 0.7757575757575758

**** Epoch 15/20 ****
0/33-(0.666)
15/33-(0.383)
30/33-(0.245)
12/33-(0.982)

=== Evaluating Model ===
accuracy on Valid 0.7696969696969697

Best accuracy on Valid 0.7696969696969697
Total valid loss 0.7115955835296994
accuracy on Test 0.7636363636363637
Best accuracy on Test 0.7757575757575758

**** Epoch 16/20 ****
27/33-(0.698)
9/33-(0.239)
24/33-(0.173)
6/33-(0.898)

=== Evaluating Model ===
accuracy on Valid 0.7515151515151515

Total valid loss 0.8705961462997255
accuracy on Test 0.7303030303030303
Best accuracy on Test 0.7757575757575758

**** Epoch 17/20 ****
21/33-(0.229)
3/33-(0.095)
18/33-(0.138)
0/33-(0.302)

=== Evaluating Model ===
accuracy on Valid 0.7666666666666667

Total valid loss 1.0189027814638048
accuracy on Test 0.7484848484848485
Best accuracy on Test 0.7757575757575758

**** Epoch 18/20 ****
15/33-(0.394)
30/33-(0.198)
12/33-(0.261)
27/33-(0.325)

=== Evaluating Model ===
accuracy on Valid 0.7393939393939394

Total valid loss 1.2179890047936213
accuracy on Test 0.7424242424242424
Best accuracy on Test 0.7757575757575758

**** Epoch 19/20 ****
9/33-(0.114)
Best accuracy on Test 0.7757575757575758

Source domain: 5, Target domain: 5, Cur_fold 3
Corpus: TOEFL
Starting new HTTPS connection (1): s3.amazonaws.com:443
https://s3.amazonaws.com:443 "HEAD /models.huggingface.co/bert/xlnet-base-cased-spiece.model HTTP/1.1" 200 0
loading file https://s3.amazonaws.com/models.huggingface.co/bert/xlnet-base-cased-spiece.model from cache at /home/minghongxia/.cache/torch/transformers/dad589d582573df0293448af5109cb6981ca77239ed314e15ca63b7b8a318ddd.8b10bd978b5d01c21303cc761fc9ecd464419b3bf921864a355ba807cfbfafa8
Loading these models for language: en (English):
=======================
| Processor | Package |
-----------------------
| tokenize  | ewt     |
=======================

Use device: gpu
Loading: tokenize
Done loading processors!
Loading these models for language: en (English):
=======================
| Processor | Package |
-----------------------
| tokenize  | ewt     |
=======================

Use device: gpu
Loading: tokenize
Done loading processors!
Loading these models for language: en (English):
=======================
| Processor | Package |
-----------------------
| tokenize  | ewt     |
=======================

Use device: gpu
Loading: tokenize
Done loading processors!
Starting new HTTPS connection (1): s3.amazonaws.com:443
https://s3.amazonaws.com:443 "HEAD /models.huggingface.co/bert/xlnet-base-cased-config.json HTTP/1.1" 200 0
loading configuration file https://s3.amazonaws.com/models.huggingface.co/bert/xlnet-base-cased-config.json from cache at /home/minghongxia/.cache/torch/transformers/c9cc6e53904f7f3679a31ec4af244f4419e25ebc8e71ebf8c558a31cbcf07fc8.69e5e35e0b798cab5e473f253752f8bf4d280ee37682281a23eed80f6e2d09c6
Model config XLNetConfig {
  "architectures": [
    "XLNetLMHeadModel"
  ],
  "attn_type": "bi",
  "bi_data": false,
  "bos_token_id": 1,
  "clamp_len": -1,
  "d_head": 64,
  "d_inner": 3072,
  "d_model": 768,
  "do_sample": false,
  "dropout": 0.1,
  "end_n_top": 5,
  "eos_token_id": 2,
  "eos_token_ids": 0,
  "ff_activation": "gelu",
  "finetuning_task": null,
  "id2label": {
    "0": "LABEL_0",
    "1": "LABEL_1"
  },
  "initializer_range": 0.02,
  "is_decoder": false,
  "label2id": {
    "LABEL_0": 0,
    "LABEL_1": 1
  },
  "layer_norm_eps": 1e-12,
  "length_penalty": 1.0,
  "max_length": 20,
  "mem_len": null,
  "model_type": "xlnet",
  "n_head": 12,
  "n_layer": 12,
  "num_beams": 1,
  "num_labels": 2,
  "num_return_sequences": 1,
  "output_attentions": false,
  "output_hidden_states": false,
  "output_past": true,
  "pad_token_id": 5,
  "pruned_heads": {},
  "repetition_penalty": 1.0,
  "reuse_len": null,
  "same_length": false,
  "start_n_top": 5,
  "summary_activation": "tanh",
  "summary_last_dropout": 0.1,
  "summary_type": "last",
  "summary_use_proj": true,
  "task_specific_params": {
    "text-generation": {
      "do_sample": true,
      "max_length": 250
    }
  },
  "temperature": 1.0,
  "top_k": 50,
  "top_p": 1.0,
  "torchscript": false,
  "untie_r": true,
  "use_bfloat16": false,
  "vocab_size": 32000
}

Loading embeddings from: xlnet-base-cased
Model: DIS_Simple Avg Plus Sentence Ordering
Encoder: XLNet
Starting new HTTPS connection (1): s3.amazonaws.com:443
https://s3.amazonaws.com:443 "HEAD /models.huggingface.co/bert/xlnet-base-cased-config.json HTTP/1.1" 200 0
loading configuration file https://s3.amazonaws.com/models.huggingface.co/bert/xlnet-base-cased-config.json from cache at /home/minghongxia/.cache/torch/transformers/c9cc6e53904f7f3679a31ec4af244f4419e25ebc8e71ebf8c558a31cbcf07fc8.69e5e35e0b798cab5e473f253752f8bf4d280ee37682281a23eed80f6e2d09c6
Model config XLNetConfig {
  "architectures": [
    "XLNetLMHeadModel"
  ],
  "attn_type": "bi",
  "bi_data": false,
  "bos_token_id": 1,
  "clamp_len": -1,
  "d_head": 64,
  "d_inner": 3072,
  "d_model": 768,
  "do_sample": false,
  "dropout": 0.1,
  "end_n_top": 5,
  "eos_token_id": 2,
  "eos_token_ids": 0,
  "ff_activation": "gelu",
  "finetuning_task": null,
  "id2label": {
    "0": "LABEL_0",
    "1": "LABEL_1"
  },
  "initializer_range": 0.02,
  "is_decoder": false,
  "label2id": {
    "LABEL_0": 0,
    "LABEL_1": 1
  },
  "layer_norm_eps": 1e-12,
  "length_penalty": 1.0,
  "max_length": 20,
  "mem_len": null,
  "model_type": "xlnet",
  "n_head": 12,
  "n_layer": 12,
  "num_beams": 1,
  "num_labels": 2,
  "num_return_sequences": 1,
  "output_attentions": true,
  "output_hidden_states": false,
  "output_past": true,
  "pad_token_id": 5,
  "pruned_heads": {},
  "repetition_penalty": 1.0,
  "reuse_len": null,
  "same_length": false,
  "start_n_top": 5,
  "summary_activation": "tanh",
  "summary_last_dropout": 0.1,
  "summary_type": "last",
  "summary_use_proj": true,
  "task_specific_params": {
    "text-generation": {
      "do_sample": true,
      "max_length": 250
    }
  },
  "temperature": 1.0,
  "top_k": 50,
  "top_p": 1.0,
  "torchscript": false,
  "untie_r": true,
  "use_bfloat16": false,
  "vocab_size": 32000
}

Starting new HTTPS connection (1): s3.amazonaws.com:443
https://s3.amazonaws.com:443 "HEAD /models.huggingface.co/bert/xlnet-base-cased-pytorch_model.bin HTTP/1.1" 200 0
loading weights file https://s3.amazonaws.com/models.huggingface.co/bert/xlnet-base-cased-pytorch_model.bin from cache at /home/minghongxia/.cache/torch/transformers/24197ba0ce5dbfe23924431610704c88e2c0371afa49149360e4c823219ab474.7eac4fe898a021204e63c88c00ea68c60443c57f94b4bc3c02adbde6465745ac
Starting new HTTPS connection (1): s3.amazonaws.com:443
https://s3.amazonaws.com:443 "HEAD /models.huggingface.co/bert/xlnet-base-cased-config.json HTTP/1.1" 200 0
loading configuration file https://s3.amazonaws.com/models.huggingface.co/bert/xlnet-base-cased-config.json from cache at /home/minghongxia/.cache/torch/transformers/c9cc6e53904f7f3679a31ec4af244f4419e25ebc8e71ebf8c558a31cbcf07fc8.69e5e35e0b798cab5e473f253752f8bf4d280ee37682281a23eed80f6e2d09c6
Model config XLNetConfig {
  "architectures": [
    "XLNetLMHeadModel"
  ],
  "attn_type": "bi",
  "bi_data": false,
  "bos_token_id": 1,
  "clamp_len": -1,
  "d_head": 64,
  "d_inner": 3072,
  "d_model": 768,
  "do_sample": false,
  "dropout": 0.1,
  "end_n_top": 5,
  "eos_token_id": 2,
  "eos_token_ids": 0,
  "ff_activation": "gelu",
  "finetuning_task": null,
  "id2label": {
    "0": "LABEL_0",
    "1": "LABEL_1"
  },
  "initializer_range": 0.02,
  "is_decoder": false,
  "label2id": {
    "LABEL_0": 0,
    "LABEL_1": 1
  },
  "layer_norm_eps": 1e-12,
  "length_penalty": 1.0,
  "max_length": 20,
  "mem_len": null,
  "model_type": "xlnet",
  "n_head": 12,
  "n_layer": 12,
  "num_beams": 1,
  "num_labels": 2,
  "num_return_sequences": 1,
  "output_attentions": false,
  "output_hidden_states": false,
  "output_past": true,
  "pad_token_id": 5,
  "pruned_heads": {},
  "repetition_penalty": 1.0,
  "reuse_len": null,
  "same_length": false,
  "start_n_top": 5,
  "summary_activation": "tanh",
  "summary_last_dropout": 0.1,
  "summary_type": "last",
  "summary_use_proj": true,
  "task_specific_params": {
    "text-generation": {
      "do_sample": true,
      "max_length": 250
    }
  },
  "temperature": 1.0,
  "top_k": 50,
  "top_p": 1.0,
  "torchscript": false,
  "untie_r": true,
  "use_bfloat16": false,
  "vocab_size": 32000
}

Optimizer: adam
Optimizer: adam
**** Training Begins ****
**** Epoch 0/20 ****
Use CrossEntropyLoss
15/33-(1.521)
30/33-(1.596)
12/33-(1.243)
27/33-(1.354)

=== Evaluating Model ===
accuracy on Valid 0.6696969696969697

Best accuracy on Valid 0.6696969696969697
Total valid loss 0.7686294686226618
accuracy on Test 0.6484848484848484
Best accuracy on Test 0.6484848484848484

**** Epoch 0/20 ****
9/33-(0.970)
24/33-(1.305)
6/33-(0.825)
21/33-(0.870)

=== Evaluating Model ===
accuracy on Valid 0.6909090909090909

Best accuracy on Valid 0.6909090909090909
Total valid loss 0.7335640135265532
accuracy on Test 0.6484848484848484
Best accuracy on Test 0.6484848484848484

**** Epoch 1/20 ****
3/33-(0.846)
18/33-(0.527)
0/33-(1.048)
15/33-(0.825)

=== Evaluating Model ===
accuracy on Valid 0.7575757575757576

Best accuracy on Valid 0.7575757575757576
Total valid loss 0.6623028204554603
accuracy on Test 0.6757575757575758
Best accuracy on Test 0.6757575757575758

**** Epoch 2/20 ****
30/33-(0.713)
12/33-(1.140)
27/33-(0.493)
9/33-(0.661)

=== Evaluating Model ===
accuracy on Valid 0.6909090909090909

Total valid loss 0.8817134953680492
accuracy on Test 0.6151515151515151
Best accuracy on Test 0.6757575757575758

**** Epoch 3/20 ****
24/33-(0.574)
6/33-(0.744)
21/33-(0.610)
3/33-(0.751)

=== Evaluating Model ===
accuracy on Valid 0.703030303030303

Total valid loss 0.6975678531896501
accuracy on Test 0.7121212121212122
Best accuracy on Test 0.7121212121212122

**** Epoch 4/20 ****
18/33-(0.924)
0/33-(0.633)
15/33-(0.711)
30/33-(0.597)

=== Evaluating Model ===
accuracy on Valid 0.7757575757575758

Best accuracy on Valid 0.7757575757575758
Total valid loss 0.5855938366481236
accuracy on Test 0.7454545454545455
Best accuracy on Test 0.7454545454545455

**** Epoch 5/20 ****
12/33-(0.829)
27/33-(0.451)
9/33-(1.039)
24/33-(0.592)

=== Evaluating Model ===
accuracy on Valid 0.7666666666666667

Total valid loss 0.5677924794810159
accuracy on Test 0.7242424242424242
Best accuracy on Test 0.7454545454545455

**** Epoch 6/20 ****
6/33-(0.486)
21/33-(0.561)
3/33-(0.521)
18/33-(0.762)

=== Evaluating Model ===
accuracy on Valid 0.7636363636363637

Total valid loss 0.7179026447591328
accuracy on Test 0.6636363636363637
Best accuracy on Test 0.7454545454545455

**** Epoch 7/20 ****
0/33-(0.613)
15/33-(0.362)
30/33-(0.544)
12/33-(0.612)

=== Evaluating Model ===
accuracy on Valid 0.7666666666666667

Total valid loss 0.6150517066319784
accuracy on Test 0.7212121212121212
Best accuracy on Test 0.7454545454545455

**** Epoch 8/20 ****
27/33-(0.984)
9/33-(0.589)
24/33-(0.344)
6/33-(1.112)

=== Evaluating Model ===
accuracy on Valid 0.7666666666666667

Total valid loss 0.6055321508929843
accuracy on Test 0.7272727272727273
Best accuracy on Test 0.7454545454545455

**** Epoch 9/20 ****
21/33-(0.735)
3/33-(0.460)
18/33-(0.952)
0/33-(0.380)

=== Evaluating Model ===
accuracy on Valid 0.806060606060606

Best accuracy on Valid 0.806060606060606
Total valid loss 0.660866277558463
accuracy on Test 0.7212121212121212
Best accuracy on Test 0.7454545454545455

**** Epoch 10/20 ****
15/33-(0.306)
30/33-(0.339)
12/33-(0.836)
27/33-(0.286)

=== Evaluating Model ===
accuracy on Valid 0.7787878787878788

Total valid loss 0.650983031306948
accuracy on Test 0.7272727272727273
Best accuracy on Test 0.7454545454545455

**** Epoch 11/20 ****
9/33-(0.214)
24/33-(0.869)
6/33-(0.888)
21/33-(0.082)

=== Evaluating Model ===
accuracy on Valid 0.7757575757575758

Total valid loss 0.9220725993315378
accuracy on Test 0.7121212121212122
Best accuracy on Test 0.7454545454545455

**** Epoch 12/20 ****
3/33-(0.275)
18/33-(0.787)
0/33-(0.748)
15/33-(0.162)

=== Evaluating Model ===
accuracy on Valid 0.7909090909090909

Total valid loss 0.9279970342204684
accuracy on Test 0.7121212121212122
Best accuracy on Test 0.7454545454545455

**** Epoch 13/20 ****
30/33-(0.180)
12/33-(0.684)
27/33-(0.185)
9/33-(0.954)
24/33-(0.357)

=== Evaluating Model ===
accuracy on Valid 0.6787878787878788

Total valid loss 1.090766015506926
accuracy on Test 0.6909090909090909
Best accuracy on Test 0.7454545454545455

**** Epoch 14/20 ****
6/33-(0.977)
21/33-(0.386)
3/33-(0.199)
18/33-(0.860)

=== Evaluating Model ===
accuracy on Valid 0.7696969696969697

Total valid loss 1.1544801677976335
accuracy on Test 0.696969696969697
Best accuracy on Test 0.7454545454545455

**** Epoch 15/20 ****
0/33-(0.063)
15/33-(1.038)
30/33-(0.289)
12/33-(0.126)

=== Evaluating Model ===
accuracy on Valid 0.6454545454545455

Total valid loss 1.1967342779749917
accuracy on Test 0.6727272727272727
Best accuracy on Test 0.7454545454545455

**** Epoch 16/20 ****
27/33-(0.354)
9/33-(0.532)
24/33-(0.400)
6/33-(0.639)

=== Evaluating Model ===
accuracy on Valid 0.7666666666666667

Total valid loss 0.9079239652270362
accuracy on Test 0.7151515151515152
Best accuracy on Test 0.7454545454545455

**** Epoch 17/20 ****
21/33-(0.764)
3/33-(0.281)
18/33-(0.236)
0/33-(0.312)

=== Evaluating Model ===
accuracy on Valid 0.7484848484848485

Total valid loss 0.9550847219569343
accuracy on Test 0.7333333333333333
Best accuracy on Test 0.7454545454545455

**** Epoch 18/20 ****
15/33-(0.160)
30/33-(0.131)
12/33-(0.187)
27/33-(0.097)

=== Evaluating Model ===
accuracy on Valid 0.6878787878787879

Total valid loss 1.396284358132453
accuracy on Test 0.6848484848484848
Best accuracy on Test 0.7454545454545455

**** Epoch 19/20 ****
9/33-(0.107)
Best accuracy on Test 0.7454545454545455

Source domain: 5, Target domain: 5, Cur_fold 4
Corpus: TOEFL
Starting new HTTPS connection (1): s3.amazonaws.com:443
https://s3.amazonaws.com:443 "HEAD /models.huggingface.co/bert/xlnet-base-cased-spiece.model HTTP/1.1" 200 0
loading file https://s3.amazonaws.com/models.huggingface.co/bert/xlnet-base-cased-spiece.model from cache at /home/minghongxia/.cache/torch/transformers/dad589d582573df0293448af5109cb6981ca77239ed314e15ca63b7b8a318ddd.8b10bd978b5d01c21303cc761fc9ecd464419b3bf921864a355ba807cfbfafa8
Loading these models for language: en (English):
=======================
| Processor | Package |
-----------------------
| tokenize  | ewt     |
=======================

Use device: gpu
Loading: tokenize
Done loading processors!
Loading these models for language: en (English):
=======================
| Processor | Package |
-----------------------
| tokenize  | ewt     |
=======================

Use device: gpu
Loading: tokenize
Done loading processors!
Loading these models for language: en (English):
=======================
| Processor | Package |
-----------------------
| tokenize  | ewt     |
=======================

Use device: gpu
Loading: tokenize
Done loading processors!
Starting new HTTPS connection (1): s3.amazonaws.com:443
loading configuration file https://s3.amazonaws.com/models.huggingface.co/bert/xlnet-base-cased-config.json from cache at /home/minghongxia/.cache/torch/transformers/c9cc6e53904f7f3679a31ec4af244f4419e25ebc8e71ebf8c558a31cbcf07fc8.69e5e35e0b798cab5e473f253752f8bf4d280ee37682281a23eed80f6e2d09c6
Model config XLNetConfig {
  "architectures": [
    "XLNetLMHeadModel"
  ],
  "attn_type": "bi",
  "bi_data": false,
  "bos_token_id": 1,
  "clamp_len": -1,
  "d_head": 64,
  "d_inner": 3072,
  "d_model": 768,
  "do_sample": false,
  "dropout": 0.1,
  "end_n_top": 5,
  "eos_token_id": 2,
  "eos_token_ids": 0,
  "ff_activation": "gelu",
  "finetuning_task": null,
  "id2label": {
    "0": "LABEL_0",
    "1": "LABEL_1"
  },
  "initializer_range": 0.02,
  "is_decoder": false,
  "label2id": {
    "LABEL_0": 0,
    "LABEL_1": 1
  },
  "layer_norm_eps": 1e-12,
  "length_penalty": 1.0,
  "max_length": 20,
  "mem_len": null,
  "model_type": "xlnet",
  "n_head": 12,
  "n_layer": 12,
  "num_beams": 1,
  "num_labels": 2,
  "num_return_sequences": 1,
  "output_attentions": false,
  "output_hidden_states": false,
  "output_past": true,
  "pad_token_id": 5,
  "pruned_heads": {},
  "repetition_penalty": 1.0,
  "reuse_len": null,
  "same_length": false,
  "start_n_top": 5,
  "summary_activation": "tanh",
  "summary_last_dropout": 0.1,
  "summary_type": "last",
  "summary_use_proj": true,
  "task_specific_params": {
    "text-generation": {
      "do_sample": true,
      "max_length": 250
    }
  },
  "temperature": 1.0,
  "top_k": 50,
  "top_p": 1.0,
  "torchscript": false,
  "untie_r": true,
  "use_bfloat16": false,
  "vocab_size": 32000
}

Loading embeddings from: xlnet-base-cased
Model: DIS_Simple Avg Plus Sentence Ordering
Encoder: XLNet
Starting new HTTPS connection (1): s3.amazonaws.com:443
loading configuration file https://s3.amazonaws.com/models.huggingface.co/bert/xlnet-base-cased-config.json from cache at /home/minghongxia/.cache/torch/transformers/c9cc6e53904f7f3679a31ec4af244f4419e25ebc8e71ebf8c558a31cbcf07fc8.69e5e35e0b798cab5e473f253752f8bf4d280ee37682281a23eed80f6e2d09c6
Model config XLNetConfig {
  "architectures": [
    "XLNetLMHeadModel"
  ],
  "attn_type": "bi",
  "bi_data": false,
  "bos_token_id": 1,
  "clamp_len": -1,
  "d_head": 64,
  "d_inner": 3072,
  "d_model": 768,
  "do_sample": false,
  "dropout": 0.1,
  "end_n_top": 5,
  "eos_token_id": 2,
  "eos_token_ids": 0,
  "ff_activation": "gelu",
  "finetuning_task": null,
  "id2label": {
    "0": "LABEL_0",
    "1": "LABEL_1"
  },
  "initializer_range": 0.02,
  "is_decoder": false,
  "label2id": {
    "LABEL_0": 0,
    "LABEL_1": 1
  },
  "layer_norm_eps": 1e-12,
  "length_penalty": 1.0,
  "max_length": 20,
  "mem_len": null,
  "model_type": "xlnet",
  "n_head": 12,
  "n_layer": 12,
  "num_beams": 1,
  "num_labels": 2,
  "num_return_sequences": 1,
  "output_attentions": true,
  "output_hidden_states": false,
  "output_past": true,
  "pad_token_id": 5,
  "pruned_heads": {},
  "repetition_penalty": 1.0,
  "reuse_len": null,
  "same_length": false,
  "start_n_top": 5,
  "summary_activation": "tanh",
  "summary_last_dropout": 0.1,
  "summary_type": "last",
  "summary_use_proj": true,
  "task_specific_params": {
    "text-generation": {
      "do_sample": true,
      "max_length": 250
    }
  },
  "temperature": 1.0,
  "top_k": 50,
  "top_p": 1.0,
  "torchscript": false,
  "untie_r": true,
  "use_bfloat16": false,
  "vocab_size": 32000
}

Starting new HTTPS connection (1): s3.amazonaws.com:443
loading weights file https://s3.amazonaws.com/models.huggingface.co/bert/xlnet-base-cased-pytorch_model.bin from cache at /home/minghongxia/.cache/torch/transformers/24197ba0ce5dbfe23924431610704c88e2c0371afa49149360e4c823219ab474.7eac4fe898a021204e63c88c00ea68c60443c57f94b4bc3c02adbde6465745ac
Starting new HTTPS connection (1): s3.amazonaws.com:443
https://s3.amazonaws.com:443 "HEAD /models.huggingface.co/bert/xlnet-base-cased-config.json HTTP/1.1" 200 0
loading configuration file https://s3.amazonaws.com/models.huggingface.co/bert/xlnet-base-cased-config.json from cache at /home/minghongxia/.cache/torch/transformers/c9cc6e53904f7f3679a31ec4af244f4419e25ebc8e71ebf8c558a31cbcf07fc8.69e5e35e0b798cab5e473f253752f8bf4d280ee37682281a23eed80f6e2d09c6
Model config XLNetConfig {
  "architectures": [
    "XLNetLMHeadModel"
  ],
  "attn_type": "bi",
  "bi_data": false,
  "bos_token_id": 1,
  "clamp_len": -1,
  "d_head": 64,
  "d_inner": 3072,
  "d_model": 768,
  "do_sample": false,
  "dropout": 0.1,
  "end_n_top": 5,
  "eos_token_id": 2,
  "eos_token_ids": 0,
  "ff_activation": "gelu",
  "finetuning_task": null,
  "id2label": {
    "0": "LABEL_0",
    "1": "LABEL_1"
  },
  "initializer_range": 0.02,
  "is_decoder": false,
  "label2id": {
    "LABEL_0": 0,
    "LABEL_1": 1
  },
  "layer_norm_eps": 1e-12,
  "length_penalty": 1.0,
  "max_length": 20,
  "mem_len": null,
  "model_type": "xlnet",
  "n_head": 12,
  "n_layer": 12,
  "num_beams": 1,
  "num_labels": 2,
  "num_return_sequences": 1,
  "output_attentions": false,
  "output_hidden_states": false,
  "output_past": true,
  "pad_token_id": 5,
  "pruned_heads": {},
  "repetition_penalty": 1.0,
  "reuse_len": null,
  "same_length": false,
  "start_n_top": 5,
  "summary_activation": "tanh",
  "summary_last_dropout": 0.1,
  "summary_type": "last",
  "summary_use_proj": true,
  "task_specific_params": {
    "text-generation": {
      "do_sample": true,
      "max_length": 250
    }
  },
  "temperature": 1.0,
  "top_k": 50,
  "top_p": 1.0,
  "torchscript": false,
  "untie_r": true,
  "use_bfloat16": false,
  "vocab_size": 32000
}

Optimizer: adam
Optimizer: adam
**** Training Begins ****
**** Epoch 0/20 ****
Use CrossEntropyLoss
15/33-(1.847)
30/33-(1.781)
12/33-(1.202)
27/33-(0.956)

=== Evaluating Model ===
accuracy on Valid 0.6413373860182371

Best accuracy on Valid 0.6413373860182371
Total valid loss 0.7450331279209682
accuracy on Test 0.6909090909090909
Best accuracy on Test 0.6909090909090909

**** Epoch 0/20 ****
9/33-(1.088)
24/33-(1.341)
6/33-(0.933)
21/33-(1.623)

=== Evaluating Model ===
accuracy on Valid 0.7142857142857143

Best accuracy on Valid 0.7142857142857143
Total valid loss 0.6458656532423837
accuracy on Test 0.7090909090909091
Best accuracy on Test 0.7090909090909091

**** Epoch 1/20 ****
3/33-(0.868)
18/33-(1.000)
0/33-(0.712)
15/33-(0.609)

=== Evaluating Model ===
accuracy on Valid 0.7203647416413373

Best accuracy on Valid 0.7203647416413373
Total valid loss 0.6070348847480047
accuracy on Test 0.706060606060606
Best accuracy on Test 0.7090909090909091

**** Epoch 2/20 ****
30/33-(0.552)
12/33-(0.590)
27/33-(0.661)
9/33-(0.718)

=== Evaluating Model ===
accuracy on Valid 0.7598784194528876

Best accuracy on Valid 0.7598784194528876
Total valid loss 0.5086713291349865
accuracy on Test 0.7484848484848485
Best accuracy on Test 0.7484848484848485

**** Epoch 3/20 ****
24/33-(0.478)
6/33-(0.635)
21/33-(0.937)
3/33-(0.297)

=== Evaluating Model ===
accuracy on Valid 0.7203647416413373

Total valid loss 0.7082122365633646
accuracy on Test 0.7242424242424242
Best accuracy on Test 0.7484848484848485

**** Epoch 4/20 ****
18/33-(0.446)
0/33-(0.922)
15/33-(0.606)
30/33-(0.575)

=== Evaluating Model ===
accuracy on Valid 0.7507598784194529

Total valid loss 0.45585548877716064
accuracy on Test 0.8090909090909091
Best accuracy on Test 0.8090909090909091

**** Epoch 5/20 ****
12/33-(2.088)
27/33-(0.788)
9/33-(0.425)
24/33-(0.565)

=== Evaluating Model ===
accuracy on Valid 0.723404255319149

Total valid loss 0.46363607545693714
accuracy on Test 0.7818181818181819
Best accuracy on Test 0.8090909090909091

**** Epoch 6/20 ****
6/33-(0.477)
21/33-(0.557)
3/33-(0.762)
18/33-(0.315)

=== Evaluating Model ===
accuracy on Valid 0.7203647416413373

Total valid loss 0.4541772674946558
accuracy on Test 0.7787878787878788
Best accuracy on Test 0.8090909090909091

**** Epoch 7/20 ****
0/33-(0.322)
15/33-(0.429)
30/33-(0.295)
12/33-(0.162)

=== Evaluating Model ===
accuracy on Valid 0.729483282674772

Total valid loss 0.47984359165032703
accuracy on Test 0.7757575757575758
Best accuracy on Test 0.8090909090909091

**** Epoch 8/20 ****
27/33-(0.717)
9/33-(0.387)
24/33-(0.790)
6/33-(0.323)

=== Evaluating Model ===
accuracy on Valid 0.7446808510638298

Total valid loss 0.49687811732292175
accuracy on Test 0.7818181818181819
Best accuracy on Test 0.8090909090909091

**** Epoch 9/20 ****
21/33-(0.507)
3/33-(0.238)
18/33-(0.490)
0/33-(0.476)

=== Evaluating Model ===
accuracy on Valid 0.7507598784194529

Total valid loss 0.43951248554956346
accuracy on Test 0.806060606060606
Best accuracy on Test 0.8090909090909091

**** Epoch 10/20 ****
15/33-(1.033)
30/33-(0.187)
12/33-(0.222)
27/33-(0.307)

=== Evaluating Model ===
accuracy on Valid 0.7082066869300911

Total valid loss 0.6422817370011693
accuracy on Test 0.7484848484848485
Best accuracy on Test 0.8090909090909091

**** Epoch 11/20 ****
9/33-(0.266)
24/33-(0.464)
6/33-(0.111)
21/33-(0.534)

=== Evaluating Model ===
accuracy on Valid 0.7051671732522796

Total valid loss 0.9311415538901374
accuracy on Test 0.696969696969697
Best accuracy on Test 0.8090909090909091

**** Epoch 12/20 ****
3/33-(0.730)
18/33-(0.408)
0/33-(0.555)
15/33-(0.180)

=== Evaluating Model ===
accuracy on Valid 0.7386018237082067

Total valid loss 0.5465359361398787
accuracy on Test 0.7484848484848485
Best accuracy on Test 0.8090909090909091

**** Epoch 13/20 ****
30/33-(0.120)
12/33-(0.653)
27/33-(0.366)
9/33-(0.324)
24/33-(0.126)

=== Evaluating Model ===
accuracy on Valid 0.723404255319149

Total valid loss 0.581648167400133
accuracy on Test 0.7757575757575758
Best accuracy on Test 0.8090909090909091

**** Epoch 14/20 ****
6/33-(0.324)
21/33-(0.121)
3/33-(0.209)
18/33-(0.319)

=== Evaluating Model ===
accuracy on Valid 0.6899696048632219

Total valid loss 1.046656656832922
accuracy on Test 0.7181818181818181
Best accuracy on Test 0.8090909090909091

**** Epoch 15/20 ****
0/33-(0.359)
15/33-(0.106)
30/33-(0.402)
12/33-(0.704)

=== Evaluating Model ===
accuracy on Valid 0.7173252279635258

Total valid loss 0.9078827244894845
accuracy on Test 0.7272727272727273
Best accuracy on Test 0.8090909090909091

**** Epoch 16/20 ****
27/33-(0.055)
9/33-(0.146)
24/33-(0.238)
6/33-(0.889)

=== Evaluating Model ===
accuracy on Valid 0.6869300911854104

Total valid loss 1.0842026273409526
accuracy on Test 0.7484848484848485
Best accuracy on Test 0.8090909090909091

**** Epoch 17/20 ****
21/33-(0.343)
3/33-(0.097)
18/33-(0.093)
0/33-(0.567)

=== Evaluating Model ===
accuracy on Valid 0.7021276595744681

Total valid loss 0.9389922519524893
accuracy on Test 0.7242424242424242
Best accuracy on Test 0.8090909090909091

**** Epoch 18/20 ****
15/33-(1.252)
30/33-(0.083)
12/33-(0.060)
27/33-(1.115)

=== Evaluating Model ===
accuracy on Valid 0.7112462006079028

Total valid loss 0.8241114268700281
accuracy on Test 0.7606060606060606
Best accuracy on Test 0.8090909090909091

**** Epoch 19/20 ****
9/33-(0.414)
Best accuracy on Test 0.8090909090909091

Final k-fold valid 0.7530551717785761
[0.790273556231003, 0.7121212121212122, 0.7363636363636363, 0.7757575757575758, 0.7507598784194529]
Final k-fold eval 0.7797384176107581
[0.7750759878419453, 0.7933130699088146, 0.7757575757575758, 0.7454545454545455, 0.8090909090909091]
