Whole k-fold eval mode
Source domain: 1, Target domain: 1, Cur_fold 0
Corpus: TOEFL
Starting new HTTPS connection (1): s3.amazonaws.com:443
loading file https://s3.amazonaws.com/models.huggingface.co/bert/xlnet-base-cased-spiece.model from cache at /home/minghongxia/.cache/torch/transformers/dad589d582573df0293448af5109cb6981ca77239ed314e15ca63b7b8a318ddd.8b10bd978b5d01c21303cc761fc9ecd464419b3bf921864a355ba807cfbfafa8
Loading these models for language: en (English):
=======================
| Processor | Package |
-----------------------
| tokenize  | ewt     |
=======================

Use device: gpu
Loading: tokenize
Done loading processors!
Loading these models for language: en (English):
=======================
| Processor | Package |
-----------------------
| tokenize  | ewt     |
=======================

Use device: gpu
Loading: tokenize
Done loading processors!
Loading these models for language: en (English):
=======================
| Processor | Package |
-----------------------
| tokenize  | ewt     |
=======================

Use device: gpu
Loading: tokenize
Done loading processors!
Starting new HTTPS connection (1): s3.amazonaws.com:443
https://s3.amazonaws.com:443 "HEAD /models.huggingface.co/bert/xlnet-base-cased-config.json HTTP/1.1" 200 0
loading configuration file https://s3.amazonaws.com/models.huggingface.co/bert/xlnet-base-cased-config.json from cache at /home/minghongxia/.cache/torch/transformers/c9cc6e53904f7f3679a31ec4af244f4419e25ebc8e71ebf8c558a31cbcf07fc8.69e5e35e0b798cab5e473f253752f8bf4d280ee37682281a23eed80f6e2d09c6
Model config XLNetConfig {
  "architectures": [
    "XLNetLMHeadModel"
  ],
  "attn_type": "bi",
  "bi_data": false,
  "bos_token_id": 1,
  "clamp_len": -1,
  "d_head": 64,
  "d_inner": 3072,
  "d_model": 768,
  "do_sample": false,
  "dropout": 0.1,
  "end_n_top": 5,
  "eos_token_id": 2,
  "eos_token_ids": 0,
  "ff_activation": "gelu",
  "finetuning_task": null,
  "id2label": {
    "0": "LABEL_0",
    "1": "LABEL_1"
  },
  "initializer_range": 0.02,
  "is_decoder": false,
  "label2id": {
    "LABEL_0": 0,
    "LABEL_1": 1
  },
  "layer_norm_eps": 1e-12,
  "length_penalty": 1.0,
  "max_length": 20,
  "mem_len": null,
  "model_type": "xlnet",
  "n_head": 12,
  "n_layer": 12,
  "num_beams": 1,
  "num_labels": 2,
  "num_return_sequences": 1,
  "output_attentions": false,
  "output_hidden_states": false,
  "output_past": true,
  "pad_token_id": 5,
  "pruned_heads": {},
  "repetition_penalty": 1.0,
  "reuse_len": null,
  "same_length": false,
  "start_n_top": 5,
  "summary_activation": "tanh",
  "summary_last_dropout": 0.1,
  "summary_type": "last",
  "summary_use_proj": true,
  "task_specific_params": {
    "text-generation": {
      "do_sample": true,
      "max_length": 250
    }
  },
  "temperature": 1.0,
  "top_k": 50,
  "top_p": 1.0,
  "torchscript": false,
  "untie_r": true,
  "use_bfloat16": false,
  "vocab_size": 32000
}

Loading embeddings from: xlnet-base-cased
Model: DIS_Simple Avg Plus Sentence Ordering
Encoder: XLNet
Starting new HTTPS connection (1): s3.amazonaws.com:443
https://s3.amazonaws.com:443 "HEAD /models.huggingface.co/bert/xlnet-base-cased-config.json HTTP/1.1" 200 0
loading configuration file https://s3.amazonaws.com/models.huggingface.co/bert/xlnet-base-cased-config.json from cache at /home/minghongxia/.cache/torch/transformers/c9cc6e53904f7f3679a31ec4af244f4419e25ebc8e71ebf8c558a31cbcf07fc8.69e5e35e0b798cab5e473f253752f8bf4d280ee37682281a23eed80f6e2d09c6
Model config XLNetConfig {
  "architectures": [
    "XLNetLMHeadModel"
  ],
  "attn_type": "bi",
  "bi_data": false,
  "bos_token_id": 1,
  "clamp_len": -1,
  "d_head": 64,
  "d_inner": 3072,
  "d_model": 768,
  "do_sample": false,
  "dropout": 0.1,
  "end_n_top": 5,
  "eos_token_id": 2,
  "eos_token_ids": 0,
  "ff_activation": "gelu",
  "finetuning_task": null,
  "id2label": {
    "0": "LABEL_0",
    "1": "LABEL_1"
  },
  "initializer_range": 0.02,
  "is_decoder": false,
  "label2id": {
    "LABEL_0": 0,
    "LABEL_1": 1
  },
  "layer_norm_eps": 1e-12,
  "length_penalty": 1.0,
  "max_length": 20,
  "mem_len": null,
  "model_type": "xlnet",
  "n_head": 12,
  "n_layer": 12,
  "num_beams": 1,
  "num_labels": 2,
  "num_return_sequences": 1,
  "output_attentions": true,
  "output_hidden_states": false,
  "output_past": true,
  "pad_token_id": 5,
  "pruned_heads": {},
  "repetition_penalty": 1.0,
  "reuse_len": null,
  "same_length": false,
  "start_n_top": 5,
  "summary_activation": "tanh",
  "summary_last_dropout": 0.1,
  "summary_type": "last",
  "summary_use_proj": true,
  "task_specific_params": {
    "text-generation": {
      "do_sample": true,
      "max_length": 250
    }
  },
  "temperature": 1.0,
  "top_k": 50,
  "top_p": 1.0,
  "torchscript": false,
  "untie_r": true,
  "use_bfloat16": false,
  "vocab_size": 32000
}

Starting new HTTPS connection (1): s3.amazonaws.com:443
https://s3.amazonaws.com:443 "HEAD /models.huggingface.co/bert/xlnet-base-cased-pytorch_model.bin HTTP/1.1" 200 0
loading weights file https://s3.amazonaws.com/models.huggingface.co/bert/xlnet-base-cased-pytorch_model.bin from cache at /home/minghongxia/.cache/torch/transformers/24197ba0ce5dbfe23924431610704c88e2c0371afa49149360e4c823219ab474.7eac4fe898a021204e63c88c00ea68c60443c57f94b4bc3c02adbde6465745ac
Starting new HTTPS connection (1): s3.amazonaws.com:443
https://s3.amazonaws.com:443 "HEAD /models.huggingface.co/bert/xlnet-base-cased-config.json HTTP/1.1" 200 0
loading configuration file https://s3.amazonaws.com/models.huggingface.co/bert/xlnet-base-cased-config.json from cache at /home/minghongxia/.cache/torch/transformers/c9cc6e53904f7f3679a31ec4af244f4419e25ebc8e71ebf8c558a31cbcf07fc8.69e5e35e0b798cab5e473f253752f8bf4d280ee37682281a23eed80f6e2d09c6
Model config XLNetConfig {
  "architectures": [
    "XLNetLMHeadModel"
  ],
  "attn_type": "bi",
  "bi_data": false,
  "bos_token_id": 1,
  "clamp_len": -1,
  "d_head": 64,
  "d_inner": 3072,
  "d_model": 768,
  "do_sample": false,
  "dropout": 0.1,
  "end_n_top": 5,
  "eos_token_id": 2,
  "eos_token_ids": 0,
  "ff_activation": "gelu",
  "finetuning_task": null,
  "id2label": {
    "0": "LABEL_0",
    "1": "LABEL_1"
  },
  "initializer_range": 0.02,
  "is_decoder": false,
  "label2id": {
    "LABEL_0": 0,
    "LABEL_1": 1
  },
  "layer_norm_eps": 1e-12,
  "length_penalty": 1.0,
  "max_length": 20,
  "mem_len": null,
  "model_type": "xlnet",
  "n_head": 12,
  "n_layer": 12,
  "num_beams": 1,
  "num_labels": 2,
  "num_return_sequences": 1,
  "output_attentions": false,
  "output_hidden_states": false,
  "output_past": true,
  "pad_token_id": 5,
  "pruned_heads": {},
  "repetition_penalty": 1.0,
  "reuse_len": null,
  "same_length": false,
  "start_n_top": 5,
  "summary_activation": "tanh",
  "summary_last_dropout": 0.1,
  "summary_type": "last",
  "summary_use_proj": true,
  "task_specific_params": {
    "text-generation": {
      "do_sample": true,
      "max_length": 250
    }
  },
  "temperature": 1.0,
  "top_k": 50,
  "top_p": 1.0,
  "torchscript": false,
  "untie_r": true,
  "use_bfloat16": false,
  "vocab_size": 32000
}

Optimizer: adam
Optimizer: adam
**** Training Begins ****
**** Epoch 0/20 ****
Use CrossEntropyLoss
15/33-(0.629)
30/33-(0.179)
12/33-(0.122)
27/33-(0.086)

**** Epoch 0/20 ****
9/33-(0.081)
24/33-(0.154)
6/33-(0.064)
21/33-(0.100)

**** Epoch 1/20 ****
3/33-(0.077)
18/33-(0.066)
0/33-(0.055)
15/33-(0.009)

**** Epoch 2/20 ****
30/33-(0.070)
12/33-(0.050)
27/33-(0.068)
9/33-(0.050)

**** Epoch 3/20 ****
24/33-(0.095)
6/33-(0.057)
21/33-(0.010)
3/33-(0.037)

**** Epoch 4/20 ****
18/33-(0.021)
15/33-(1.070)
30/33-(0.850)
12/33-(1.091)
27/33-(0.848)

=== Evaluating Model ===
accuracy on Valid 0.5317220543806647

Best accuracy on Valid 0.5317220543806647
Total valid loss 0.8493845065434774
accuracy on Test 0.5498489425981873
Best accuracy on Test 0.5498489425981873

**** Epoch 0/20 ****
9/33-(0.645)
24/33-(0.565)
6/33-(0.754)
21/33-(0.716)

=== Evaluating Model ===
accuracy on Valid 0.56797583081571

Best accuracy on Valid 0.56797583081571
Total valid loss 0.810137254851205
accuracy on Test 0.5861027190332326
Best accuracy on Test 0.5861027190332326

**** Epoch 1/20 ****
3/33-(0.662)
18/33-(0.598)
0/33-(0.605)
15/33-(0.542)

=== Evaluating Model ===
accuracy on Valid 0.7099697885196374

Best accuracy on Valid 0.7099697885196374
Total valid loss 0.6728309435503823
accuracy on Test 0.6737160120845922
Best accuracy on Test 0.6737160120845922

**** Epoch 2/20 ****
30/33-(0.741)
12/33-(0.357)
27/33-(0.804)
9/33-(0.390)

=== Evaluating Model ===
accuracy on Valid 0.6948640483383686


**** Epoch 3/20 ****
24/33-(0.742)
6/33-(0.361)
21/33-(0.483)
3/33-(0.405)

=== Evaluating Model ===
accuracy on Valid 0.6737160120845922


**** Epoch 4/20 ****
18/33-(0.403)
0/33-(0.452)
15/33-(0.823)
30/33-(0.558)

=== Evaluating Model ===
accuracy on Valid 0.6978851963746223


**** Epoch 5/20 ****
12/33-(0.500)
27/33-(0.842)
9/33-(0.874)
24/33-(0.436)

=== Evaluating Model ===
accuracy on Valid 0.6646525679758308


**** Epoch 6/20 ****
6/33-(0.420)
21/33-(0.486)
3/33-(0.690)
18/33-(0.343)
0/33-(0.774)

=== Evaluating Model ===
accuracy on Valid 0.676737160120846


**** Epoch 7/20 ****
15/33-(0.668)
30/33-(0.391)
12/33-(0.824)
27/33-(0.818)

=== Evaluating Model ===
accuracy on Valid 0.6465256797583081


**** Epoch 8/20 ****
9/33-(0.465)
24/33-(0.600)
6/33-(0.317)
21/33-(0.965)

=== Evaluating Model ===
accuracy on Valid 0.6858006042296072


**** Epoch 9/20 ****
3/33-(0.477)
18/33-(0.216)
0/33-(0.703)
15/33-(0.450)

=== Evaluating Model ===
accuracy on Valid 0.6858006042296072


**** Epoch 10/20 ****
30/33-(0.210)
12/33-(0.810)
27/33-(0.397)
9/33-(0.935)

=== Evaluating Model ===
accuracy on Valid 0.6858006042296072


**** Epoch 11/20 ****
24/33-(0.376)
6/33-(0.448)
21/33-(0.262)
3/33-(0.686)

=== Evaluating Model ===
accuracy on Valid 0.6948640483383686


**** Epoch 12/20 ****
18/33-(0.580)
0/33-(0.465)
15/33-(0.571)
30/33-(0.091)

=== Evaluating Model ===
accuracy on Valid 0.6918429003021148


**** Epoch 13/20 ****
12/33-(0.129)
27/33-(0.441)
9/33-(0.463)
24/33-(0.382)
6/33-(0.396)

=== Evaluating Model ===
accuracy on Valid 0.716012084592145

Best accuracy on Valid 0.716012084592145
Total valid loss 1.0692443705740429
accuracy on Test 0.7039274924471299
Best accuracy on Test 0.7039274924471299

**** Epoch 14/20 ****
21/33-(0.011)
3/33-(0.526)
18/33-(0.139)
0/33-(0.438)

=== Evaluating Model ===
accuracy on Valid 0.7039274924471299


**** Epoch 15/20 ****
15/33-(0.182)
30/33-(0.048)
12/33-(0.397)
27/33-(0.492)

=== Evaluating Model ===
accuracy on Valid 0.7129909365558912


**** Epoch 16/20 ****
9/33-(0.380)
24/33-(0.460)
6/33-(0.127)
21/33-(0.023)

=== Evaluating Model ===
accuracy on Valid 0.7009063444108762


**** Epoch 17/20 ****
3/33-(0.363)
18/33-(0.315)
0/33-(0.685)
15/33-(0.392)

=== Evaluating Model ===
accuracy on Valid 0.7341389728096677

Best accuracy on Valid 0.7341389728096677
Total valid loss 1.2153173706361227
accuracy on Test 0.716012084592145
Best accuracy on Test 0.716012084592145

**** Epoch 18/20 ****
30/33-(0.066)
12/33-(0.392)
27/33-(0.190)
9/33-(0.024)

=== Evaluating Model ===
accuracy on Valid 0.7039274924471299


**** Epoch 19/20 ****
24/33-(0.489)
6/33-(0.002)
Best accuracy on Test 0.716012084592145

Source domain: 1, Target domain: 1, Cur_fold 1
Corpus: TOEFL
Starting new HTTPS connection (1): s3.amazonaws.com:443
https://s3.amazonaws.com:443 "HEAD /models.huggingface.co/bert/xlnet-base-cased-spiece.model HTTP/1.1" 200 0
loading file https://s3.amazonaws.com/models.huggingface.co/bert/xlnet-base-cased-spiece.model from cache at /home/minghongxia/.cache/torch/transformers/dad589d582573df0293448af5109cb6981ca77239ed314e15ca63b7b8a318ddd.8b10bd978b5d01c21303cc761fc9ecd464419b3bf921864a355ba807cfbfafa8
Loading these models for language: en (English):
=======================
| Processor | Package |
-----------------------
| tokenize  | ewt     |
=======================

Use device: gpu
Loading: tokenize
Done loading processors!
Loading these models for language: en (English):
=======================
| Processor | Package |
-----------------------
| tokenize  | ewt     |
=======================

Use device: gpu
Loading: tokenize
Done loading processors!
Loading these models for language: en (English):
=======================
| Processor | Package |
-----------------------
| tokenize  | ewt     |
=======================

Use device: gpu
Loading: tokenize
Done loading processors!
Starting new HTTPS connection (1): s3.amazonaws.com:443
https://s3.amazonaws.com:443 "HEAD /models.huggingface.co/bert/xlnet-base-cased-config.json HTTP/1.1" 200 0
loading configuration file https://s3.amazonaws.com/models.huggingface.co/bert/xlnet-base-cased-config.json from cache at /home/minghongxia/.cache/torch/transformers/c9cc6e53904f7f3679a31ec4af244f4419e25ebc8e71ebf8c558a31cbcf07fc8.69e5e35e0b798cab5e473f253752f8bf4d280ee37682281a23eed80f6e2d09c6
Model config XLNetConfig {
  "architectures": [
    "XLNetLMHeadModel"
  ],
  "attn_type": "bi",
  "bi_data": false,
  "bos_token_id": 1,
  "clamp_len": -1,
  "d_head": 64,
  "d_inner": 3072,
  "d_model": 768,
  "do_sample": false,
  "dropout": 0.1,
  "end_n_top": 5,
  "eos_token_id": 2,
  "eos_token_ids": 0,
  "ff_activation": "gelu",
  "finetuning_task": null,
  "id2label": {
    "0": "LABEL_0",
    "1": "LABEL_1"
  },
  "initializer_range": 0.02,
  "is_decoder": false,
  "label2id": {
    "LABEL_0": 0,
    "LABEL_1": 1
  },
  "layer_norm_eps": 1e-12,
  "length_penalty": 1.0,
  "max_length": 20,
  "mem_len": null,
  "model_type": "xlnet",
  "n_head": 12,
  "n_layer": 12,
  "num_beams": 1,
  "num_labels": 2,
  "num_return_sequences": 1,
  "output_attentions": false,
  "output_hidden_states": false,
  "output_past": true,
  "pad_token_id": 5,
  "pruned_heads": {},
  "repetition_penalty": 1.0,
  "reuse_len": null,
  "same_length": false,
  "start_n_top": 5,
  "summary_activation": "tanh",
  "summary_last_dropout": 0.1,
  "summary_type": "last",
  "summary_use_proj": true,
  "task_specific_params": {
    "text-generation": {
      "do_sample": true,
      "max_length": 250
    }
  },
  "temperature": 1.0,
  "top_k": 50,
  "top_p": 1.0,
  "torchscript": false,
  "untie_r": true,
  "use_bfloat16": false,
  "vocab_size": 32000
}

Loading embeddings from: xlnet-base-cased
Model: DIS_Simple Avg Plus Sentence Ordering
Encoder: XLNet
Starting new HTTPS connection (1): s3.amazonaws.com:443
https://s3.amazonaws.com:443 "HEAD /models.huggingface.co/bert/xlnet-base-cased-config.json HTTP/1.1" 200 0
loading configuration file https://s3.amazonaws.com/models.huggingface.co/bert/xlnet-base-cased-config.json from cache at /home/minghongxia/.cache/torch/transformers/c9cc6e53904f7f3679a31ec4af244f4419e25ebc8e71ebf8c558a31cbcf07fc8.69e5e35e0b798cab5e473f253752f8bf4d280ee37682281a23eed80f6e2d09c6
Model config XLNetConfig {
  "architectures": [
    "XLNetLMHeadModel"
  ],
  "attn_type": "bi",
  "bi_data": false,
  "bos_token_id": 1,
  "clamp_len": -1,
  "d_head": 64,
  "d_inner": 3072,
  "d_model": 768,
  "do_sample": false,
  "dropout": 0.1,
  "end_n_top": 5,
  "eos_token_id": 2,
  "eos_token_ids": 0,
  "ff_activation": "gelu",
  "finetuning_task": null,
  "id2label": {
    "0": "LABEL_0",
    "1": "LABEL_1"
  },
  "initializer_range": 0.02,
  "is_decoder": false,
  "label2id": {
    "LABEL_0": 0,
    "LABEL_1": 1
  },
  "layer_norm_eps": 1e-12,
  "length_penalty": 1.0,
  "max_length": 20,
  "mem_len": null,
  "model_type": "xlnet",
  "n_head": 12,
  "n_layer": 12,
  "num_beams": 1,
  "num_labels": 2,
  "num_return_sequences": 1,
  "output_attentions": true,
  "output_hidden_states": false,
  "output_past": true,
  "pad_token_id": 5,
  "pruned_heads": {},
  "repetition_penalty": 1.0,
  "reuse_len": null,
  "same_length": false,
  "start_n_top": 5,
  "summary_activation": "tanh",
  "summary_last_dropout": 0.1,
  "summary_type": "last",
  "summary_use_proj": true,
  "task_specific_params": {
    "text-generation": {
      "do_sample": true,
      "max_length": 250
    }
  },
  "temperature": 1.0,
  "top_k": 50,
  "top_p": 1.0,
  "torchscript": false,
  "untie_r": true,
  "use_bfloat16": false,
  "vocab_size": 32000
}

Starting new HTTPS connection (1): s3.amazonaws.com:443
https://s3.amazonaws.com:443 "HEAD /models.huggingface.co/bert/xlnet-base-cased-pytorch_model.bin HTTP/1.1" 200 0
loading weights file https://s3.amazonaws.com/models.huggingface.co/bert/xlnet-base-cased-pytorch_model.bin from cache at /home/minghongxia/.cache/torch/transformers/24197ba0ce5dbfe23924431610704c88e2c0371afa49149360e4c823219ab474.7eac4fe898a021204e63c88c00ea68c60443c57f94b4bc3c02adbde6465745ac
Starting new HTTPS connection (1): s3.amazonaws.com:443
https://s3.amazonaws.com:443 "HEAD /models.huggingface.co/bert/xlnet-base-cased-config.json HTTP/1.1" 200 0
loading configuration file https://s3.amazonaws.com/models.huggingface.co/bert/xlnet-base-cased-config.json from cache at /home/minghongxia/.cache/torch/transformers/c9cc6e53904f7f3679a31ec4af244f4419e25ebc8e71ebf8c558a31cbcf07fc8.69e5e35e0b798cab5e473f253752f8bf4d280ee37682281a23eed80f6e2d09c6
Model config XLNetConfig {
  "architectures": [
    "XLNetLMHeadModel"
  ],
  "attn_type": "bi",
  "bi_data": false,
  "bos_token_id": 1,
  "clamp_len": -1,
  "d_head": 64,
  "d_inner": 3072,
  "d_model": 768,
  "do_sample": false,
  "dropout": 0.1,
  "end_n_top": 5,
  "eos_token_id": 2,
  "eos_token_ids": 0,
  "ff_activation": "gelu",
  "finetuning_task": null,
  "id2label": {
    "0": "LABEL_0",
    "1": "LABEL_1"
  },
  "initializer_range": 0.02,
  "is_decoder": false,
  "label2id": {
    "LABEL_0": 0,
    "LABEL_1": 1
  },
  "layer_norm_eps": 1e-12,
  "length_penalty": 1.0,
  "max_length": 20,
  "mem_len": null,
  "model_type": "xlnet",
  "n_head": 12,
  "n_layer": 12,
  "num_beams": 1,
  "num_labels": 2,
  "num_return_sequences": 1,
  "output_attentions": false,
  "output_hidden_states": false,
  "output_past": true,
  "pad_token_id": 5,
  "pruned_heads": {},
  "repetition_penalty": 1.0,
  "reuse_len": null,
  "same_length": false,
  "start_n_top": 5,
  "summary_activation": "tanh",
  "summary_last_dropout": 0.1,
  "summary_type": "last",
  "summary_use_proj": true,
  "task_specific_params": {
    "text-generation": {
      "do_sample": true,
      "max_length": 250
    }
  },
  "temperature": 1.0,
  "top_k": 50,
  "top_p": 1.0,
  "torchscript": false,
  "untie_r": true,
  "use_bfloat16": false,
  "vocab_size": 32000
}

Optimizer: adam
Optimizer: adam
**** Training Begins ****
**** Epoch 0/20 ****
Use CrossEntropyLoss
15/33-(0.748)
30/33-(0.176)
12/33-(0.289)
27/33-(0.120)

**** Epoch 0/20 ****
9/33-(0.053)
24/33-(0.056)
6/33-(0.098)
21/33-(0.073)

**** Epoch 1/20 ****
3/33-(0.077)
18/33-(0.043)
0/33-(0.022)
15/33-(0.052)

**** Epoch 2/20 ****
30/33-(0.125)
12/33-(0.062)
27/33-(0.028)
9/33-(0.050)

**** Epoch 3/20 ****
24/33-(0.047)
6/33-(0.034)
21/33-(0.041)
3/33-(0.048)

**** Epoch 4/20 ****
18/33-(0.004)
15/33-(1.250)
30/33-(1.517)
12/33-(1.060)
27/33-(0.581)

=== Evaluating Model ===
accuracy on Valid 0.5740181268882175

Best accuracy on Valid 0.5740181268882175
Total valid loss 0.8170478940010071
accuracy on Test 0.5468277945619335
Best accuracy on Test 0.5468277945619335

**** Epoch 0/20 ****
9/33-(0.871)
24/33-(0.684)
6/33-(0.730)
21/33-(0.798)

=== Evaluating Model ===
accuracy on Valid 0.622356495468278

Best accuracy on Valid 0.622356495468278
Total valid loss 0.8339845708438328
accuracy on Test 0.6193353474320241
Best accuracy on Test 0.6193353474320241

**** Epoch 1/20 ****
3/33-(0.725)
18/33-(1.040)
0/33-(0.611)
15/33-(0.975)

=== Evaluating Model ===
accuracy on Valid 0.6797583081570997

Best accuracy on Valid 0.6797583081570997
Total valid loss 0.7495097674074627
accuracy on Test 0.6525679758308157
Best accuracy on Test 0.6525679758308157

**** Epoch 2/20 ****
30/33-(0.733)
12/33-(0.329)
27/33-(0.669)
