Whole k-fold eval mode
Source domain: Clinton, Target domain: Clinton, Cur_fold 0
Corpus: GCDC
Starting new HTTPS connection (1): s3.amazonaws.com:443
https://s3.amazonaws.com:443 "HEAD /models.huggingface.co/bert/xlnet-base-cased-spiece.model HTTP/1.1" 200 0
loading file https://s3.amazonaws.com/models.huggingface.co/bert/xlnet-base-cased-spiece.model from cache at /home/minghongxia/.cache/torch/transformers/dad589d582573df0293448af5109cb6981ca77239ed314e15ca63b7b8a318ddd.8b10bd978b5d01c21303cc761fc9ecd464419b3bf921864a355ba807cfbfafa8
Loading these models for language: en (English):
=======================
| Processor | Package |
-----------------------
| tokenize  | ewt     |
=======================

Use device: gpu
Loading: tokenize
Done loading processors!
Loading these models for language: en (English):
=======================
| Processor | Package |
-----------------------
| tokenize  | ewt     |
=======================

Use device: gpu
Loading: tokenize
Done loading processors!
315.5
Starting new HTTPS connection (1): s3.amazonaws.com:443
https://s3.amazonaws.com:443 "HEAD /models.huggingface.co/bert/xlnet-base-cased-config.json HTTP/1.1" 200 0
loading configuration file https://s3.amazonaws.com/models.huggingface.co/bert/xlnet-base-cased-config.json from cache at /home/minghongxia/.cache/torch/transformers/c9cc6e53904f7f3679a31ec4af244f4419e25ebc8e71ebf8c558a31cbcf07fc8.69e5e35e0b798cab5e473f253752f8bf4d280ee37682281a23eed80f6e2d09c6
Model config XLNetConfig {
  "architectures": [
    "XLNetLMHeadModel"
  ],
  "attn_type": "bi",
  "bi_data": false,
  "bos_token_id": 1,
  "clamp_len": -1,
  "d_head": 64,
  "d_inner": 3072,
  "d_model": 768,
  "do_sample": false,
  "dropout": 0.1,
  "end_n_top": 5,
  "eos_token_id": 2,
  "eos_token_ids": 0,
  "ff_activation": "gelu",
  "finetuning_task": null,
  "id2label": {
    "0": "LABEL_0",
    "1": "LABEL_1"
  },
  "initializer_range": 0.02,
  "is_decoder": false,
  "label2id": {
    "LABEL_0": 0,
    "LABEL_1": 1
  },
  "layer_norm_eps": 1e-12,
  "length_penalty": 1.0,
  "max_length": 20,
  "mem_len": null,
  "model_type": "xlnet",
  "n_head": 12,
  "n_layer": 12,
  "num_beams": 1,
  "num_labels": 2,
  "num_return_sequences": 1,
  "output_attentions": false,
  "output_hidden_states": false,
  "output_past": true,
  "pad_token_id": 5,
  "pruned_heads": {},
  "repetition_penalty": 1.0,
  "reuse_len": null,
  "same_length": false,
  "start_n_top": 5,
  "summary_activation": "tanh",
  "summary_last_dropout": 0.1,
  "summary_type": "last",
  "summary_use_proj": true,
  "task_specific_params": {
    "text-generation": {
      "do_sample": true,
      "max_length": 250
    }
  },
  "temperature": 1.0,
  "top_k": 50,
  "top_p": 1.0,
  "torchscript": false,
  "untie_r": true,
  "use_bfloat16": false,
  "vocab_size": 32000
}

Loading embeddings from: xlnet-base-cased
Model: DIS_Simple Avg Order Plus Max_Min
Encoder: XLNet
Starting new HTTPS connection (1): s3.amazonaws.com:443
https://s3.amazonaws.com:443 "HEAD /models.huggingface.co/bert/xlnet-base-cased-config.json HTTP/1.1" 200 0
loading configuration file https://s3.amazonaws.com/models.huggingface.co/bert/xlnet-base-cased-config.json from cache at /home/minghongxia/.cache/torch/transformers/c9cc6e53904f7f3679a31ec4af244f4419e25ebc8e71ebf8c558a31cbcf07fc8.69e5e35e0b798cab5e473f253752f8bf4d280ee37682281a23eed80f6e2d09c6
Model config XLNetConfig {
  "architectures": [
    "XLNetLMHeadModel"
  ],
  "attn_type": "bi",
  "bi_data": false,
  "bos_token_id": 1,
  "clamp_len": -1,
  "d_head": 64,
  "d_inner": 3072,
  "d_model": 768,
  "do_sample": false,
  "dropout": 0.1,
  "end_n_top": 5,
  "eos_token_id": 2,
  "eos_token_ids": 0,
  "ff_activation": "gelu",
  "finetuning_task": null,
  "id2label": {
    "0": "LABEL_0",
    "1": "LABEL_1"
  },
  "initializer_range": 0.02,
  "is_decoder": false,
  "label2id": {
    "LABEL_0": 0,
    "LABEL_1": 1
  },
  "layer_norm_eps": 1e-12,
  "length_penalty": 1.0,
  "max_length": 20,
  "mem_len": null,
  "model_type": "xlnet",
  "n_head": 12,
  "n_layer": 12,
  "num_beams": 1,
  "num_labels": 2,
  "num_return_sequences": 1,
  "output_attentions": true,
  "output_hidden_states": false,
  "output_past": true,
  "pad_token_id": 5,
  "pruned_heads": {},
  "repetition_penalty": 1.0,
  "reuse_len": null,
  "same_length": false,
  "start_n_top": 5,
  "summary_activation": "tanh",
  "summary_last_dropout": 0.1,
  "summary_type": "last",
  "summary_use_proj": true,
  "task_specific_params": {
    "text-generation": {
      "do_sample": true,
      "max_length": 250
    }
  },
  "temperature": 1.0,
  "top_k": 50,
  "top_p": 1.0,
  "torchscript": false,
  "untie_r": true,
  "use_bfloat16": false,
  "vocab_size": 32000
}

Starting new HTTPS connection (1): s3.amazonaws.com:443
https://s3.amazonaws.com:443 "HEAD /models.huggingface.co/bert/xlnet-base-cased-pytorch_model.bin HTTP/1.1" 200 0
loading weights file https://s3.amazonaws.com/models.huggingface.co/bert/xlnet-base-cased-pytorch_model.bin from cache at /home/minghongxia/.cache/torch/transformers/24197ba0ce5dbfe23924431610704c88e2c0371afa49149360e4c823219ab474.7eac4fe898a021204e63c88c00ea68c60443c57f94b4bc3c02adbde6465745ac
Starting new HTTPS connection (1): s3.amazonaws.com:443
https://s3.amazonaws.com:443 "HEAD /models.huggingface.co/bert/xlnet-base-cased-config.json HTTP/1.1" 200 0
loading configuration file https://s3.amazonaws.com/models.huggingface.co/bert/xlnet-base-cased-config.json from cache at /home/minghongxia/.cache/torch/transformers/c9cc6e53904f7f3679a31ec4af244f4419e25ebc8e71ebf8c558a31cbcf07fc8.69e5e35e0b798cab5e473f253752f8bf4d280ee37682281a23eed80f6e2d09c6
Model config XLNetConfig {
  "architectures": [
    "XLNetLMHeadModel"
  ],
  "attn_type": "bi",
  "bi_data": false,
  "bos_token_id": 1,
  "clamp_len": -1,
  "d_head": 64,
  "d_inner": 3072,
  "d_model": 768,
  "do_sample": false,
  "dropout": 0.1,
  "end_n_top": 5,
  "eos_token_id": 2,
  "eos_token_ids": 0,
  "ff_activation": "gelu",
  "finetuning_task": null,
  "id2label": {
    "0": "LABEL_0",
    "1": "LABEL_1"
  },
  "initializer_range": 0.02,
  "is_decoder": false,
  "label2id": {
    "LABEL_0": 0,
    "LABEL_1": 1
  },
  "layer_norm_eps": 1e-12,
  "length_penalty": 1.0,
  "max_length": 20,
  "mem_len": null,
  "model_type": "xlnet",
  "n_head": 12,
  "n_layer": 12,
  "num_beams": 1,
  "num_labels": 2,
  "num_return_sequences": 1,
  "output_attentions": false,
  "output_hidden_states": false,
  "output_past": true,
  "pad_token_id": 5,
  "pruned_heads": {},
  "repetition_penalty": 1.0,
  "reuse_len": null,
  "same_length": false,
  "start_n_top": 5,
  "summary_activation": "tanh",
  "summary_last_dropout": 0.1,
  "summary_type": "last",
  "summary_use_proj": true,
  "task_specific_params": {
    "text-generation": {
      "do_sample": true,
      "max_length": 250
    }
  },
  "temperature": 1.0,
  "top_k": 50,
  "top_p": 1.0,
  "torchscript": false,
  "untie_r": true,
  "use_bfloat16": false,
  "vocab_size": 32000
}

Optimizer: adam
Optimizer: adam
**** Training Begins ****
**** Epoch 0/25 ****
Use CrossEntropyLoss
15/33-(2.544)
30/33-(2.218)
12/33-(2.460)

=== Evaluating Model ===
Total valid loss 1.1563886801401775
accuracy on Test 0.25555555555555554
Best accuracy on Test 0.25555555555555554

**** Epoch 0/25 ****
27/33-(2.604)
9/33-(2.229)
24/33-(2.288)
6/33-(2.373)

=== Evaluating Model ===
Total valid loss 0.9512650370597839
accuracy on Test 0.5555555555555556
Best accuracy on Test 0.5555555555555556

**** Epoch 1/25 ****
21/33-(2.318)
3/33-(2.107)
18/33-(2.238)
0/33-(1.936)

=== Evaluating Model ===
Total valid loss 0.8989752680063248
accuracy on Test 0.6222222222222222
Best accuracy on Test 0.6222222222222222

**** Epoch 2/25 ****
15/33-(2.040)
30/33-(2.433)
12/33-(2.037)

=== Evaluating Model ===
Total valid loss 0.9140908271074295
accuracy on Test 0.5611111111111111
Best accuracy on Test 0.6222222222222222

**** Epoch 3/25 ****
27/33-(2.002)
9/33-(2.375)
24/33-(2.248)
6/33-(2.536)

=== Evaluating Model ===
Total valid loss 0.9219106584787369
accuracy on Test 0.6388888888888888
Best accuracy on Test 0.6388888888888888

**** Epoch 4/25 ****
21/33-(1.625)
3/33-(1.197)
18/33-(1.392)
0/33-(2.356)

=== Evaluating Model ===
Total valid loss 0.9460436701774597
accuracy on Test 0.6111111111111112
Best accuracy on Test 0.6388888888888888

**** Epoch 5/25 ****
15/33-(1.862)
30/33-(0.978)
12/33-(2.330)
27/33-(1.577)

=== Evaluating Model ===
Total valid loss 0.9627750813961029
accuracy on Test 0.6
Best accuracy on Test 0.6388888888888888

**** Epoch 6/25 ****
9/33-(1.882)
24/33-(1.282)
6/33-(1.880)

=== Evaluating Model ===
Total valid loss 1.1875017682711284
accuracy on Test 0.5555555555555556
Best accuracy on Test 0.6388888888888888

**** Epoch 7/25 ****
21/33-(1.264)
3/33-(1.676)
18/33-(2.307)
0/33-(1.624)

=== Evaluating Model ===
Total valid loss 0.9850284904241562
accuracy on Test 0.5833333333333334
Best accuracy on Test 0.6388888888888888

**** Epoch 8/25 ****
15/33-(2.151)
30/33-(1.307)
12/33-(1.579)
27/33-(1.185)

=== Evaluating Model ===
Total valid loss 1.0645754660169284
accuracy on Test 0.6222222222222222
Best accuracy on Test 0.6388888888888888

**** Epoch 9/25 ****
9/33-(1.165)
24/33-(1.035)
6/33-(2.643)
21/33-(0.539)

=== Evaluating Model ===
Total valid loss 1.568102851510048
accuracy on Test 0.5055555555555555
Best accuracy on Test 0.6388888888888888

**** Epoch 10/25 ****
3/33-(1.200)
18/33-(1.242)
0/33-(1.336)

=== Evaluating Model ===
Total valid loss 1.2379632741212845
accuracy on Test 0.4444444444444444
Best accuracy on Test 0.6388888888888888

**** Epoch 11/25 ****
15/33-(0.693)
30/33-(0.531)
12/33-(0.682)
27/33-(0.963)

=== Evaluating Model ===
Total valid loss 1.5083008507887523
accuracy on Test 0.5277777777777778
Best accuracy on Test 0.6388888888888888

**** Epoch 12/25 ****
9/33-(0.818)
24/33-(0.816)
6/33-(0.480)
21/33-(0.620)

=== Evaluating Model ===
Total valid loss 1.55900934835275
accuracy on Test 0.3888888888888889
Best accuracy on Test 0.6388888888888888

**** Epoch 13/25 ****
3/33-(0.510)
18/33-(0.881)
0/33-(0.946)
15/33-(0.464)

=== Evaluating Model ===
Total valid loss 1.7109492321809132
accuracy on Test 0.4166666666666667
Best accuracy on Test 0.6388888888888888

**** Epoch 14/25 ****
30/33-(3.532)
12/33-(0.409)
27/33-(1.364)

=== Evaluating Model ===
Total valid loss 1.4007548590501149
accuracy on Test 0.4388888888888889
Best accuracy on Test 0.6388888888888888

**** Epoch 15/25 ****
9/33-(0.835)
24/33-(0.797)
6/33-(1.075)
21/33-(0.450)

=== Evaluating Model ===
Total valid loss 2.1964236746231713
accuracy on Test 0.4666666666666667
Best accuracy on Test 0.6388888888888888

**** Epoch 16/25 ****
3/33-(2.324)
18/33-(0.558)
0/33-(1.138)
15/33-(1.314)

=== Evaluating Model ===
Total valid loss 1.935480033357938
accuracy on Test 0.5666666666666667
Best accuracy on Test 0.6388888888888888

**** Epoch 17/25 ****
30/33-(0.958)
12/33-(0.771)
27/33-(0.568)

=== Evaluating Model ===
Total valid loss 2.2978430738051734
accuracy on Test 0.4888888888888889
Best accuracy on Test 0.6388888888888888

**** Epoch 18/25 ****
9/33-(0.988)
24/33-(0.365)
6/33-(0.599)
21/33-(0.325)

=== Evaluating Model ===
Total valid loss 1.87626746793588
accuracy on Test 0.49444444444444446
Best accuracy on Test 0.6388888888888888

**** Epoch 19/25 ****
3/33-(0.370)
18/33-(0.384)
0/33-(0.359)
15/33-(0.250)

=== Evaluating Model ===
Total valid loss 2.4352026283740997
accuracy on Test 0.4111111111111111
Best accuracy on Test 0.6388888888888888

**** Epoch 20/25 ****
30/33-(0.205)
12/33-(0.243)
27/33-(0.384)
9/33-(0.349)

=== Evaluating Model ===
Total valid loss 2.365292360385259
accuracy on Test 0.4444444444444444
Best accuracy on Test 0.6388888888888888

**** Epoch 21/25 ****
24/33-(0.812)
6/33-(0.646)
21/33-(0.836)

=== Evaluating Model ===
Total valid loss 2.9576257864634194
accuracy on Test 0.4666666666666667
Best accuracy on Test 0.6388888888888888

**** Epoch 22/25 ****
3/33-(0.869)
18/33-(0.301)
0/33-(0.356)
15/33-(1.375)

=== Evaluating Model ===
Total valid loss 3.01454089085261
accuracy on Test 0.49444444444444446
Best accuracy on Test 0.6388888888888888

**** Epoch 23/25 ****
30/33-(1.807)
12/33-(1.128)
27/33-(0.526)
9/33-(0.408)

=== Evaluating Model ===
Total valid loss 2.110323597987493
accuracy on Test 0.4777777777777778
Best accuracy on Test 0.6388888888888888

**** Epoch 24/25 ****
24/33-(0.290)
6/33-(0.015)
Best accuracy on Test 0.6388888888888888

Source domain: Clinton, Target domain: Clinton, Cur_fold 1
Corpus: GCDC
Starting new HTTPS connection (1): s3.amazonaws.com:443
https://s3.amazonaws.com:443 "HEAD /models.huggingface.co/bert/xlnet-base-cased-spiece.model HTTP/1.1" 200 0
loading file https://s3.amazonaws.com/models.huggingface.co/bert/xlnet-base-cased-spiece.model from cache at /home/minghongxia/.cache/torch/transformers/dad589d582573df0293448af5109cb6981ca77239ed314e15ca63b7b8a318ddd.8b10bd978b5d01c21303cc761fc9ecd464419b3bf921864a355ba807cfbfafa8
Loading these models for language: en (English):
=======================
| Processor | Package |
-----------------------
| tokenize  | ewt     |
=======================

Use device: gpu
Loading: tokenize
Done loading processors!
Loading these models for language: en (English):
=======================
| Processor | Package |
-----------------------
| tokenize  | ewt     |
=======================

Use device: gpu
Loading: tokenize
Done loading processors!
315.5
Starting new HTTPS connection (1): s3.amazonaws.com:443
https://s3.amazonaws.com:443 "HEAD /models.huggingface.co/bert/xlnet-base-cased-config.json HTTP/1.1" 200 0
loading configuration file https://s3.amazonaws.com/models.huggingface.co/bert/xlnet-base-cased-config.json from cache at /home/minghongxia/.cache/torch/transformers/c9cc6e53904f7f3679a31ec4af244f4419e25ebc8e71ebf8c558a31cbcf07fc8.69e5e35e0b798cab5e473f253752f8bf4d280ee37682281a23eed80f6e2d09c6
Model config XLNetConfig {
  "architectures": [
    "XLNetLMHeadModel"
  ],
  "attn_type": "bi",
  "bi_data": false,
  "bos_token_id": 1,
  "clamp_len": -1,
  "d_head": 64,
  "d_inner": 3072,
  "d_model": 768,
  "do_sample": false,
  "dropout": 0.1,
  "end_n_top": 5,
  "eos_token_id": 2,
  "eos_token_ids": 0,
  "ff_activation": "gelu",
  "finetuning_task": null,
  "id2label": {
    "0": "LABEL_0",
    "1": "LABEL_1"
  },
  "initializer_range": 0.02,
  "is_decoder": false,
  "label2id": {
    "LABEL_0": 0,
    "LABEL_1": 1
  },
  "layer_norm_eps": 1e-12,
  "length_penalty": 1.0,
  "max_length": 20,
  "mem_len": null,
  "model_type": "xlnet",
  "n_head": 12,
  "n_layer": 12,
  "num_beams": 1,
  "num_labels": 2,
  "num_return_sequences": 1,
  "output_attentions": false,
  "output_hidden_states": false,
  "output_past": true,
  "pad_token_id": 5,
  "pruned_heads": {},
  "repetition_penalty": 1.0,
  "reuse_len": null,
  "same_length": false,
  "start_n_top": 5,
  "summary_activation": "tanh",
  "summary_last_dropout": 0.1,
  "summary_type": "last",
  "summary_use_proj": true,
  "task_specific_params": {
    "text-generation": {
      "do_sample": true,
      "max_length": 250
    }
  },
  "temperature": 1.0,
  "top_k": 50,
  "top_p": 1.0,
  "torchscript": false,
  "untie_r": true,
  "use_bfloat16": false,
  "vocab_size": 32000
}

Loading embeddings from: xlnet-base-cased
Model: DIS_Simple Avg Order Plus Max_Min
Encoder: XLNet
Starting new HTTPS connection (1): s3.amazonaws.com:443
https://s3.amazonaws.com:443 "HEAD /models.huggingface.co/bert/xlnet-base-cased-config.json HTTP/1.1" 200 0
loading configuration file https://s3.amazonaws.com/models.huggingface.co/bert/xlnet-base-cased-config.json from cache at /home/minghongxia/.cache/torch/transformers/c9cc6e53904f7f3679a31ec4af244f4419e25ebc8e71ebf8c558a31cbcf07fc8.69e5e35e0b798cab5e473f253752f8bf4d280ee37682281a23eed80f6e2d09c6
Model config XLNetConfig {
  "architectures": [
    "XLNetLMHeadModel"
  ],
  "attn_type": "bi",
  "bi_data": false,
  "bos_token_id": 1,
  "clamp_len": -1,
  "d_head": 64,
  "d_inner": 3072,
  "d_model": 768,
  "do_sample": false,
  "dropout": 0.1,
  "end_n_top": 5,
  "eos_token_id": 2,
  "eos_token_ids": 0,
  "ff_activation": "gelu",
  "finetuning_task": null,
  "id2label": {
    "0": "LABEL_0",
    "1": "LABEL_1"
  },
  "initializer_range": 0.02,
  "is_decoder": false,
  "label2id": {
    "LABEL_0": 0,
    "LABEL_1": 1
  },
  "layer_norm_eps": 1e-12,
  "length_penalty": 1.0,
  "max_length": 20,
  "mem_len": null,
  "model_type": "xlnet",
  "n_head": 12,
  "n_layer": 12,
  "num_beams": 1,
  "num_labels": 2,
  "num_return_sequences": 1,
  "output_attentions": true,
  "output_hidden_states": false,
  "output_past": true,
  "pad_token_id": 5,
  "pruned_heads": {},
  "repetition_penalty": 1.0,
  "reuse_len": null,
  "same_length": false,
  "start_n_top": 5,
  "summary_activation": "tanh",
  "summary_last_dropout": 0.1,
  "summary_type": "last",
  "summary_use_proj": true,
  "task_specific_params": {
    "text-generation": {
      "do_sample": true,
      "max_length": 250
    }
  },
  "temperature": 1.0,
  "top_k": 50,
  "top_p": 1.0,
  "torchscript": false,
  "untie_r": true,
  "use_bfloat16": false,
  "vocab_size": 32000
}

Starting new HTTPS connection (1): s3.amazonaws.com:443
https://s3.amazonaws.com:443 "HEAD /models.huggingface.co/bert/xlnet-base-cased-pytorch_model.bin HTTP/1.1" 200 0
loading weights file https://s3.amazonaws.com/models.huggingface.co/bert/xlnet-base-cased-pytorch_model.bin from cache at /home/minghongxia/.cache/torch/transformers/24197ba0ce5dbfe23924431610704c88e2c0371afa49149360e4c823219ab474.7eac4fe898a021204e63c88c00ea68c60443c57f94b4bc3c02adbde6465745ac
Starting new HTTPS connection (1): s3.amazonaws.com:443
loading configuration file https://s3.amazonaws.com/models.huggingface.co/bert/xlnet-base-cased-config.json from cache at /home/minghongxia/.cache/torch/transformers/c9cc6e53904f7f3679a31ec4af244f4419e25ebc8e71ebf8c558a31cbcf07fc8.69e5e35e0b798cab5e473f253752f8bf4d280ee37682281a23eed80f6e2d09c6
Model config XLNetConfig {
  "architectures": [
    "XLNetLMHeadModel"
  ],
  "attn_type": "bi",
  "bi_data": false,
  "bos_token_id": 1,
  "clamp_len": -1,
  "d_head": 64,
  "d_inner": 3072,
  "d_model": 768,
  "do_sample": false,
  "dropout": 0.1,
  "end_n_top": 5,
  "eos_token_id": 2,
  "eos_token_ids": 0,
  "ff_activation": "gelu",
  "finetuning_task": null,
  "id2label": {
    "0": "LABEL_0",
    "1": "LABEL_1"
  },
  "initializer_range": 0.02,
  "is_decoder": false,
  "label2id": {
    "LABEL_0": 0,
    "LABEL_1": 1
  },
  "layer_norm_eps": 1e-12,
  "length_penalty": 1.0,
  "max_length": 20,
  "mem_len": null,
  "model_type": "xlnet",
  "n_head": 12,
  "n_layer": 12,
  "num_beams": 1,
  "num_labels": 2,
  "num_return_sequences": 1,
  "output_attentions": false,
  "output_hidden_states": false,
  "output_past": true,
  "pad_token_id": 5,
  "pruned_heads": {},
  "repetition_penalty": 1.0,
  "reuse_len": null,
  "same_length": false,
  "start_n_top": 5,
  "summary_activation": "tanh",
  "summary_last_dropout": 0.1,
  "summary_type": "last",
  "summary_use_proj": true,
  "task_specific_params": {
    "text-generation": {
      "do_sample": true,
      "max_length": 250
    }
  },
  "temperature": 1.0,
  "top_k": 50,
  "top_p": 1.0,
  "torchscript": false,
  "untie_r": true,
  "use_bfloat16": false,
  "vocab_size": 32000
}

Optimizer: adam
Optimizer: adam
**** Training Begins ****
**** Epoch 0/25 ****
Use CrossEntropyLoss
15/33-(2.460)
30/33-(2.351)
12/33-(2.368)

=== Evaluating Model ===
Total valid loss 0.9507908672094345
accuracy on Test 0.5611111111111111
Best accuracy on Test 0.5611111111111111

**** Epoch 0/25 ****
27/33-(2.095)
9/33-(2.077)
24/33-(2.402)
6/33-(2.315)

=== Evaluating Model ===
Total valid loss 0.9087232848008474
accuracy on Test 0.5722222222222222
Best accuracy on Test 0.5722222222222222

**** Epoch 1/25 ****
21/33-(2.229)
3/33-(2.228)
18/33-(2.068)
0/33-(2.201)

=== Evaluating Model ===
Total valid loss 0.8971105962991714
accuracy on Test 0.6333333333333333
Best accuracy on Test 0.6333333333333333

**** Epoch 2/25 ****
15/33-(2.123)
30/33-(2.049)
12/33-(2.385)

=== Evaluating Model ===
Total valid loss 0.8887902150551478
accuracy on Test 0.5888888888888889
Best accuracy on Test 0.6333333333333333

**** Epoch 3/25 ****
27/33-(2.093)
9/33-(1.746)
24/33-(1.862)
6/33-(2.120)

=== Evaluating Model ===
Total valid loss 0.8806635811924934
accuracy on Test 0.6111111111111112
Best accuracy on Test 0.6333333333333333

**** Epoch 4/25 ****
21/33-(1.176)
3/33-(1.805)
18/33-(1.806)
0/33-(1.715)

=== Evaluating Model ===
Total valid loss 0.9378313223520914
accuracy on Test 0.5833333333333334
Best accuracy on Test 0.6333333333333333

**** Epoch 5/25 ****
15/33-(1.675)
30/33-(1.073)
12/33-(1.709)
27/33-(1.924)

=== Evaluating Model ===
Total valid loss 0.9304909209410349
accuracy on Test 0.6
Best accuracy on Test 0.6333333333333333

**** Epoch 6/25 ****
9/33-(1.563)
24/33-(2.309)
6/33-(1.953)

=== Evaluating Model ===
Total valid loss 0.9477028821905454
accuracy on Test 0.6
Best accuracy on Test 0.6333333333333333

**** Epoch 7/25 ****
21/33-(1.461)
3/33-(1.086)
18/33-(1.513)
0/33-(1.553)

=== Evaluating Model ===
Total valid loss 1.0013281255960464
accuracy on Test 0.5666666666666667
Best accuracy on Test 0.6333333333333333

**** Epoch 8/25 ****
15/33-(2.212)
30/33-(1.123)
12/33-(1.443)
27/33-(1.437)

=== Evaluating Model ===
Total valid loss 1.2399553557236989
accuracy on Test 0.5666666666666667
Best accuracy on Test 0.6333333333333333

**** Epoch 9/25 ****
9/33-(0.863)
24/33-(2.018)
6/33-(1.627)
21/33-(2.134)

=== Evaluating Model ===
Total valid loss 1.2760640978813171
accuracy on Test 0.4777777777777778
Best accuracy on Test 0.6333333333333333

**** Epoch 10/25 ****
3/33-(1.463)
18/33-(1.898)
0/33-(3.061)

=== Evaluating Model ===
Total valid loss 1.24918299416701
accuracy on Test 0.5833333333333334
Best accuracy on Test 0.6333333333333333

**** Epoch 11/25 ****
15/33-(1.882)
