Whole k-fold eval mode
Source domain: 3, Target domain: 3, Cur_fold 0
Corpus: TOEFL
Starting new HTTPS connection (1): s3.amazonaws.com:443
https://s3.amazonaws.com:443 "HEAD /models.huggingface.co/bert/xlnet-base-cased-spiece.model HTTP/1.1" 200 0
loading file https://s3.amazonaws.com/models.huggingface.co/bert/xlnet-base-cased-spiece.model from cache at /home/minghongxia/.cache/torch/transformers/dad589d582573df0293448af5109cb6981ca77239ed314e15ca63b7b8a318ddd.8b10bd978b5d01c21303cc761fc9ecd464419b3bf921864a355ba807cfbfafa8
Loading these models for language: en (English):
=======================
| Processor | Package |
-----------------------
| tokenize  | ewt     |
=======================

Use device: gpu
Loading: tokenize
Done loading processors!
Loading these models for language: en (English):
=======================
| Processor | Package |
-----------------------
| tokenize  | ewt     |
=======================

Use device: gpu
Loading: tokenize
Done loading processors!
Loading these models for language: en (English):
=======================
| Processor | Package |
-----------------------
| tokenize  | ewt     |
=======================

Use device: gpu
Loading: tokenize
Done loading processors!
Starting new HTTPS connection (1): s3.amazonaws.com:443
https://s3.amazonaws.com:443 "HEAD /models.huggingface.co/bert/xlnet-base-cased-config.json HTTP/1.1" 200 0
loading configuration file https://s3.amazonaws.com/models.huggingface.co/bert/xlnet-base-cased-config.json from cache at /home/minghongxia/.cache/torch/transformers/c9cc6e53904f7f3679a31ec4af244f4419e25ebc8e71ebf8c558a31cbcf07fc8.69e5e35e0b798cab5e473f253752f8bf4d280ee37682281a23eed80f6e2d09c6
Model config XLNetConfig {
  "architectures": [
    "XLNetLMHeadModel"
  ],
  "attn_type": "bi",
  "bi_data": false,
  "bos_token_id": 1,
  "clamp_len": -1,
  "d_head": 64,
  "d_inner": 3072,
  "d_model": 768,
  "do_sample": false,
  "dropout": 0.1,
  "end_n_top": 5,
  "eos_token_id": 2,
  "eos_token_ids": 0,
  "ff_activation": "gelu",
  "finetuning_task": null,
  "id2label": {
    "0": "LABEL_0",
    "1": "LABEL_1"
  },
  "initializer_range": 0.02,
  "is_decoder": false,
  "label2id": {
    "LABEL_0": 0,
    "LABEL_1": 1
  },
  "layer_norm_eps": 1e-12,
  "length_penalty": 1.0,
  "max_length": 20,
  "mem_len": null,
  "model_type": "xlnet",
  "n_head": 12,
  "n_layer": 12,
  "num_beams": 1,
  "num_labels": 2,
  "num_return_sequences": 1,
  "output_attentions": false,
  "output_hidden_states": false,
  "output_past": true,
  "pad_token_id": 5,
  "pruned_heads": {},
  "repetition_penalty": 1.0,
  "reuse_len": null,
  "same_length": false,
  "start_n_top": 5,
  "summary_activation": "tanh",
  "summary_last_dropout": 0.1,
  "summary_type": "last",
  "summary_use_proj": true,
  "task_specific_params": {
    "text-generation": {
      "do_sample": true,
      "max_length": 250
    }
  },
  "temperature": 1.0,
  "top_k": 50,
  "top_p": 1.0,
  "torchscript": false,
  "untie_r": true,
  "use_bfloat16": false,
  "vocab_size": 32000
}

Loading embeddings from: xlnet-base-cased
Model: DIS_Simple Avg Plus Max_Min
Encoder: XLNet
Starting new HTTPS connection (1): s3.amazonaws.com:443
https://s3.amazonaws.com:443 "HEAD /models.huggingface.co/bert/xlnet-base-cased-config.json HTTP/1.1" 200 0
loading configuration file https://s3.amazonaws.com/models.huggingface.co/bert/xlnet-base-cased-config.json from cache at /home/minghongxia/.cache/torch/transformers/c9cc6e53904f7f3679a31ec4af244f4419e25ebc8e71ebf8c558a31cbcf07fc8.69e5e35e0b798cab5e473f253752f8bf4d280ee37682281a23eed80f6e2d09c6
Model config XLNetConfig {
  "architectures": [
    "XLNetLMHeadModel"
  ],
  "attn_type": "bi",
  "bi_data": false,
  "bos_token_id": 1,
  "clamp_len": -1,
  "d_head": 64,
  "d_inner": 3072,
  "d_model": 768,
  "do_sample": false,
  "dropout": 0.1,
  "end_n_top": 5,
  "eos_token_id": 2,
  "eos_token_ids": 0,
  "ff_activation": "gelu",
  "finetuning_task": null,
  "id2label": {
    "0": "LABEL_0",
    "1": "LABEL_1"
  },
  "initializer_range": 0.02,
  "is_decoder": false,
  "label2id": {
    "LABEL_0": 0,
    "LABEL_1": 1
  },
  "layer_norm_eps": 1e-12,
  "length_penalty": 1.0,
  "max_length": 20,
  "mem_len": null,
  "model_type": "xlnet",
  "n_head": 12,
  "n_layer": 12,
  "num_beams": 1,
  "num_labels": 2,
  "num_return_sequences": 1,
  "output_attentions": true,
  "output_hidden_states": false,
  "output_past": true,
  "pad_token_id": 5,
  "pruned_heads": {},
  "repetition_penalty": 1.0,
  "reuse_len": null,
  "same_length": false,
  "start_n_top": 5,
  "summary_activation": "tanh",
  "summary_last_dropout": 0.1,
  "summary_type": "last",
  "summary_use_proj": true,
  "task_specific_params": {
    "text-generation": {
      "do_sample": true,
      "max_length": 250
    }
  },
  "temperature": 1.0,
  "top_k": 50,
  "top_p": 1.0,
  "torchscript": false,
  "untie_r": true,
  "use_bfloat16": false,
  "vocab_size": 32000
}

Starting new HTTPS connection (1): s3.amazonaws.com:443
https://s3.amazonaws.com:443 "HEAD /models.huggingface.co/bert/xlnet-base-cased-pytorch_model.bin HTTP/1.1" 200 0
loading weights file https://s3.amazonaws.com/models.huggingface.co/bert/xlnet-base-cased-pytorch_model.bin from cache at /home/minghongxia/.cache/torch/transformers/24197ba0ce5dbfe23924431610704c88e2c0371afa49149360e4c823219ab474.7eac4fe898a021204e63c88c00ea68c60443c57f94b4bc3c02adbde6465745ac
Starting new HTTPS connection (1): s3.amazonaws.com:443
https://s3.amazonaws.com:443 "HEAD /models.huggingface.co/bert/xlnet-base-cased-config.json HTTP/1.1" 200 0
loading configuration file https://s3.amazonaws.com/models.huggingface.co/bert/xlnet-base-cased-config.json from cache at /home/minghongxia/.cache/torch/transformers/c9cc6e53904f7f3679a31ec4af244f4419e25ebc8e71ebf8c558a31cbcf07fc8.69e5e35e0b798cab5e473f253752f8bf4d280ee37682281a23eed80f6e2d09c6
Model config XLNetConfig {
  "architectures": [
    "XLNetLMHeadModel"
  ],
  "attn_type": "bi",
  "bi_data": false,
  "bos_token_id": 1,
  "clamp_len": -1,
  "d_head": 64,
  "d_inner": 3072,
  "d_model": 768,
  "do_sample": false,
  "dropout": 0.1,
  "end_n_top": 5,
  "eos_token_id": 2,
  "eos_token_ids": 0,
  "ff_activation": "gelu",
  "finetuning_task": null,
  "id2label": {
    "0": "LABEL_0",
    "1": "LABEL_1"
  },
  "initializer_range": 0.02,
  "is_decoder": false,
  "label2id": {
    "LABEL_0": 0,
    "LABEL_1": 1
  },
  "layer_norm_eps": 1e-12,
  "length_penalty": 1.0,
  "max_length": 20,
  "mem_len": null,
  "model_type": "xlnet",
  "n_head": 12,
  "n_layer": 12,
  "num_beams": 1,
  "num_labels": 2,
  "num_return_sequences": 1,
  "output_attentions": false,
  "output_hidden_states": false,
  "output_past": true,
  "pad_token_id": 5,
  "pruned_heads": {},
  "repetition_penalty": 1.0,
  "reuse_len": null,
  "same_length": false,
  "start_n_top": 5,
  "summary_activation": "tanh",
  "summary_last_dropout": 0.1,
  "summary_type": "last",
  "summary_use_proj": true,
  "task_specific_params": {
    "text-generation": {
      "do_sample": true,
      "max_length": 250
    }
  },
  "temperature": 1.0,
  "top_k": 50,
  "top_p": 1.0,
  "torchscript": false,
  "untie_r": true,
  "use_bfloat16": false,
  "vocab_size": 32000
}

Optimizer: adam
Optimizer: adam
**** Training Begins ****
**** Epoch 0/20 ****
Use CrossEntropyLoss
15/33-(1.748)
30/33-(2.839)
12/33-(1.902)

=== Evaluating Model ===
accuracy on Valid 0.45161290322580644

Best accuracy on Valid 0.45161290322580644
Total valid loss 0.8945735593636831
accuracy on Test 0.48028673835125446
Best accuracy on Test 0.48028673835125446

**** Epoch 0/20 ****
27/33-(1.161)
9/33-(1.969)
24/33-(1.784)

=== Evaluating Model ===
accuracy on Valid 0.7383512544802867

Best accuracy on Valid 0.7383512544802867
Total valid loss 0.7015543083349863
accuracy on Test 0.6989247311827957
Best accuracy on Test 0.6989247311827957

**** Epoch 1/20 ****
6/33-(1.341)
21/33-(1.041)
3/33-(2.687)
18/33-(1.210)

=== Evaluating Model ===
accuracy on Valid 0.7670250896057348

Best accuracy on Valid 0.7670250896057348
Total valid loss 0.7077537410789065
accuracy on Test 0.6810035842293907
Best accuracy on Test 0.6989247311827957

**** Epoch 2/20 ****
0/33-(1.418)
15/33-(1.464)
30/33-(1.819)

=== Evaluating Model ===
accuracy on Valid 0.8136200716845878

Best accuracy on Valid 0.8136200716845878
Total valid loss 0.6101971351438098
accuracy on Test 0.7204301075268817
Best accuracy on Test 0.7204301075268817

**** Epoch 3/20 ****
12/33-(1.147)
27/33-(0.795)
9/33-(1.281)
24/33-(1.061)

=== Evaluating Model ===
accuracy on Valid 0.7455197132616488

Total valid loss 0.6372481601105796
accuracy on Test 0.7025089605734767
Best accuracy on Test 0.7204301075268817

**** Epoch 4/20 ****
6/33-(0.858)
21/33-(1.278)
3/33-(0.983)

=== Evaluating Model ===
accuracy on Valid 0.6989247311827957

Total valid loss 0.7467901276217567
accuracy on Test 0.6738351254480287
Best accuracy on Test 0.7204301075268817

**** Epoch 5/20 ****
18/33-(1.048)
0/33-(0.801)
15/33-(1.157)
30/33-(0.940)

=== Evaluating Model ===
accuracy on Valid 0.7885304659498208

Total valid loss 0.5887556191947725
accuracy on Test 0.7419354838709677
Best accuracy on Test 0.7419354838709677

**** Epoch 6/20 ****
12/33-(0.750)
27/33-(0.503)
9/33-(0.528)

=== Evaluating Model ===
accuracy on Valid 0.7849462365591398

Total valid loss 0.6018321414788564
accuracy on Test 0.7419354838709677
Best accuracy on Test 0.7419354838709677

**** Epoch 7/20 ****
24/33-(0.706)
6/33-(0.277)
21/33-(2.671)
3/33-(1.047)

=== Evaluating Model ===
accuracy on Valid 0.8100358422939068

Total valid loss 0.5961296757062277
accuracy on Test 0.7598566308243727
Best accuracy on Test 0.7598566308243727

**** Epoch 8/20 ****
18/33-(0.556)
0/33-(0.659)
15/33-(0.973)

=== Evaluating Model ===
accuracy on Valid 0.7275985663082437

Total valid loss 0.8917539649539523
accuracy on Test 0.6415770609318996
Best accuracy on Test 0.7598566308243727

**** Epoch 9/20 ****
30/33-(0.448)
12/33-(0.663)
27/33-(0.457)
9/33-(0.615)

=== Evaluating Model ===
accuracy on Valid 0.8207885304659498

Best accuracy on Valid 0.8207885304659498
Total valid loss 0.6212657805946138
accuracy on Test 0.7311827956989247
Best accuracy on Test 0.7598566308243727

**** Epoch 10/20 ****
24/33-(0.978)
6/33-(0.371)
21/33-(1.488)

=== Evaluating Model ===
accuracy on Valid 0.8279569892473119

Best accuracy on Valid 0.8279569892473119
Total valid loss 0.6340019520786073
accuracy on Test 0.7311827956989247
Best accuracy on Test 0.7598566308243727

**** Epoch 11/20 ****
3/33-(0.549)
18/33-(1.462)
0/33-(1.003)
15/33-(0.477)

=== Evaluating Model ===
accuracy on Valid 0.6164874551971327

Total valid loss 0.7649988912873797
accuracy on Test 0.6559139784946236
Best accuracy on Test 0.7598566308243727

**** Epoch 12/20 ****
30/33-(0.742)
12/33-(0.321)
27/33-(0.543)

=== Evaluating Model ===
accuracy on Valid 0.8136200716845878

Total valid loss 0.8161615232626597
accuracy on Test 0.7275985663082437
Best accuracy on Test 0.7598566308243727

**** Epoch 13/20 ****
9/33-(0.594)
24/33-(0.114)
6/33-(0.617)
21/33-(0.338)

=== Evaluating Model ===
accuracy on Valid 0.7706093189964157

Total valid loss 0.8691592415173849
accuracy on Test 0.7025089605734767
Best accuracy on Test 0.7598566308243727

**** Epoch 14/20 ****
3/33-(0.099)
18/33-(0.464)
0/33-(0.421)

=== Evaluating Model ===
accuracy on Valid 0.7885304659498208

Total valid loss 1.0337718625863392
accuracy on Test 0.6810035842293907
Best accuracy on Test 0.7598566308243727

**** Epoch 15/20 ****
15/33-(0.664)
30/33-(0.411)
12/33-(0.274)

=== Evaluating Model ===
accuracy on Valid 0.7096774193548387

Total valid loss 0.8901156865888171
accuracy on Test 0.7060931899641577
Best accuracy on Test 0.7598566308243727

**** Epoch 16/20 ****
27/33-(0.947)
9/33-(0.305)
24/33-(0.144)
6/33-(2.448)

=== Evaluating Model ===
accuracy on Valid 0.7419354838709677

Total valid loss 1.131403820382224
accuracy on Test 0.6738351254480287
Best accuracy on Test 0.7598566308243727

**** Epoch 17/20 ****
21/33-(1.636)
3/33-(0.391)
18/33-(0.225)

=== Evaluating Model ===
accuracy on Valid 0.7526881720430108

Total valid loss 0.8445540799034966
accuracy on Test 0.7347670250896058
Best accuracy on Test 0.7598566308243727

**** Epoch 18/20 ****
0/33-(0.421)
15/33-(2.279)
30/33-(0.734)
12/33-(0.351)

=== Evaluating Model ===
accuracy on Valid 0.7670250896057348

Total valid loss 0.9104345333245065
accuracy on Test 0.7204301075268817
Best accuracy on Test 0.7598566308243727

**** Epoch 19/20 ****
27/33-(0.134)
Best accuracy on Test 0.7598566308243727

Source domain: 3, Target domain: 3, Cur_fold 1
Corpus: TOEFL
Starting new HTTPS connection (1): s3.amazonaws.com:443
https://s3.amazonaws.com:443 "HEAD /models.huggingface.co/bert/xlnet-base-cased-spiece.model HTTP/1.1" 200 0
loading file https://s3.amazonaws.com/models.huggingface.co/bert/xlnet-base-cased-spiece.model from cache at /home/minghongxia/.cache/torch/transformers/dad589d582573df0293448af5109cb6981ca77239ed314e15ca63b7b8a318ddd.8b10bd978b5d01c21303cc761fc9ecd464419b3bf921864a355ba807cfbfafa8
Loading these models for language: en (English):
=======================
| Processor | Package |
-----------------------
| tokenize  | ewt     |
=======================

Use device: gpu
Loading: tokenize
Done loading processors!
Loading these models for language: en (English):
=======================
| Processor | Package |
-----------------------
| tokenize  | ewt     |
=======================

Use device: gpu
Loading: tokenize
Done loading processors!
Loading these models for language: en (English):
=======================
| Processor | Package |
-----------------------
| tokenize  | ewt     |
=======================

Use device: gpu
Loading: tokenize
Done loading processors!
Starting new HTTPS connection (1): s3.amazonaws.com:443
https://s3.amazonaws.com:443 "HEAD /models.huggingface.co/bert/xlnet-base-cased-config.json HTTP/1.1" 200 0
loading configuration file https://s3.amazonaws.com/models.huggingface.co/bert/xlnet-base-cased-config.json from cache at /home/minghongxia/.cache/torch/transformers/c9cc6e53904f7f3679a31ec4af244f4419e25ebc8e71ebf8c558a31cbcf07fc8.69e5e35e0b798cab5e473f253752f8bf4d280ee37682281a23eed80f6e2d09c6
Model config XLNetConfig {
  "architectures": [
    "XLNetLMHeadModel"
  ],
  "attn_type": "bi",
  "bi_data": false,
  "bos_token_id": 1,
  "clamp_len": -1,
  "d_head": 64,
  "d_inner": 3072,
  "d_model": 768,
  "do_sample": false,
  "dropout": 0.1,
  "end_n_top": 5,
  "eos_token_id": 2,
  "eos_token_ids": 0,
  "ff_activation": "gelu",
  "finetuning_task": null,
  "id2label": {
    "0": "LABEL_0",
    "1": "LABEL_1"
  },
  "initializer_range": 0.02,
  "is_decoder": false,
  "label2id": {
    "LABEL_0": 0,
    "LABEL_1": 1
  },
  "layer_norm_eps": 1e-12,
  "length_penalty": 1.0,
  "max_length": 20,
  "mem_len": null,
  "model_type": "xlnet",
  "n_head": 12,
  "n_layer": 12,
  "num_beams": 1,
  "num_labels": 2,
  "num_return_sequences": 1,
  "output_attentions": false,
  "output_hidden_states": false,
  "output_past": true,
  "pad_token_id": 5,
  "pruned_heads": {},
  "repetition_penalty": 1.0,
  "reuse_len": null,
  "same_length": false,
  "start_n_top": 5,
  "summary_activation": "tanh",
  "summary_last_dropout": 0.1,
  "summary_type": "last",
  "summary_use_proj": true,
  "task_specific_params": {
    "text-generation": {
      "do_sample": true,
      "max_length": 250
    }
  },
  "temperature": 1.0,
  "top_k": 50,
  "top_p": 1.0,
  "torchscript": false,
  "untie_r": true,
  "use_bfloat16": false,
  "vocab_size": 32000
}

Loading embeddings from: xlnet-base-cased
Model: DIS_Simple Avg Plus Max_Min
Encoder: XLNet
Starting new HTTPS connection (1): s3.amazonaws.com:443
https://s3.amazonaws.com:443 "HEAD /models.huggingface.co/bert/xlnet-base-cased-config.json HTTP/1.1" 200 0
loading configuration file https://s3.amazonaws.com/models.huggingface.co/bert/xlnet-base-cased-config.json from cache at /home/minghongxia/.cache/torch/transformers/c9cc6e53904f7f3679a31ec4af244f4419e25ebc8e71ebf8c558a31cbcf07fc8.69e5e35e0b798cab5e473f253752f8bf4d280ee37682281a23eed80f6e2d09c6
Model config XLNetConfig {
  "architectures": [
    "XLNetLMHeadModel"
  ],
  "attn_type": "bi",
  "bi_data": false,
  "bos_token_id": 1,
  "clamp_len": -1,
  "d_head": 64,
  "d_inner": 3072,
  "d_model": 768,
  "do_sample": false,
  "dropout": 0.1,
  "end_n_top": 5,
  "eos_token_id": 2,
  "eos_token_ids": 0,
  "ff_activation": "gelu",
  "finetuning_task": null,
  "id2label": {
    "0": "LABEL_0",
    "1": "LABEL_1"
  },
  "initializer_range": 0.02,
  "is_decoder": false,
  "label2id": {
    "LABEL_0": 0,
    "LABEL_1": 1
  },
  "layer_norm_eps": 1e-12,
  "length_penalty": 1.0,
  "max_length": 20,
  "mem_len": null,
  "model_type": "xlnet",
  "n_head": 12,
  "n_layer": 12,
  "num_beams": 1,
  "num_labels": 2,
  "num_return_sequences": 1,
  "output_attentions": true,
  "output_hidden_states": false,
  "output_past": true,
  "pad_token_id": 5,
  "pruned_heads": {},
  "repetition_penalty": 1.0,
  "reuse_len": null,
  "same_length": false,
  "start_n_top": 5,
  "summary_activation": "tanh",
  "summary_last_dropout": 0.1,
  "summary_type": "last",
  "summary_use_proj": true,
  "task_specific_params": {
    "text-generation": {
      "do_sample": true,
      "max_length": 250
    }
  },
  "temperature": 1.0,
  "top_k": 50,
  "top_p": 1.0,
  "torchscript": false,
  "untie_r": true,
  "use_bfloat16": false,
  "vocab_size": 32000
}

Starting new HTTPS connection (1): s3.amazonaws.com:443
https://s3.amazonaws.com:443 "HEAD /models.huggingface.co/bert/xlnet-base-cased-pytorch_model.bin HTTP/1.1" 200 0
loading weights file https://s3.amazonaws.com/models.huggingface.co/bert/xlnet-base-cased-pytorch_model.bin from cache at /home/minghongxia/.cache/torch/transformers/24197ba0ce5dbfe23924431610704c88e2c0371afa49149360e4c823219ab474.7eac4fe898a021204e63c88c00ea68c60443c57f94b4bc3c02adbde6465745ac
Starting new HTTPS connection (1): s3.amazonaws.com:443
https://s3.amazonaws.com:443 "HEAD /models.huggingface.co/bert/xlnet-base-cased-config.json HTTP/1.1" 200 0
loading configuration file https://s3.amazonaws.com/models.huggingface.co/bert/xlnet-base-cased-config.json from cache at /home/minghongxia/.cache/torch/transformers/c9cc6e53904f7f3679a31ec4af244f4419e25ebc8e71ebf8c558a31cbcf07fc8.69e5e35e0b798cab5e473f253752f8bf4d280ee37682281a23eed80f6e2d09c6
Model config XLNetConfig {
  "architectures": [
    "XLNetLMHeadModel"
  ],
  "attn_type": "bi",
  "bi_data": false,
  "bos_token_id": 1,
  "clamp_len": -1,
  "d_head": 64,
  "d_inner": 3072,
  "d_model": 768,
  "do_sample": false,
  "dropout": 0.1,
  "end_n_top": 5,
  "eos_token_id": 2,
  "eos_token_ids": 0,
  "ff_activation": "gelu",
  "finetuning_task": null,
  "id2label": {
    "0": "LABEL_0",
    "1": "LABEL_1"
  },
  "initializer_range": 0.02,
  "is_decoder": false,
  "label2id": {
    "LABEL_0": 0,
    "LABEL_1": 1
  },
  "layer_norm_eps": 1e-12,
  "length_penalty": 1.0,
  "max_length": 20,
  "mem_len": null,
  "model_type": "xlnet",
  "n_head": 12,
  "n_layer": 12,
  "num_beams": 1,
  "num_labels": 2,
  "num_return_sequences": 1,
  "output_attentions": false,
  "output_hidden_states": false,
  "output_past": true,
  "pad_token_id": 5,
  "pruned_heads": {},
  "repetition_penalty": 1.0,
  "reuse_len": null,
  "same_length": false,
  "start_n_top": 5,
  "summary_activation": "tanh",
  "summary_last_dropout": 0.1,
  "summary_type": "last",
  "summary_use_proj": true,
  "task_specific_params": {
    "text-generation": {
      "do_sample": true,
      "max_length": 250
    }
  },
  "temperature": 1.0,
  "top_k": 50,
  "top_p": 1.0,
  "torchscript": false,
  "untie_r": true,
  "use_bfloat16": false,
  "vocab_size": 32000
}

Optimizer: adam
Optimizer: adam
**** Training Begins ****
**** Epoch 0/20 ****
Use CrossEntropyLoss
15/33-(1.379)
30/33-(2.001)
12/33-(1.327)

=== Evaluating Model ===
accuracy on Valid 0.5053763440860215

Best accuracy on Valid 0.5053763440860215
Total valid loss 0.8464829557471805
accuracy on Test 0.5376344086021505
Best accuracy on Test 0.5376344086021505

**** Epoch 0/20 ****
27/33-(1.508)
9/33-(1.918)
24/33-(1.585)

=== Evaluating Model ===
accuracy on Valid 0.6379928315412187

Best accuracy on Valid 0.6379928315412187
Total valid loss 0.7214955223931206
accuracy on Test 0.6881720430107527
Best accuracy on Test 0.6881720430107527

**** Epoch 1/20 ****
6/33-(1.191)
21/33-(1.011)
3/33-(0.820)
18/33-(0.701)

=== Evaluating Model ===
accuracy on Valid 0.6845878136200717

Best accuracy on Valid 0.6845878136200717
Total valid loss 0.5444125533103943
accuracy on Test 0.7777777777777778
Best accuracy on Test 0.7777777777777778

**** Epoch 2/20 ****
0/33-(0.866)
15/33-(1.385)
30/33-(1.228)

=== Evaluating Model ===
accuracy on Valid 0.5806451612903226

Total valid loss 0.7643055386013455
accuracy on Test 0.6093189964157706
Best accuracy on Test 0.7777777777777778

**** Epoch 3/20 ****
12/33-(1.426)
27/33-(1.420)
9/33-(1.043)
24/33-(1.169)

=== Evaluating Model ===
accuracy on Valid 0.6559139784946236

Total valid loss 0.5799020578463873
accuracy on Test 0.7168458781362007
Best accuracy on Test 0.7777777777777778

**** Epoch 4/20 ****
6/33-(0.875)
21/33-(0.983)
3/33-(1.536)

=== Evaluating Model ===
accuracy on Valid 0.6702508960573477

Total valid loss 0.4837428381045659
accuracy on Test 0.7706093189964157
Best accuracy on Test 0.7777777777777778

**** Epoch 5/20 ****
18/33-(1.074)
0/33-(0.984)
15/33-(0.564)
30/33-(0.670)

=== Evaluating Model ===
accuracy on Valid 0.6881720430107527

Best accuracy on Valid 0.6881720430107527
Total valid loss 0.5326896318131022
accuracy on Test 0.7670250896057348
Best accuracy on Test 0.7777777777777778

**** Epoch 6/20 ****
12/33-(0.599)
27/33-(1.721)
9/33-(0.393)

=== Evaluating Model ===
accuracy on Valid 0.6666666666666666

Total valid loss 0.6148647682534324
accuracy on Test 0.7275985663082437
Best accuracy on Test 0.7777777777777778

**** Epoch 7/20 ****
24/33-(0.701)
6/33-(0.676)
21/33-(0.966)
3/33-(0.313)

=== Evaluating Model ===
accuracy on Valid 0.6881720430107527

Best accuracy on Valid 0.6881720430107527
Total valid loss 0.5218685236242082
accuracy on Test 0.7956989247311828
Best accuracy on Test 0.7956989247311828

**** Epoch 8/20 ****
18/33-(0.451)
0/33-(0.826)
15/33-(2.169)

=== Evaluating Model ===
accuracy on Valid 0.6989247311827957

Best accuracy on Valid 0.6989247311827957
Total valid loss 0.45851603315936196
accuracy on Test 0.8028673835125448
Best accuracy on Test 0.8028673835125448

**** Epoch 9/20 ****
30/33-(0.426)
12/33-(1.869)
27/33-(0.833)
9/33-(0.558)

=== Evaluating Model ===
accuracy on Valid 0.7025089605734767

Best accuracy on Valid 0.7025089605734767
Total valid loss 0.4459627808796035
accuracy on Test 0.8172043010752689
Best accuracy on Test 0.8172043010752689

**** Epoch 10/20 ****
24/33-(0.509)
6/33-(0.648)
21/33-(0.245)

=== Evaluating Model ===
accuracy on Valid 0.6989247311827957

Total valid loss 0.5668946587377124
accuracy on Test 0.7598566308243727
Best accuracy on Test 0.8172043010752689

**** Epoch 11/20 ****
3/33-(25.308)
18/33-(0.764)
0/33-(1.164)
15/33-(0.452)

=== Evaluating Model ===
accuracy on Valid 0.6702508960573477

Total valid loss 0.47076612959305447
accuracy on Test 0.7670250896057348
Best accuracy on Test 0.8172043010752689

**** Epoch 12/20 ****
30/33-(0.364)
12/33-(0.281)
27/33-(0.466)

=== Evaluating Model ===
accuracy on Valid 0.6953405017921147

Total valid loss 0.5200372810165087
accuracy on Test 0.7741935483870968
Best accuracy on Test 0.8172043010752689

**** Epoch 13/20 ****
9/33-(0.393)
24/33-(0.146)
6/33-(0.861)
21/33-(0.969)

=== Evaluating Model ===
accuracy on Valid 0.6594982078853047

Total valid loss 0.5548302340838644
accuracy on Test 0.7992831541218638
Best accuracy on Test 0.8172043010752689

**** Epoch 14/20 ****
3/33-(1.487)
18/33-(1.149)
0/33-(0.117)

=== Evaluating Model ===
accuracy on Valid 0.6594982078853047

Total valid loss 0.6835419055488374
accuracy on Test 0.8028673835125448
Best accuracy on Test 0.8172043010752689

**** Epoch 15/20 ****
15/33-(0.200)
30/33-(0.151)
12/33-(0.095)

=== Evaluating Model ===
accuracy on Valid 0.6917562724014337

Total valid loss 0.5273424920936426
accuracy on Test 0.8207885304659498
Best accuracy on Test 0.8207885304659498

**** Epoch 16/20 ****
27/33-(0.885)
9/33-(0.377)
24/33-(0.463)
6/33-(0.352)

=== Evaluating Model ===
accuracy on Valid 0.6451612903225806

Total valid loss 0.5827451604935858
accuracy on Test 0.7813620071684588
Best accuracy on Test 0.8207885304659498

**** Epoch 17/20 ****
21/33-(0.130)
3/33-(0.084)
18/33-(0.063)

=== Evaluating Model ===
accuracy on Valid 0.6738351254480287

Total valid loss 0.7493618532187409
accuracy on Test 0.7813620071684588
Best accuracy on Test 0.8207885304659498

**** Epoch 18/20 ****
0/33-(0.630)
15/33-(0.270)
30/33-(0.184)
12/33-(0.285)

=== Evaluating Model ===
accuracy on Valid 0.6774193548387096

Total valid loss 0.8577367977963554
accuracy on Test 0.7706093189964157
Best accuracy on Test 0.8207885304659498

**** Epoch 19/20 ****
27/33-(0.223)
Best accuracy on Test 0.8207885304659498

Source domain: 3, Target domain: 3, Cur_fold 2
Corpus: TOEFL
Starting new HTTPS connection (1): s3.amazonaws.com:443
https://s3.amazonaws.com:443 "HEAD /models.huggingface.co/bert/xlnet-base-cased-spiece.model HTTP/1.1" 200 0
loading file https://s3.amazonaws.com/models.huggingface.co/bert/xlnet-base-cased-spiece.model from cache at /home/minghongxia/.cache/torch/transformers/dad589d582573df0293448af5109cb6981ca77239ed314e15ca63b7b8a318ddd.8b10bd978b5d01c21303cc761fc9ecd464419b3bf921864a355ba807cfbfafa8
Loading these models for language: en (English):
=======================
| Processor | Package |
-----------------------
| tokenize  | ewt     |
=======================

Use device: gpu
Loading: tokenize
Done loading processors!
Loading these models for language: en (English):
=======================
| Processor | Package |
-----------------------
| tokenize  | ewt     |
=======================

Use device: gpu
Loading: tokenize
Done loading processors!
Loading these models for language: en (English):
=======================
| Processor | Package |
-----------------------
| tokenize  | ewt     |
=======================

Use device: gpu
Loading: tokenize
Done loading processors!
Starting new HTTPS connection (1): s3.amazonaws.com:443
loading configuration file https://s3.amazonaws.com/models.huggingface.co/bert/xlnet-base-cased-config.json from cache at /home/minghongxia/.cache/torch/transformers/c9cc6e53904f7f3679a31ec4af244f4419e25ebc8e71ebf8c558a31cbcf07fc8.69e5e35e0b798cab5e473f253752f8bf4d280ee37682281a23eed80f6e2d09c6
Model config XLNetConfig {
  "architectures": [
    "XLNetLMHeadModel"
  ],
  "attn_type": "bi",
  "bi_data": false,
  "bos_token_id": 1,
  "clamp_len": -1,
  "d_head": 64,
  "d_inner": 3072,
  "d_model": 768,
  "do_sample": false,
  "dropout": 0.1,
  "end_n_top": 5,
  "eos_token_id": 2,
  "eos_token_ids": 0,
  "ff_activation": "gelu",
  "finetuning_task": null,
  "id2label": {
    "0": "LABEL_0",
    "1": "LABEL_1"
  },
  "initializer_range": 0.02,
  "is_decoder": false,
  "label2id": {
    "LABEL_0": 0,
    "LABEL_1": 1
  },
  "layer_norm_eps": 1e-12,
  "length_penalty": 1.0,
  "max_length": 20,
  "mem_len": null,
  "model_type": "xlnet",
  "n_head": 12,
  "n_layer": 12,
  "num_beams": 1,
  "num_labels": 2,
  "num_return_sequences": 1,
  "output_attentions": false,
  "output_hidden_states": false,
  "output_past": true,
  "pad_token_id": 5,
  "pruned_heads": {},
  "repetition_penalty": 1.0,
  "reuse_len": null,
  "same_length": false,
  "start_n_top": 5,
  "summary_activation": "tanh",
  "summary_last_dropout": 0.1,
  "summary_type": "last",
  "summary_use_proj": true,
  "task_specific_params": {
    "text-generation": {
      "do_sample": true,
      "max_length": 250
    }
  },
  "temperature": 1.0,
  "top_k": 50,
  "top_p": 1.0,
  "torchscript": false,
  "untie_r": true,
  "use_bfloat16": false,
  "vocab_size": 32000
}

Loading embeddings from: xlnet-base-cased
Model: DIS_Simple Avg Plus Max_Min
Encoder: XLNet
Starting new HTTPS connection (1): s3.amazonaws.com:443
loading configuration file https://s3.amazonaws.com/models.huggingface.co/bert/xlnet-base-cased-config.json from cache at /home/minghongxia/.cache/torch/transformers/c9cc6e53904f7f3679a31ec4af244f4419e25ebc8e71ebf8c558a31cbcf07fc8.69e5e35e0b798cab5e473f253752f8bf4d280ee37682281a23eed80f6e2d09c6
Model config XLNetConfig {
  "architectures": [
    "XLNetLMHeadModel"
  ],
  "attn_type": "bi",
  "bi_data": false,
  "bos_token_id": 1,
  "clamp_len": -1,
  "d_head": 64,
  "d_inner": 3072,
  "d_model": 768,
  "do_sample": false,
  "dropout": 0.1,
  "end_n_top": 5,
  "eos_token_id": 2,
  "eos_token_ids": 0,
  "ff_activation": "gelu",
  "finetuning_task": null,
  "id2label": {
    "0": "LABEL_0",
    "1": "LABEL_1"
  },
  "initializer_range": 0.02,
  "is_decoder": false,
  "label2id": {
    "LABEL_0": 0,
    "LABEL_1": 1
  },
  "layer_norm_eps": 1e-12,
  "length_penalty": 1.0,
  "max_length": 20,
  "mem_len": null,
  "model_type": "xlnet",
  "n_head": 12,
  "n_layer": 12,
  "num_beams": 1,
  "num_labels": 2,
  "num_return_sequences": 1,
  "output_attentions": true,
  "output_hidden_states": false,
  "output_past": true,
  "pad_token_id": 5,
  "pruned_heads": {},
  "repetition_penalty": 1.0,
  "reuse_len": null,
  "same_length": false,
  "start_n_top": 5,
  "summary_activation": "tanh",
  "summary_last_dropout": 0.1,
  "summary_type": "last",
  "summary_use_proj": true,
  "task_specific_params": {
    "text-generation": {
      "do_sample": true,
      "max_length": 250
    }
  },
  "temperature": 1.0,
  "top_k": 50,
  "top_p": 1.0,
  "torchscript": false,
  "untie_r": true,
  "use_bfloat16": false,
  "vocab_size": 32000
}

Starting new HTTPS connection (1): s3.amazonaws.com:443
loading weights file https://s3.amazonaws.com/models.huggingface.co/bert/xlnet-base-cased-pytorch_model.bin from cache at /home/minghongxia/.cache/torch/transformers/24197ba0ce5dbfe23924431610704c88e2c0371afa49149360e4c823219ab474.7eac4fe898a021204e63c88c00ea68c60443c57f94b4bc3c02adbde6465745ac
Starting new HTTPS connection (1): s3.amazonaws.com:443
loading configuration file https://s3.amazonaws.com/models.huggingface.co/bert/xlnet-base-cased-config.json from cache at /home/minghongxia/.cache/torch/transformers/c9cc6e53904f7f3679a31ec4af244f4419e25ebc8e71ebf8c558a31cbcf07fc8.69e5e35e0b798cab5e473f253752f8bf4d280ee37682281a23eed80f6e2d09c6
Model config XLNetConfig {
  "architectures": [
    "XLNetLMHeadModel"
  ],
  "attn_type": "bi",
  "bi_data": false,
  "bos_token_id": 1,
  "clamp_len": -1,
  "d_head": 64,
  "d_inner": 3072,
  "d_model": 768,
  "do_sample": false,
  "dropout": 0.1,
  "end_n_top": 5,
  "eos_token_id": 2,
  "eos_token_ids": 0,
  "ff_activation": "gelu",
  "finetuning_task": null,
  "id2label": {
    "0": "LABEL_0",
    "1": "LABEL_1"
  },
  "initializer_range": 0.02,
  "is_decoder": false,
  "label2id": {
    "LABEL_0": 0,
    "LABEL_1": 1
  },
  "layer_norm_eps": 1e-12,
  "length_penalty": 1.0,
  "max_length": 20,
  "mem_len": null,
  "model_type": "xlnet",
  "n_head": 12,
  "n_layer": 12,
  "num_beams": 1,
  "num_labels": 2,
  "num_return_sequences": 1,
  "output_attentions": false,
  "output_hidden_states": false,
  "output_past": true,
  "pad_token_id": 5,
  "pruned_heads": {},
  "repetition_penalty": 1.0,
  "reuse_len": null,
  "same_length": false,
  "start_n_top": 5,
  "summary_activation": "tanh",
  "summary_last_dropout": 0.1,
  "summary_type": "last",
  "summary_use_proj": true,
  "task_specific_params": {
    "text-generation": {
      "do_sample": true,
      "max_length": 250
    }
  },
  "temperature": 1.0,
  "top_k": 50,
  "top_p": 1.0,
  "torchscript": false,
  "untie_r": true,
  "use_bfloat16": false,
  "vocab_size": 32000
}

Optimizer: adam
Optimizer: adam
**** Training Begins ****
**** Epoch 0/20 ****
Use CrossEntropyLoss
15/33-(1.746)
30/33-(1.154)
12/33-(1.667)

=== Evaluating Model ===
accuracy on Valid 0.43010752688172044

Best accuracy on Valid 0.43010752688172044
Total valid loss 0.9994687537352244
accuracy on Test 0.43010752688172044
Best accuracy on Test 0.43010752688172044

**** Epoch 0/20 ****
27/33-(1.557)
9/33-(1.539)
24/33-(1.468)

=== Evaluating Model ===
accuracy on Valid 0.5627240143369175

Best accuracy on Valid 0.5627240143369175
Total valid loss 0.746229930056466
accuracy on Test 0.6308243727598566
Best accuracy on Test 0.6308243727598566

**** Epoch 1/20 ****
6/33-(1.065)
21/33-(1.061)
3/33-(1.343)
18/33-(1.438)

=== Evaluating Model ===
accuracy on Valid 0.7347670250896058

Best accuracy on Valid 0.7347670250896058
Total valid loss 0.6542615642150243
accuracy on Test 0.7096774193548387
Best accuracy on Test 0.7096774193548387

**** Epoch 2/20 ****
0/33-(1.360)
15/33-(1.561)
30/33-(2.136)

=== Evaluating Model ===
accuracy on Valid 0.7096774193548387

Total valid loss 0.6518791384167142
accuracy on Test 0.6630824372759857
Best accuracy on Test 0.7096774193548387

**** Epoch 3/20 ****
12/33-(0.976)
27/33-(1.131)
9/33-(2.797)
24/33-(0.888)

=== Evaluating Model ===
accuracy on Valid 0.7347670250896058

Best accuracy on Valid 0.7347670250896058
Total valid loss 0.6432227426105075
accuracy on Test 0.6810035842293907
Best accuracy on Test 0.7096774193548387

**** Epoch 4/20 ****
6/33-(0.597)
21/33-(0.661)
3/33-(0.309)

=== Evaluating Model ===
accuracy on Valid 0.6810035842293907

Total valid loss 0.7130708992481232
accuracy on Test 0.6989247311827957
Best accuracy on Test 0.7096774193548387

**** Epoch 5/20 ****
18/33-(1.133)
0/33-(1.119)
15/33-(1.810)
30/33-(1.042)

=== Evaluating Model ===
accuracy on Valid 0.6810035842293907

Total valid loss 0.8384532812568877
accuracy on Test 0.6236559139784946
Best accuracy on Test 0.7096774193548387

**** Epoch 6/20 ****
12/33-(0.652)
27/33-(0.761)
9/33-(0.537)

=== Evaluating Model ===
accuracy on Valid 0.7025089605734767

Total valid loss 0.7130385140577952
accuracy on Test 0.7060931899641577
Best accuracy on Test 0.7096774193548387

**** Epoch 7/20 ****
24/33-(0.273)
6/33-(0.428)
21/33-(0.350)
3/33-(0.732)

=== Evaluating Model ===
accuracy on Valid 0.7240143369175627

Total valid loss 0.7524599093529913
accuracy on Test 0.7096774193548387
Best accuracy on Test 0.7096774193548387

**** Epoch 8/20 ****
18/33-(0.673)
0/33-(0.452)
15/33-(0.274)

=== Evaluating Model ===
accuracy on Valid 0.6989247311827957

Total valid loss 0.9332628266678916
accuracy on Test 0.6594982078853047
Best accuracy on Test 0.7096774193548387

**** Epoch 9/20 ****
30/33-(0.512)
12/33-(0.146)
27/33-(0.603)
9/33-(2.214)

=== Evaluating Model ===
accuracy on Valid 0.7419354838709677

Best accuracy on Valid 0.7419354838709677
Total valid loss 0.7629678249359131
accuracy on Test 0.6917562724014337
Best accuracy on Test 0.7096774193548387

**** Epoch 10/20 ****
24/33-(0.415)
6/33-(0.893)
21/33-(1.000)

=== Evaluating Model ===
accuracy on Valid 0.7204301075268817

Total valid loss 0.8409326589769788
accuracy on Test 0.6917562724014337
Best accuracy on Test 0.7096774193548387

**** Epoch 11/20 ****
3/33-(0.719)
18/33-(0.370)
0/33-(0.647)
15/33-(0.604)

=== Evaluating Model ===
accuracy on Valid 0.6344086021505376

Total valid loss 1.5803489287694295
accuracy on Test 0.6057347670250897
Best accuracy on Test 0.7096774193548387

**** Epoch 12/20 ****
30/33-(0.308)
12/33-(0.276)
27/33-(0.441)

=== Evaluating Model ===
accuracy on Valid 0.6702508960573477

Total valid loss 0.9989528424210019
accuracy on Test 0.6810035842293907
Best accuracy on Test 0.7096774193548387

**** Epoch 13/20 ****
9/33-(0.482)
24/33-(0.119)
6/33-(0.373)
21/33-(1.307)

=== Evaluating Model ===
accuracy on Valid 0.6989247311827957

Total valid loss 1.1960520611868963
accuracy on Test 0.6810035842293907
Best accuracy on Test 0.7096774193548387

**** Epoch 14/20 ****
3/33-(2.209)
18/33-(0.420)
0/33-(0.071)

=== Evaluating Model ===
accuracy on Valid 0.6093189964157706

Total valid loss 1.366153770022922
accuracy on Test 0.6630824372759857
Best accuracy on Test 0.7096774193548387

**** Epoch 15/20 ****
15/33-(1.016)
30/33-(0.050)
12/33-(0.180)

=== Evaluating Model ===
accuracy on Valid 0.7204301075268817

Total valid loss 1.2666117582056258
accuracy on Test 0.6774193548387096
Best accuracy on Test 0.7096774193548387

**** Epoch 16/20 ****
27/33-(0.154)
9/33-(0.151)
24/33-(0.118)
6/33-(0.316)

=== Evaluating Model ===
accuracy on Valid 0.7311827956989247

Total valid loss 1.372451490826077
accuracy on Test 0.6989247311827957
Best accuracy on Test 0.7096774193548387

**** Epoch 17/20 ****
21/33-(0.202)
3/33-(0.087)
18/33-(0.224)

=== Evaluating Model ===
accuracy on Valid 0.6953405017921147

Total valid loss 1.5605106602112453
accuracy on Test 0.6523297491039427
Best accuracy on Test 0.7096774193548387

**** Epoch 18/20 ****
0/33-(0.084)
15/33-(0.341)
30/33-(0.114)
12/33-(0.181)

=== Evaluating Model ===
accuracy on Valid 0.7060931899641577

Total valid loss 1.3020088407728407
accuracy on Test 0.7168458781362007
Best accuracy on Test 0.7168458781362007

**** Epoch 19/20 ****
27/33-(0.340)
Best accuracy on Test 0.7168458781362007

Source domain: 3, Target domain: 3, Cur_fold 3
Corpus: TOEFL
Starting new HTTPS connection (1): s3.amazonaws.com:443
https://s3.amazonaws.com:443 "HEAD /models.huggingface.co/bert/xlnet-base-cased-spiece.model HTTP/1.1" 200 0
loading file https://s3.amazonaws.com/models.huggingface.co/bert/xlnet-base-cased-spiece.model from cache at /home/minghongxia/.cache/torch/transformers/dad589d582573df0293448af5109cb6981ca77239ed314e15ca63b7b8a318ddd.8b10bd978b5d01c21303cc761fc9ecd464419b3bf921864a355ba807cfbfafa8
Loading these models for language: en (English):
=======================
| Processor | Package |
-----------------------
| tokenize  | ewt     |
=======================

Use device: gpu
Loading: tokenize
Done loading processors!
Loading these models for language: en (English):
=======================
| Processor | Package |
-----------------------
| tokenize  | ewt     |
=======================

Use device: gpu
Loading: tokenize
Done loading processors!
Loading these models for language: en (English):
=======================
| Processor | Package |
-----------------------
| tokenize  | ewt     |
=======================

Use device: gpu
Loading: tokenize
Done loading processors!
Starting new HTTPS connection (1): s3.amazonaws.com:443
loading configuration file https://s3.amazonaws.com/models.huggingface.co/bert/xlnet-base-cased-config.json from cache at /home/minghongxia/.cache/torch/transformers/c9cc6e53904f7f3679a31ec4af244f4419e25ebc8e71ebf8c558a31cbcf07fc8.69e5e35e0b798cab5e473f253752f8bf4d280ee37682281a23eed80f6e2d09c6
Model config XLNetConfig {
  "architectures": [
    "XLNetLMHeadModel"
  ],
  "attn_type": "bi",
  "bi_data": false,
  "bos_token_id": 1,
  "clamp_len": -1,
  "d_head": 64,
  "d_inner": 3072,
  "d_model": 768,
  "do_sample": false,
  "dropout": 0.1,
  "end_n_top": 5,
  "eos_token_id": 2,
  "eos_token_ids": 0,
  "ff_activation": "gelu",
  "finetuning_task": null,
  "id2label": {
    "0": "LABEL_0",
    "1": "LABEL_1"
  },
  "initializer_range": 0.02,
  "is_decoder": false,
  "label2id": {
    "LABEL_0": 0,
    "LABEL_1": 1
  },
  "layer_norm_eps": 1e-12,
  "length_penalty": 1.0,
  "max_length": 20,
  "mem_len": null,
  "model_type": "xlnet",
  "n_head": 12,
  "n_layer": 12,
  "num_beams": 1,
  "num_labels": 2,
  "num_return_sequences": 1,
  "output_attentions": false,
  "output_hidden_states": false,
  "output_past": true,
  "pad_token_id": 5,
  "pruned_heads": {},
  "repetition_penalty": 1.0,
  "reuse_len": null,
  "same_length": false,
  "start_n_top": 5,
  "summary_activation": "tanh",
  "summary_last_dropout": 0.1,
  "summary_type": "last",
  "summary_use_proj": true,
  "task_specific_params": {
    "text-generation": {
      "do_sample": true,
      "max_length": 250
    }
  },
  "temperature": 1.0,
  "top_k": 50,
  "top_p": 1.0,
  "torchscript": false,
  "untie_r": true,
  "use_bfloat16": false,
  "vocab_size": 32000
}

Loading embeddings from: xlnet-base-cased
Model: DIS_Simple Avg Plus Max_Min
Encoder: XLNet
Starting new HTTPS connection (1): s3.amazonaws.com:443
loading configuration file https://s3.amazonaws.com/models.huggingface.co/bert/xlnet-base-cased-config.json from cache at /home/minghongxia/.cache/torch/transformers/c9cc6e53904f7f3679a31ec4af244f4419e25ebc8e71ebf8c558a31cbcf07fc8.69e5e35e0b798cab5e473f253752f8bf4d280ee37682281a23eed80f6e2d09c6
Model config XLNetConfig {
  "architectures": [
    "XLNetLMHeadModel"
  ],
  "attn_type": "bi",
  "bi_data": false,
  "bos_token_id": 1,
  "clamp_len": -1,
  "d_head": 64,
  "d_inner": 3072,
  "d_model": 768,
  "do_sample": false,
  "dropout": 0.1,
  "end_n_top": 5,
  "eos_token_id": 2,
  "eos_token_ids": 0,
  "ff_activation": "gelu",
  "finetuning_task": null,
  "id2label": {
    "0": "LABEL_0",
    "1": "LABEL_1"
  },
  "initializer_range": 0.02,
  "is_decoder": false,
  "label2id": {
    "LABEL_0": 0,
    "LABEL_1": 1
  },
  "layer_norm_eps": 1e-12,
  "length_penalty": 1.0,
  "max_length": 20,
  "mem_len": null,
  "model_type": "xlnet",
  "n_head": 12,
  "n_layer": 12,
  "num_beams": 1,
  "num_labels": 2,
  "num_return_sequences": 1,
  "output_attentions": true,
  "output_hidden_states": false,
  "output_past": true,
  "pad_token_id": 5,
  "pruned_heads": {},
  "repetition_penalty": 1.0,
  "reuse_len": null,
  "same_length": false,
  "start_n_top": 5,
  "summary_activation": "tanh",
  "summary_last_dropout": 0.1,
  "summary_type": "last",
  "summary_use_proj": true,
  "task_specific_params": {
    "text-generation": {
      "do_sample": true,
      "max_length": 250
    }
  },
  "temperature": 1.0,
  "top_k": 50,
  "top_p": 1.0,
  "torchscript": false,
  "untie_r": true,
  "use_bfloat16": false,
  "vocab_size": 32000
}

Starting new HTTPS connection (1): s3.amazonaws.com:443
loading weights file https://s3.amazonaws.com/models.huggingface.co/bert/xlnet-base-cased-pytorch_model.bin from cache at /home/minghongxia/.cache/torch/transformers/24197ba0ce5dbfe23924431610704c88e2c0371afa49149360e4c823219ab474.7eac4fe898a021204e63c88c00ea68c60443c57f94b4bc3c02adbde6465745ac
Starting new HTTPS connection (1): s3.amazonaws.com:443
loading configuration file https://s3.amazonaws.com/models.huggingface.co/bert/xlnet-base-cased-config.json from cache at /home/minghongxia/.cache/torch/transformers/c9cc6e53904f7f3679a31ec4af244f4419e25ebc8e71ebf8c558a31cbcf07fc8.69e5e35e0b798cab5e473f253752f8bf4d280ee37682281a23eed80f6e2d09c6
Model config XLNetConfig {
  "architectures": [
    "XLNetLMHeadModel"
  ],
  "attn_type": "bi",
  "bi_data": false,
  "bos_token_id": 1,
  "clamp_len": -1,
  "d_head": 64,
  "d_inner": 3072,
  "d_model": 768,
  "do_sample": false,
  "dropout": 0.1,
  "end_n_top": 5,
  "eos_token_id": 2,
  "eos_token_ids": 0,
  "ff_activation": "gelu",
  "finetuning_task": null,
  "id2label": {
    "0": "LABEL_0",
    "1": "LABEL_1"
  },
  "initializer_range": 0.02,
  "is_decoder": false,
  "label2id": {
    "LABEL_0": 0,
    "LABEL_1": 1
  },
  "layer_norm_eps": 1e-12,
  "length_penalty": 1.0,
  "max_length": 20,
  "mem_len": null,
  "model_type": "xlnet",
  "n_head": 12,
  "n_layer": 12,
  "num_beams": 1,
  "num_labels": 2,
  "num_return_sequences": 1,
  "output_attentions": false,
  "output_hidden_states": false,
  "output_past": true,
  "pad_token_id": 5,
  "pruned_heads": {},
  "repetition_penalty": 1.0,
  "reuse_len": null,
  "same_length": false,
  "start_n_top": 5,
  "summary_activation": "tanh",
  "summary_last_dropout": 0.1,
  "summary_type": "last",
  "summary_use_proj": true,
  "task_specific_params": {
    "text-generation": {
      "do_sample": true,
      "max_length": 250
    }
  },
  "temperature": 1.0,
  "top_k": 50,
  "top_p": 1.0,
  "torchscript": false,
  "untie_r": true,
  "use_bfloat16": false,
  "vocab_size": 32000
}

Optimizer: adam
Optimizer: adam
**** Training Begins ****
**** Epoch 0/20 ****
Use CrossEntropyLoss
15/33-(1.952)
30/33-(2.404)
12/33-(1.282)

=== Evaluating Model ===
accuracy on Valid 0.5642857142857143

Best accuracy on Valid 0.5642857142857143
Total valid loss 0.9244086278809441
accuracy on Test 0.5519713261648745
Best accuracy on Test 0.5519713261648745

**** Epoch 0/20 ****
27/33-(1.711)
9/33-(1.392)
24/33-(1.915)

=== Evaluating Model ===
accuracy on Valid 0.6607142857142857

Best accuracy on Valid 0.6607142857142857
Total valid loss 0.7161926991409726
accuracy on Test 0.7025089605734767
Best accuracy on Test 0.7025089605734767

**** Epoch 1/20 ****
6/33-(1.535)
21/33-(1.059)
3/33-(1.463)
18/33-(0.649)

=== Evaluating Model ===
accuracy on Valid 0.6892857142857143

Best accuracy on Valid 0.6892857142857143
Total valid loss 0.6422025106019444
accuracy on Test 0.6953405017921147
Best accuracy on Test 0.7025089605734767

**** Epoch 2/20 ****
0/33-(1.124)
15/33-(1.153)
30/33-(1.052)

=== Evaluating Model ===
accuracy on Valid 0.7071428571428572

Best accuracy on Valid 0.7071428571428572
Total valid loss 0.6248224592871137
accuracy on Test 0.7455197132616488
Best accuracy on Test 0.7455197132616488

**** Epoch 3/20 ****
12/33-(1.176)
27/33-(0.912)
9/33-(0.329)
24/33-(1.122)

=== Evaluating Model ===
accuracy on Valid 0.7071428571428572

Best accuracy on Valid 0.7071428571428572
Total valid loss 0.5796782506836785
accuracy on Test 0.7634408602150538
Best accuracy on Test 0.7634408602150538

**** Epoch 4/20 ****
6/33-(0.620)
21/33-(0.504)
3/33-(1.927)

=== Evaluating Model ===
accuracy on Valid 0.6785714285714286

Total valid loss 0.6217091282208761
accuracy on Test 0.7168458781362007
Best accuracy on Test 0.7634408602150538

**** Epoch 5/20 ****
18/33-(1.597)
0/33-(0.512)
15/33-(2.403)
30/33-(1.790)

=== Evaluating Model ===
accuracy on Valid 0.625

Total valid loss 1.0037278963459864
accuracy on Test 0.6129032258064516
Best accuracy on Test 0.7634408602150538

**** Epoch 6/20 ****
12/33-(0.877)
27/33-(0.473)
9/33-(0.480)

=== Evaluating Model ===
accuracy on Valid 0.6892857142857143

Total valid loss 0.6009853614701165
accuracy on Test 0.7491039426523297
Best accuracy on Test 0.7634408602150538

**** Epoch 7/20 ****
24/33-(0.327)
6/33-(0.824)
21/33-(0.320)
3/33-(0.459)

=== Evaluating Model ===
accuracy on Valid 0.6928571428571428

Total valid loss 0.7011986623207728
accuracy on Test 0.6917562724014337
Best accuracy on Test 0.7634408602150538

**** Epoch 8/20 ****
18/33-(0.422)
0/33-(1.212)
15/33-(0.134)

=== Evaluating Model ===
accuracy on Valid 0.6678571428571428

Total valid loss 0.9460711363289092
accuracy on Test 0.6774193548387096
Best accuracy on Test 0.7634408602150538

**** Epoch 9/20 ****
30/33-(0.851)
12/33-(0.301)
27/33-(0.289)
9/33-(25.446)

=== Evaluating Model ===
accuracy on Valid 0.6178571428571429

Total valid loss 1.1859118276172214
accuracy on Test 0.6164874551971327
Best accuracy on Test 0.7634408602150538

**** Epoch 10/20 ****
24/33-(1.461)
6/33-(0.145)
21/33-(0.308)

=== Evaluating Model ===
accuracy on Valid 0.5857142857142857

Total valid loss 1.2218917227453656
accuracy on Test 0.5985663082437276
Best accuracy on Test 0.7634408602150538

**** Epoch 11/20 ****
3/33-(0.464)
18/33-(0.272)
0/33-(0.245)
15/33-(0.359)

=== Evaluating Model ===
accuracy on Valid 0.7035714285714286

Total valid loss 0.8035857958926095
accuracy on Test 0.7383512544802867
Best accuracy on Test 0.7634408602150538

**** Epoch 12/20 ****
30/33-(0.246)
12/33-(0.294)
27/33-(0.927)

=== Evaluating Model ===
accuracy on Valid 0.6964285714285714

Total valid loss 0.8470770907070901
accuracy on Test 0.7347670250896058
Best accuracy on Test 0.7634408602150538

**** Epoch 13/20 ****
9/33-(0.372)
24/33-(0.140)
6/33-(0.406)
21/33-(0.323)

=== Evaluating Model ===
accuracy on Valid 0.7142857142857143

Best accuracy on Valid 0.7142857142857143
Total valid loss 0.6573920076092085
accuracy on Test 0.7526881720430108
Best accuracy on Test 0.7634408602150538

**** Epoch 14/20 ****
3/33-(0.268)
18/33-(0.700)
0/33-(0.092)

=== Evaluating Model ===
accuracy on Valid 0.7142857142857143

Best accuracy on Valid 0.7142857142857143
Total valid loss 0.8388851930697759
accuracy on Test 0.7455197132616488
Best accuracy on Test 0.7634408602150538

**** Epoch 15/20 ****
15/33-(1.248)
30/33-(0.196)
12/33-(0.561)

=== Evaluating Model ===
accuracy on Valid 0.7

Total valid loss 0.868187341425154
accuracy on Test 0.6917562724014337
Best accuracy on Test 0.7634408602150538

**** Epoch 16/20 ****
27/33-(1.554)
9/33-(1.806)
24/33-(0.276)
6/33-(0.133)

=== Evaluating Model ===
accuracy on Valid 0.7035714285714286

Total valid loss 1.010040796465344
accuracy on Test 0.6953405017921147
Best accuracy on Test 0.7634408602150538

**** Epoch 17/20 ****
21/33-(0.107)
3/33-(0.133)
18/33-(0.047)

=== Evaluating Model ===
accuracy on Valid 0.6392857142857142

Total valid loss 1.4884919391738043
accuracy on Test 0.6415770609318996
Best accuracy on Test 0.7634408602150538

**** Epoch 18/20 ****
0/33-(1.052)
15/33-(0.302)
30/33-(0.134)
12/33-(0.448)

=== Evaluating Model ===
accuracy on Valid 0.6642857142857143

Total valid loss 1.2591869897312589
accuracy on Test 0.6738351254480287
Best accuracy on Test 0.7634408602150538

**** Epoch 19/20 ****
27/33-(0.359)
Best accuracy on Test 0.7634408602150538

Source domain: 3, Target domain: 3, Cur_fold 4
Corpus: TOEFL
Starting new HTTPS connection (1): s3.amazonaws.com:443
https://s3.amazonaws.com:443 "HEAD /models.huggingface.co/bert/xlnet-base-cased-spiece.model HTTP/1.1" 200 0
loading file https://s3.amazonaws.com/models.huggingface.co/bert/xlnet-base-cased-spiece.model from cache at /home/minghongxia/.cache/torch/transformers/dad589d582573df0293448af5109cb6981ca77239ed314e15ca63b7b8a318ddd.8b10bd978b5d01c21303cc761fc9ecd464419b3bf921864a355ba807cfbfafa8
Loading these models for language: en (English):
=======================
| Processor | Package |
-----------------------
| tokenize  | ewt     |
=======================

Use device: gpu
Loading: tokenize
Done loading processors!
Loading these models for language: en (English):
=======================
| Processor | Package |
-----------------------
| tokenize  | ewt     |
=======================

Use device: gpu
Loading: tokenize
Done loading processors!
Loading these models for language: en (English):
=======================
| Processor | Package |
-----------------------
| tokenize  | ewt     |
=======================

Use device: gpu
Loading: tokenize
Done loading processors!
Starting new HTTPS connection (1): s3.amazonaws.com:443
https://s3.amazonaws.com:443 "HEAD /models.huggingface.co/bert/xlnet-base-cased-config.json HTTP/1.1" 200 0
loading configuration file https://s3.amazonaws.com/models.huggingface.co/bert/xlnet-base-cased-config.json from cache at /home/minghongxia/.cache/torch/transformers/c9cc6e53904f7f3679a31ec4af244f4419e25ebc8e71ebf8c558a31cbcf07fc8.69e5e35e0b798cab5e473f253752f8bf4d280ee37682281a23eed80f6e2d09c6
Model config XLNetConfig {
  "architectures": [
    "XLNetLMHeadModel"
  ],
  "attn_type": "bi",
  "bi_data": false,
  "bos_token_id": 1,
  "clamp_len": -1,
  "d_head": 64,
  "d_inner": 3072,
  "d_model": 768,
  "do_sample": false,
  "dropout": 0.1,
  "end_n_top": 5,
  "eos_token_id": 2,
  "eos_token_ids": 0,
  "ff_activation": "gelu",
  "finetuning_task": null,
  "id2label": {
    "0": "LABEL_0",
    "1": "LABEL_1"
  },
  "initializer_range": 0.02,
  "is_decoder": false,
  "label2id": {
    "LABEL_0": 0,
    "LABEL_1": 1
  },
  "layer_norm_eps": 1e-12,
  "length_penalty": 1.0,
  "max_length": 20,
  "mem_len": null,
  "model_type": "xlnet",
  "n_head": 12,
  "n_layer": 12,
  "num_beams": 1,
  "num_labels": 2,
  "num_return_sequences": 1,
  "output_attentions": false,
  "output_hidden_states": false,
  "output_past": true,
  "pad_token_id": 5,
  "pruned_heads": {},
  "repetition_penalty": 1.0,
  "reuse_len": null,
  "same_length": false,
  "start_n_top": 5,
  "summary_activation": "tanh",
  "summary_last_dropout": 0.1,
  "summary_type": "last",
  "summary_use_proj": true,
  "task_specific_params": {
    "text-generation": {
      "do_sample": true,
      "max_length": 250
    }
  },
  "temperature": 1.0,
  "top_k": 50,
  "top_p": 1.0,
  "torchscript": false,
  "untie_r": true,
  "use_bfloat16": false,
  "vocab_size": 32000
}

Loading embeddings from: xlnet-base-cased
Model: DIS_Simple Avg Plus Max_Min
Encoder: XLNet
Starting new HTTPS connection (1): s3.amazonaws.com:443
https://s3.amazonaws.com:443 "HEAD /models.huggingface.co/bert/xlnet-base-cased-config.json HTTP/1.1" 200 0
loading configuration file https://s3.amazonaws.com/models.huggingface.co/bert/xlnet-base-cased-config.json from cache at /home/minghongxia/.cache/torch/transformers/c9cc6e53904f7f3679a31ec4af244f4419e25ebc8e71ebf8c558a31cbcf07fc8.69e5e35e0b798cab5e473f253752f8bf4d280ee37682281a23eed80f6e2d09c6
Model config XLNetConfig {
  "architectures": [
    "XLNetLMHeadModel"
  ],
  "attn_type": "bi",
  "bi_data": false,
  "bos_token_id": 1,
  "clamp_len": -1,
  "d_head": 64,
  "d_inner": 3072,
  "d_model": 768,
  "do_sample": false,
  "dropout": 0.1,
  "end_n_top": 5,
  "eos_token_id": 2,
  "eos_token_ids": 0,
  "ff_activation": "gelu",
  "finetuning_task": null,
  "id2label": {
    "0": "LABEL_0",
    "1": "LABEL_1"
  },
  "initializer_range": 0.02,
  "is_decoder": false,
  "label2id": {
    "LABEL_0": 0,
    "LABEL_1": 1
  },
  "layer_norm_eps": 1e-12,
  "length_penalty": 1.0,
  "max_length": 20,
  "mem_len": null,
  "model_type": "xlnet",
  "n_head": 12,
  "n_layer": 12,
  "num_beams": 1,
  "num_labels": 2,
  "num_return_sequences": 1,
  "output_attentions": true,
  "output_hidden_states": false,
  "output_past": true,
  "pad_token_id": 5,
  "pruned_heads": {},
  "repetition_penalty": 1.0,
  "reuse_len": null,
  "same_length": false,
  "start_n_top": 5,
  "summary_activation": "tanh",
  "summary_last_dropout": 0.1,
  "summary_type": "last",
  "summary_use_proj": true,
  "task_specific_params": {
    "text-generation": {
      "do_sample": true,
      "max_length": 250
    }
  },
  "temperature": 1.0,
  "top_k": 50,
  "top_p": 1.0,
  "torchscript": false,
  "untie_r": true,
  "use_bfloat16": false,
  "vocab_size": 32000
}

Starting new HTTPS connection (1): s3.amazonaws.com:443
https://s3.amazonaws.com:443 "HEAD /models.huggingface.co/bert/xlnet-base-cased-pytorch_model.bin HTTP/1.1" 200 0
loading weights file https://s3.amazonaws.com/models.huggingface.co/bert/xlnet-base-cased-pytorch_model.bin from cache at /home/minghongxia/.cache/torch/transformers/24197ba0ce5dbfe23924431610704c88e2c0371afa49149360e4c823219ab474.7eac4fe898a021204e63c88c00ea68c60443c57f94b4bc3c02adbde6465745ac
Starting new HTTPS connection (1): s3.amazonaws.com:443
https://s3.amazonaws.com:443 "HEAD /models.huggingface.co/bert/xlnet-base-cased-config.json HTTP/1.1" 200 0
loading configuration file https://s3.amazonaws.com/models.huggingface.co/bert/xlnet-base-cased-config.json from cache at /home/minghongxia/.cache/torch/transformers/c9cc6e53904f7f3679a31ec4af244f4419e25ebc8e71ebf8c558a31cbcf07fc8.69e5e35e0b798cab5e473f253752f8bf4d280ee37682281a23eed80f6e2d09c6
Model config XLNetConfig {
  "architectures": [
    "XLNetLMHeadModel"
  ],
  "attn_type": "bi",
  "bi_data": false,
  "bos_token_id": 1,
  "clamp_len": -1,
  "d_head": 64,
  "d_inner": 3072,
  "d_model": 768,
  "do_sample": false,
  "dropout": 0.1,
  "end_n_top": 5,
  "eos_token_id": 2,
  "eos_token_ids": 0,
  "ff_activation": "gelu",
  "finetuning_task": null,
  "id2label": {
    "0": "LABEL_0",
    "1": "LABEL_1"
  },
  "initializer_range": 0.02,
  "is_decoder": false,
  "label2id": {
    "LABEL_0": 0,
    "LABEL_1": 1
  },
  "layer_norm_eps": 1e-12,
  "length_penalty": 1.0,
  "max_length": 20,
  "mem_len": null,
  "model_type": "xlnet",
  "n_head": 12,
  "n_layer": 12,
  "num_beams": 1,
  "num_labels": 2,
  "num_return_sequences": 1,
  "output_attentions": false,
  "output_hidden_states": false,
  "output_past": true,
  "pad_token_id": 5,
  "pruned_heads": {},
  "repetition_penalty": 1.0,
  "reuse_len": null,
  "same_length": false,
  "start_n_top": 5,
  "summary_activation": "tanh",
  "summary_last_dropout": 0.1,
  "summary_type": "last",
  "summary_use_proj": true,
  "task_specific_params": {
    "text-generation": {
      "do_sample": true,
      "max_length": 250
    }
  },
  "temperature": 1.0,
  "top_k": 50,
  "top_p": 1.0,
  "torchscript": false,
  "untie_r": true,
  "use_bfloat16": false,
  "vocab_size": 32000
}

Optimizer: adam
Optimizer: adam
**** Training Begins ****
**** Epoch 0/20 ****
Use CrossEntropyLoss
15/33-(1.748)
30/33-(1.893)
12/33-(1.584)

=== Evaluating Model ===
accuracy on Valid 0.5053763440860215

Best accuracy on Valid 0.5053763440860215
Total valid loss 0.920494579606586
accuracy on Test 0.5285714285714286
Best accuracy on Test 0.5285714285714286

**** Epoch 0/20 ****
27/33-(1.794)
9/33-(1.345)
24/33-(1.266)

=== Evaluating Model ===
accuracy on Valid 0.6523297491039427

Best accuracy on Valid 0.6523297491039427
Total valid loss 0.7434135013156467
accuracy on Test 0.6035714285714285
Best accuracy on Test 0.6035714285714285

**** Epoch 1/20 ****
6/33-(1.367)
21/33-(1.398)
3/33-(0.919)
18/33-(1.299)

=== Evaluating Model ===
accuracy on Valid 0.6810035842293907

Best accuracy on Valid 0.6810035842293907
Total valid loss 0.783691429429584
accuracy on Test 0.6535714285714286
Best accuracy on Test 0.6535714285714286

**** Epoch 2/20 ****
0/33-(1.129)
15/33-(1.931)
30/33-(0.873)

=== Evaluating Model ===
accuracy on Valid 0.7455197132616488

Best accuracy on Valid 0.7455197132616488
Total valid loss 0.7314289295011096
accuracy on Test 0.6678571428571428
Best accuracy on Test 0.6678571428571428

**** Epoch 3/20 ****
12/33-(1.352)
27/33-(0.966)
9/33-(0.827)
24/33-(1.367)

=== Evaluating Model ===
accuracy on Valid 0.5232974910394266

Total valid loss 1.274701366821925
accuracy on Test 0.4928571428571429
Best accuracy on Test 0.6678571428571428

**** Epoch 4/20 ****
6/33-(0.665)
21/33-(2.113)
3/33-(1.032)

=== Evaluating Model ===
accuracy on Valid 0.7025089605734767

Total valid loss 0.7692827234665552
accuracy on Test 0.6607142857142857
Best accuracy on Test 0.6678571428571428

**** Epoch 5/20 ****
18/33-(0.776)
0/33-(0.696)
15/33-(1.377)
30/33-(0.640)

=== Evaluating Model ===
accuracy on Valid 0.7383512544802867

Total valid loss 0.7077483601040311
accuracy on Test 0.7107142857142857
Best accuracy on Test 0.7107142857142857

**** Epoch 6/20 ****
12/33-(0.637)
27/33-(0.688)
9/33-(1.367)

=== Evaluating Model ===
accuracy on Valid 0.7670250896057348

Best accuracy on Valid 0.7670250896057348
Total valid loss 0.7167908234728707
accuracy on Test 0.6821428571428572
Best accuracy on Test 0.7107142857142857

**** Epoch 7/20 ****
24/33-(0.578)
6/33-(0.545)
21/33-(0.408)
3/33-(0.213)

=== Evaluating Model ===
accuracy on Valid 0.7491039426523297

Total valid loss 0.6829706513219409
accuracy on Test 0.6821428571428572
Best accuracy on Test 0.7107142857142857

**** Epoch 8/20 ****
18/33-(0.790)
0/33-(0.643)
15/33-(0.457)

=== Evaluating Model ===
accuracy on Valid 0.7240143369175627

Total valid loss 0.8616208384434382
accuracy on Test 0.6821428571428572
Best accuracy on Test 0.7107142857142857

**** Epoch 9/20 ****
30/33-(0.262)
12/33-(0.236)
27/33-(0.242)
9/33-(0.237)

=== Evaluating Model ===
accuracy on Valid 0.7419354838709677

Total valid loss 0.9023120535744561
accuracy on Test 0.6714285714285714
Best accuracy on Test 0.7107142857142857

**** Epoch 10/20 ****
24/33-(0.204)
6/33-(0.816)
21/33-(0.496)

=== Evaluating Model ===
accuracy on Valid 0.7383512544802867

Total valid loss 0.8507389376560847
accuracy on Test 0.6678571428571428
Best accuracy on Test 0.7107142857142857

**** Epoch 11/20 ****
3/33-(3.795)
18/33-(0.471)
0/33-(0.558)
15/33-(0.751)

=== Evaluating Model ===
accuracy on Valid 0.7455197132616488

Total valid loss 0.8015499148103926
accuracy on Test 0.6964285714285714
Best accuracy on Test 0.7107142857142857

**** Epoch 12/20 ****
30/33-(0.433)
12/33-(0.241)
27/33-(0.363)

=== Evaluating Model ===
accuracy on Valid 0.7347670250896058

Total valid loss 0.8861208491855197
accuracy on Test 0.6785714285714286
Best accuracy on Test 0.7107142857142857

**** Epoch 13/20 ****
9/33-(0.205)
24/33-(2.403)
6/33-(0.810)
21/33-(0.956)

=== Evaluating Model ===
accuracy on Valid 0.6702508960573477

Total valid loss 1.1237335983249876
accuracy on Test 0.6928571428571428
Best accuracy on Test 0.7107142857142857

**** Epoch 14/20 ****
3/33-(0.077)
18/33-(0.341)
0/33-(0.513)

=== Evaluating Model ===
accuracy on Valid 0.6845878136200717

Total valid loss 1.2101024695568614
accuracy on Test 0.6464285714285715
Best accuracy on Test 0.7107142857142857

**** Epoch 15/20 ****
15/33-(0.273)
30/33-(0.318)
12/33-(0.226)

=== Evaluating Model ===
accuracy on Valid 0.5448028673835126

Total valid loss 1.5876649651262495
accuracy on Test 0.5928571428571429
Best accuracy on Test 0.7107142857142857

**** Epoch 16/20 ****
27/33-(0.164)
9/33-(0.460)
24/33-(0.126)
6/33-(0.107)

=== Evaluating Model ===
accuracy on Valid 0.7455197132616488

Total valid loss 0.9967335040370623
accuracy on Test 0.6892857142857143
Best accuracy on Test 0.7107142857142857

**** Epoch 17/20 ****
21/33-(0.210)
3/33-(0.242)
18/33-(0.244)

=== Evaluating Model ===
accuracy on Valid 0.6666666666666666

Total valid loss 1.1333706676959991
accuracy on Test 0.6714285714285714
Best accuracy on Test 0.7107142857142857

**** Epoch 18/20 ****
0/33-(0.118)
15/33-(0.349)
30/33-(0.335)
12/33-(0.155)

=== Evaluating Model ===
accuracy on Valid 0.7204301075268817

Total valid loss 1.3802637706200283
accuracy on Test 0.65
Best accuracy on Test 0.7107142857142857

**** Epoch 19/20 ****
27/33-(0.861)
Best accuracy on Test 0.7107142857142857

Final k-fold valid 0.7306758832565284
[0.8100358422939068, 0.6917562724014337, 0.7060931899641577, 0.7071428571428572, 0.7383512544802867]
Final k-fold eval 0.7543292370711726
[0.7598566308243727, 0.8207885304659498, 0.7168458781362007, 0.7634408602150538, 0.7107142857142857]
