Whole k-fold eval mode
Source domain: 7, Target domain: 7, Cur_fold 0
Corpus: TOEFL
Starting new HTTPS connection (1): s3.amazonaws.com:443
https://s3.amazonaws.com:443 "HEAD /models.huggingface.co/bert/xlnet-base-cased-spiece.model HTTP/1.1" 200 0
loading file https://s3.amazonaws.com/models.huggingface.co/bert/xlnet-base-cased-spiece.model from cache at /home/minghongxia/.cache/torch/transformers/dad589d582573df0293448af5109cb6981ca77239ed314e15ca63b7b8a318ddd.8b10bd978b5d01c21303cc761fc9ecd464419b3bf921864a355ba807cfbfafa8
Loading these models for language: en (English):
=======================
| Processor | Package |
-----------------------
| tokenize  | ewt     |
=======================

Use device: gpu
Loading: tokenize
Done loading processors!
Loading these models for language: en (English):
=======================
| Processor | Package |
-----------------------
| tokenize  | ewt     |
=======================

Use device: gpu
Loading: tokenize
Done loading processors!
Loading these models for language: en (English):
=======================
| Processor | Package |
-----------------------
| tokenize  | ewt     |
=======================

Use device: gpu
Loading: tokenize
Done loading processors!
Starting new HTTPS connection (1): s3.amazonaws.com:443
loading configuration file https://s3.amazonaws.com/models.huggingface.co/bert/xlnet-base-cased-config.json from cache at /home/minghongxia/.cache/torch/transformers/c9cc6e53904f7f3679a31ec4af244f4419e25ebc8e71ebf8c558a31cbcf07fc8.69e5e35e0b798cab5e473f253752f8bf4d280ee37682281a23eed80f6e2d09c6
Model config XLNetConfig {
  "architectures": [
    "XLNetLMHeadModel"
  ],
  "attn_type": "bi",
  "bi_data": false,
  "bos_token_id": 1,
  "clamp_len": -1,
  "d_head": 64,
  "d_inner": 3072,
  "d_model": 768,
  "do_sample": false,
  "dropout": 0.1,
  "end_n_top": 5,
  "eos_token_id": 2,
  "eos_token_ids": 0,
  "ff_activation": "gelu",
  "finetuning_task": null,
  "id2label": {
    "0": "LABEL_0",
    "1": "LABEL_1"
  },
  "initializer_range": 0.02,
  "is_decoder": false,
  "label2id": {
    "LABEL_0": 0,
    "LABEL_1": 1
  },
  "layer_norm_eps": 1e-12,
  "length_penalty": 1.0,
  "max_length": 20,
  "mem_len": null,
  "model_type": "xlnet",
  "n_head": 12,
  "n_layer": 12,
  "num_beams": 1,
  "num_labels": 2,
  "num_return_sequences": 1,
  "output_attentions": false,
  "output_hidden_states": false,
  "output_past": true,
  "pad_token_id": 5,
  "pruned_heads": {},
  "repetition_penalty": 1.0,
  "reuse_len": null,
  "same_length": false,
  "start_n_top": 5,
  "summary_activation": "tanh",
  "summary_last_dropout": 0.1,
  "summary_type": "last",
  "summary_use_proj": true,
  "task_specific_params": {
    "text-generation": {
      "do_sample": true,
      "max_length": 250
    }
  },
  "temperature": 1.0,
  "top_k": 50,
  "top_p": 1.0,
  "torchscript": false,
  "untie_r": true,
  "use_bfloat16": false,
  "vocab_size": 32000
}

Loading embeddings from: xlnet-base-cased
Model: DIS_Simple Avg Plus Max_Min
Encoder: XLNet
Starting new HTTPS connection (1): s3.amazonaws.com:443
loading configuration file https://s3.amazonaws.com/models.huggingface.co/bert/xlnet-base-cased-config.json from cache at /home/minghongxia/.cache/torch/transformers/c9cc6e53904f7f3679a31ec4af244f4419e25ebc8e71ebf8c558a31cbcf07fc8.69e5e35e0b798cab5e473f253752f8bf4d280ee37682281a23eed80f6e2d09c6
Model config XLNetConfig {
  "architectures": [
    "XLNetLMHeadModel"
  ],
  "attn_type": "bi",
  "bi_data": false,
  "bos_token_id": 1,
  "clamp_len": -1,
  "d_head": 64,
  "d_inner": 3072,
  "d_model": 768,
  "do_sample": false,
  "dropout": 0.1,
  "end_n_top": 5,
  "eos_token_id": 2,
  "eos_token_ids": 0,
  "ff_activation": "gelu",
  "finetuning_task": null,
  "id2label": {
    "0": "LABEL_0",
    "1": "LABEL_1"
  },
  "initializer_range": 0.02,
  "is_decoder": false,
  "label2id": {
    "LABEL_0": 0,
    "LABEL_1": 1
  },
  "layer_norm_eps": 1e-12,
  "length_penalty": 1.0,
  "max_length": 20,
  "mem_len": null,
  "model_type": "xlnet",
  "n_head": 12,
  "n_layer": 12,
  "num_beams": 1,
  "num_labels": 2,
  "num_return_sequences": 1,
  "output_attentions": true,
  "output_hidden_states": false,
  "output_past": true,
  "pad_token_id": 5,
  "pruned_heads": {},
  "repetition_penalty": 1.0,
  "reuse_len": null,
  "same_length": false,
  "start_n_top": 5,
  "summary_activation": "tanh",
  "summary_last_dropout": 0.1,
  "summary_type": "last",
  "summary_use_proj": true,
  "task_specific_params": {
    "text-generation": {
      "do_sample": true,
      "max_length": 250
    }
  },
  "temperature": 1.0,
  "top_k": 50,
  "top_p": 1.0,
  "torchscript": false,
  "untie_r": true,
  "use_bfloat16": false,
  "vocab_size": 32000
}

Starting new HTTPS connection (1): s3.amazonaws.com:443
loading weights file https://s3.amazonaws.com/models.huggingface.co/bert/xlnet-base-cased-pytorch_model.bin from cache at /home/minghongxia/.cache/torch/transformers/24197ba0ce5dbfe23924431610704c88e2c0371afa49149360e4c823219ab474.7eac4fe898a021204e63c88c00ea68c60443c57f94b4bc3c02adbde6465745ac
Starting new HTTPS connection (1): s3.amazonaws.com:443
loading configuration file https://s3.amazonaws.com/models.huggingface.co/bert/xlnet-base-cased-config.json from cache at /home/minghongxia/.cache/torch/transformers/c9cc6e53904f7f3679a31ec4af244f4419e25ebc8e71ebf8c558a31cbcf07fc8.69e5e35e0b798cab5e473f253752f8bf4d280ee37682281a23eed80f6e2d09c6
Model config XLNetConfig {
  "architectures": [
    "XLNetLMHeadModel"
  ],
  "attn_type": "bi",
  "bi_data": false,
  "bos_token_id": 1,
  "clamp_len": -1,
  "d_head": 64,
  "d_inner": 3072,
  "d_model": 768,
  "do_sample": false,
  "dropout": 0.1,
  "end_n_top": 5,
  "eos_token_id": 2,
  "eos_token_ids": 0,
  "ff_activation": "gelu",
  "finetuning_task": null,
  "id2label": {
    "0": "LABEL_0",
    "1": "LABEL_1"
  },
  "initializer_range": 0.02,
  "is_decoder": false,
  "label2id": {
    "LABEL_0": 0,
    "LABEL_1": 1
  },
  "layer_norm_eps": 1e-12,
  "length_penalty": 1.0,
  "max_length": 20,
  "mem_len": null,
  "model_type": "xlnet",
  "n_head": 12,
  "n_layer": 12,
  "num_beams": 1,
  "num_labels": 2,
  "num_return_sequences": 1,
  "output_attentions": false,
  "output_hidden_states": false,
  "output_past": true,
  "pad_token_id": 5,
  "pruned_heads": {},
  "repetition_penalty": 1.0,
  "reuse_len": null,
  "same_length": false,
  "start_n_top": 5,
  "summary_activation": "tanh",
  "summary_last_dropout": 0.1,
  "summary_type": "last",
  "summary_use_proj": true,
  "task_specific_params": {
    "text-generation": {
      "do_sample": true,
      "max_length": 250
    }
  },
  "temperature": 1.0,
  "top_k": 50,
  "top_p": 1.0,
  "torchscript": false,
  "untie_r": true,
  "use_bfloat16": false,
  "vocab_size": 32000
}

Optimizer: adam
Optimizer: adam
**** Training Begins ****
**** Epoch 0/20 ****
Use CrossEntropyLoss
15/33-(2.240)
30/33-(1.704)
12/33-(1.212)
27/33-(1.329)

=== Evaluating Model ===
accuracy on Valid 0.5548961424332344

Best accuracy on Valid 0.5548961424332344
Total valid loss 1.0099340921098536
accuracy on Test 0.5400593471810089
Best accuracy on Test 0.5400593471810089

**** Epoch 0/20 ****
9/33-(1.647)
24/33-(1.701)
6/33-(1.318)
21/33-(1.611)

=== Evaluating Model ===
accuracy on Valid 0.6439169139465876

Best accuracy on Valid 0.6439169139465876
Total valid loss 0.8530407100915909
accuracy on Test 0.6023738872403561
Best accuracy on Test 0.6023738872403561

**** Epoch 1/20 ****
3/33-(1.323)
18/33-(0.948)
0/33-(1.287)
15/33-(1.300)

=== Evaluating Model ===
accuracy on Valid 0.6468842729970327

Best accuracy on Valid 0.6468842729970327
Total valid loss 0.7777520797469399
accuracy on Test 0.658753709198813
Best accuracy on Test 0.658753709198813

**** Epoch 2/20 ****
30/33-(1.074)
12/33-(0.915)
27/33-(1.631)
9/33-(1.218)

=== Evaluating Model ===
accuracy on Valid 0.5370919881305638

Total valid loss 1.2463145608251744
accuracy on Test 0.4658753709198813
Best accuracy on Test 0.658753709198813

**** Epoch 3/20 ****
24/33-(0.834)
6/33-(0.938)
21/33-(1.489)
3/33-(0.922)
18/33-(1.266)

=== Evaluating Model ===
accuracy on Valid 0.6646884272997032

Best accuracy on Valid 0.6646884272997032
Total valid loss 1.096624261953614
accuracy on Test 0.6083086053412463
Best accuracy on Test 0.658753709198813

**** Epoch 4/20 ****
0/33-(1.060)
15/33-(0.502)
30/33-(1.277)
12/33-(1.150)

=== Evaluating Model ===
accuracy on Valid 0.7329376854599406

Best accuracy on Valid 0.7329376854599406
Total valid loss 0.7195219763300635
accuracy on Test 0.6943620178041543
Best accuracy on Test 0.6943620178041543

**** Epoch 5/20 ****
27/33-(0.585)
9/33-(0.521)
24/33-(0.783)
6/33-(1.527)

=== Evaluating Model ===
accuracy on Valid 0.7151335311572701

Total valid loss 0.8329020548950542
accuracy on Test 0.7002967359050445
Best accuracy on Test 0.7002967359050445

**** Epoch 6/20 ****
21/33-(0.465)
3/33-(1.165)
18/33-(1.066)
0/33-(0.599)

=== Evaluating Model ===
accuracy on Valid 0.7566765578635015

Best accuracy on Valid 0.7566765578635015
Total valid loss 0.7301862158558585
accuracy on Test 0.7002967359050445
Best accuracy on Test 0.7002967359050445

**** Epoch 7/20 ****
15/33-(0.973)
30/33-(0.844)
12/33-(2.866)
27/33-(0.823)

=== Evaluating Model ===
accuracy on Valid 0.7240356083086054

Total valid loss 0.8476997234604575
accuracy on Test 0.6884272997032641
Best accuracy on Test 0.7002967359050445

**** Epoch 8/20 ****
9/33-(0.854)
24/33-(0.402)
6/33-(0.486)
21/33-(0.365)
3/33-(0.902)

=== Evaluating Model ===
accuracy on Valid 0.6023738872403561

Total valid loss 1.2028473642739383
accuracy on Test 0.543026706231454
Best accuracy on Test 0.7002967359050445

**** Epoch 9/20 ****
18/33-(0.675)
0/33-(0.705)
15/33-(0.836)
30/33-(0.471)

=== Evaluating Model ===
accuracy on Valid 0.685459940652819

Total valid loss 1.2914463186805898
accuracy on Test 0.6142433234421365
Best accuracy on Test 0.7002967359050445

**** Epoch 10/20 ****
12/33-(0.521)
27/33-(0.455)
9/33-(0.413)
24/33-(0.560)

=== Evaluating Model ===
accuracy on Valid 0.7537091988130564

Total valid loss 0.9306050369685347
accuracy on Test 0.7032640949554896
Best accuracy on Test 0.7032640949554896

**** Epoch 11/20 ****
6/33-(0.592)
21/33-(1.483)
3/33-(0.655)
18/33-(0.381)

=== Evaluating Model ===
accuracy on Valid 0.7210682492581603

Total valid loss 0.754534814845432
accuracy on Test 0.7210682492581603
Best accuracy on Test 0.7210682492581603

**** Epoch 12/20 ****
0/33-(1.299)
15/33-(0.433)
30/33-(0.407)
12/33-(0.193)

=== Evaluating Model ===
accuracy on Valid 0.6913946587537092

Total valid loss 1.234495767138221
accuracy on Test 0.6735905044510386
Best accuracy on Test 0.7210682492581603

**** Epoch 13/20 ****
27/33-(0.529)
9/33-(1.816)
24/33-(0.445)
6/33-(0.166)
21/33-(1.378)

=== Evaluating Model ===
accuracy on Valid 0.6676557863501483

Total valid loss 1.2371437739242206
accuracy on Test 0.6439169139465876
Best accuracy on Test 0.7210682492581603

**** Epoch 14/20 ****
3/33-(0.385)
18/33-(0.325)
0/33-(0.862)
15/33-(0.509)

=== Evaluating Model ===
accuracy on Valid 0.7270029673590505

Total valid loss 0.8761113584041595
accuracy on Test 0.712166172106825
Best accuracy on Test 0.7210682492581603

**** Epoch 15/20 ****
30/33-(0.830)
12/33-(0.665)
27/33-(0.244)
9/33-(0.522)

=== Evaluating Model ===
accuracy on Valid 0.7210682492581603

Total valid loss 0.9488571150736376
accuracy on Test 0.685459940652819
Best accuracy on Test 0.7210682492581603

**** Epoch 16/20 ****
24/33-(17.046)
6/33-(0.197)
21/33-(0.275)
3/33-(0.393)

=== Evaluating Model ===
accuracy on Valid 0.6706231454005934

Total valid loss 1.2514447326009923
accuracy on Test 0.655786350148368
Best accuracy on Test 0.7210682492581603

**** Epoch 17/20 ****
18/33-(0.281)
0/33-(0.284)
15/33-(1.058)
30/33-(0.642)

=== Evaluating Model ===
accuracy on Valid 0.7091988130563798

Total valid loss 1.378527652133595
accuracy on Test 0.658753709198813
Best accuracy on Test 0.7210682492581603

**** Epoch 18/20 ****
12/33-(0.065)
27/33-(0.403)
9/33-(0.700)
24/33-(0.223)
6/33-(0.199)

=== Evaluating Model ===
accuracy on Valid 0.7181008902077152

Total valid loss 1.3116462447426536
accuracy on Test 0.7032640949554896
Best accuracy on Test 0.7210682492581603

**** Epoch 19/20 ****
21/33-(0.452)
Best accuracy on Test 0.7210682492581603

Source domain: 7, Target domain: 7, Cur_fold 1
Corpus: TOEFL
Starting new HTTPS connection (1): s3.amazonaws.com:443
https://s3.amazonaws.com:443 "HEAD /models.huggingface.co/bert/xlnet-base-cased-spiece.model HTTP/1.1" 200 0
loading file https://s3.amazonaws.com/models.huggingface.co/bert/xlnet-base-cased-spiece.model from cache at /home/minghongxia/.cache/torch/transformers/dad589d582573df0293448af5109cb6981ca77239ed314e15ca63b7b8a318ddd.8b10bd978b5d01c21303cc761fc9ecd464419b3bf921864a355ba807cfbfafa8
Loading these models for language: en (English):
=======================
| Processor | Package |
-----------------------
| tokenize  | ewt     |
=======================

Use device: gpu
Loading: tokenize
Done loading processors!
Loading these models for language: en (English):
=======================
| Processor | Package |
-----------------------
| tokenize  | ewt     |
=======================

Use device: gpu
Loading: tokenize
Done loading processors!
Loading these models for language: en (English):
=======================
| Processor | Package |
-----------------------
| tokenize  | ewt     |
=======================

Use device: gpu
Loading: tokenize
Done loading processors!
Starting new HTTPS connection (1): s3.amazonaws.com:443
loading configuration file https://s3.amazonaws.com/models.huggingface.co/bert/xlnet-base-cased-config.json from cache at /home/minghongxia/.cache/torch/transformers/c9cc6e53904f7f3679a31ec4af244f4419e25ebc8e71ebf8c558a31cbcf07fc8.69e5e35e0b798cab5e473f253752f8bf4d280ee37682281a23eed80f6e2d09c6
Model config XLNetConfig {
  "architectures": [
    "XLNetLMHeadModel"
  ],
  "attn_type": "bi",
  "bi_data": false,
  "bos_token_id": 1,
  "clamp_len": -1,
  "d_head": 64,
  "d_inner": 3072,
  "d_model": 768,
  "do_sample": false,
  "dropout": 0.1,
  "end_n_top": 5,
  "eos_token_id": 2,
  "eos_token_ids": 0,
  "ff_activation": "gelu",
  "finetuning_task": null,
  "id2label": {
    "0": "LABEL_0",
    "1": "LABEL_1"
  },
  "initializer_range": 0.02,
  "is_decoder": false,
  "label2id": {
    "LABEL_0": 0,
    "LABEL_1": 1
  },
  "layer_norm_eps": 1e-12,
  "length_penalty": 1.0,
  "max_length": 20,
  "mem_len": null,
  "model_type": "xlnet",
  "n_head": 12,
  "n_layer": 12,
  "num_beams": 1,
  "num_labels": 2,
  "num_return_sequences": 1,
  "output_attentions": false,
  "output_hidden_states": false,
  "output_past": true,
  "pad_token_id": 5,
  "pruned_heads": {},
  "repetition_penalty": 1.0,
  "reuse_len": null,
  "same_length": false,
  "start_n_top": 5,
  "summary_activation": "tanh",
  "summary_last_dropout": 0.1,
  "summary_type": "last",
  "summary_use_proj": true,
  "task_specific_params": {
    "text-generation": {
      "do_sample": true,
      "max_length": 250
    }
  },
  "temperature": 1.0,
  "top_k": 50,
  "top_p": 1.0,
  "torchscript": false,
  "untie_r": true,
  "use_bfloat16": false,
  "vocab_size": 32000
}

Loading embeddings from: xlnet-base-cased
Model: DIS_Simple Avg Plus Max_Min
Encoder: XLNet
Starting new HTTPS connection (1): s3.amazonaws.com:443
loading configuration file https://s3.amazonaws.com/models.huggingface.co/bert/xlnet-base-cased-config.json from cache at /home/minghongxia/.cache/torch/transformers/c9cc6e53904f7f3679a31ec4af244f4419e25ebc8e71ebf8c558a31cbcf07fc8.69e5e35e0b798cab5e473f253752f8bf4d280ee37682281a23eed80f6e2d09c6
Model config XLNetConfig {
  "architectures": [
    "XLNetLMHeadModel"
  ],
  "attn_type": "bi",
  "bi_data": false,
  "bos_token_id": 1,
  "clamp_len": -1,
  "d_head": 64,
  "d_inner": 3072,
  "d_model": 768,
  "do_sample": false,
  "dropout": 0.1,
  "end_n_top": 5,
  "eos_token_id": 2,
  "eos_token_ids": 0,
  "ff_activation": "gelu",
  "finetuning_task": null,
  "id2label": {
    "0": "LABEL_0",
    "1": "LABEL_1"
  },
  "initializer_range": 0.02,
  "is_decoder": false,
  "label2id": {
    "LABEL_0": 0,
    "LABEL_1": 1
  },
  "layer_norm_eps": 1e-12,
  "length_penalty": 1.0,
  "max_length": 20,
  "mem_len": null,
  "model_type": "xlnet",
  "n_head": 12,
  "n_layer": 12,
  "num_beams": 1,
  "num_labels": 2,
  "num_return_sequences": 1,
  "output_attentions": true,
  "output_hidden_states": false,
  "output_past": true,
  "pad_token_id": 5,
  "pruned_heads": {},
  "repetition_penalty": 1.0,
  "reuse_len": null,
  "same_length": false,
  "start_n_top": 5,
  "summary_activation": "tanh",
  "summary_last_dropout": 0.1,
  "summary_type": "last",
  "summary_use_proj": true,
  "task_specific_params": {
    "text-generation": {
      "do_sample": true,
      "max_length": 250
    }
  },
  "temperature": 1.0,
  "top_k": 50,
  "top_p": 1.0,
  "torchscript": false,
  "untie_r": true,
  "use_bfloat16": false,
  "vocab_size": 32000
}

Starting new HTTPS connection (1): s3.amazonaws.com:443
loading weights file https://s3.amazonaws.com/models.huggingface.co/bert/xlnet-base-cased-pytorch_model.bin from cache at /home/minghongxia/.cache/torch/transformers/24197ba0ce5dbfe23924431610704c88e2c0371afa49149360e4c823219ab474.7eac4fe898a021204e63c88c00ea68c60443c57f94b4bc3c02adbde6465745ac
Starting new HTTPS connection (1): s3.amazonaws.com:443
https://s3.amazonaws.com:443 "HEAD /models.huggingface.co/bert/xlnet-base-cased-config.json HTTP/1.1" 200 0
loading configuration file https://s3.amazonaws.com/models.huggingface.co/bert/xlnet-base-cased-config.json from cache at /home/minghongxia/.cache/torch/transformers/c9cc6e53904f7f3679a31ec4af244f4419e25ebc8e71ebf8c558a31cbcf07fc8.69e5e35e0b798cab5e473f253752f8bf4d280ee37682281a23eed80f6e2d09c6
Model config XLNetConfig {
  "architectures": [
    "XLNetLMHeadModel"
  ],
  "attn_type": "bi",
  "bi_data": false,
  "bos_token_id": 1,
  "clamp_len": -1,
  "d_head": 64,
  "d_inner": 3072,
  "d_model": 768,
  "do_sample": false,
  "dropout": 0.1,
  "end_n_top": 5,
  "eos_token_id": 2,
  "eos_token_ids": 0,
  "ff_activation": "gelu",
  "finetuning_task": null,
  "id2label": {
    "0": "LABEL_0",
    "1": "LABEL_1"
  },
  "initializer_range": 0.02,
  "is_decoder": false,
  "label2id": {
    "LABEL_0": 0,
    "LABEL_1": 1
  },
  "layer_norm_eps": 1e-12,
  "length_penalty": 1.0,
  "max_length": 20,
  "mem_len": null,
  "model_type": "xlnet",
  "n_head": 12,
  "n_layer": 12,
  "num_beams": 1,
  "num_labels": 2,
  "num_return_sequences": 1,
  "output_attentions": false,
  "output_hidden_states": false,
  "output_past": true,
  "pad_token_id": 5,
  "pruned_heads": {},
  "repetition_penalty": 1.0,
  "reuse_len": null,
  "same_length": false,
  "start_n_top": 5,
  "summary_activation": "tanh",
  "summary_last_dropout": 0.1,
  "summary_type": "last",
  "summary_use_proj": true,
  "task_specific_params": {
    "text-generation": {
      "do_sample": true,
      "max_length": 250
    }
  },
  "temperature": 1.0,
  "top_k": 50,
  "top_p": 1.0,
  "torchscript": false,
  "untie_r": true,
  "use_bfloat16": false,
  "vocab_size": 32000
}

Optimizer: adam
Optimizer: adam
**** Training Begins ****
**** Epoch 0/20 ****
Use CrossEntropyLoss
15/33-(1.701)
30/33-(1.067)
12/33-(2.114)
27/33-(1.673)

=== Evaluating Model ===
accuracy on Valid 0.5400593471810089

Best accuracy on Valid 0.5400593471810089
Total valid loss 0.8257513588125055
accuracy on Test 0.5548961424332344
Best accuracy on Test 0.5548961424332344

**** Epoch 0/20 ****
9/33-(1.235)
24/33-(1.532)
6/33-(1.965)
21/33-(2.186)

=== Evaluating Model ===
accuracy on Valid 0.629080118694362

Best accuracy on Valid 0.629080118694362
Total valid loss 0.7482048408551649
accuracy on Test 0.6379821958456974
Best accuracy on Test 0.6379821958456974

**** Epoch 1/20 ****
3/33-(1.307)
18/33-(1.253)
0/33-(0.801)
15/33-(1.056)

=== Evaluating Model ===
accuracy on Valid 0.6320474777448071

Best accuracy on Valid 0.6320474777448071
Total valid loss 0.8159216804937883
accuracy on Test 0.6439169139465876
Best accuracy on Test 0.6439169139465876

**** Epoch 2/20 ****
30/33-(1.072)
12/33-(1.122)
27/33-(1.009)
9/33-(1.070)

=== Evaluating Model ===
accuracy on Valid 0.6735905044510386

Best accuracy on Valid 0.6735905044510386
Total valid loss 0.8337188092145053
accuracy on Test 0.6706231454005934
Best accuracy on Test 0.6706231454005934

**** Epoch 3/20 ****
24/33-(2.143)
6/33-(1.463)
21/33-(1.436)
3/33-(0.791)
18/33-(1.335)

=== Evaluating Model ===
accuracy on Valid 0.6142433234421365

Total valid loss 0.8806770674206994
accuracy on Test 0.6261127596439169
Best accuracy on Test 0.6706231454005934

**** Epoch 4/20 ****
0/33-(0.495)
15/33-(1.347)
30/33-(1.214)
12/33-(1.357)

=== Evaluating Model ===
accuracy on Valid 0.6824925816023739

Best accuracy on Valid 0.6824925816023739
Total valid loss 0.7080780823122371
accuracy on Test 0.7596439169139466
Best accuracy on Test 0.7596439169139466

**** Epoch 5/20 ****
27/33-(0.738)
9/33-(0.870)
24/33-(0.861)
6/33-(0.685)

=== Evaluating Model ===
accuracy on Valid 0.6943620178041543

Best accuracy on Valid 0.6943620178041543
Total valid loss 0.757871845906431
accuracy on Test 0.7210682492581603
Best accuracy on Test 0.7596439169139466

**** Epoch 6/20 ****
21/33-(0.435)
3/33-(1.207)
18/33-(0.793)
0/33-(1.519)

=== Evaluating Model ===
accuracy on Valid 0.6706231454005934

Total valid loss 0.859586163000627
accuracy on Test 0.7002967359050445
Best accuracy on Test 0.7596439169139466

**** Epoch 7/20 ****
15/33-(1.169)
30/33-(0.540)
12/33-(0.842)
27/33-(0.684)

=== Evaluating Model ===
accuracy on Valid 0.6528189910979229

Total valid loss 0.7035038227384741
accuracy on Test 0.655786350148368
Best accuracy on Test 0.7596439169139466

**** Epoch 8/20 ****
9/33-(0.746)
24/33-(0.932)
6/33-(1.089)
21/33-(0.644)
3/33-(1.598)

=== Evaluating Model ===
accuracy on Valid 0.6735905044510386

Total valid loss 0.8309824696995995
accuracy on Test 0.6913946587537092
Best accuracy on Test 0.7596439169139466

**** Epoch 9/20 ****
18/33-(0.793)
0/33-(0.472)
15/33-(0.456)
30/33-(1.192)

=== Evaluating Model ===
accuracy on Valid 0.6973293768545994

Best accuracy on Valid 0.6973293768545994
Total valid loss 0.7305709719657898
accuracy on Test 0.6824925816023739
Best accuracy on Test 0.7596439169139466

**** Epoch 10/20 ****
12/33-(0.821)
27/33-(0.685)
9/33-(0.998)
24/33-(0.579)

=== Evaluating Model ===
accuracy on Valid 0.7002967359050445

Best accuracy on Valid 0.7002967359050445
Total valid loss 0.8106776624917984
accuracy on Test 0.7240356083086054
Best accuracy on Test 0.7596439169139466

**** Epoch 11/20 ****
6/33-(0.324)
21/33-(0.608)
3/33-(17.657)
18/33-(1.059)

=== Evaluating Model ===
accuracy on Valid 0.6706231454005934

Total valid loss 1.0759696635332974
accuracy on Test 0.7032640949554896
Best accuracy on Test 0.7596439169139466

**** Epoch 12/20 ****
0/33-(1.931)
15/33-(0.952)
30/33-(0.441)
12/33-(1.097)

=== Evaluating Model ===
accuracy on Valid 0.6943620178041543

Total valid loss 1.0278803960166194
accuracy on Test 0.7596439169139466
Best accuracy on Test 0.7596439169139466

**** Epoch 13/20 ****
27/33-(0.429)
9/33-(0.190)
24/33-(0.751)
6/33-(0.388)
21/33-(0.223)

=== Evaluating Model ===
accuracy on Valid 0.7151335311572701

Best accuracy on Valid 0.7151335311572701
Total valid loss 0.8556860529563644
accuracy on Test 0.7626112759643917
Best accuracy on Test 0.7626112759643917

**** Epoch 14/20 ****
3/33-(0.022)
18/33-(0.844)
0/33-(0.794)
15/33-(0.471)

=== Evaluating Model ===
accuracy on Valid 0.6053412462908012

Total valid loss 0.9989160935987126
accuracy on Test 0.6439169139465876
Best accuracy on Test 0.7626112759643917

**** Epoch 15/20 ****
30/33-(0.114)
12/33-(0.202)
27/33-(0.352)
9/33-(0.489)

=== Evaluating Model ===
accuracy on Valid 0.599406528189911

Total valid loss 1.5449934737248854
accuracy on Test 0.6201780415430267
Best accuracy on Test 0.7626112759643917

**** Epoch 16/20 ****
24/33-(0.207)
6/33-(0.357)
21/33-(10.581)
3/33-(0.275)

=== Evaluating Model ===
accuracy on Valid 0.6439169139465876

Total valid loss 1.4792070334607905
accuracy on Test 0.6439169139465876
Best accuracy on Test 0.7626112759643917

**** Epoch 17/20 ****
18/33-(1.086)
0/33-(1.361)
15/33-(0.038)
30/33-(0.244)

=== Evaluating Model ===
accuracy on Valid 0.7151335311572701

Best accuracy on Valid 0.7151335311572701
Total valid loss 0.9802943102338098
accuracy on Test 0.7566765578635015
Best accuracy on Test 0.7626112759643917

**** Epoch 18/20 ****
12/33-(0.300)
27/33-(0.247)
9/33-(0.717)
24/33-(0.194)
6/33-(0.109)

=== Evaluating Model ===
accuracy on Valid 0.6409495548961425

Total valid loss 1.4428781966932795
accuracy on Test 0.7091988130563798
Best accuracy on Test 0.7626112759643917

**** Epoch 19/20 ****
21/33-(0.263)
Best accuracy on Test 0.7626112759643917

Source domain: 7, Target domain: 7, Cur_fold 2
Corpus: TOEFL
Starting new HTTPS connection (1): s3.amazonaws.com:443
https://s3.amazonaws.com:443 "HEAD /models.huggingface.co/bert/xlnet-base-cased-spiece.model HTTP/1.1" 200 0
loading file https://s3.amazonaws.com/models.huggingface.co/bert/xlnet-base-cased-spiece.model from cache at /home/minghongxia/.cache/torch/transformers/dad589d582573df0293448af5109cb6981ca77239ed314e15ca63b7b8a318ddd.8b10bd978b5d01c21303cc761fc9ecd464419b3bf921864a355ba807cfbfafa8
Loading these models for language: en (English):
=======================
| Processor | Package |
-----------------------
| tokenize  | ewt     |
=======================

Use device: gpu
Loading: tokenize
Done loading processors!
Loading these models for language: en (English):
=======================
| Processor | Package |
-----------------------
| tokenize  | ewt     |
=======================

Use device: gpu
Loading: tokenize
Done loading processors!
Loading these models for language: en (English):
=======================
| Processor | Package |
-----------------------
| tokenize  | ewt     |
=======================

Use device: gpu
Loading: tokenize
Done loading processors!
Starting new HTTPS connection (1): s3.amazonaws.com:443
https://s3.amazonaws.com:443 "HEAD /models.huggingface.co/bert/xlnet-base-cased-config.json HTTP/1.1" 200 0
loading configuration file https://s3.amazonaws.com/models.huggingface.co/bert/xlnet-base-cased-config.json from cache at /home/minghongxia/.cache/torch/transformers/c9cc6e53904f7f3679a31ec4af244f4419e25ebc8e71ebf8c558a31cbcf07fc8.69e5e35e0b798cab5e473f253752f8bf4d280ee37682281a23eed80f6e2d09c6
Model config XLNetConfig {
  "architectures": [
    "XLNetLMHeadModel"
  ],
  "attn_type": "bi",
  "bi_data": false,
  "bos_token_id": 1,
  "clamp_len": -1,
  "d_head": 64,
  "d_inner": 3072,
  "d_model": 768,
  "do_sample": false,
  "dropout": 0.1,
  "end_n_top": 5,
  "eos_token_id": 2,
  "eos_token_ids": 0,
  "ff_activation": "gelu",
  "finetuning_task": null,
  "id2label": {
    "0": "LABEL_0",
    "1": "LABEL_1"
  },
  "initializer_range": 0.02,
  "is_decoder": false,
  "label2id": {
    "LABEL_0": 0,
    "LABEL_1": 1
  },
  "layer_norm_eps": 1e-12,
  "length_penalty": 1.0,
  "max_length": 20,
  "mem_len": null,
  "model_type": "xlnet",
  "n_head": 12,
  "n_layer": 12,
  "num_beams": 1,
  "num_labels": 2,
  "num_return_sequences": 1,
  "output_attentions": false,
  "output_hidden_states": false,
  "output_past": true,
  "pad_token_id": 5,
  "pruned_heads": {},
  "repetition_penalty": 1.0,
  "reuse_len": null,
  "same_length": false,
  "start_n_top": 5,
  "summary_activation": "tanh",
  "summary_last_dropout": 0.1,
  "summary_type": "last",
  "summary_use_proj": true,
  "task_specific_params": {
    "text-generation": {
      "do_sample": true,
      "max_length": 250
    }
  },
  "temperature": 1.0,
  "top_k": 50,
  "top_p": 1.0,
  "torchscript": false,
  "untie_r": true,
  "use_bfloat16": false,
  "vocab_size": 32000
}

Loading embeddings from: xlnet-base-cased
Model: DIS_Simple Avg Plus Max_Min
Encoder: XLNet
Starting new HTTPS connection (1): s3.amazonaws.com:443
https://s3.amazonaws.com:443 "HEAD /models.huggingface.co/bert/xlnet-base-cased-config.json HTTP/1.1" 200 0
loading configuration file https://s3.amazonaws.com/models.huggingface.co/bert/xlnet-base-cased-config.json from cache at /home/minghongxia/.cache/torch/transformers/c9cc6e53904f7f3679a31ec4af244f4419e25ebc8e71ebf8c558a31cbcf07fc8.69e5e35e0b798cab5e473f253752f8bf4d280ee37682281a23eed80f6e2d09c6
Model config XLNetConfig {
  "architectures": [
    "XLNetLMHeadModel"
  ],
  "attn_type": "bi",
  "bi_data": false,
  "bos_token_id": 1,
  "clamp_len": -1,
  "d_head": 64,
  "d_inner": 3072,
  "d_model": 768,
  "do_sample": false,
  "dropout": 0.1,
  "end_n_top": 5,
  "eos_token_id": 2,
  "eos_token_ids": 0,
  "ff_activation": "gelu",
  "finetuning_task": null,
  "id2label": {
    "0": "LABEL_0",
    "1": "LABEL_1"
  },
  "initializer_range": 0.02,
  "is_decoder": false,
  "label2id": {
    "LABEL_0": 0,
    "LABEL_1": 1
  },
  "layer_norm_eps": 1e-12,
  "length_penalty": 1.0,
  "max_length": 20,
  "mem_len": null,
  "model_type": "xlnet",
  "n_head": 12,
  "n_layer": 12,
  "num_beams": 1,
  "num_labels": 2,
  "num_return_sequences": 1,
  "output_attentions": true,
  "output_hidden_states": false,
  "output_past": true,
  "pad_token_id": 5,
  "pruned_heads": {},
  "repetition_penalty": 1.0,
  "reuse_len": null,
  "same_length": false,
  "start_n_top": 5,
  "summary_activation": "tanh",
  "summary_last_dropout": 0.1,
  "summary_type": "last",
  "summary_use_proj": true,
  "task_specific_params": {
    "text-generation": {
      "do_sample": true,
      "max_length": 250
    }
  },
  "temperature": 1.0,
  "top_k": 50,
  "top_p": 1.0,
  "torchscript": false,
  "untie_r": true,
  "use_bfloat16": false,
  "vocab_size": 32000
}

Starting new HTTPS connection (1): s3.amazonaws.com:443
https://s3.amazonaws.com:443 "HEAD /models.huggingface.co/bert/xlnet-base-cased-pytorch_model.bin HTTP/1.1" 200 0
loading weights file https://s3.amazonaws.com/models.huggingface.co/bert/xlnet-base-cased-pytorch_model.bin from cache at /home/minghongxia/.cache/torch/transformers/24197ba0ce5dbfe23924431610704c88e2c0371afa49149360e4c823219ab474.7eac4fe898a021204e63c88c00ea68c60443c57f94b4bc3c02adbde6465745ac
Starting new HTTPS connection (1): s3.amazonaws.com:443
https://s3.amazonaws.com:443 "HEAD /models.huggingface.co/bert/xlnet-base-cased-config.json HTTP/1.1" 200 0
loading configuration file https://s3.amazonaws.com/models.huggingface.co/bert/xlnet-base-cased-config.json from cache at /home/minghongxia/.cache/torch/transformers/c9cc6e53904f7f3679a31ec4af244f4419e25ebc8e71ebf8c558a31cbcf07fc8.69e5e35e0b798cab5e473f253752f8bf4d280ee37682281a23eed80f6e2d09c6
Model config XLNetConfig {
  "architectures": [
    "XLNetLMHeadModel"
  ],
  "attn_type": "bi",
  "bi_data": false,
  "bos_token_id": 1,
  "clamp_len": -1,
  "d_head": 64,
  "d_inner": 3072,
  "d_model": 768,
  "do_sample": false,
  "dropout": 0.1,
  "end_n_top": 5,
  "eos_token_id": 2,
  "eos_token_ids": 0,
  "ff_activation": "gelu",
  "finetuning_task": null,
  "id2label": {
    "0": "LABEL_0",
    "1": "LABEL_1"
  },
  "initializer_range": 0.02,
  "is_decoder": false,
  "label2id": {
    "LABEL_0": 0,
    "LABEL_1": 1
  },
  "layer_norm_eps": 1e-12,
  "length_penalty": 1.0,
  "max_length": 20,
  "mem_len": null,
  "model_type": "xlnet",
  "n_head": 12,
  "n_layer": 12,
  "num_beams": 1,
  "num_labels": 2,
  "num_return_sequences": 1,
  "output_attentions": false,
  "output_hidden_states": false,
  "output_past": true,
  "pad_token_id": 5,
  "pruned_heads": {},
  "repetition_penalty": 1.0,
  "reuse_len": null,
  "same_length": false,
  "start_n_top": 5,
  "summary_activation": "tanh",
  "summary_last_dropout": 0.1,
  "summary_type": "last",
  "summary_use_proj": true,
  "task_specific_params": {
    "text-generation": {
      "do_sample": true,
      "max_length": 250
    }
  },
  "temperature": 1.0,
  "top_k": 50,
  "top_p": 1.0,
  "torchscript": false,
  "untie_r": true,
  "use_bfloat16": false,
  "vocab_size": 32000
}

Optimizer: adam
Optimizer: adam
**** Training Begins ****
**** Epoch 0/20 ****
Use CrossEntropyLoss
15/33-(2.049)
30/33-(1.979)
12/33-(1.735)
27/33-(1.849)

=== Evaluating Model ===
accuracy on Valid 0.5133531157270029

Best accuracy on Valid 0.5133531157270029
Total valid loss 0.8929934420368888
accuracy on Test 0.5727002967359051
Best accuracy on Test 0.5727002967359051

**** Epoch 0/20 ****
9/33-(1.343)
24/33-(0.987)
6/33-(1.733)
21/33-(1.743)

=== Evaluating Model ===
accuracy on Valid 0.45103857566765576

Total valid loss 0.9071661233901978
accuracy on Test 0.4807121661721068
Best accuracy on Test 0.5727002967359051

**** Epoch 1/20 ****
3/33-(1.657)
18/33-(1.376)
0/33-(1.704)
15/33-(0.872)

=== Evaluating Model ===
accuracy on Valid 0.6795252225519288

Best accuracy on Valid 0.6795252225519288
Total valid loss 0.662471360780976
accuracy on Test 0.6735905044510386
Best accuracy on Test 0.6735905044510386

**** Epoch 2/20 ****
30/33-(1.757)
12/33-(1.341)
27/33-(1.325)
9/33-(0.798)

=== Evaluating Model ===
accuracy on Valid 0.6735905044510386

Total valid loss 0.7262760976498778
accuracy on Test 0.6646884272997032
Best accuracy on Test 0.6735905044510386

**** Epoch 3/20 ****
24/33-(1.405)
6/33-(1.101)
21/33-(0.704)
3/33-(1.203)
18/33-(1.121)

=== Evaluating Model ===
accuracy on Valid 0.7270029673590505

Best accuracy on Valid 0.7270029673590505
Total valid loss 0.6051407199014317
accuracy on Test 0.6973293768545994
Best accuracy on Test 0.6973293768545994

**** Epoch 4/20 ****
0/33-(1.378)
15/33-(0.549)
30/33-(0.910)
12/33-(0.888)

=== Evaluating Model ===
accuracy on Valid 0.7418397626112759

Best accuracy on Valid 0.7418397626112759
Total valid loss 0.593710723248395
accuracy on Test 0.7091988130563798
Best accuracy on Test 0.7091988130563798

**** Epoch 5/20 ****
27/33-(0.711)
9/33-(0.460)
24/33-(1.038)
6/33-(1.143)

=== Evaluating Model ===
accuracy on Valid 0.6884272997032641

Total valid loss 0.8244020722129128
accuracy on Test 0.6409495548961425
Best accuracy on Test 0.7091988130563798

**** Epoch 6/20 ****
21/33-(0.503)
3/33-(0.438)
18/33-(0.954)
0/33-(1.465)

=== Evaluating Model ===
accuracy on Valid 0.6320474777448071

Total valid loss 1.0084177580746738
accuracy on Test 0.6112759643916914
Best accuracy on Test 0.7091988130563798

**** Epoch 7/20 ****
15/33-(0.816)
30/33-(0.413)
12/33-(0.860)
27/33-(1.023)

=== Evaluating Model ===
accuracy on Valid 0.712166172106825

Total valid loss 0.6691283383830027
accuracy on Test 0.6824925816023739
Best accuracy on Test 0.7091988130563798

**** Epoch 8/20 ****
9/33-(0.797)
24/33-(1.169)
6/33-(1.048)
21/33-(1.514)
3/33-(1.000)

=== Evaluating Model ===
accuracy on Valid 0.744807121661721

Best accuracy on Valid 0.744807121661721
Total valid loss 0.615391244603829
accuracy on Test 0.7210682492581603
Best accuracy on Test 0.7210682492581603

**** Epoch 9/20 ****
18/33-(0.700)
0/33-(0.425)
15/33-(1.102)
30/33-(2.651)

=== Evaluating Model ===
accuracy on Valid 0.7507418397626113

Best accuracy on Valid 0.7507418397626113
Total valid loss 0.6530032474547625
accuracy on Test 0.712166172106825
Best accuracy on Test 0.7210682492581603

**** Epoch 10/20 ****
12/33-(0.980)
27/33-(0.252)
9/33-(0.511)
24/33-(0.572)

=== Evaluating Model ===
accuracy on Valid 0.7359050445103857

Total valid loss 0.6508254937150262
accuracy on Test 0.6973293768545994
Best accuracy on Test 0.7210682492581603

**** Epoch 11/20 ****
6/33-(0.483)
21/33-(0.575)
3/33-(0.479)
18/33-(0.230)

=== Evaluating Model ===
accuracy on Valid 0.6973293768545994

Total valid loss 0.621584066613154
accuracy on Test 0.6943620178041543
Best accuracy on Test 0.7210682492581603

**** Epoch 12/20 ****
0/33-(0.759)
15/33-(0.300)
30/33-(0.417)
12/33-(0.974)

=== Evaluating Model ===
accuracy on Valid 0.7596439169139466

Best accuracy on Valid 0.7596439169139466
Total valid loss 0.7521431920203295
accuracy on Test 0.7062314540059347
Best accuracy on Test 0.7210682492581603

**** Epoch 13/20 ****
27/33-(0.638)
9/33-(0.104)
24/33-(0.333)
6/33-(0.228)
21/33-(1.814)

=== Evaluating Model ===
accuracy on Valid 0.7002967359050445

Total valid loss 0.7242780663073063
accuracy on Test 0.712166172106825
Best accuracy on Test 0.7210682492581603

**** Epoch 14/20 ****
3/33-(0.038)
18/33-(0.486)
0/33-(0.214)
15/33-(0.155)

=== Evaluating Model ===
accuracy on Valid 0.7151335311572701

Total valid loss 0.8850726989859884
accuracy on Test 0.7002967359050445
Best accuracy on Test 0.7210682492581603

**** Epoch 15/20 ****
30/33-(1.427)
12/33-(0.492)
27/33-(0.176)
9/33-(0.818)

=== Evaluating Model ===
accuracy on Valid 0.7388724035608308

Total valid loss 0.9347056936133992
accuracy on Test 0.6973293768545994
Best accuracy on Test 0.7210682492581603

**** Epoch 16/20 ****
24/33-(0.175)
6/33-(0.485)
21/33-(1.360)
3/33-(0.135)

=== Evaluating Model ===
accuracy on Valid 0.7388724035608308

Total valid loss 0.9312241524457932
accuracy on Test 0.7032640949554896
Best accuracy on Test 0.7210682492581603

**** Epoch 17/20 ****
18/33-(0.423)
0/33-(0.448)
15/33-(0.176)
30/33-(0.194)

=== Evaluating Model ===
accuracy on Valid 0.6083086053412463

Total valid loss 0.9625362824987281
accuracy on Test 0.6231454005934718
Best accuracy on Test 0.7210682492581603

**** Epoch 18/20 ****
12/33-(0.569)
27/33-(0.121)
9/33-(0.398)
24/33-(0.812)
6/33-(0.460)

=== Evaluating Model ===
accuracy on Valid 0.6824925816023739

Total valid loss 0.8038060489025983
accuracy on Test 0.7091988130563798
Best accuracy on Test 0.7210682492581603

**** Epoch 19/20 ****
21/33-(0.359)
Best accuracy on Test 0.7210682492581603

Source domain: 7, Target domain: 7, Cur_fold 3
Corpus: TOEFL
Starting new HTTPS connection (1): s3.amazonaws.com:443
https://s3.amazonaws.com:443 "HEAD /models.huggingface.co/bert/xlnet-base-cased-spiece.model HTTP/1.1" 200 0
loading file https://s3.amazonaws.com/models.huggingface.co/bert/xlnet-base-cased-spiece.model from cache at /home/minghongxia/.cache/torch/transformers/dad589d582573df0293448af5109cb6981ca77239ed314e15ca63b7b8a318ddd.8b10bd978b5d01c21303cc761fc9ecd464419b3bf921864a355ba807cfbfafa8
Loading these models for language: en (English):
=======================
| Processor | Package |
-----------------------
| tokenize  | ewt     |
=======================

Use device: gpu
Loading: tokenize
Done loading processors!
Loading these models for language: en (English):
=======================
| Processor | Package |
-----------------------
| tokenize  | ewt     |
=======================

Use device: gpu
Loading: tokenize
Done loading processors!
Loading these models for language: en (English):
=======================
| Processor | Package |
-----------------------
| tokenize  | ewt     |
=======================

Use device: gpu
Loading: tokenize
Done loading processors!
Starting new HTTPS connection (1): s3.amazonaws.com:443
https://s3.amazonaws.com:443 "HEAD /models.huggingface.co/bert/xlnet-base-cased-config.json HTTP/1.1" 200 0
loading configuration file https://s3.amazonaws.com/models.huggingface.co/bert/xlnet-base-cased-config.json from cache at /home/minghongxia/.cache/torch/transformers/c9cc6e53904f7f3679a31ec4af244f4419e25ebc8e71ebf8c558a31cbcf07fc8.69e5e35e0b798cab5e473f253752f8bf4d280ee37682281a23eed80f6e2d09c6
Model config XLNetConfig {
  "architectures": [
    "XLNetLMHeadModel"
  ],
  "attn_type": "bi",
  "bi_data": false,
  "bos_token_id": 1,
  "clamp_len": -1,
  "d_head": 64,
  "d_inner": 3072,
  "d_model": 768,
  "do_sample": false,
  "dropout": 0.1,
  "end_n_top": 5,
  "eos_token_id": 2,
  "eos_token_ids": 0,
  "ff_activation": "gelu",
  "finetuning_task": null,
  "id2label": {
    "0": "LABEL_0",
    "1": "LABEL_1"
  },
  "initializer_range": 0.02,
  "is_decoder": false,
  "label2id": {
    "LABEL_0": 0,
    "LABEL_1": 1
  },
  "layer_norm_eps": 1e-12,
  "length_penalty": 1.0,
  "max_length": 20,
  "mem_len": null,
  "model_type": "xlnet",
  "n_head": 12,
  "n_layer": 12,
  "num_beams": 1,
  "num_labels": 2,
  "num_return_sequences": 1,
  "output_attentions": false,
  "output_hidden_states": false,
  "output_past": true,
  "pad_token_id": 5,
  "pruned_heads": {},
  "repetition_penalty": 1.0,
  "reuse_len": null,
  "same_length": false,
  "start_n_top": 5,
  "summary_activation": "tanh",
  "summary_last_dropout": 0.1,
  "summary_type": "last",
  "summary_use_proj": true,
  "task_specific_params": {
    "text-generation": {
      "do_sample": true,
      "max_length": 250
    }
  },
  "temperature": 1.0,
  "top_k": 50,
  "top_p": 1.0,
  "torchscript": false,
  "untie_r": true,
  "use_bfloat16": false,
  "vocab_size": 32000
}

Loading embeddings from: xlnet-base-cased
Model: DIS_Simple Avg Plus Max_Min
Encoder: XLNet
Starting new HTTPS connection (1): s3.amazonaws.com:443
https://s3.amazonaws.com:443 "HEAD /models.huggingface.co/bert/xlnet-base-cased-config.json HTTP/1.1" 200 0
loading configuration file https://s3.amazonaws.com/models.huggingface.co/bert/xlnet-base-cased-config.json from cache at /home/minghongxia/.cache/torch/transformers/c9cc6e53904f7f3679a31ec4af244f4419e25ebc8e71ebf8c558a31cbcf07fc8.69e5e35e0b798cab5e473f253752f8bf4d280ee37682281a23eed80f6e2d09c6
Model config XLNetConfig {
  "architectures": [
    "XLNetLMHeadModel"
  ],
  "attn_type": "bi",
  "bi_data": false,
  "bos_token_id": 1,
  "clamp_len": -1,
  "d_head": 64,
  "d_inner": 3072,
  "d_model": 768,
  "do_sample": false,
  "dropout": 0.1,
  "end_n_top": 5,
  "eos_token_id": 2,
  "eos_token_ids": 0,
  "ff_activation": "gelu",
  "finetuning_task": null,
  "id2label": {
    "0": "LABEL_0",
    "1": "LABEL_1"
  },
  "initializer_range": 0.02,
  "is_decoder": false,
  "label2id": {
    "LABEL_0": 0,
    "LABEL_1": 1
  },
  "layer_norm_eps": 1e-12,
  "length_penalty": 1.0,
  "max_length": 20,
  "mem_len": null,
  "model_type": "xlnet",
  "n_head": 12,
  "n_layer": 12,
  "num_beams": 1,
  "num_labels": 2,
  "num_return_sequences": 1,
  "output_attentions": true,
  "output_hidden_states": false,
  "output_past": true,
  "pad_token_id": 5,
  "pruned_heads": {},
  "repetition_penalty": 1.0,
  "reuse_len": null,
  "same_length": false,
  "start_n_top": 5,
  "summary_activation": "tanh",
  "summary_last_dropout": 0.1,
  "summary_type": "last",
  "summary_use_proj": true,
  "task_specific_params": {
    "text-generation": {
      "do_sample": true,
      "max_length": 250
    }
  },
  "temperature": 1.0,
  "top_k": 50,
  "top_p": 1.0,
  "torchscript": false,
  "untie_r": true,
  "use_bfloat16": false,
  "vocab_size": 32000
}

Starting new HTTPS connection (1): s3.amazonaws.com:443
https://s3.amazonaws.com:443 "HEAD /models.huggingface.co/bert/xlnet-base-cased-pytorch_model.bin HTTP/1.1" 200 0
loading weights file https://s3.amazonaws.com/models.huggingface.co/bert/xlnet-base-cased-pytorch_model.bin from cache at /home/minghongxia/.cache/torch/transformers/24197ba0ce5dbfe23924431610704c88e2c0371afa49149360e4c823219ab474.7eac4fe898a021204e63c88c00ea68c60443c57f94b4bc3c02adbde6465745ac
Starting new HTTPS connection (1): s3.amazonaws.com:443
https://s3.amazonaws.com:443 "HEAD /models.huggingface.co/bert/xlnet-base-cased-config.json HTTP/1.1" 200 0
loading configuration file https://s3.amazonaws.com/models.huggingface.co/bert/xlnet-base-cased-config.json from cache at /home/minghongxia/.cache/torch/transformers/c9cc6e53904f7f3679a31ec4af244f4419e25ebc8e71ebf8c558a31cbcf07fc8.69e5e35e0b798cab5e473f253752f8bf4d280ee37682281a23eed80f6e2d09c6
Model config XLNetConfig {
  "architectures": [
    "XLNetLMHeadModel"
  ],
  "attn_type": "bi",
  "bi_data": false,
  "bos_token_id": 1,
  "clamp_len": -1,
  "d_head": 64,
  "d_inner": 3072,
  "d_model": 768,
  "do_sample": false,
  "dropout": 0.1,
  "end_n_top": 5,
  "eos_token_id": 2,
  "eos_token_ids": 0,
  "ff_activation": "gelu",
  "finetuning_task": null,
  "id2label": {
    "0": "LABEL_0",
    "1": "LABEL_1"
  },
  "initializer_range": 0.02,
  "is_decoder": false,
  "label2id": {
    "LABEL_0": 0,
    "LABEL_1": 1
  },
  "layer_norm_eps": 1e-12,
  "length_penalty": 1.0,
  "max_length": 20,
  "mem_len": null,
  "model_type": "xlnet",
  "n_head": 12,
  "n_layer": 12,
  "num_beams": 1,
  "num_labels": 2,
  "num_return_sequences": 1,
  "output_attentions": false,
  "output_hidden_states": false,
  "output_past": true,
  "pad_token_id": 5,
  "pruned_heads": {},
  "repetition_penalty": 1.0,
  "reuse_len": null,
  "same_length": false,
  "start_n_top": 5,
  "summary_activation": "tanh",
  "summary_last_dropout": 0.1,
  "summary_type": "last",
  "summary_use_proj": true,
  "task_specific_params": {
    "text-generation": {
      "do_sample": true,
      "max_length": 250
    }
  },
  "temperature": 1.0,
  "top_k": 50,
  "top_p": 1.0,
  "torchscript": false,
  "untie_r": true,
  "use_bfloat16": false,
  "vocab_size": 32000
}

Optimizer: adam
Optimizer: adam
**** Training Begins ****
**** Epoch 0/20 ****
Use CrossEntropyLoss
15/33-(2.070)
30/33-(1.222)
12/33-(1.172)
27/33-(1.318)

=== Evaluating Model ===
accuracy on Valid 0.6597633136094675

Best accuracy on Valid 0.6597633136094675
Total valid loss 0.8990047492764213
accuracy on Test 0.6350148367952523
Best accuracy on Test 0.6350148367952523

**** Epoch 0/20 ****
9/33-(1.553)
24/33-(1.227)
6/33-(1.395)
21/33-(1.324)

=== Evaluating Model ===
accuracy on Valid 0.665680473372781

Best accuracy on Valid 0.665680473372781
Total valid loss 0.7933447740294717
accuracy on Test 0.6528189910979229
Best accuracy on Test 0.6528189910979229

**** Epoch 1/20 ****
3/33-(1.737)
18/33-(1.683)
0/33-(1.177)
15/33-(1.164)

=== Evaluating Model ===
accuracy on Valid 0.5562130177514792

Total valid loss 0.9987700364806436
accuracy on Test 0.5341246290801187
Best accuracy on Test 0.6528189910979229

**** Epoch 2/20 ****
30/33-(1.752)
12/33-(0.828)
27/33-(0.853)
9/33-(0.596)

=== Evaluating Model ===
accuracy on Valid 0.636094674556213

Total valid loss 0.858090881596912
accuracy on Test 0.5816023738872403
Best accuracy on Test 0.6528189910979229

**** Epoch 3/20 ****
24/33-(1.425)
6/33-(0.952)
21/33-(1.526)
3/33-(2.467)
18/33-(2.052)

=== Evaluating Model ===
accuracy on Valid 0.606508875739645

Total valid loss 0.9398452649739656
accuracy on Test 0.5578635014836796
Best accuracy on Test 0.6528189910979229

**** Epoch 4/20 ****
0/33-(1.071)
15/33-(1.009)
30/33-(0.708)
12/33-(1.293)

=== Evaluating Model ===
accuracy on Valid 0.7366863905325444

Best accuracy on Valid 0.7366863905325444
Total valid loss 0.6131194335493174
accuracy on Test 0.7329376854599406
Best accuracy on Test 0.7329376854599406

**** Epoch 5/20 ****
27/33-(1.203)
9/33-(0.969)
24/33-(1.217)
6/33-(1.221)

=== Evaluating Model ===
accuracy on Valid 0.6627218934911243

Total valid loss 0.7056314477866347
accuracy on Test 0.7032640949554896
Best accuracy on Test 0.7329376854599406

**** Epoch 6/20 ****
21/33-(1.893)
3/33-(1.883)
18/33-(0.415)
0/33-(0.928)

=== Evaluating Model ===
accuracy on Valid 0.5976331360946746

Total valid loss 1.0261220771142028
accuracy on Test 0.5727002967359051
Best accuracy on Test 0.7329376854599406

**** Epoch 7/20 ****
15/33-(0.926)
30/33-(1.109)
12/33-(1.043)
27/33-(0.770)

=== Evaluating Model ===
accuracy on Valid 0.7218934911242604

Total valid loss 0.7054743340069597
accuracy on Test 0.7270029673590505
Best accuracy on Test 0.7329376854599406

**** Epoch 8/20 ****
9/33-(0.576)
24/33-(1.423)
6/33-(0.724)
21/33-(0.487)
3/33-(0.451)

=== Evaluating Model ===
accuracy on Valid 0.6479289940828402

Total valid loss 0.7689583127132871
accuracy on Test 0.658753709198813
Best accuracy on Test 0.7329376854599406

**** Epoch 9/20 ****
18/33-(0.691)
0/33-(1.359)
15/33-(0.439)
30/33-(0.672)

=== Evaluating Model ===
accuracy on Valid 0.7337278106508875

Total valid loss 0.7048976972106505
accuracy on Test 0.7418397626112759
Best accuracy on Test 0.7418397626112759

**** Epoch 10/20 ****
12/33-(0.540)
27/33-(0.580)
9/33-(0.387)
24/33-(0.290)

=== Evaluating Model ===
accuracy on Valid 0.7130177514792899

Total valid loss 0.7331310700286519
accuracy on Test 0.7270029673590505
Best accuracy on Test 0.7418397626112759

**** Epoch 11/20 ****
6/33-(0.905)
21/33-(0.945)
3/33-(0.487)
18/33-(0.817)

=== Evaluating Model ===
accuracy on Valid 0.7307692307692307

Total valid loss 0.7153177398510955
accuracy on Test 0.712166172106825
Best accuracy on Test 0.7418397626112759

**** Epoch 12/20 ****
0/33-(1.094)
15/33-(0.089)
30/33-(0.410)
12/33-(1.799)

=== Evaluating Model ===
accuracy on Valid 0.6982248520710059

Total valid loss 0.7795421792702242
accuracy on Test 0.744807121661721
Best accuracy on Test 0.744807121661721

**** Epoch 13/20 ****
27/33-(0.265)
9/33-(2.411)
24/33-(0.352)
6/33-(0.603)
21/33-(0.690)

=== Evaluating Model ===
accuracy on Valid 0.7337278106508875

Total valid loss 0.7504196441309019
accuracy on Test 0.7210682492581603
Best accuracy on Test 0.744807121661721

**** Epoch 14/20 ****
3/33-(1.008)
18/33-(0.164)
0/33-(0.436)
15/33-(0.367)

=== Evaluating Model ===
accuracy on Valid 0.6952662721893491

Total valid loss 0.8529763343235985
accuracy on Test 0.6913946587537092
Best accuracy on Test 0.744807121661721

**** Epoch 15/20 ****
30/33-(1.110)
12/33-(0.549)
27/33-(0.321)
9/33-(0.334)

=== Evaluating Model ===
accuracy on Valid 0.6627218934911243

Total valid loss 1.0735340116397394
accuracy on Test 0.6379821958456974
Best accuracy on Test 0.744807121661721

**** Epoch 16/20 ****
24/33-(0.143)
6/33-(0.101)
21/33-(0.113)
3/33-(0.330)

=== Evaluating Model ===
accuracy on Valid 0.7189349112426036

Total valid loss 0.8446488105268641
accuracy on Test 0.7655786350148368
Best accuracy on Test 0.7655786350148368

**** Epoch 17/20 ****
18/33-(0.126)
0/33-(0.066)
15/33-(1.436)
30/33-(0.115)

=== Evaluating Model ===
accuracy on Valid 0.7041420118343196

Total valid loss 0.9283432415686548
accuracy on Test 0.7240356083086054
Best accuracy on Test 0.7655786350148368

**** Epoch 18/20 ****
12/33-(2.082)
27/33-(0.277)
9/33-(0.341)
24/33-(0.328)
6/33-(0.581)

=== Evaluating Model ===
accuracy on Valid 0.6923076923076923

Total valid loss 1.2099874825640158
accuracy on Test 0.7359050445103857
Best accuracy on Test 0.7655786350148368

**** Epoch 19/20 ****
21/33-(0.191)
Best accuracy on Test 0.7655786350148368

Source domain: 7, Target domain: 7, Cur_fold 4
Corpus: TOEFL
Starting new HTTPS connection (1): s3.amazonaws.com:443
https://s3.amazonaws.com:443 "HEAD /models.huggingface.co/bert/xlnet-base-cased-spiece.model HTTP/1.1" 200 0
loading file https://s3.amazonaws.com/models.huggingface.co/bert/xlnet-base-cased-spiece.model from cache at /home/minghongxia/.cache/torch/transformers/dad589d582573df0293448af5109cb6981ca77239ed314e15ca63b7b8a318ddd.8b10bd978b5d01c21303cc761fc9ecd464419b3bf921864a355ba807cfbfafa8
Loading these models for language: en (English):
=======================
| Processor | Package |
-----------------------
| tokenize  | ewt     |
=======================

Use device: gpu
Loading: tokenize
Done loading processors!
Loading these models for language: en (English):
=======================
| Processor | Package |
-----------------------
| tokenize  | ewt     |
=======================

Use device: gpu
Loading: tokenize
Done loading processors!
Loading these models for language: en (English):
=======================
| Processor | Package |
-----------------------
| tokenize  | ewt     |
=======================

Use device: gpu
Loading: tokenize
Done loading processors!
Starting new HTTPS connection (1): s3.amazonaws.com:443
https://s3.amazonaws.com:443 "HEAD /models.huggingface.co/bert/xlnet-base-cased-config.json HTTP/1.1" 200 0
loading configuration file https://s3.amazonaws.com/models.huggingface.co/bert/xlnet-base-cased-config.json from cache at /home/minghongxia/.cache/torch/transformers/c9cc6e53904f7f3679a31ec4af244f4419e25ebc8e71ebf8c558a31cbcf07fc8.69e5e35e0b798cab5e473f253752f8bf4d280ee37682281a23eed80f6e2d09c6
Model config XLNetConfig {
  "architectures": [
    "XLNetLMHeadModel"
  ],
  "attn_type": "bi",
  "bi_data": false,
  "bos_token_id": 1,
  "clamp_len": -1,
  "d_head": 64,
  "d_inner": 3072,
  "d_model": 768,
  "do_sample": false,
  "dropout": 0.1,
  "end_n_top": 5,
  "eos_token_id": 2,
  "eos_token_ids": 0,
  "ff_activation": "gelu",
  "finetuning_task": null,
  "id2label": {
    "0": "LABEL_0",
    "1": "LABEL_1"
  },
  "initializer_range": 0.02,
  "is_decoder": false,
  "label2id": {
    "LABEL_0": 0,
    "LABEL_1": 1
  },
  "layer_norm_eps": 1e-12,
  "length_penalty": 1.0,
  "max_length": 20,
  "mem_len": null,
  "model_type": "xlnet",
  "n_head": 12,
  "n_layer": 12,
  "num_beams": 1,
  "num_labels": 2,
  "num_return_sequences": 1,
  "output_attentions": false,
  "output_hidden_states": false,
  "output_past": true,
  "pad_token_id": 5,
  "pruned_heads": {},
  "repetition_penalty": 1.0,
  "reuse_len": null,
  "same_length": false,
  "start_n_top": 5,
  "summary_activation": "tanh",
  "summary_last_dropout": 0.1,
  "summary_type": "last",
  "summary_use_proj": true,
  "task_specific_params": {
    "text-generation": {
      "do_sample": true,
      "max_length": 250
    }
  },
  "temperature": 1.0,
  "top_k": 50,
  "top_p": 1.0,
  "torchscript": false,
  "untie_r": true,
  "use_bfloat16": false,
  "vocab_size": 32000
}

Loading embeddings from: xlnet-base-cased
Model: DIS_Simple Avg Plus Max_Min
Encoder: XLNet
Starting new HTTPS connection (1): s3.amazonaws.com:443
https://s3.amazonaws.com:443 "HEAD /models.huggingface.co/bert/xlnet-base-cased-config.json HTTP/1.1" 200 0
loading configuration file https://s3.amazonaws.com/models.huggingface.co/bert/xlnet-base-cased-config.json from cache at /home/minghongxia/.cache/torch/transformers/c9cc6e53904f7f3679a31ec4af244f4419e25ebc8e71ebf8c558a31cbcf07fc8.69e5e35e0b798cab5e473f253752f8bf4d280ee37682281a23eed80f6e2d09c6
Model config XLNetConfig {
  "architectures": [
    "XLNetLMHeadModel"
  ],
  "attn_type": "bi",
  "bi_data": false,
  "bos_token_id": 1,
  "clamp_len": -1,
  "d_head": 64,
  "d_inner": 3072,
  "d_model": 768,
  "do_sample": false,
  "dropout": 0.1,
  "end_n_top": 5,
  "eos_token_id": 2,
  "eos_token_ids": 0,
  "ff_activation": "gelu",
  "finetuning_task": null,
  "id2label": {
    "0": "LABEL_0",
    "1": "LABEL_1"
  },
  "initializer_range": 0.02,
  "is_decoder": false,
  "label2id": {
    "LABEL_0": 0,
    "LABEL_1": 1
  },
  "layer_norm_eps": 1e-12,
  "length_penalty": 1.0,
  "max_length": 20,
  "mem_len": null,
  "model_type": "xlnet",
  "n_head": 12,
  "n_layer": 12,
  "num_beams": 1,
  "num_labels": 2,
  "num_return_sequences": 1,
  "output_attentions": true,
  "output_hidden_states": false,
  "output_past": true,
  "pad_token_id": 5,
  "pruned_heads": {},
  "repetition_penalty": 1.0,
  "reuse_len": null,
  "same_length": false,
  "start_n_top": 5,
  "summary_activation": "tanh",
  "summary_last_dropout": 0.1,
  "summary_type": "last",
  "summary_use_proj": true,
  "task_specific_params": {
    "text-generation": {
      "do_sample": true,
      "max_length": 250
    }
  },
  "temperature": 1.0,
  "top_k": 50,
  "top_p": 1.0,
  "torchscript": false,
  "untie_r": true,
  "use_bfloat16": false,
  "vocab_size": 32000
}

Starting new HTTPS connection (1): s3.amazonaws.com:443
https://s3.amazonaws.com:443 "HEAD /models.huggingface.co/bert/xlnet-base-cased-pytorch_model.bin HTTP/1.1" 200 0
loading weights file https://s3.amazonaws.com/models.huggingface.co/bert/xlnet-base-cased-pytorch_model.bin from cache at /home/minghongxia/.cache/torch/transformers/24197ba0ce5dbfe23924431610704c88e2c0371afa49149360e4c823219ab474.7eac4fe898a021204e63c88c00ea68c60443c57f94b4bc3c02adbde6465745ac
Starting new HTTPS connection (1): s3.amazonaws.com:443
https://s3.amazonaws.com:443 "HEAD /models.huggingface.co/bert/xlnet-base-cased-config.json HTTP/1.1" 200 0
loading configuration file https://s3.amazonaws.com/models.huggingface.co/bert/xlnet-base-cased-config.json from cache at /home/minghongxia/.cache/torch/transformers/c9cc6e53904f7f3679a31ec4af244f4419e25ebc8e71ebf8c558a31cbcf07fc8.69e5e35e0b798cab5e473f253752f8bf4d280ee37682281a23eed80f6e2d09c6
Model config XLNetConfig {
  "architectures": [
    "XLNetLMHeadModel"
  ],
  "attn_type": "bi",
  "bi_data": false,
  "bos_token_id": 1,
  "clamp_len": -1,
  "d_head": 64,
  "d_inner": 3072,
  "d_model": 768,
  "do_sample": false,
  "dropout": 0.1,
  "end_n_top": 5,
  "eos_token_id": 2,
  "eos_token_ids": 0,
  "ff_activation": "gelu",
  "finetuning_task": null,
  "id2label": {
    "0": "LABEL_0",
    "1": "LABEL_1"
  },
  "initializer_range": 0.02,
  "is_decoder": false,
  "label2id": {
    "LABEL_0": 0,
    "LABEL_1": 1
  },
  "layer_norm_eps": 1e-12,
  "length_penalty": 1.0,
  "max_length": 20,
  "mem_len": null,
  "model_type": "xlnet",
  "n_head": 12,
  "n_layer": 12,
  "num_beams": 1,
  "num_labels": 2,
  "num_return_sequences": 1,
  "output_attentions": false,
  "output_hidden_states": false,
  "output_past": true,
  "pad_token_id": 5,
  "pruned_heads": {},
  "repetition_penalty": 1.0,
  "reuse_len": null,
  "same_length": false,
  "start_n_top": 5,
  "summary_activation": "tanh",
  "summary_last_dropout": 0.1,
  "summary_type": "last",
  "summary_use_proj": true,
  "task_specific_params": {
    "text-generation": {
      "do_sample": true,
      "max_length": 250
    }
  },
  "temperature": 1.0,
  "top_k": 50,
  "top_p": 1.0,
  "torchscript": false,
  "untie_r": true,
  "use_bfloat16": false,
  "vocab_size": 32000
}

Optimizer: adam
Optimizer: adam
**** Training Begins ****
**** Epoch 0/20 ****
Use CrossEntropyLoss
15/33-(1.612)
30/33-(1.655)
12/33-(1.421)
27/33-(0.988)

=== Evaluating Model ===
accuracy on Valid 0.5400593471810089

Best accuracy on Valid 0.5400593471810089
Total valid loss 0.9012694277546622
accuracy on Test 0.5621301775147929
Best accuracy on Test 0.5621301775147929

**** Epoch 0/20 ****
9/33-(1.914)
24/33-(1.676)
6/33-(1.128)
21/33-(1.668)

=== Evaluating Model ===
accuracy on Valid 0.6350148367952523

Best accuracy on Valid 0.6350148367952523
Total valid loss 0.7699184255166487
accuracy on Test 0.6153846153846154
Best accuracy on Test 0.6153846153846154

**** Epoch 1/20 ****
3/33-(1.039)
18/33-(1.603)
0/33-(1.539)
15/33-(1.168)

=== Evaluating Model ===
accuracy on Valid 0.6973293768545994

Best accuracy on Valid 0.6973293768545994
Total valid loss 0.6518115482547067
accuracy on Test 0.6863905325443787
Best accuracy on Test 0.6863905325443787

**** Epoch 2/20 ****
30/33-(1.478)
12/33-(1.603)
27/33-(1.079)
9/33-(1.876)

=== Evaluating Model ===
accuracy on Valid 0.6913946587537092

Total valid loss 0.617123079570857
accuracy on Test 0.7071005917159763
Best accuracy on Test 0.7071005917159763

**** Epoch 3/20 ****
24/33-(1.873)
6/33-(1.092)
21/33-(1.036)
3/33-(1.551)
18/33-(1.234)

=== Evaluating Model ===
accuracy on Valid 0.6824925816023739

Total valid loss 0.7113504071127285
accuracy on Test 0.6686390532544378
Best accuracy on Test 0.7071005917159763

**** Epoch 4/20 ****
0/33-(1.202)
15/33-(0.743)
30/33-(1.051)
12/33-(0.939)

=== Evaluating Model ===
accuracy on Valid 0.7151335311572701

Best accuracy on Valid 0.7151335311572701
Total valid loss 0.6391336430202831
accuracy on Test 0.7041420118343196
Best accuracy on Test 0.7071005917159763

**** Epoch 5/20 ****
27/33-(1.334)
9/33-(1.031)
24/33-(1.442)
6/33-(0.883)

=== Evaluating Model ===
accuracy on Valid 0.658753709198813

Total valid loss 0.6182843392545526
accuracy on Test 0.7071005917159763
Best accuracy on Test 0.7071005917159763

**** Epoch 6/20 ****
21/33-(1.697)
3/33-(0.894)
18/33-(2.002)
0/33-(0.991)

=== Evaluating Model ===
accuracy on Valid 0.6439169139465876

Total valid loss 0.6239580423994497
accuracy on Test 0.6952662721893491
Best accuracy on Test 0.7071005917159763

**** Epoch 7/20 ****
15/33-(0.894)
30/33-(0.440)
12/33-(0.815)
27/33-(0.612)

=== Evaluating Model ===
accuracy on Valid 0.6617210682492581

Total valid loss 0.8665987727316943
accuracy on Test 0.6597633136094675
Best accuracy on Test 0.7071005917159763

**** Epoch 8/20 ****
9/33-(1.443)
24/33-(1.065)
6/33-(0.696)
21/33-(0.925)
3/33-(0.517)

=== Evaluating Model ===
accuracy on Valid 0.7270029673590505

Best accuracy on Valid 0.7270029673590505
Total valid loss 0.6455713144757531
accuracy on Test 0.7248520710059172
Best accuracy on Test 0.7248520710059172

**** Epoch 9/20 ****
18/33-(0.737)
0/33-(1.181)
15/33-(0.916)
30/33-(0.486)

=== Evaluating Model ===
accuracy on Valid 0.6765578635014837

Total valid loss 0.6433156159791079
accuracy on Test 0.7130177514792899
Best accuracy on Test 0.7248520710059172

**** Epoch 10/20 ****
12/33-(0.287)
27/33-(0.746)
9/33-(2.536)
24/33-(1.236)

=== Evaluating Model ===
accuracy on Valid 0.6973293768545994

Total valid loss 0.6977067962288857
accuracy on Test 0.7011834319526628
Best accuracy on Test 0.7248520710059172

**** Epoch 11/20 ****
6/33-(0.373)
21/33-(1.431)
3/33-(0.404)
18/33-(1.361)

=== Evaluating Model ===
accuracy on Valid 0.5875370919881305

Total valid loss 0.876762409101833
accuracy on Test 0.650887573964497
Best accuracy on Test 0.7248520710059172

**** Epoch 12/20 ****
0/33-(0.410)
15/33-(1.198)
30/33-(0.411)
12/33-(0.398)

=== Evaluating Model ===
accuracy on Valid 0.6824925816023739

Total valid loss 0.7213785621252927
accuracy on Test 0.7011834319526628
Best accuracy on Test 0.7248520710059172

**** Epoch 13/20 ****
27/33-(0.296)
9/33-(1.588)
24/33-(0.500)
6/33-(0.269)
21/33-(0.346)

=== Evaluating Model ===
accuracy on Valid 0.6409495548961425

Total valid loss 0.8010039573365991
accuracy on Test 0.7011834319526628
Best accuracy on Test 0.7248520710059172

**** Epoch 14/20 ****
3/33-(0.382)
18/33-(0.347)
0/33-(0.528)
15/33-(0.396)

=== Evaluating Model ===
accuracy on Valid 0.7032640949554896

Total valid loss 0.8716080811890689
accuracy on Test 0.6952662721893491
Best accuracy on Test 0.7248520710059172

**** Epoch 15/20 ****
30/33-(0.432)
12/33-(0.704)
27/33-(3.872)
9/33-(0.216)

=== Evaluating Model ===
accuracy on Valid 0.6943620178041543

Total valid loss 0.7978694059632041
accuracy on Test 0.7011834319526628
Best accuracy on Test 0.7248520710059172

**** Epoch 16/20 ****
24/33-(0.271)
6/33-(0.444)
21/33-(0.166)
3/33-(0.291)

=== Evaluating Model ===
accuracy on Valid 0.6231454005934718

Total valid loss 0.8516090999950062
accuracy on Test 0.6390532544378699
Best accuracy on Test 0.7248520710059172

**** Epoch 17/20 ****
18/33-(0.814)
0/33-(1.226)
15/33-(0.400)
30/33-(0.509)

=== Evaluating Model ===
accuracy on Valid 0.6320474777448071

Total valid loss 1.225865588946776
accuracy on Test 0.6272189349112426
Best accuracy on Test 0.7248520710059172

**** Epoch 18/20 ****
12/33-(0.432)
27/33-(0.128)
9/33-(0.461)
24/33-(0.121)
6/33-(0.412)

=== Evaluating Model ===
accuracy on Valid 0.6142433234421365

Total valid loss 1.1311054053631695
accuracy on Test 0.6242603550295858
Best accuracy on Test 0.7248520710059172

**** Epoch 19/20 ****
21/33-(0.169)
Best accuracy on Test 0.7248520710059172

Final k-fold valid 0.725389356135761
[0.7210682492581603, 0.7151335311572701, 0.744807121661721, 0.7189349112426036, 0.7270029673590505]
Final k-fold eval 0.7390356961002933
[0.7210682492581603, 0.7626112759643917, 0.7210682492581603, 0.7655786350148368, 0.7248520710059172]
