Source domain: Yahoo, Target domain: Yahoo, Cur_fold 2
Corpus: GCDC
Starting new HTTPS connection (1): s3.amazonaws.com:443
loading file https://s3.amazonaws.com/models.huggingface.co/bert/xlnet-base-cased-spiece.model from cache at /home/minghongxia/.cache/torch/transformers/dad589d582573df0293448af5109cb6981ca77239ed314e15ca63b7b8a318ddd.8b10bd978b5d01c21303cc761fc9ecd464419b3bf921864a355ba807cfbfafa8
Loading these models for language: en (English):
=======================
| Processor | Package |
-----------------------
| tokenize  | ewt     |
=======================

Use device: gpu
Loading: tokenize
Done loading processors!
Loading these models for language: en (English):
=======================
| Processor | Package |
-----------------------
| tokenize  | ewt     |
=======================

Use device: gpu
Loading: tokenize
Done loading processors!
172.5
Starting new HTTPS connection (1): s3.amazonaws.com:443
https://s3.amazonaws.com:443 "HEAD /models.huggingface.co/bert/xlnet-base-cased-config.json HTTP/1.1" 200 0
loading configuration file https://s3.amazonaws.com/models.huggingface.co/bert/xlnet-base-cased-config.json from cache at /home/minghongxia/.cache/torch/transformers/c9cc6e53904f7f3679a31ec4af244f4419e25ebc8e71ebf8c558a31cbcf07fc8.69e5e35e0b798cab5e473f253752f8bf4d280ee37682281a23eed80f6e2d09c6
Model config XLNetConfig {
  "architectures": [
    "XLNetLMHeadModel"
  ],
  "attn_type": "bi",
  "bi_data": false,
  "bos_token_id": 1,
  "clamp_len": -1,
  "d_head": 64,
  "d_inner": 3072,
  "d_model": 768,
  "do_sample": false,
  "dropout": 0.1,
  "end_n_top": 5,
  "eos_token_id": 2,
  "eos_token_ids": 0,
  "ff_activation": "gelu",
  "finetuning_task": null,
  "id2label": {
    "0": "LABEL_0",
    "1": "LABEL_1"
  },
  "initializer_range": 0.02,
  "is_decoder": false,
  "label2id": {
    "LABEL_0": 0,
    "LABEL_1": 1
  },
  "layer_norm_eps": 1e-12,
  "length_penalty": 1.0,
  "max_length": 20,
  "mem_len": null,
  "model_type": "xlnet",
  "n_head": 12,
  "n_layer": 12,
  "num_beams": 1,
  "num_labels": 2,
  "num_return_sequences": 1,
  "output_attentions": false,
  "output_hidden_states": false,
  "output_past": true,
  "pad_token_id": 5,
  "pruned_heads": {},
  "repetition_penalty": 1.0,
  "reuse_len": null,
  "same_length": false,
  "start_n_top": 5,
  "summary_activation": "tanh",
  "summary_last_dropout": 0.1,
  "summary_type": "last",
  "summary_use_proj": true,
  "task_specific_params": {
    "text-generation": {
      "do_sample": true,
      "max_length": 250
    }
  },
  "temperature": 1.0,
  "top_k": 50,
  "top_p": 1.0,
  "torchscript": false,
  "untie_r": true,
  "use_bfloat16": false,
  "vocab_size": 32000
}

Loading embeddings from: xlnet-base-cased
Model: DIS_Simple Avg Plus Sentence Ordering
Encoder: XLNet
Starting new HTTPS connection (1): s3.amazonaws.com:443
https://s3.amazonaws.com:443 "HEAD /models.huggingface.co/bert/xlnet-base-cased-config.json HTTP/1.1" 200 0
loading configuration file https://s3.amazonaws.com/models.huggingface.co/bert/xlnet-base-cased-config.json from cache at /home/minghongxia/.cache/torch/transformers/c9cc6e53904f7f3679a31ec4af244f4419e25ebc8e71ebf8c558a31cbcf07fc8.69e5e35e0b798cab5e473f253752f8bf4d280ee37682281a23eed80f6e2d09c6
Model config XLNetConfig {
  "architectures": [
    "XLNetLMHeadModel"
  ],
  "attn_type": "bi",
  "bi_data": false,
  "bos_token_id": 1,
  "clamp_len": -1,
  "d_head": 64,
  "d_inner": 3072,
  "d_model": 768,
  "do_sample": false,
  "dropout": 0.1,
  "end_n_top": 5,
  "eos_token_id": 2,
  "eos_token_ids": 0,
  "ff_activation": "gelu",
  "finetuning_task": null,
  "id2label": {
    "0": "LABEL_0",
    "1": "LABEL_1"
  },
  "initializer_range": 0.02,
  "is_decoder": false,
  "label2id": {
    "LABEL_0": 0,
    "LABEL_1": 1
  },
  "layer_norm_eps": 1e-12,
  "length_penalty": 1.0,
  "max_length": 20,
  "mem_len": null,
  "model_type": "xlnet",
  "n_head": 12,
  "n_layer": 12,
  "num_beams": 1,
  "num_labels": 2,
  "num_return_sequences": 1,
  "output_attentions": true,
  "output_hidden_states": false,
  "output_past": true,
  "pad_token_id": 5,
  "pruned_heads": {},
  "repetition_penalty": 1.0,
  "reuse_len": null,
  "same_length": false,
  "start_n_top": 5,
  "summary_activation": "tanh",
  "summary_last_dropout": 0.1,
  "summary_type": "last",
  "summary_use_proj": true,
  "task_specific_params": {
    "text-generation": {
      "do_sample": true,
      "max_length": 250
    }
  },
  "temperature": 1.0,
  "top_k": 50,
  "top_p": 1.0,
  "torchscript": false,
  "untie_r": true,
  "use_bfloat16": false,
  "vocab_size": 32000
}

Starting new HTTPS connection (1): s3.amazonaws.com:443
https://s3.amazonaws.com:443 "HEAD /models.huggingface.co/bert/xlnet-base-cased-pytorch_model.bin HTTP/1.1" 200 0
loading weights file https://s3.amazonaws.com/models.huggingface.co/bert/xlnet-base-cased-pytorch_model.bin from cache at /home/minghongxia/.cache/torch/transformers/24197ba0ce5dbfe23924431610704c88e2c0371afa49149360e4c823219ab474.7eac4fe898a021204e63c88c00ea68c60443c57f94b4bc3c02adbde6465745ac
Starting new HTTPS connection (1): s3.amazonaws.com:443
https://s3.amazonaws.com:443 "HEAD /models.huggingface.co/bert/xlnet-base-cased-config.json HTTP/1.1" 200 0
loading configuration file https://s3.amazonaws.com/models.huggingface.co/bert/xlnet-base-cased-config.json from cache at /home/minghongxia/.cache/torch/transformers/c9cc6e53904f7f3679a31ec4af244f4419e25ebc8e71ebf8c558a31cbcf07fc8.69e5e35e0b798cab5e473f253752f8bf4d280ee37682281a23eed80f6e2d09c6
Model config XLNetConfig {
  "architectures": [
    "XLNetLMHeadModel"
  ],
  "attn_type": "bi",
  "bi_data": false,
  "bos_token_id": 1,
  "clamp_len": -1,
  "d_head": 64,
  "d_inner": 3072,
  "d_model": 768,
  "do_sample": false,
  "dropout": 0.1,
  "end_n_top": 5,
  "eos_token_id": 2,
  "eos_token_ids": 0,
  "ff_activation": "gelu",
  "finetuning_task": null,
  "id2label": {
    "0": "LABEL_0",
    "1": "LABEL_1"
  },
  "initializer_range": 0.02,
  "is_decoder": false,
  "label2id": {
    "LABEL_0": 0,
    "LABEL_1": 1
  },
  "layer_norm_eps": 1e-12,
  "length_penalty": 1.0,
  "max_length": 20,
  "mem_len": null,
  "model_type": "xlnet",
  "n_head": 12,
  "n_layer": 12,
  "num_beams": 1,
  "num_labels": 2,
  "num_return_sequences": 1,
  "output_attentions": false,
  "output_hidden_states": false,
  "output_past": true,
  "pad_token_id": 5,
  "pruned_heads": {},
  "repetition_penalty": 1.0,
  "reuse_len": null,
  "same_length": false,
  "start_n_top": 5,
  "summary_activation": "tanh",
  "summary_last_dropout": 0.1,
  "summary_type": "last",
  "summary_use_proj": true,
  "task_specific_params": {
    "text-generation": {
      "do_sample": true,
      "max_length": 250
    }
  },
  "temperature": 1.0,
  "top_k": 50,
  "top_p": 1.0,
  "torchscript": false,
  "untie_r": true,
  "use_bfloat16": false,
  "vocab_size": 32000
}

Optimizer: adam
Optimizer: adam
**** Training Begins ****
**** Epoch 0/20 ****
Use CrossEntropyLoss
15/33-(1.909)
30/33-(1.571)
12/33-(1.821)

=== Evaluating Model ===
Total valid loss 1.047865018248558
accuracy on Test 0.46111111111111114
Best accuracy on Test 0.46111111111111114

**** Epoch 0/20 ****
27/33-(1.202)
9/33-(1.627)
24/33-(0.990)
6/33-(1.180)

=== Evaluating Model ===
Total valid loss 1.131078451871872
accuracy on Test 0.4222222222222222
Best accuracy on Test 0.46111111111111114

**** Epoch 1/20 ****
21/33-(1.202)
3/33-(1.170)
18/33-(1.656)
0/33-(1.027)

=== Evaluating Model ===
Total valid loss 1.0832689503828685
accuracy on Test 0.45
Best accuracy on Test 0.46111111111111114

**** Epoch 2/20 ****
15/33-(0.854)
30/33-(1.117)
12/33-(0.839)

=== Evaluating Model ===
Total valid loss 1.05680613219738
accuracy on Test 0.49444444444444446
Best accuracy on Test 0.49444444444444446

**** Epoch 3/20 ****
27/33-(0.845)
9/33-(1.219)
24/33-(1.027)
6/33-(0.916)

=== Evaluating Model ===
Total valid loss 1.0403219908475876
accuracy on Test 0.5333333333333333
Best accuracy on Test 0.5333333333333333

**** Epoch 4/20 ****
21/33-(0.696)
3/33-(1.127)
18/33-(0.807)
0/33-(1.090)

=== Evaluating Model ===
Total valid loss 0.9860572963953018
accuracy on Test 0.5611111111111111
Best accuracy on Test 0.5611111111111111

**** Epoch 5/20 ****
15/33-(0.879)
30/33-(0.822)
12/33-(0.903)
27/33-(1.065)

=== Evaluating Model ===
Total valid loss 0.9921718190113703
accuracy on Test 0.5333333333333333
Best accuracy on Test 0.5611111111111111

**** Epoch 6/20 ****
9/33-(0.868)
24/33-(1.084)
6/33-(1.039)

=== Evaluating Model ===
Total valid loss 1.0579778949419658
accuracy on Test 0.55
Best accuracy on Test 0.5611111111111111

**** Epoch 7/20 ****
21/33-(1.114)
3/33-(0.736)
18/33-(0.758)
0/33-(0.793)

=== Evaluating Model ===
Total valid loss 1.2078970571358998
accuracy on Test 0.5333333333333333
Best accuracy on Test 0.5611111111111111

**** Epoch 8/20 ****
15/33-(0.774)
30/33-(0.743)
12/33-(0.495)
27/33-(0.840)

=== Evaluating Model ===
Total valid loss 1.8038535763820012
accuracy on Test 0.4888888888888889
Best accuracy on Test 0.5611111111111111

**** Epoch 9/20 ****
9/33-(0.897)
24/33-(0.224)
6/33-(0.712)
21/33-(0.753)

=== Evaluating Model ===
Total valid loss 1.443002666036288
accuracy on Test 0.5222222222222223
Best accuracy on Test 0.5611111111111111

**** Epoch 10/20 ****
3/33-(0.817)
18/33-(0.416)
0/33-(0.231)

=== Evaluating Model ===
Total valid loss 1.231521487236023
accuracy on Test 0.55
Best accuracy on Test 0.5611111111111111

**** Epoch 11/20 ****
15/33-(0.734)
30/33-(0.494)
12/33-(1.820)
27/33-(0.658)

=== Evaluating Model ===
Total valid loss 1.3415939509868622
accuracy on Test 0.5388888888888889
Best accuracy on Test 0.5611111111111111

**** Epoch 12/20 ****
9/33-(0.800)
