Whole k-fold eval mode
Source domain: Yahoo, Target domain: Yahoo, Cur_fold 0
Corpus: GCDC
Starting new HTTPS connection (1): s3.amazonaws.com:443
https://s3.amazonaws.com:443 "HEAD /models.huggingface.co/bert/xlnet-base-cased-spiece.model HTTP/1.1" 200 0
loading file https://s3.amazonaws.com/models.huggingface.co/bert/xlnet-base-cased-spiece.model from cache at /home/minghongxia/.cache/torch/transformers/dad589d582573df0293448af5109cb6981ca77239ed314e15ca63b7b8a318ddd.8b10bd978b5d01c21303cc761fc9ecd464419b3bf921864a355ba807cfbfafa8
Loading these models for language: en (English):
=======================
| Processor | Package |
-----------------------
| tokenize  | ewt     |
=======================

Use device: gpu
Loading: tokenize
Done loading processors!
Loading these models for language: en (English):
=======================
| Processor | Package |
-----------------------
| tokenize  | ewt     |
=======================

Use device: gpu
Loading: tokenize
Done loading processors!
172.5
Starting new HTTPS connection (1): s3.amazonaws.com:443
https://s3.amazonaws.com:443 "HEAD /models.huggingface.co/bert/xlnet-base-cased-config.json HTTP/1.1" 200 0
loading configuration file https://s3.amazonaws.com/models.huggingface.co/bert/xlnet-base-cased-config.json from cache at /home/minghongxia/.cache/torch/transformers/c9cc6e53904f7f3679a31ec4af244f4419e25ebc8e71ebf8c558a31cbcf07fc8.69e5e35e0b798cab5e473f253752f8bf4d280ee37682281a23eed80f6e2d09c6
Model config XLNetConfig {
  "architectures": [
    "XLNetLMHeadModel"
  ],
  "attn_type": "bi",
  "bi_data": false,
  "bos_token_id": 1,
  "clamp_len": -1,
  "d_head": 64,
  "d_inner": 3072,
  "d_model": 768,
  "do_sample": false,
  "dropout": 0.1,
  "end_n_top": 5,
  "eos_token_id": 2,
  "eos_token_ids": 0,
  "ff_activation": "gelu",
  "finetuning_task": null,
  "id2label": {
    "0": "LABEL_0",
    "1": "LABEL_1"
  },
  "initializer_range": 0.02,
  "is_decoder": false,
  "label2id": {
    "LABEL_0": 0,
    "LABEL_1": 1
  },
  "layer_norm_eps": 1e-12,
  "length_penalty": 1.0,
  "max_length": 20,
  "mem_len": null,
  "model_type": "xlnet",
  "n_head": 12,
  "n_layer": 12,
  "num_beams": 1,
  "num_labels": 2,
  "num_return_sequences": 1,
  "output_attentions": false,
  "output_hidden_states": false,
  "output_past": true,
  "pad_token_id": 5,
  "pruned_heads": {},
  "repetition_penalty": 1.0,
  "reuse_len": null,
  "same_length": false,
  "start_n_top": 5,
  "summary_activation": "tanh",
  "summary_last_dropout": 0.1,
  "summary_type": "last",
  "summary_use_proj": true,
  "task_specific_params": {
    "text-generation": {
      "do_sample": true,
      "max_length": 250
    }
  },
  "temperature": 1.0,
  "top_k": 50,
  "top_p": 1.0,
  "torchscript": false,
  "untie_r": true,
  "use_bfloat16": false,
  "vocab_size": 32000
}

Loading embeddings from: xlnet-base-cased
Model: DIS_Simple Avg Plus Sentence Ordering
Encoder: XLNet
Starting new HTTPS connection (1): s3.amazonaws.com:443
https://s3.amazonaws.com:443 "HEAD /models.huggingface.co/bert/xlnet-base-cased-config.json HTTP/1.1" 200 0
loading configuration file https://s3.amazonaws.com/models.huggingface.co/bert/xlnet-base-cased-config.json from cache at /home/minghongxia/.cache/torch/transformers/c9cc6e53904f7f3679a31ec4af244f4419e25ebc8e71ebf8c558a31cbcf07fc8.69e5e35e0b798cab5e473f253752f8bf4d280ee37682281a23eed80f6e2d09c6
Model config XLNetConfig {
  "architectures": [
    "XLNetLMHeadModel"
  ],
  "attn_type": "bi",
  "bi_data": false,
  "bos_token_id": 1,
  "clamp_len": -1,
  "d_head": 64,
  "d_inner": 3072,
  "d_model": 768,
  "do_sample": false,
  "dropout": 0.1,
  "end_n_top": 5,
  "eos_token_id": 2,
  "eos_token_ids": 0,
  "ff_activation": "gelu",
  "finetuning_task": null,
  "id2label": {
    "0": "LABEL_0",
    "1": "LABEL_1"
  },
  "initializer_range": 0.02,
  "is_decoder": false,
  "label2id": {
    "LABEL_0": 0,
    "LABEL_1": 1
  },
  "layer_norm_eps": 1e-12,
  "length_penalty": 1.0,
  "max_length": 20,
  "mem_len": null,
  "model_type": "xlnet",
  "n_head": 12,
  "n_layer": 12,
  "num_beams": 1,
  "num_labels": 2,
  "num_return_sequences": 1,
  "output_attentions": true,
  "output_hidden_states": false,
  "output_past": true,
  "pad_token_id": 5,
  "pruned_heads": {},
  "repetition_penalty": 1.0,
  "reuse_len": null,
  "same_length": false,
  "start_n_top": 5,
  "summary_activation": "tanh",
  "summary_last_dropout": 0.1,
  "summary_type": "last",
  "summary_use_proj": true,
  "task_specific_params": {
    "text-generation": {
      "do_sample": true,
      "max_length": 250
    }
  },
  "temperature": 1.0,
  "top_k": 50,
  "top_p": 1.0,
  "torchscript": false,
  "untie_r": true,
  "use_bfloat16": false,
  "vocab_size": 32000
}

Starting new HTTPS connection (1): s3.amazonaws.com:443
https://s3.amazonaws.com:443 "HEAD /models.huggingface.co/bert/xlnet-base-cased-pytorch_model.bin HTTP/1.1" 200 0
loading weights file https://s3.amazonaws.com/models.huggingface.co/bert/xlnet-base-cased-pytorch_model.bin from cache at /home/minghongxia/.cache/torch/transformers/24197ba0ce5dbfe23924431610704c88e2c0371afa49149360e4c823219ab474.7eac4fe898a021204e63c88c00ea68c60443c57f94b4bc3c02adbde6465745ac
Starting new HTTPS connection (1): s3.amazonaws.com:443
https://s3.amazonaws.com:443 "HEAD /models.huggingface.co/bert/xlnet-base-cased-config.json HTTP/1.1" 200 0
loading configuration file https://s3.amazonaws.com/models.huggingface.co/bert/xlnet-base-cased-config.json from cache at /home/minghongxia/.cache/torch/transformers/c9cc6e53904f7f3679a31ec4af244f4419e25ebc8e71ebf8c558a31cbcf07fc8.69e5e35e0b798cab5e473f253752f8bf4d280ee37682281a23eed80f6e2d09c6
Model config XLNetConfig {
  "architectures": [
    "XLNetLMHeadModel"
  ],
  "attn_type": "bi",
  "bi_data": false,
  "bos_token_id": 1,
  "clamp_len": -1,
  "d_head": 64,
  "d_inner": 3072,
  "d_model": 768,
  "do_sample": false,
  "dropout": 0.1,
  "end_n_top": 5,
  "eos_token_id": 2,
  "eos_token_ids": 0,
  "ff_activation": "gelu",
  "finetuning_task": null,
  "id2label": {
    "0": "LABEL_0",
    "1": "LABEL_1"
  },
  "initializer_range": 0.02,
  "is_decoder": false,
  "label2id": {
    "LABEL_0": 0,
    "LABEL_1": 1
  },
  "layer_norm_eps": 1e-12,
  "length_penalty": 1.0,
  "max_length": 20,
  "mem_len": null,
  "model_type": "xlnet",
  "n_head": 12,
  "n_layer": 12,
  "num_beams": 1,
  "num_labels": 2,
  "num_return_sequences": 1,
  "output_attentions": false,
  "output_hidden_states": false,
  "output_past": true,
  "pad_token_id": 5,
  "pruned_heads": {},
  "repetition_penalty": 1.0,
  "reuse_len": null,
  "same_length": false,
  "start_n_top": 5,
  "summary_activation": "tanh",
  "summary_last_dropout": 0.1,
  "summary_type": "last",
  "summary_use_proj": true,
  "task_specific_params": {
    "text-generation": {
      "do_sample": true,
      "max_length": 250
    }
  },
  "temperature": 1.0,
  "top_k": 50,
  "top_p": 1.0,
  "torchscript": false,
  "untie_r": true,
  "use_bfloat16": false,
  "vocab_size": 32000
}

Optimizer: adam
Optimizer: adam
**** Training Begins ****
**** Epoch 0/20 ****
Use CrossEntropyLoss
15/33-(2.024)
30/33-(1.637)
12/33-(1.421)

=== Evaluating Model ===
Total valid loss 1.0325312564770381
accuracy on Test 0.45555555555555555
Best accuracy on Test 0.45555555555555555

**** Epoch 0/20 ****
27/33-(1.635)
9/33-(1.252)
24/33-(1.355)
6/33-(1.221)

=== Evaluating Model ===
Total valid loss 1.0544878939787548
accuracy on Test 0.4111111111111111
Best accuracy on Test 0.45555555555555555

**** Epoch 1/20 ****
21/33-(1.212)
3/33-(1.166)
18/33-(1.155)
0/33-(1.403)

=== Evaluating Model ===
Total valid loss 1.0771438380082448
accuracy on Test 0.43333333333333335
Best accuracy on Test 0.45555555555555555

**** Epoch 2/20 ****
15/33-(0.983)
30/33-(1.076)
12/33-(1.020)

=== Evaluating Model ===
Total valid loss 1.4811849693457286
accuracy on Test 0.4166666666666667
Best accuracy on Test 0.45555555555555555

**** Epoch 3/20 ****
27/33-(1.277)
9/33-(1.053)
24/33-(1.135)
6/33-(1.090)

=== Evaluating Model ===
Total valid loss 1.0710741430521011
accuracy on Test 0.48333333333333334
Best accuracy on Test 0.48333333333333334

**** Epoch 4/20 ****
21/33-(1.521)
3/33-(0.618)
18/33-(1.145)
0/33-(0.988)

=== Evaluating Model ===
Total valid loss 1.0844570597012837
accuracy on Test 0.42777777777777776
Best accuracy on Test 0.48333333333333334

**** Epoch 5/20 ****
15/33-(0.895)
30/33-(0.904)
12/33-(0.866)
27/33-(0.957)

=== Evaluating Model ===
Total valid loss 0.9902252107858658
accuracy on Test 0.5277777777777778
Best accuracy on Test 0.5277777777777778

**** Epoch 6/20 ****
9/33-(1.072)
24/33-(0.798)
6/33-(0.932)

=== Evaluating Model ===
Total valid loss 1.4439178208510082
accuracy on Test 0.4111111111111111
Best accuracy on Test 0.5277777777777778

**** Epoch 7/20 ****
21/33-(1.249)
3/33-(0.724)
18/33-(0.737)
0/33-(0.900)

=== Evaluating Model ===
Total valid loss 0.9363343442479769
accuracy on Test 0.55
Best accuracy on Test 0.55

**** Epoch 8/20 ****
15/33-(1.185)
30/33-(0.451)
12/33-(0.619)
27/33-(0.805)

=== Evaluating Model ===
Total valid loss 1.1636306643486023
accuracy on Test 0.5444444444444444
Best accuracy on Test 0.55

**** Epoch 9/20 ****
9/33-(0.480)
24/33-(0.738)
6/33-(0.773)
21/33-(1.057)

=== Evaluating Model ===
Total valid loss 1.0502570097645123
accuracy on Test 0.5833333333333334
Best accuracy on Test 0.5833333333333334

**** Epoch 10/20 ****
3/33-(0.555)
18/33-(0.823)
0/33-(0.816)

=== Evaluating Model ===
Total valid loss 1.1269323527812958
accuracy on Test 0.5388888888888889
Best accuracy on Test 0.5833333333333334

**** Epoch 11/20 ****
15/33-(0.563)
30/33-(0.426)
12/33-(0.399)
27/33-(0.703)

=== Evaluating Model ===
Total valid loss 1.3282985389232635
accuracy on Test 0.5055555555555555
Best accuracy on Test 0.5833333333333334

**** Epoch 12/20 ****
9/33-(1.138)
24/33-(0.855)
6/33-(0.377)
21/33-(0.848)

=== Evaluating Model ===
Total valid loss 1.8799635271231334
accuracy on Test 0.4888888888888889
Best accuracy on Test 0.5833333333333334

**** Epoch 13/20 ****
3/33-(0.961)
18/33-(0.591)
0/33-(0.623)
15/33-(0.474)

=== Evaluating Model ===
Total valid loss 1.8808550188938777
accuracy on Test 0.5166666666666667
Best accuracy on Test 0.5833333333333334

**** Epoch 14/20 ****
30/33-(0.384)
12/33-(0.668)
27/33-(0.400)

=== Evaluating Model ===
Total valid loss 1.5824350665012996
accuracy on Test 0.4777777777777778
Best accuracy on Test 0.5833333333333334

**** Epoch 15/20 ****
9/33-(0.334)
24/33-(0.856)
6/33-(0.557)
21/33-(0.541)

=== Evaluating Model ===
Total valid loss 2.0578353504339852
accuracy on Test 0.4888888888888889
Best accuracy on Test 0.5833333333333334

**** Epoch 16/20 ****
3/33-(0.320)
18/33-(0.369)
0/33-(0.745)
15/33-(0.242)

=== Evaluating Model ===
Total valid loss 2.0910444060961404
accuracy on Test 0.5277777777777778
Best accuracy on Test 0.5833333333333334

**** Epoch 17/20 ****
30/33-(0.554)
12/33-(0.793)
27/33-(0.686)

=== Evaluating Model ===
Total valid loss 2.50573035577933
accuracy on Test 0.5166666666666667
Best accuracy on Test 0.5833333333333334

**** Epoch 18/20 ****
9/33-(1.455)
24/33-(1.159)
6/33-(0.189)
21/33-(0.430)

=== Evaluating Model ===
Total valid loss 2.0716793686151505
accuracy on Test 0.5111111111111111
Best accuracy on Test 0.5833333333333334

**** Epoch 19/20 ****
3/33-(0.596)
18/33-(0.005)
Best accuracy on Test 0.5833333333333334

Source domain: Yahoo, Target domain: Yahoo, Cur_fold 1
Corpus: GCDC
Starting new HTTPS connection (1): s3.amazonaws.com:443
https://s3.amazonaws.com:443 "HEAD /models.huggingface.co/bert/xlnet-base-cased-spiece.model HTTP/1.1" 200 0
loading file https://s3.amazonaws.com/models.huggingface.co/bert/xlnet-base-cased-spiece.model from cache at /home/minghongxia/.cache/torch/transformers/dad589d582573df0293448af5109cb6981ca77239ed314e15ca63b7b8a318ddd.8b10bd978b5d01c21303cc761fc9ecd464419b3bf921864a355ba807cfbfafa8
Loading these models for language: en (English):
=======================
| Processor | Package |
-----------------------
| tokenize  | ewt     |
=======================

Use device: gpu
Loading: tokenize
Done loading processors!
Loading these models for language: en (English):
=======================
| Processor | Package |
-----------------------
| tokenize  | ewt     |
=======================

Use device: gpu
Loading: tokenize
Done loading processors!
172.5
Starting new HTTPS connection (1): s3.amazonaws.com:443
https://s3.amazonaws.com:443 "HEAD /models.huggingface.co/bert/xlnet-base-cased-config.json HTTP/1.1" 200 0
loading configuration file https://s3.amazonaws.com/models.huggingface.co/bert/xlnet-base-cased-config.json from cache at /home/minghongxia/.cache/torch/transformers/c9cc6e53904f7f3679a31ec4af244f4419e25ebc8e71ebf8c558a31cbcf07fc8.69e5e35e0b798cab5e473f253752f8bf4d280ee37682281a23eed80f6e2d09c6
Model config XLNetConfig {
  "architectures": [
    "XLNetLMHeadModel"
  ],
  "attn_type": "bi",
  "bi_data": false,
  "bos_token_id": 1,
  "clamp_len": -1,
  "d_head": 64,
  "d_inner": 3072,
  "d_model": 768,
  "do_sample": false,
  "dropout": 0.1,
  "end_n_top": 5,
  "eos_token_id": 2,
  "eos_token_ids": 0,
  "ff_activation": "gelu",
  "finetuning_task": null,
  "id2label": {
    "0": "LABEL_0",
    "1": "LABEL_1"
  },
  "initializer_range": 0.02,
  "is_decoder": false,
  "label2id": {
    "LABEL_0": 0,
    "LABEL_1": 1
  },
  "layer_norm_eps": 1e-12,
  "length_penalty": 1.0,
  "max_length": 20,
  "mem_len": null,
  "model_type": "xlnet",
  "n_head": 12,
  "n_layer": 12,
  "num_beams": 1,
  "num_labels": 2,
  "num_return_sequences": 1,
  "output_attentions": false,
  "output_hidden_states": false,
  "output_past": true,
  "pad_token_id": 5,
  "pruned_heads": {},
  "repetition_penalty": 1.0,
  "reuse_len": null,
  "same_length": false,
  "start_n_top": 5,
  "summary_activation": "tanh",
  "summary_last_dropout": 0.1,
  "summary_type": "last",
  "summary_use_proj": true,
  "task_specific_params": {
    "text-generation": {
      "do_sample": true,
      "max_length": 250
    }
  },
  "temperature": 1.0,
  "top_k": 50,
  "top_p": 1.0,
  "torchscript": false,
  "untie_r": true,
  "use_bfloat16": false,
  "vocab_size": 32000
}

Loading embeddings from: xlnet-base-cased
Model: DIS_Simple Avg Plus Sentence Ordering
Encoder: XLNet
Starting new HTTPS connection (1): s3.amazonaws.com:443
https://s3.amazonaws.com:443 "HEAD /models.huggingface.co/bert/xlnet-base-cased-config.json HTTP/1.1" 200 0
loading configuration file https://s3.amazonaws.com/models.huggingface.co/bert/xlnet-base-cased-config.json from cache at /home/minghongxia/.cache/torch/transformers/c9cc6e53904f7f3679a31ec4af244f4419e25ebc8e71ebf8c558a31cbcf07fc8.69e5e35e0b798cab5e473f253752f8bf4d280ee37682281a23eed80f6e2d09c6
Model config XLNetConfig {
  "architectures": [
    "XLNetLMHeadModel"
  ],
  "attn_type": "bi",
  "bi_data": false,
  "bos_token_id": 1,
  "clamp_len": -1,
  "d_head": 64,
  "d_inner": 3072,
  "d_model": 768,
  "do_sample": false,
  "dropout": 0.1,
  "end_n_top": 5,
  "eos_token_id": 2,
  "eos_token_ids": 0,
  "ff_activation": "gelu",
  "finetuning_task": null,
  "id2label": {
    "0": "LABEL_0",
    "1": "LABEL_1"
  },
  "initializer_range": 0.02,
  "is_decoder": false,
  "label2id": {
    "LABEL_0": 0,
    "LABEL_1": 1
  },
  "layer_norm_eps": 1e-12,
  "length_penalty": 1.0,
  "max_length": 20,
  "mem_len": null,
  "model_type": "xlnet",
  "n_head": 12,
  "n_layer": 12,
  "num_beams": 1,
  "num_labels": 2,
  "num_return_sequences": 1,
  "output_attentions": true,
  "output_hidden_states": false,
  "output_past": true,
  "pad_token_id": 5,
  "pruned_heads": {},
  "repetition_penalty": 1.0,
  "reuse_len": null,
  "same_length": false,
  "start_n_top": 5,
  "summary_activation": "tanh",
  "summary_last_dropout": 0.1,
  "summary_type": "last",
  "summary_use_proj": true,
  "task_specific_params": {
    "text-generation": {
      "do_sample": true,
      "max_length": 250
    }
  },
  "temperature": 1.0,
  "top_k": 50,
  "top_p": 1.0,
  "torchscript": false,
  "untie_r": true,
  "use_bfloat16": false,
  "vocab_size": 32000
}

Starting new HTTPS connection (1): s3.amazonaws.com:443
https://s3.amazonaws.com:443 "HEAD /models.huggingface.co/bert/xlnet-base-cased-pytorch_model.bin HTTP/1.1" 200 0
loading weights file https://s3.amazonaws.com/models.huggingface.co/bert/xlnet-base-cased-pytorch_model.bin from cache at /home/minghongxia/.cache/torch/transformers/24197ba0ce5dbfe23924431610704c88e2c0371afa49149360e4c823219ab474.7eac4fe898a021204e63c88c00ea68c60443c57f94b4bc3c02adbde6465745ac
Starting new HTTPS connection (1): s3.amazonaws.com:443
https://s3.amazonaws.com:443 "HEAD /models.huggingface.co/bert/xlnet-base-cased-config.json HTTP/1.1" 200 0
loading configuration file https://s3.amazonaws.com/models.huggingface.co/bert/xlnet-base-cased-config.json from cache at /home/minghongxia/.cache/torch/transformers/c9cc6e53904f7f3679a31ec4af244f4419e25ebc8e71ebf8c558a31cbcf07fc8.69e5e35e0b798cab5e473f253752f8bf4d280ee37682281a23eed80f6e2d09c6
Model config XLNetConfig {
  "architectures": [
    "XLNetLMHeadModel"
  ],
  "attn_type": "bi",
  "bi_data": false,
  "bos_token_id": 1,
  "clamp_len": -1,
  "d_head": 64,
  "d_inner": 3072,
  "d_model": 768,
  "do_sample": false,
  "dropout": 0.1,
  "end_n_top": 5,
  "eos_token_id": 2,
  "eos_token_ids": 0,
  "ff_activation": "gelu",
  "finetuning_task": null,
  "id2label": {
    "0": "LABEL_0",
    "1": "LABEL_1"
  },
  "initializer_range": 0.02,
  "is_decoder": false,
  "label2id": {
    "LABEL_0": 0,
    "LABEL_1": 1
  },
  "layer_norm_eps": 1e-12,
  "length_penalty": 1.0,
  "max_length": 20,
  "mem_len": null,
  "model_type": "xlnet",
  "n_head": 12,
  "n_layer": 12,
  "num_beams": 1,
  "num_labels": 2,
  "num_return_sequences": 1,
  "output_attentions": false,
  "output_hidden_states": false,
  "output_past": true,
  "pad_token_id": 5,
  "pruned_heads": {},
  "repetition_penalty": 1.0,
  "reuse_len": null,
  "same_length": false,
  "start_n_top": 5,
  "summary_activation": "tanh",
  "summary_last_dropout": 0.1,
  "summary_type": "last",
  "summary_use_proj": true,
  "task_specific_params": {
    "text-generation": {
      "do_sample": true,
      "max_length": 250
    }
  },
  "temperature": 1.0,
  "top_k": 50,
  "top_p": 1.0,
  "torchscript": false,
  "untie_r": true,
  "use_bfloat16": false,
  "vocab_size": 32000
}

Optimizer: adam
Optimizer: adam
**** Training Begins ****
**** Epoch 0/20 ****
Use CrossEntropyLoss
15/33-(2.245)
30/33-(1.468)
12/33-(1.463)

=== Evaluating Model ===
Total valid loss 1.0658710151910782
accuracy on Test 0.39444444444444443
Best accuracy on Test 0.39444444444444443

**** Epoch 0/20 ****
27/33-(1.301)
9/33-(1.658)
24/33-(1.662)
6/33-(0.954)

=== Evaluating Model ===
Total valid loss 1.1436555832624435
accuracy on Test 0.45
Best accuracy on Test 0.45

**** Epoch 1/20 ****
21/33-(1.184)
3/33-(1.134)
18/33-(1.169)
0/33-(1.123)

=== Evaluating Model ===
Total valid loss 1.061072086294492
accuracy on Test 0.4666666666666667
Best accuracy on Test 0.4666666666666667

**** Epoch 2/20 ****
15/33-(1.030)
30/33-(0.943)
12/33-(0.706)

=== Evaluating Model ===
Total valid loss 1.0417205939690273
accuracy on Test 0.5055555555555555
Best accuracy on Test 0.5055555555555555

**** Epoch 3/20 ****
27/33-(1.108)
9/33-(1.136)
24/33-(1.454)
6/33-(0.938)

=== Evaluating Model ===
Total valid loss 1.0560077478488286
accuracy on Test 0.5388888888888889
Best accuracy on Test 0.5388888888888889

**** Epoch 4/20 ****
21/33-(1.566)
3/33-(0.884)
18/33-(0.584)
0/33-(0.750)

=== Evaluating Model ===
Total valid loss 1.099253887931506
accuracy on Test 0.5333333333333333
Best accuracy on Test 0.5388888888888889

**** Epoch 5/20 ****
15/33-(0.730)
30/33-(1.373)
12/33-(0.934)
27/33-(0.738)

=== Evaluating Model ===
Total valid loss 1.2657197912534077
accuracy on Test 0.5111111111111111
Best accuracy on Test 0.5388888888888889

**** Epoch 6/20 ****
9/33-(0.940)
24/33-(0.854)
6/33-(0.656)

=== Evaluating Model ===
Total valid loss 1.0832417805989583
accuracy on Test 0.5333333333333333
Best accuracy on Test 0.5388888888888889

**** Epoch 7/20 ****
21/33-(0.810)
3/33-(0.924)
18/33-(0.586)
0/33-(0.947)

=== Evaluating Model ===
Total valid loss 1.2892273167769115
accuracy on Test 0.4777777777777778
Best accuracy on Test 0.5388888888888889

**** Epoch 8/20 ****
15/33-(0.496)
30/33-(1.003)
12/33-(0.678)
27/33-(0.556)

=== Evaluating Model ===
Total valid loss 1.329101304213206
accuracy on Test 0.48333333333333334
Best accuracy on Test 0.5388888888888889

**** Epoch 9/20 ****
9/33-(0.980)
24/33-(0.512)
6/33-(0.702)
21/33-(0.673)

=== Evaluating Model ===
Total valid loss 1.372121274471283
accuracy on Test 0.5
Best accuracy on Test 0.5388888888888889

**** Epoch 10/20 ****
3/33-(0.506)
18/33-(0.416)
0/33-(0.591)

=== Evaluating Model ===
Total valid loss 1.311398575703303
accuracy on Test 0.5166666666666667
Best accuracy on Test 0.5388888888888889

**** Epoch 11/20 ****
15/33-(0.441)
30/33-(0.624)
12/33-(0.808)
27/33-(0.683)

=== Evaluating Model ===
Total valid loss 1.8495871027310689
accuracy on Test 0.5166666666666667
Best accuracy on Test 0.5388888888888889

**** Epoch 12/20 ****
9/33-(1.215)
24/33-(1.173)
6/33-(0.448)
21/33-(0.385)

=== Evaluating Model ===
Total valid loss 1.8199968487024307
accuracy on Test 0.5166666666666667
Best accuracy on Test 0.5388888888888889

**** Epoch 13/20 ****
3/33-(1.628)
18/33-(0.186)
0/33-(0.446)
15/33-(0.678)

=== Evaluating Model ===
Total valid loss 2.2571476101875305
accuracy on Test 0.48333333333333334
Best accuracy on Test 0.5388888888888889

**** Epoch 14/20 ****
30/33-(0.045)
12/33-(0.293)
27/33-(0.576)
