Whole k-fold eval mode
Source domain: Clinton, Target domain: Clinton, Cur_fold 0
Corpus: GCDC
Starting new HTTPS connection (1): s3.amazonaws.com:443
https://s3.amazonaws.com:443 "HEAD /models.huggingface.co/bert/xlnet-base-cased-spiece.model HTTP/1.1" 200 0
loading file https://s3.amazonaws.com/models.huggingface.co/bert/xlnet-base-cased-spiece.model from cache at /home/minghongxia/.cache/torch/transformers/dad589d582573df0293448af5109cb6981ca77239ed314e15ca63b7b8a318ddd.8b10bd978b5d01c21303cc761fc9ecd464419b3bf921864a355ba807cfbfafa8
Loading these models for language: en (English):
=======================
| Processor | Package |
-----------------------
| tokenize  | ewt     |
=======================

Use device: gpu
Loading: tokenize
Done loading processors!
Loading these models for language: en (English):
=======================
| Processor | Package |
-----------------------
| tokenize  | ewt     |
=======================

Use device: gpu
Loading: tokenize
Done loading processors!
315.5
Starting new HTTPS connection (1): s3.amazonaws.com:443
https://s3.amazonaws.com:443 "HEAD /models.huggingface.co/bert/xlnet-base-cased-config.json HTTP/1.1" 200 0
loading configuration file https://s3.amazonaws.com/models.huggingface.co/bert/xlnet-base-cased-config.json from cache at /home/minghongxia/.cache/torch/transformers/c9cc6e53904f7f3679a31ec4af244f4419e25ebc8e71ebf8c558a31cbcf07fc8.69e5e35e0b798cab5e473f253752f8bf4d280ee37682281a23eed80f6e2d09c6
Model config XLNetConfig {
  "architectures": [
    "XLNetLMHeadModel"
  ],
  "attn_type": "bi",
  "bi_data": false,
  "bos_token_id": 1,
  "clamp_len": -1,
  "d_head": 64,
  "d_inner": 3072,
  "d_model": 768,
  "do_sample": false,
  "dropout": 0.1,
  "end_n_top": 5,
  "eos_token_id": 2,
  "eos_token_ids": 0,
  "ff_activation": "gelu",
  "finetuning_task": null,
  "id2label": {
    "0": "LABEL_0",
    "1": "LABEL_1"
  },
  "initializer_range": 0.02,
  "is_decoder": false,
  "label2id": {
    "LABEL_0": 0,
    "LABEL_1": 1
  },
  "layer_norm_eps": 1e-12,
  "length_penalty": 1.0,
  "max_length": 20,
  "mem_len": null,
  "model_type": "xlnet",
  "n_head": 12,
  "n_layer": 12,
  "num_beams": 1,
  "num_labels": 2,
  "num_return_sequences": 1,
  "output_attentions": false,
  "output_hidden_states": false,
  "output_past": true,
  "pad_token_id": 5,
  "pruned_heads": {},
  "repetition_penalty": 1.0,
  "reuse_len": null,
  "same_length": false,
  "start_n_top": 5,
  "summary_activation": "tanh",
  "summary_last_dropout": 0.1,
  "summary_type": "last",
  "summary_use_proj": true,
  "task_specific_params": {
    "text-generation": {
      "do_sample": true,
      "max_length": 250
    }
  },
  "temperature": 1.0,
  "top_k": 50,
  "top_p": 1.0,
  "torchscript": false,
  "untie_r": true,
  "use_bfloat16": false,
  "vocab_size": 32000
}

Loading embeddings from: xlnet-base-cased
Model: DIS_Simple Avg Plus Sentence Ordering
Encoder: XLNet
Starting new HTTPS connection (1): s3.amazonaws.com:443
https://s3.amazonaws.com:443 "HEAD /models.huggingface.co/bert/xlnet-base-cased-config.json HTTP/1.1" 200 0
loading configuration file https://s3.amazonaws.com/models.huggingface.co/bert/xlnet-base-cased-config.json from cache at /home/minghongxia/.cache/torch/transformers/c9cc6e53904f7f3679a31ec4af244f4419e25ebc8e71ebf8c558a31cbcf07fc8.69e5e35e0b798cab5e473f253752f8bf4d280ee37682281a23eed80f6e2d09c6
Model config XLNetConfig {
  "architectures": [
    "XLNetLMHeadModel"
  ],
  "attn_type": "bi",
  "bi_data": false,
  "bos_token_id": 1,
  "clamp_len": -1,
  "d_head": 64,
  "d_inner": 3072,
  "d_model": 768,
  "do_sample": false,
  "dropout": 0.1,
  "end_n_top": 5,
  "eos_token_id": 2,
  "eos_token_ids": 0,
  "ff_activation": "gelu",
  "finetuning_task": null,
  "id2label": {
    "0": "LABEL_0",
    "1": "LABEL_1"
  },
  "initializer_range": 0.02,
  "is_decoder": false,
  "label2id": {
    "LABEL_0": 0,
    "LABEL_1": 1
  },
  "layer_norm_eps": 1e-12,
  "length_penalty": 1.0,
  "max_length": 20,
  "mem_len": null,
  "model_type": "xlnet",
  "n_head": 12,
  "n_layer": 12,
  "num_beams": 1,
  "num_labels": 2,
  "num_return_sequences": 1,
  "output_attentions": true,
  "output_hidden_states": false,
  "output_past": true,
  "pad_token_id": 5,
  "pruned_heads": {},
  "repetition_penalty": 1.0,
  "reuse_len": null,
  "same_length": false,
  "start_n_top": 5,
  "summary_activation": "tanh",
  "summary_last_dropout": 0.1,
  "summary_type": "last",
  "summary_use_proj": true,
  "task_specific_params": {
    "text-generation": {
      "do_sample": true,
      "max_length": 250
    }
  },
  "temperature": 1.0,
  "top_k": 50,
  "top_p": 1.0,
  "torchscript": false,
  "untie_r": true,
  "use_bfloat16": false,
  "vocab_size": 32000
}

Starting new HTTPS connection (1): s3.amazonaws.com:443
loading weights file https://s3.amazonaws.com/models.huggingface.co/bert/xlnet-base-cased-pytorch_model.bin from cache at /home/minghongxia/.cache/torch/transformers/24197ba0ce5dbfe23924431610704c88e2c0371afa49149360e4c823219ab474.7eac4fe898a021204e63c88c00ea68c60443c57f94b4bc3c02adbde6465745ac
Starting new HTTPS connection (1): s3.amazonaws.com:443
loading configuration file https://s3.amazonaws.com/models.huggingface.co/bert/xlnet-base-cased-config.json from cache at /home/minghongxia/.cache/torch/transformers/c9cc6e53904f7f3679a31ec4af244f4419e25ebc8e71ebf8c558a31cbcf07fc8.69e5e35e0b798cab5e473f253752f8bf4d280ee37682281a23eed80f6e2d09c6
Model config XLNetConfig {
  "architectures": [
    "XLNetLMHeadModel"
  ],
  "attn_type": "bi",
  "bi_data": false,
  "bos_token_id": 1,
  "clamp_len": -1,
  "d_head": 64,
  "d_inner": 3072,
  "d_model": 768,
  "do_sample": false,
  "dropout": 0.1,
  "end_n_top": 5,
  "eos_token_id": 2,
  "eos_token_ids": 0,
  "ff_activation": "gelu",
  "finetuning_task": null,
  "id2label": {
    "0": "LABEL_0",
    "1": "LABEL_1"
  },
  "initializer_range": 0.02,
  "is_decoder": false,
  "label2id": {
    "LABEL_0": 0,
    "LABEL_1": 1
  },
  "layer_norm_eps": 1e-12,
  "length_penalty": 1.0,
  "max_length": 20,
  "mem_len": null,
  "model_type": "xlnet",
  "n_head": 12,
  "n_layer": 12,
  "num_beams": 1,
  "num_labels": 2,
  "num_return_sequences": 1,
  "output_attentions": false,
  "output_hidden_states": false,
  "output_past": true,
  "pad_token_id": 5,
  "pruned_heads": {},
  "repetition_penalty": 1.0,
  "reuse_len": null,
  "same_length": false,
  "start_n_top": 5,
  "summary_activation": "tanh",
  "summary_last_dropout": 0.1,
  "summary_type": "last",
  "summary_use_proj": true,
  "task_specific_params": {
    "text-generation": {
      "do_sample": true,
      "max_length": 250
    }
  },
  "temperature": 1.0,
  "top_k": 50,
  "top_p": 1.0,
  "torchscript": false,
  "untie_r": true,
  "use_bfloat16": false,
  "vocab_size": 32000
}

Optimizer: adam
Optimizer: adam
**** Training Begins ****
**** Epoch 0/20 ****
Use CrossEntropyLoss
15/33-(1.903)
30/33-(1.322)
12/33-(1.337)

=== Evaluating Model ===
Total valid loss 1.0087757209936778
accuracy on Test 0.5555555555555556
Best accuracy on Test 0.5555555555555556

**** Epoch 0/20 ****
27/33-(1.180)
9/33-(1.253)
24/33-(0.968)
6/33-(1.341)

=== Evaluating Model ===
Total valid loss 0.9866644740104675
accuracy on Test 0.5888888888888889
Best accuracy on Test 0.5888888888888889

**** Epoch 1/20 ****
21/33-(1.187)
3/33-(1.023)
18/33-(1.083)
0/33-(1.164)

=== Evaluating Model ===
Total valid loss 1.0251011103391647
accuracy on Test 0.5444444444444444
Best accuracy on Test 0.5888888888888889

**** Epoch 2/20 ****
15/33-(1.748)
30/33-(1.050)
12/33-(1.069)

=== Evaluating Model ===
Total valid loss 1.1080782463153203
accuracy on Test 0.5555555555555556
Best accuracy on Test 0.5888888888888889

**** Epoch 3/20 ****
27/33-(1.276)
9/33-(0.975)
24/33-(1.295)
6/33-(1.033)

=== Evaluating Model ===
Total valid loss 0.8838063627481461
accuracy on Test 0.6166666666666667
Best accuracy on Test 0.6166666666666667

**** Epoch 4/20 ****
21/33-(1.597)
3/33-(0.954)
18/33-(1.120)
0/33-(1.000)

=== Evaluating Model ===
Total valid loss 0.888406366109848
accuracy on Test 0.6222222222222222
Best accuracy on Test 0.6222222222222222

**** Epoch 5/20 ****
15/33-(0.945)
30/33-(1.142)
12/33-(1.498)
27/33-(0.960)

=== Evaluating Model ===
Total valid loss 0.919317419330279
accuracy on Test 0.6055555555555555
Best accuracy on Test 0.6222222222222222

**** Epoch 6/20 ****
9/33-(0.884)
24/33-(0.689)
6/33-(0.766)

=== Evaluating Model ===
Total valid loss 1.2715009848276775
accuracy on Test 0.38333333333333336
Best accuracy on Test 0.6222222222222222

**** Epoch 7/20 ****
21/33-(0.994)
3/33-(0.995)
18/33-(0.717)
0/33-(0.750)

=== Evaluating Model ===
Total valid loss 1.0041105349858601
accuracy on Test 0.5333333333333333
Best accuracy on Test 0.6222222222222222

**** Epoch 8/20 ****
15/33-(0.703)
30/33-(0.774)
12/33-(0.776)
27/33-(1.082)

=== Evaluating Model ===
Total valid loss 1.2114414821068447
accuracy on Test 0.5444444444444444
Best accuracy on Test 0.6222222222222222

**** Epoch 9/20 ****
9/33-(1.381)
24/33-(0.640)
6/33-(0.928)
21/33-(1.026)

=== Evaluating Model ===
Total valid loss 1.0722904602686565
accuracy on Test 0.5944444444444444
Best accuracy on Test 0.6222222222222222

**** Epoch 10/20 ****
3/33-(0.675)
18/33-(1.021)
0/33-(0.915)

=== Evaluating Model ===
Total valid loss 1.273297056555748
accuracy on Test 0.6055555555555555
Best accuracy on Test 0.6222222222222222

**** Epoch 11/20 ****
15/33-(0.723)
30/33-(0.561)
12/33-(0.518)
27/33-(0.755)

=== Evaluating Model ===
Total valid loss 1.2264862457911174
accuracy on Test 0.4888888888888889
Best accuracy on Test 0.6222222222222222

**** Epoch 12/20 ****
9/33-(0.764)
24/33-(0.371)
6/33-(0.751)
21/33-(0.613)

=== Evaluating Model ===
Total valid loss 1.4997341980536778
accuracy on Test 0.49444444444444446
Best accuracy on Test 0.6222222222222222

**** Epoch 13/20 ****
3/33-(0.907)
18/33-(0.545)
0/33-(0.401)
15/33-(0.332)

=== Evaluating Model ===
Total valid loss 1.375592475136121
accuracy on Test 0.5777777777777777
Best accuracy on Test 0.6222222222222222

**** Epoch 14/20 ****
30/33-(0.383)
12/33-(0.995)
27/33-(0.647)

=== Evaluating Model ===
Total valid loss 1.6562802543242772
accuracy on Test 0.45555555555555555
Best accuracy on Test 0.6222222222222222

**** Epoch 15/20 ****
9/33-(0.985)
24/33-(0.404)
6/33-(1.692)
21/33-(0.767)

=== Evaluating Model ===
Total valid loss 1.5927937577168148
accuracy on Test 0.5944444444444444
Best accuracy on Test 0.6222222222222222

**** Epoch 16/20 ****
3/33-(0.584)
18/33-(0.356)
0/33-(0.590)
15/33-(0.340)

=== Evaluating Model ===
Total valid loss 1.738337700565656
accuracy on Test 0.5166666666666667
Best accuracy on Test 0.6222222222222222

**** Epoch 17/20 ****
30/33-(0.630)
12/33-(0.524)
27/33-(0.432)

=== Evaluating Model ===
Total valid loss 2.3588418513536453
accuracy on Test 0.5388888888888889
Best accuracy on Test 0.6222222222222222

**** Epoch 18/20 ****
9/33-(0.368)
24/33-(0.616)
6/33-(0.654)
21/33-(1.210)

=== Evaluating Model ===
Total valid loss 1.9242766847213109
accuracy on Test 0.5277777777777778
Best accuracy on Test 0.6222222222222222

**** Epoch 19/20 ****
3/33-(0.289)
18/33-(0.020)
Best accuracy on Test 0.6222222222222222

Source domain: Clinton, Target domain: Clinton, Cur_fold 1
Corpus: GCDC
Starting new HTTPS connection (1): s3.amazonaws.com:443
https://s3.amazonaws.com:443 "HEAD /models.huggingface.co/bert/xlnet-base-cased-spiece.model HTTP/1.1" 200 0
loading file https://s3.amazonaws.com/models.huggingface.co/bert/xlnet-base-cased-spiece.model from cache at /home/minghongxia/.cache/torch/transformers/dad589d582573df0293448af5109cb6981ca77239ed314e15ca63b7b8a318ddd.8b10bd978b5d01c21303cc761fc9ecd464419b3bf921864a355ba807cfbfafa8
Loading these models for language: en (English):
=======================
| Processor | Package |
-----------------------
| tokenize  | ewt     |
=======================

Use device: gpu
Loading: tokenize
Done loading processors!
Loading these models for language: en (English):
=======================
| Processor | Package |
-----------------------
| tokenize  | ewt     |
=======================

Use device: gpu
Loading: tokenize
Done loading processors!
315.5
Starting new HTTPS connection (1): s3.amazonaws.com:443
https://s3.amazonaws.com:443 "HEAD /models.huggingface.co/bert/xlnet-base-cased-config.json HTTP/1.1" 200 0
loading configuration file https://s3.amazonaws.com/models.huggingface.co/bert/xlnet-base-cased-config.json from cache at /home/minghongxia/.cache/torch/transformers/c9cc6e53904f7f3679a31ec4af244f4419e25ebc8e71ebf8c558a31cbcf07fc8.69e5e35e0b798cab5e473f253752f8bf4d280ee37682281a23eed80f6e2d09c6
Model config XLNetConfig {
  "architectures": [
    "XLNetLMHeadModel"
  ],
  "attn_type": "bi",
  "bi_data": false,
  "bos_token_id": 1,
  "clamp_len": -1,
  "d_head": 64,
  "d_inner": 3072,
  "d_model": 768,
  "do_sample": false,
  "dropout": 0.1,
  "end_n_top": 5,
  "eos_token_id": 2,
  "eos_token_ids": 0,
  "ff_activation": "gelu",
  "finetuning_task": null,
  "id2label": {
    "0": "LABEL_0",
    "1": "LABEL_1"
  },
  "initializer_range": 0.02,
  "is_decoder": false,
  "label2id": {
    "LABEL_0": 0,
    "LABEL_1": 1
  },
  "layer_norm_eps": 1e-12,
  "length_penalty": 1.0,
  "max_length": 20,
  "mem_len": null,
  "model_type": "xlnet",
  "n_head": 12,
  "n_layer": 12,
  "num_beams": 1,
  "num_labels": 2,
  "num_return_sequences": 1,
  "output_attentions": false,
  "output_hidden_states": false,
  "output_past": true,
  "pad_token_id": 5,
  "pruned_heads": {},
  "repetition_penalty": 1.0,
  "reuse_len": null,
  "same_length": false,
  "start_n_top": 5,
  "summary_activation": "tanh",
  "summary_last_dropout": 0.1,
  "summary_type": "last",
  "summary_use_proj": true,
  "task_specific_params": {
    "text-generation": {
      "do_sample": true,
      "max_length": 250
    }
  },
  "temperature": 1.0,
  "top_k": 50,
  "top_p": 1.0,
  "torchscript": false,
  "untie_r": true,
  "use_bfloat16": false,
  "vocab_size": 32000
}

Loading embeddings from: xlnet-base-cased
Model: DIS_Simple Avg Plus Sentence Ordering
Encoder: XLNet
Starting new HTTPS connection (1): s3.amazonaws.com:443
https://s3.amazonaws.com:443 "HEAD /models.huggingface.co/bert/xlnet-base-cased-config.json HTTP/1.1" 200 0
loading configuration file https://s3.amazonaws.com/models.huggingface.co/bert/xlnet-base-cased-config.json from cache at /home/minghongxia/.cache/torch/transformers/c9cc6e53904f7f3679a31ec4af244f4419e25ebc8e71ebf8c558a31cbcf07fc8.69e5e35e0b798cab5e473f253752f8bf4d280ee37682281a23eed80f6e2d09c6
Model config XLNetConfig {
  "architectures": [
    "XLNetLMHeadModel"
  ],
  "attn_type": "bi",
  "bi_data": false,
  "bos_token_id": 1,
  "clamp_len": -1,
  "d_head": 64,
  "d_inner": 3072,
  "d_model": 768,
  "do_sample": false,
  "dropout": 0.1,
  "end_n_top": 5,
  "eos_token_id": 2,
  "eos_token_ids": 0,
  "ff_activation": "gelu",
  "finetuning_task": null,
  "id2label": {
    "0": "LABEL_0",
    "1": "LABEL_1"
  },
  "initializer_range": 0.02,
  "is_decoder": false,
  "label2id": {
    "LABEL_0": 0,
    "LABEL_1": 1
  },
  "layer_norm_eps": 1e-12,
  "length_penalty": 1.0,
  "max_length": 20,
  "mem_len": null,
  "model_type": "xlnet",
  "n_head": 12,
  "n_layer": 12,
  "num_beams": 1,
  "num_labels": 2,
  "num_return_sequences": 1,
  "output_attentions": true,
  "output_hidden_states": false,
  "output_past": true,
  "pad_token_id": 5,
  "pruned_heads": {},
  "repetition_penalty": 1.0,
  "reuse_len": null,
  "same_length": false,
  "start_n_top": 5,
  "summary_activation": "tanh",
  "summary_last_dropout": 0.1,
  "summary_type": "last",
  "summary_use_proj": true,
  "task_specific_params": {
    "text-generation": {
      "do_sample": true,
      "max_length": 250
    }
  },
  "temperature": 1.0,
  "top_k": 50,
  "top_p": 1.0,
  "torchscript": false,
  "untie_r": true,
  "use_bfloat16": false,
  "vocab_size": 32000
}

Starting new HTTPS connection (1): s3.amazonaws.com:443
https://s3.amazonaws.com:443 "HEAD /models.huggingface.co/bert/xlnet-base-cased-pytorch_model.bin HTTP/1.1" 200 0
loading weights file https://s3.amazonaws.com/models.huggingface.co/bert/xlnet-base-cased-pytorch_model.bin from cache at /home/minghongxia/.cache/torch/transformers/24197ba0ce5dbfe23924431610704c88e2c0371afa49149360e4c823219ab474.7eac4fe898a021204e63c88c00ea68c60443c57f94b4bc3c02adbde6465745ac
Starting new HTTPS connection (1): s3.amazonaws.com:443
https://s3.amazonaws.com:443 "HEAD /models.huggingface.co/bert/xlnet-base-cased-config.json HTTP/1.1" 200 0
loading configuration file https://s3.amazonaws.com/models.huggingface.co/bert/xlnet-base-cased-config.json from cache at /home/minghongxia/.cache/torch/transformers/c9cc6e53904f7f3679a31ec4af244f4419e25ebc8e71ebf8c558a31cbcf07fc8.69e5e35e0b798cab5e473f253752f8bf4d280ee37682281a23eed80f6e2d09c6
Model config XLNetConfig {
  "architectures": [
    "XLNetLMHeadModel"
  ],
  "attn_type": "bi",
  "bi_data": false,
  "bos_token_id": 1,
  "clamp_len": -1,
  "d_head": 64,
  "d_inner": 3072,
  "d_model": 768,
  "do_sample": false,
  "dropout": 0.1,
  "end_n_top": 5,
  "eos_token_id": 2,
  "eos_token_ids": 0,
  "ff_activation": "gelu",
  "finetuning_task": null,
  "id2label": {
    "0": "LABEL_0",
    "1": "LABEL_1"
  },
  "initializer_range": 0.02,
  "is_decoder": false,
  "label2id": {
    "LABEL_0": 0,
    "LABEL_1": 1
  },
  "layer_norm_eps": 1e-12,
  "length_penalty": 1.0,
  "max_length": 20,
  "mem_len": null,
  "model_type": "xlnet",
  "n_head": 12,
  "n_layer": 12,
  "num_beams": 1,
  "num_labels": 2,
  "num_return_sequences": 1,
  "output_attentions": false,
  "output_hidden_states": false,
  "output_past": true,
  "pad_token_id": 5,
  "pruned_heads": {},
  "repetition_penalty": 1.0,
  "reuse_len": null,
  "same_length": false,
  "start_n_top": 5,
  "summary_activation": "tanh",
  "summary_last_dropout": 0.1,
  "summary_type": "last",
  "summary_use_proj": true,
  "task_specific_params": {
    "text-generation": {
      "do_sample": true,
      "max_length": 250
    }
  },
  "temperature": 1.0,
  "top_k": 50,
  "top_p": 1.0,
  "torchscript": false,
  "untie_r": true,
  "use_bfloat16": false,
  "vocab_size": 32000
}

Optimizer: adam
Optimizer: adam
**** Training Begins ****
**** Epoch 0/20 ****
Use CrossEntropyLoss
15/33-(1.735)
30/33-(1.490)
12/33-(1.624)

=== Evaluating Model ===
Total valid loss 1.0442168017228444
accuracy on Test 0.4166666666666667
Best accuracy on Test 0.4166666666666667

**** Epoch 0/20 ****
27/33-(1.126)
9/33-(1.102)
24/33-(1.074)
6/33-(0.989)

=== Evaluating Model ===
Total valid loss 0.9476683884859085
accuracy on Test 0.5611111111111111
Best accuracy on Test 0.5611111111111111

**** Epoch 1/20 ****
21/33-(1.117)
3/33-(1.263)
18/33-(1.252)
0/33-(1.415)

=== Evaluating Model ===
Total valid loss 0.9325175831715266
accuracy on Test 0.5611111111111111
Best accuracy on Test 0.5611111111111111

**** Epoch 2/20 ****
15/33-(1.166)
30/33-(0.916)
12/33-(1.241)

=== Evaluating Model ===
Total valid loss 0.9942142963409424
accuracy on Test 0.5666666666666667
Best accuracy on Test 0.5666666666666667

**** Epoch 3/20 ****
27/33-(1.292)
9/33-(0.849)
24/33-(1.484)
6/33-(1.170)

=== Evaluating Model ===
Total valid loss 0.9860916485389074
accuracy on Test 0.5611111111111111
Best accuracy on Test 0.5666666666666667

**** Epoch 4/20 ****
21/33-(1.022)
3/33-(1.190)
18/33-(1.042)
0/33-(0.984)

=== Evaluating Model ===
Total valid loss 0.9800700893004736
accuracy on Test 0.5611111111111111
Best accuracy on Test 0.5666666666666667

**** Epoch 5/20 ****
15/33-(1.123)
30/33-(1.150)
12/33-(1.262)
27/33-(0.917)

=== Evaluating Model ===
Total valid loss 1.0280419712265332
accuracy on Test 0.5611111111111111
Best accuracy on Test 0.5666666666666667

**** Epoch 6/20 ****
9/33-(1.016)
24/33-(1.201)
6/33-(1.150)

=== Evaluating Model ===
Total valid loss 0.8871013770500819
accuracy on Test 0.5666666666666667
Best accuracy on Test 0.5666666666666667

**** Epoch 7/20 ****
21/33-(1.080)
3/33-(0.735)
18/33-(0.778)
0/33-(1.060)

=== Evaluating Model ===
Total valid loss 0.9118468935290972
accuracy on Test 0.5611111111111111
Best accuracy on Test 0.5666666666666667

**** Epoch 8/20 ****
15/33-(1.059)
30/33-(1.140)
12/33-(1.055)
27/33-(1.271)

=== Evaluating Model ===
Total valid loss 0.8960844924052557
accuracy on Test 0.6055555555555555
Best accuracy on Test 0.6055555555555555

**** Epoch 9/20 ****
9/33-(0.986)
24/33-(0.884)
6/33-(1.357)
21/33-(1.158)

=== Evaluating Model ===
Total valid loss 0.8924606988827387
accuracy on Test 0.5722222222222222
Best accuracy on Test 0.6055555555555555

**** Epoch 10/20 ****
3/33-(1.427)
18/33-(1.233)
0/33-(1.094)

=== Evaluating Model ===
Total valid loss 0.9398390054702759
accuracy on Test 0.6166666666666667
Best accuracy on Test 0.6166666666666667

**** Epoch 11/20 ****
15/33-(1.213)
30/33-(1.866)
12/33-(1.312)
27/33-(1.097)

=== Evaluating Model ===
Total valid loss 0.9473104625940323
accuracy on Test 0.5777777777777777
Best accuracy on Test 0.6166666666666667

**** Epoch 12/20 ****
9/33-(0.956)
24/33-(1.039)
6/33-(1.191)
21/33-(1.108)

=== Evaluating Model ===
Total valid loss 0.9007159868876139
accuracy on Test 0.5555555555555556
Best accuracy on Test 0.6166666666666667

**** Epoch 13/20 ****
3/33-(1.031)
18/33-(1.053)
0/33-(1.456)
15/33-(1.601)

=== Evaluating Model ===
Total valid loss 0.9416436478495598
accuracy on Test 0.5666666666666667
Best accuracy on Test 0.6166666666666667

**** Epoch 14/20 ****
30/33-(1.654)
12/33-(1.078)
27/33-(0.912)

=== Evaluating Model ===
Total valid loss 0.9863341699043909
accuracy on Test 0.5388888888888889
Best accuracy on Test 0.6166666666666667

**** Epoch 15/20 ****
9/33-(1.020)
24/33-(0.775)
6/33-(1.012)
21/33-(1.119)

=== Evaluating Model ===
Total valid loss 0.9090211987495422
accuracy on Test 0.5722222222222222
Best accuracy on Test 0.6166666666666667

**** Epoch 16/20 ****
3/33-(0.975)
18/33-(1.031)
0/33-(1.060)
15/33-(1.059)

=== Evaluating Model ===
Total valid loss 0.9177000497778257
accuracy on Test 0.5833333333333334
Best accuracy on Test 0.6166666666666667

**** Epoch 17/20 ****
30/33-(1.577)
12/33-(0.770)
27/33-(0.837)

=== Evaluating Model ===
Total valid loss 0.8793192245066166
accuracy on Test 0.5888888888888889
Best accuracy on Test 0.6166666666666667

**** Epoch 18/20 ****
9/33-(1.081)
24/33-(0.793)
6/33-(0.975)
21/33-(0.921)

=== Evaluating Model ===
Total valid loss 0.8232182798286279
accuracy on Test 0.6611111111111111
Best accuracy on Test 0.6611111111111111

**** Epoch 19/20 ****
3/33-(0.756)
18/33-(0.610)
Best accuracy on Test 0.6611111111111111

Source domain: Clinton, Target domain: Clinton, Cur_fold 2
Corpus: GCDC
Starting new HTTPS connection (1): s3.amazonaws.com:443
https://s3.amazonaws.com:443 "HEAD /models.huggingface.co/bert/xlnet-base-cased-spiece.model HTTP/1.1" 200 0
loading file https://s3.amazonaws.com/models.huggingface.co/bert/xlnet-base-cased-spiece.model from cache at /home/minghongxia/.cache/torch/transformers/dad589d582573df0293448af5109cb6981ca77239ed314e15ca63b7b8a318ddd.8b10bd978b5d01c21303cc761fc9ecd464419b3bf921864a355ba807cfbfafa8
Loading these models for language: en (English):
=======================
| Processor | Package |
-----------------------
| tokenize  | ewt     |
=======================

Use device: gpu
Loading: tokenize
Done loading processors!
Loading these models for language: en (English):
=======================
| Processor | Package |
-----------------------
| tokenize  | ewt     |
=======================

Use device: gpu
Loading: tokenize
Done loading processors!
315.5
Starting new HTTPS connection (1): s3.amazonaws.com:443
https://s3.amazonaws.com:443 "HEAD /models.huggingface.co/bert/xlnet-base-cased-config.json HTTP/1.1" 200 0
loading configuration file https://s3.amazonaws.com/models.huggingface.co/bert/xlnet-base-cased-config.json from cache at /home/minghongxia/.cache/torch/transformers/c9cc6e53904f7f3679a31ec4af244f4419e25ebc8e71ebf8c558a31cbcf07fc8.69e5e35e0b798cab5e473f253752f8bf4d280ee37682281a23eed80f6e2d09c6
Model config XLNetConfig {
  "architectures": [
    "XLNetLMHeadModel"
  ],
  "attn_type": "bi",
  "bi_data": false,
  "bos_token_id": 1,
  "clamp_len": -1,
  "d_head": 64,
  "d_inner": 3072,
  "d_model": 768,
  "do_sample": false,
  "dropout": 0.1,
  "end_n_top": 5,
  "eos_token_id": 2,
  "eos_token_ids": 0,
  "ff_activation": "gelu",
  "finetuning_task": null,
  "id2label": {
    "0": "LABEL_0",
    "1": "LABEL_1"
  },
  "initializer_range": 0.02,
  "is_decoder": false,
  "label2id": {
    "LABEL_0": 0,
    "LABEL_1": 1
  },
  "layer_norm_eps": 1e-12,
  "length_penalty": 1.0,
  "max_length": 20,
  "mem_len": null,
  "model_type": "xlnet",
  "n_head": 12,
  "n_layer": 12,
  "num_beams": 1,
  "num_labels": 2,
  "num_return_sequences": 1,
  "output_attentions": false,
  "output_hidden_states": false,
  "output_past": true,
  "pad_token_id": 5,
  "pruned_heads": {},
  "repetition_penalty": 1.0,
  "reuse_len": null,
  "same_length": false,
  "start_n_top": 5,
  "summary_activation": "tanh",
  "summary_last_dropout": 0.1,
  "summary_type": "last",
  "summary_use_proj": true,
  "task_specific_params": {
    "text-generation": {
      "do_sample": true,
      "max_length": 250
    }
  },
  "temperature": 1.0,
  "top_k": 50,
  "top_p": 1.0,
  "torchscript": false,
  "untie_r": true,
  "use_bfloat16": false,
  "vocab_size": 32000
}

Loading embeddings from: xlnet-base-cased
Model: DIS_Simple Avg Plus Sentence Ordering
Encoder: XLNet
Starting new HTTPS connection (1): s3.amazonaws.com:443
https://s3.amazonaws.com:443 "HEAD /models.huggingface.co/bert/xlnet-base-cased-config.json HTTP/1.1" 200 0
loading configuration file https://s3.amazonaws.com/models.huggingface.co/bert/xlnet-base-cased-config.json from cache at /home/minghongxia/.cache/torch/transformers/c9cc6e53904f7f3679a31ec4af244f4419e25ebc8e71ebf8c558a31cbcf07fc8.69e5e35e0b798cab5e473f253752f8bf4d280ee37682281a23eed80f6e2d09c6
Model config XLNetConfig {
  "architectures": [
    "XLNetLMHeadModel"
  ],
  "attn_type": "bi",
  "bi_data": false,
  "bos_token_id": 1,
  "clamp_len": -1,
  "d_head": 64,
  "d_inner": 3072,
  "d_model": 768,
  "do_sample": false,
  "dropout": 0.1,
  "end_n_top": 5,
  "eos_token_id": 2,
  "eos_token_ids": 0,
  "ff_activation": "gelu",
  "finetuning_task": null,
  "id2label": {
    "0": "LABEL_0",
    "1": "LABEL_1"
  },
  "initializer_range": 0.02,
  "is_decoder": false,
  "label2id": {
    "LABEL_0": 0,
    "LABEL_1": 1
  },
  "layer_norm_eps": 1e-12,
  "length_penalty": 1.0,
  "max_length": 20,
  "mem_len": null,
  "model_type": "xlnet",
  "n_head": 12,
  "n_layer": 12,
  "num_beams": 1,
  "num_labels": 2,
  "num_return_sequences": 1,
  "output_attentions": true,
  "output_hidden_states": false,
  "output_past": true,
  "pad_token_id": 5,
  "pruned_heads": {},
  "repetition_penalty": 1.0,
  "reuse_len": null,
  "same_length": false,
  "start_n_top": 5,
  "summary_activation": "tanh",
  "summary_last_dropout": 0.1,
  "summary_type": "last",
  "summary_use_proj": true,
  "task_specific_params": {
    "text-generation": {
      "do_sample": true,
      "max_length": 250
    }
  },
  "temperature": 1.0,
  "top_k": 50,
  "top_p": 1.0,
  "torchscript": false,
  "untie_r": true,
  "use_bfloat16": false,
  "vocab_size": 32000
}

Starting new HTTPS connection (1): s3.amazonaws.com:443
https://s3.amazonaws.com:443 "HEAD /models.huggingface.co/bert/xlnet-base-cased-pytorch_model.bin HTTP/1.1" 200 0
loading weights file https://s3.amazonaws.com/models.huggingface.co/bert/xlnet-base-cased-pytorch_model.bin from cache at /home/minghongxia/.cache/torch/transformers/24197ba0ce5dbfe23924431610704c88e2c0371afa49149360e4c823219ab474.7eac4fe898a021204e63c88c00ea68c60443c57f94b4bc3c02adbde6465745ac
Starting new HTTPS connection (1): s3.amazonaws.com:443
https://s3.amazonaws.com:443 "HEAD /models.huggingface.co/bert/xlnet-base-cased-config.json HTTP/1.1" 200 0
loading configuration file https://s3.amazonaws.com/models.huggingface.co/bert/xlnet-base-cased-config.json from cache at /home/minghongxia/.cache/torch/transformers/c9cc6e53904f7f3679a31ec4af244f4419e25ebc8e71ebf8c558a31cbcf07fc8.69e5e35e0b798cab5e473f253752f8bf4d280ee37682281a23eed80f6e2d09c6
Model config XLNetConfig {
  "architectures": [
    "XLNetLMHeadModel"
  ],
  "attn_type": "bi",
  "bi_data": false,
  "bos_token_id": 1,
  "clamp_len": -1,
  "d_head": 64,
  "d_inner": 3072,
  "d_model": 768,
  "do_sample": false,
  "dropout": 0.1,
  "end_n_top": 5,
  "eos_token_id": 2,
  "eos_token_ids": 0,
  "ff_activation": "gelu",
  "finetuning_task": null,
  "id2label": {
    "0": "LABEL_0",
    "1": "LABEL_1"
  },
  "initializer_range": 0.02,
  "is_decoder": false,
  "label2id": {
    "LABEL_0": 0,
    "LABEL_1": 1
  },
  "layer_norm_eps": 1e-12,
  "length_penalty": 1.0,
  "max_length": 20,
  "mem_len": null,
  "model_type": "xlnet",
  "n_head": 12,
  "n_layer": 12,
  "num_beams": 1,
  "num_labels": 2,
  "num_return_sequences": 1,
  "output_attentions": false,
  "output_hidden_states": false,
  "output_past": true,
  "pad_token_id": 5,
  "pruned_heads": {},
  "repetition_penalty": 1.0,
  "reuse_len": null,
  "same_length": false,
  "start_n_top": 5,
  "summary_activation": "tanh",
  "summary_last_dropout": 0.1,
  "summary_type": "last",
  "summary_use_proj": true,
  "task_specific_params": {
    "text-generation": {
      "do_sample": true,
      "max_length": 250
    }
  },
  "temperature": 1.0,
  "top_k": 50,
  "top_p": 1.0,
  "torchscript": false,
  "untie_r": true,
  "use_bfloat16": false,
  "vocab_size": 32000
}

Optimizer: adam
Optimizer: adam
**** Training Begins ****
**** Epoch 0/20 ****
Use CrossEntropyLoss
15/33-(2.121)
30/33-(1.335)
12/33-(1.232)

=== Evaluating Model ===
Total valid loss 1.0155795017878215
accuracy on Test 0.46111111111111114
Best accuracy on Test 0.46111111111111114

**** Epoch 0/20 ****
27/33-(1.028)
9/33-(1.251)
24/33-(1.254)
6/33-(1.122)

=== Evaluating Model ===
Total valid loss 1.0139753172794979
accuracy on Test 0.55
Best accuracy on Test 0.55

**** Epoch 1/20 ****
21/33-(1.203)
3/33-(1.092)
18/33-(1.374)
0/33-(1.155)

=== Evaluating Model ===
Total valid loss 0.9582492609818777
accuracy on Test 0.55
Best accuracy on Test 0.55

**** Epoch 2/20 ****
15/33-(1.309)
30/33-(1.218)
12/33-(1.403)

=== Evaluating Model ===
Total valid loss 0.9938122630119324
accuracy on Test 0.55
Best accuracy on Test 0.55

**** Epoch 3/20 ****
27/33-(1.035)
9/33-(1.360)
24/33-(0.808)
6/33-(1.016)

=== Evaluating Model ===
Total valid loss 0.964696670571963
accuracy on Test 0.55
Best accuracy on Test 0.55

**** Epoch 4/20 ****
21/33-(0.608)
3/33-(1.067)
18/33-(1.030)
0/33-(1.166)

=== Evaluating Model ===
Total valid loss 0.9461710229516029
accuracy on Test 0.5555555555555556
Best accuracy on Test 0.5555555555555556

**** Epoch 5/20 ****
15/33-(0.996)
30/33-(1.107)
12/33-(1.014)
27/33-(0.891)

=== Evaluating Model ===
Total valid loss 0.8563591465353966
accuracy on Test 0.6
Best accuracy on Test 0.6

**** Epoch 6/20 ****
9/33-(0.833)
24/33-(0.790)
6/33-(1.429)

=== Evaluating Model ===
Total valid loss 0.9210224275787672
accuracy on Test 0.55
Best accuracy on Test 0.6

**** Epoch 7/20 ****
21/33-(1.243)
3/33-(0.868)
18/33-(1.088)
0/33-(1.125)

=== Evaluating Model ===
Total valid loss 0.9069529920816422
accuracy on Test 0.55
Best accuracy on Test 0.6

**** Epoch 8/20 ****
15/33-(0.968)
30/33-(1.218)
12/33-(1.089)
27/33-(0.660)

=== Evaluating Model ===
Total valid loss 0.8371494511763254
accuracy on Test 0.6333333333333333
Best accuracy on Test 0.6333333333333333

**** Epoch 9/20 ****
9/33-(0.916)
24/33-(0.953)
6/33-(0.656)
21/33-(0.773)

=== Evaluating Model ===
Total valid loss 1.2307017693916957
accuracy on Test 0.5111111111111111
Best accuracy on Test 0.6333333333333333

**** Epoch 10/20 ****
3/33-(1.058)
18/33-(0.753)
0/33-(0.809)

=== Evaluating Model ===
Total valid loss 0.8891638567050298
accuracy on Test 0.6277777777777778
Best accuracy on Test 0.6333333333333333

**** Epoch 11/20 ****
15/33-(1.309)
30/33-(1.448)
12/33-(1.144)
27/33-(0.939)

=== Evaluating Model ===
Total valid loss 1.0976938307285309
accuracy on Test 0.5333333333333333
Best accuracy on Test 0.6333333333333333

**** Epoch 12/20 ****
9/33-(0.781)
24/33-(0.554)
6/33-(0.719)
21/33-(0.972)

=== Evaluating Model ===
Total valid loss 1.0831771045923233
accuracy on Test 0.5388888888888889
Best accuracy on Test 0.6333333333333333

**** Epoch 13/20 ****
3/33-(0.804)
18/33-(0.649)
0/33-(0.544)
15/33-(0.751)

=== Evaluating Model ===
Total valid loss 0.9964493152995905
accuracy on Test 0.6111111111111112
Best accuracy on Test 0.6333333333333333

**** Epoch 14/20 ****
30/33-(1.086)
12/33-(0.317)
27/33-(0.432)

=== Evaluating Model ===
Total valid loss 1.169167920947075
accuracy on Test 0.5166666666666667
Best accuracy on Test 0.6333333333333333

**** Epoch 15/20 ****
9/33-(0.720)
24/33-(0.776)
6/33-(0.756)
21/33-(0.575)

=== Evaluating Model ===
Total valid loss 1.745416668554147
accuracy on Test 0.5555555555555556
Best accuracy on Test 0.6333333333333333

**** Epoch 16/20 ****
3/33-(0.420)
18/33-(0.794)
0/33-(0.562)
15/33-(1.092)

=== Evaluating Model ===
Total valid loss 1.2733489759266376
accuracy on Test 0.5777777777777777
Best accuracy on Test 0.6333333333333333

**** Epoch 17/20 ****
30/33-(0.651)
12/33-(0.248)
27/33-(0.605)

=== Evaluating Model ===
Total valid loss 1.653213581070304
accuracy on Test 0.55
Best accuracy on Test 0.6333333333333333

**** Epoch 18/20 ****
9/33-(0.696)
24/33-(0.812)
6/33-(0.278)
21/33-(0.614)

=== Evaluating Model ===
Total valid loss 2.034338648275783
accuracy on Test 0.5666666666666667
Best accuracy on Test 0.6333333333333333

**** Epoch 19/20 ****
3/33-(0.436)
18/33-(0.062)
Best accuracy on Test 0.6333333333333333

Source domain: Clinton, Target domain: Clinton, Cur_fold 3
Corpus: GCDC
Starting new HTTPS connection (1): s3.amazonaws.com:443
https://s3.amazonaws.com:443 "HEAD /models.huggingface.co/bert/xlnet-base-cased-spiece.model HTTP/1.1" 200 0
loading file https://s3.amazonaws.com/models.huggingface.co/bert/xlnet-base-cased-spiece.model from cache at /home/minghongxia/.cache/torch/transformers/dad589d582573df0293448af5109cb6981ca77239ed314e15ca63b7b8a318ddd.8b10bd978b5d01c21303cc761fc9ecd464419b3bf921864a355ba807cfbfafa8
Loading these models for language: en (English):
=======================
| Processor | Package |
-----------------------
| tokenize  | ewt     |
=======================

Use device: gpu
Loading: tokenize
Done loading processors!
Loading these models for language: en (English):
=======================
| Processor | Package |
-----------------------
| tokenize  | ewt     |
=======================

Use device: gpu
Loading: tokenize
Done loading processors!
315.5
Starting new HTTPS connection (1): s3.amazonaws.com:443
https://s3.amazonaws.com:443 "HEAD /models.huggingface.co/bert/xlnet-base-cased-config.json HTTP/1.1" 200 0
loading configuration file https://s3.amazonaws.com/models.huggingface.co/bert/xlnet-base-cased-config.json from cache at /home/minghongxia/.cache/torch/transformers/c9cc6e53904f7f3679a31ec4af244f4419e25ebc8e71ebf8c558a31cbcf07fc8.69e5e35e0b798cab5e473f253752f8bf4d280ee37682281a23eed80f6e2d09c6
Model config XLNetConfig {
  "architectures": [
    "XLNetLMHeadModel"
  ],
  "attn_type": "bi",
  "bi_data": false,
  "bos_token_id": 1,
  "clamp_len": -1,
  "d_head": 64,
  "d_inner": 3072,
  "d_model": 768,
  "do_sample": false,
  "dropout": 0.1,
  "end_n_top": 5,
  "eos_token_id": 2,
  "eos_token_ids": 0,
  "ff_activation": "gelu",
  "finetuning_task": null,
  "id2label": {
    "0": "LABEL_0",
    "1": "LABEL_1"
  },
  "initializer_range": 0.02,
  "is_decoder": false,
  "label2id": {
    "LABEL_0": 0,
    "LABEL_1": 1
  },
  "layer_norm_eps": 1e-12,
  "length_penalty": 1.0,
  "max_length": 20,
  "mem_len": null,
  "model_type": "xlnet",
  "n_head": 12,
  "n_layer": 12,
  "num_beams": 1,
  "num_labels": 2,
  "num_return_sequences": 1,
  "output_attentions": false,
  "output_hidden_states": false,
  "output_past": true,
  "pad_token_id": 5,
  "pruned_heads": {},
  "repetition_penalty": 1.0,
  "reuse_len": null,
  "same_length": false,
  "start_n_top": 5,
  "summary_activation": "tanh",
  "summary_last_dropout": 0.1,
  "summary_type": "last",
  "summary_use_proj": true,
  "task_specific_params": {
    "text-generation": {
      "do_sample": true,
      "max_length": 250
    }
  },
  "temperature": 1.0,
  "top_k": 50,
  "top_p": 1.0,
  "torchscript": false,
  "untie_r": true,
  "use_bfloat16": false,
  "vocab_size": 32000
}

Loading embeddings from: xlnet-base-cased
Model: DIS_Simple Avg Plus Sentence Ordering
Encoder: XLNet
Starting new HTTPS connection (1): s3.amazonaws.com:443
https://s3.amazonaws.com:443 "HEAD /models.huggingface.co/bert/xlnet-base-cased-config.json HTTP/1.1" 200 0
loading configuration file https://s3.amazonaws.com/models.huggingface.co/bert/xlnet-base-cased-config.json from cache at /home/minghongxia/.cache/torch/transformers/c9cc6e53904f7f3679a31ec4af244f4419e25ebc8e71ebf8c558a31cbcf07fc8.69e5e35e0b798cab5e473f253752f8bf4d280ee37682281a23eed80f6e2d09c6
Model config XLNetConfig {
  "architectures": [
    "XLNetLMHeadModel"
  ],
  "attn_type": "bi",
  "bi_data": false,
  "bos_token_id": 1,
  "clamp_len": -1,
  "d_head": 64,
  "d_inner": 3072,
  "d_model": 768,
  "do_sample": false,
  "dropout": 0.1,
  "end_n_top": 5,
  "eos_token_id": 2,
  "eos_token_ids": 0,
  "ff_activation": "gelu",
  "finetuning_task": null,
  "id2label": {
    "0": "LABEL_0",
    "1": "LABEL_1"
  },
  "initializer_range": 0.02,
  "is_decoder": false,
  "label2id": {
    "LABEL_0": 0,
    "LABEL_1": 1
  },
  "layer_norm_eps": 1e-12,
  "length_penalty": 1.0,
  "max_length": 20,
  "mem_len": null,
  "model_type": "xlnet",
  "n_head": 12,
  "n_layer": 12,
  "num_beams": 1,
  "num_labels": 2,
  "num_return_sequences": 1,
  "output_attentions": true,
  "output_hidden_states": false,
  "output_past": true,
  "pad_token_id": 5,
  "pruned_heads": {},
  "repetition_penalty": 1.0,
  "reuse_len": null,
  "same_length": false,
  "start_n_top": 5,
  "summary_activation": "tanh",
  "summary_last_dropout": 0.1,
  "summary_type": "last",
  "summary_use_proj": true,
  "task_specific_params": {
    "text-generation": {
      "do_sample": true,
      "max_length": 250
    }
  },
  "temperature": 1.0,
  "top_k": 50,
  "top_p": 1.0,
  "torchscript": false,
  "untie_r": true,
  "use_bfloat16": false,
  "vocab_size": 32000
}

Starting new HTTPS connection (1): s3.amazonaws.com:443
https://s3.amazonaws.com:443 "HEAD /models.huggingface.co/bert/xlnet-base-cased-pytorch_model.bin HTTP/1.1" 200 0
loading weights file https://s3.amazonaws.com/models.huggingface.co/bert/xlnet-base-cased-pytorch_model.bin from cache at /home/minghongxia/.cache/torch/transformers/24197ba0ce5dbfe23924431610704c88e2c0371afa49149360e4c823219ab474.7eac4fe898a021204e63c88c00ea68c60443c57f94b4bc3c02adbde6465745ac
Starting new HTTPS connection (1): s3.amazonaws.com:443
https://s3.amazonaws.com:443 "HEAD /models.huggingface.co/bert/xlnet-base-cased-config.json HTTP/1.1" 200 0
loading configuration file https://s3.amazonaws.com/models.huggingface.co/bert/xlnet-base-cased-config.json from cache at /home/minghongxia/.cache/torch/transformers/c9cc6e53904f7f3679a31ec4af244f4419e25ebc8e71ebf8c558a31cbcf07fc8.69e5e35e0b798cab5e473f253752f8bf4d280ee37682281a23eed80f6e2d09c6
Model config XLNetConfig {
  "architectures": [
    "XLNetLMHeadModel"
  ],
  "attn_type": "bi",
  "bi_data": false,
  "bos_token_id": 1,
  "clamp_len": -1,
  "d_head": 64,
  "d_inner": 3072,
  "d_model": 768,
  "do_sample": false,
  "dropout": 0.1,
  "end_n_top": 5,
  "eos_token_id": 2,
  "eos_token_ids": 0,
  "ff_activation": "gelu",
  "finetuning_task": null,
  "id2label": {
    "0": "LABEL_0",
    "1": "LABEL_1"
  },
  "initializer_range": 0.02,
  "is_decoder": false,
  "label2id": {
    "LABEL_0": 0,
    "LABEL_1": 1
  },
  "layer_norm_eps": 1e-12,
  "length_penalty": 1.0,
  "max_length": 20,
  "mem_len": null,
  "model_type": "xlnet",
  "n_head": 12,
  "n_layer": 12,
  "num_beams": 1,
  "num_labels": 2,
  "num_return_sequences": 1,
  "output_attentions": false,
  "output_hidden_states": false,
  "output_past": true,
  "pad_token_id": 5,
  "pruned_heads": {},
  "repetition_penalty": 1.0,
  "reuse_len": null,
  "same_length": false,
  "start_n_top": 5,
  "summary_activation": "tanh",
  "summary_last_dropout": 0.1,
  "summary_type": "last",
  "summary_use_proj": true,
  "task_specific_params": {
    "text-generation": {
      "do_sample": true,
      "max_length": 250
    }
  },
  "temperature": 1.0,
  "top_k": 50,
  "top_p": 1.0,
  "torchscript": false,
  "untie_r": true,
  "use_bfloat16": false,
  "vocab_size": 32000
}

Optimizer: adam
Optimizer: adam
**** Training Begins ****
**** Epoch 0/20 ****
Use CrossEntropyLoss
15/33-(1.463)
30/33-(1.814)
12/33-(1.412)

=== Evaluating Model ===
Total valid loss 1.0706789443890254
accuracy on Test 0.3888888888888889
Best accuracy on Test 0.3888888888888889

**** Epoch 0/20 ****
27/33-(1.048)
9/33-(1.128)
24/33-(1.231)
6/33-(1.119)

=== Evaluating Model ===
Total valid loss 0.9298555006583532
accuracy on Test 0.5722222222222222
Best accuracy on Test 0.5722222222222222

**** Epoch 1/20 ****
21/33-(1.028)
3/33-(0.877)
18/33-(1.028)
0/33-(1.027)

=== Evaluating Model ===
Total valid loss 1.0598116964101791
accuracy on Test 0.45
Best accuracy on Test 0.5722222222222222

**** Epoch 2/20 ****
15/33-(1.138)
30/33-(1.044)
12/33-(0.933)

=== Evaluating Model ===
Total valid loss 0.9716503322124481
accuracy on Test 0.5722222222222222
Best accuracy on Test 0.5722222222222222

**** Epoch 3/20 ****
27/33-(1.171)
9/33-(1.048)
24/33-(1.184)
6/33-(1.041)

=== Evaluating Model ===
Total valid loss 0.8742045511802038
accuracy on Test 0.6222222222222222
Best accuracy on Test 0.6222222222222222

**** Epoch 4/20 ****
21/33-(1.193)
3/33-(1.196)
18/33-(1.184)
0/33-(1.081)

=== Evaluating Model ===
Total valid loss 0.9902422328790029
accuracy on Test 0.5944444444444444
Best accuracy on Test 0.6222222222222222

**** Epoch 5/20 ****
15/33-(1.085)
30/33-(0.903)
12/33-(0.891)
27/33-(1.336)

=== Evaluating Model ===
Total valid loss 0.8540802200635275
accuracy on Test 0.6388888888888888
Best accuracy on Test 0.6388888888888888

**** Epoch 6/20 ****
9/33-(0.872)
24/33-(1.113)
6/33-(0.918)

=== Evaluating Model ===
Total valid loss 0.9585295468568802
accuracy on Test 0.5722222222222222
Best accuracy on Test 0.6388888888888888

**** Epoch 7/20 ****
21/33-(0.942)
3/33-(0.877)
18/33-(1.000)
0/33-(1.126)

=== Evaluating Model ===
Total valid loss 0.8908866544564565
accuracy on Test 0.6222222222222222
Best accuracy on Test 0.6388888888888888

**** Epoch 8/20 ****
15/33-(0.853)
30/33-(0.884)
12/33-(0.843)
27/33-(0.911)

=== Evaluating Model ===
Total valid loss 0.8749803354342779
accuracy on Test 0.6277777777777778
Best accuracy on Test 0.6388888888888888

**** Epoch 9/20 ****
9/33-(0.986)
24/33-(0.725)
6/33-(0.812)
21/33-(0.964)

=== Evaluating Model ===
Total valid loss 0.9005142400662104
accuracy on Test 0.5611111111111111
Best accuracy on Test 0.6388888888888888

**** Epoch 10/20 ****
3/33-(0.789)
18/33-(1.030)
0/33-(0.923)

=== Evaluating Model ===
Total valid loss 0.9668070649107298
accuracy on Test 0.5944444444444444
Best accuracy on Test 0.6388888888888888

**** Epoch 11/20 ****
15/33-(0.818)
30/33-(0.695)
12/33-(0.675)
27/33-(1.682)

=== Evaluating Model ===
Total valid loss 1.2781331837177277
accuracy on Test 0.46111111111111114
Best accuracy on Test 0.6388888888888888

**** Epoch 12/20 ****
9/33-(0.845)
24/33-(1.382)
6/33-(0.397)
21/33-(0.829)

=== Evaluating Model ===
Total valid loss 0.9636523276567459
accuracy on Test 0.6166666666666667
Best accuracy on Test 0.6388888888888888

**** Epoch 13/20 ****
3/33-(1.457)
18/33-(0.692)
0/33-(0.854)
15/33-(0.779)

=== Evaluating Model ===
Total valid loss 1.1443656409780185
accuracy on Test 0.5777777777777777
Best accuracy on Test 0.6388888888888888

**** Epoch 14/20 ****
30/33-(0.817)
12/33-(0.779)
27/33-(0.966)

=== Evaluating Model ===
Total valid loss 1.1765433549880981
accuracy on Test 0.5555555555555556
Best accuracy on Test 0.6388888888888888

**** Epoch 15/20 ****
9/33-(0.798)
24/33-(0.700)
6/33-(1.338)
21/33-(0.749)

=== Evaluating Model ===
Total valid loss 1.0002049406369526
accuracy on Test 0.5333333333333333
Best accuracy on Test 0.6388888888888888

**** Epoch 16/20 ****
3/33-(0.518)
18/33-(0.830)
0/33-(0.403)
15/33-(0.482)

=== Evaluating Model ===
Total valid loss 1.4252493530511856
accuracy on Test 0.5055555555555555
Best accuracy on Test 0.6388888888888888

**** Epoch 17/20 ****
30/33-(0.449)
12/33-(0.600)
27/33-(0.381)

=== Evaluating Model ===
Total valid loss 1.6459493339061737
accuracy on Test 0.5333333333333333
Best accuracy on Test 0.6388888888888888

**** Epoch 18/20 ****
9/33-(0.418)
24/33-(0.645)
6/33-(0.418)
21/33-(0.600)

=== Evaluating Model ===
Total valid loss 1.211452230811119
accuracy on Test 0.5277777777777778
Best accuracy on Test 0.6388888888888888

**** Epoch 19/20 ****
3/33-(0.334)
18/33-(0.445)
Best accuracy on Test 0.6388888888888888

Source domain: Clinton, Target domain: Clinton, Cur_fold 4
Corpus: GCDC
Starting new HTTPS connection (1): s3.amazonaws.com:443
loading file https://s3.amazonaws.com/models.huggingface.co/bert/xlnet-base-cased-spiece.model from cache at /home/minghongxia/.cache/torch/transformers/dad589d582573df0293448af5109cb6981ca77239ed314e15ca63b7b8a318ddd.8b10bd978b5d01c21303cc761fc9ecd464419b3bf921864a355ba807cfbfafa8
Loading these models for language: en (English):
=======================
| Processor | Package |
-----------------------
| tokenize  | ewt     |
=======================

Use device: gpu
Loading: tokenize
Done loading processors!
Loading these models for language: en (English):
=======================
| Processor | Package |
-----------------------
| tokenize  | ewt     |
=======================

Use device: gpu
Loading: tokenize
Done loading processors!
315.5
Starting new HTTPS connection (1): s3.amazonaws.com:443
https://s3.amazonaws.com:443 "HEAD /models.huggingface.co/bert/xlnet-base-cased-config.json HTTP/1.1" 200 0
loading configuration file https://s3.amazonaws.com/models.huggingface.co/bert/xlnet-base-cased-config.json from cache at /home/minghongxia/.cache/torch/transformers/c9cc6e53904f7f3679a31ec4af244f4419e25ebc8e71ebf8c558a31cbcf07fc8.69e5e35e0b798cab5e473f253752f8bf4d280ee37682281a23eed80f6e2d09c6
Model config XLNetConfig {
  "architectures": [
    "XLNetLMHeadModel"
  ],
  "attn_type": "bi",
  "bi_data": false,
  "bos_token_id": 1,
  "clamp_len": -1,
  "d_head": 64,
  "d_inner": 3072,
  "d_model": 768,
  "do_sample": false,
  "dropout": 0.1,
  "end_n_top": 5,
  "eos_token_id": 2,
  "eos_token_ids": 0,
  "ff_activation": "gelu",
  "finetuning_task": null,
  "id2label": {
    "0": "LABEL_0",
    "1": "LABEL_1"
  },
  "initializer_range": 0.02,
  "is_decoder": false,
  "label2id": {
    "LABEL_0": 0,
    "LABEL_1": 1
  },
  "layer_norm_eps": 1e-12,
  "length_penalty": 1.0,
  "max_length": 20,
  "mem_len": null,
  "model_type": "xlnet",
  "n_head": 12,
  "n_layer": 12,
  "num_beams": 1,
  "num_labels": 2,
  "num_return_sequences": 1,
  "output_attentions": false,
  "output_hidden_states": false,
  "output_past": true,
  "pad_token_id": 5,
  "pruned_heads": {},
  "repetition_penalty": 1.0,
  "reuse_len": null,
  "same_length": false,
  "start_n_top": 5,
  "summary_activation": "tanh",
  "summary_last_dropout": 0.1,
  "summary_type": "last",
  "summary_use_proj": true,
  "task_specific_params": {
    "text-generation": {
      "do_sample": true,
      "max_length": 250
    }
  },
  "temperature": 1.0,
  "top_k": 50,
  "top_p": 1.0,
  "torchscript": false,
  "untie_r": true,
  "use_bfloat16": false,
  "vocab_size": 32000
}

Loading embeddings from: xlnet-base-cased
Model: DIS_Simple Avg Plus Sentence Ordering
Encoder: XLNet
Starting new HTTPS connection (1): s3.amazonaws.com:443
https://s3.amazonaws.com:443 "HEAD /models.huggingface.co/bert/xlnet-base-cased-config.json HTTP/1.1" 200 0
loading configuration file https://s3.amazonaws.com/models.huggingface.co/bert/xlnet-base-cased-config.json from cache at /home/minghongxia/.cache/torch/transformers/c9cc6e53904f7f3679a31ec4af244f4419e25ebc8e71ebf8c558a31cbcf07fc8.69e5e35e0b798cab5e473f253752f8bf4d280ee37682281a23eed80f6e2d09c6
Model config XLNetConfig {
  "architectures": [
    "XLNetLMHeadModel"
  ],
  "attn_type": "bi",
  "bi_data": false,
  "bos_token_id": 1,
  "clamp_len": -1,
  "d_head": 64,
  "d_inner": 3072,
  "d_model": 768,
  "do_sample": false,
  "dropout": 0.1,
  "end_n_top": 5,
  "eos_token_id": 2,
  "eos_token_ids": 0,
  "ff_activation": "gelu",
  "finetuning_task": null,
  "id2label": {
    "0": "LABEL_0",
    "1": "LABEL_1"
  },
  "initializer_range": 0.02,
  "is_decoder": false,
  "label2id": {
    "LABEL_0": 0,
    "LABEL_1": 1
  },
  "layer_norm_eps": 1e-12,
  "length_penalty": 1.0,
  "max_length": 20,
  "mem_len": null,
  "model_type": "xlnet",
  "n_head": 12,
  "n_layer": 12,
  "num_beams": 1,
  "num_labels": 2,
  "num_return_sequences": 1,
  "output_attentions": true,
  "output_hidden_states": false,
  "output_past": true,
  "pad_token_id": 5,
  "pruned_heads": {},
  "repetition_penalty": 1.0,
  "reuse_len": null,
  "same_length": false,
  "start_n_top": 5,
  "summary_activation": "tanh",
  "summary_last_dropout": 0.1,
  "summary_type": "last",
  "summary_use_proj": true,
  "task_specific_params": {
    "text-generation": {
      "do_sample": true,
      "max_length": 250
    }
  },
  "temperature": 1.0,
  "top_k": 50,
  "top_p": 1.0,
  "torchscript": false,
  "untie_r": true,
  "use_bfloat16": false,
  "vocab_size": 32000
}

Starting new HTTPS connection (1): s3.amazonaws.com:443
https://s3.amazonaws.com:443 "HEAD /models.huggingface.co/bert/xlnet-base-cased-pytorch_model.bin HTTP/1.1" 200 0
loading weights file https://s3.amazonaws.com/models.huggingface.co/bert/xlnet-base-cased-pytorch_model.bin from cache at /home/minghongxia/.cache/torch/transformers/24197ba0ce5dbfe23924431610704c88e2c0371afa49149360e4c823219ab474.7eac4fe898a021204e63c88c00ea68c60443c57f94b4bc3c02adbde6465745ac
Starting new HTTPS connection (1): s3.amazonaws.com:443
https://s3.amazonaws.com:443 "HEAD /models.huggingface.co/bert/xlnet-base-cased-config.json HTTP/1.1" 200 0
loading configuration file https://s3.amazonaws.com/models.huggingface.co/bert/xlnet-base-cased-config.json from cache at /home/minghongxia/.cache/torch/transformers/c9cc6e53904f7f3679a31ec4af244f4419e25ebc8e71ebf8c558a31cbcf07fc8.69e5e35e0b798cab5e473f253752f8bf4d280ee37682281a23eed80f6e2d09c6
Model config XLNetConfig {
  "architectures": [
    "XLNetLMHeadModel"
  ],
  "attn_type": "bi",
  "bi_data": false,
  "bos_token_id": 1,
  "clamp_len": -1,
  "d_head": 64,
  "d_inner": 3072,
  "d_model": 768,
  "do_sample": false,
  "dropout": 0.1,
  "end_n_top": 5,
  "eos_token_id": 2,
  "eos_token_ids": 0,
  "ff_activation": "gelu",
  "finetuning_task": null,
  "id2label": {
    "0": "LABEL_0",
    "1": "LABEL_1"
  },
  "initializer_range": 0.02,
  "is_decoder": false,
  "label2id": {
    "LABEL_0": 0,
    "LABEL_1": 1
  },
  "layer_norm_eps": 1e-12,
  "length_penalty": 1.0,
  "max_length": 20,
  "mem_len": null,
  "model_type": "xlnet",
  "n_head": 12,
  "n_layer": 12,
  "num_beams": 1,
  "num_labels": 2,
  "num_return_sequences": 1,
  "output_attentions": false,
  "output_hidden_states": false,
  "output_past": true,
  "pad_token_id": 5,
  "pruned_heads": {},
  "repetition_penalty": 1.0,
  "reuse_len": null,
  "same_length": false,
  "start_n_top": 5,
  "summary_activation": "tanh",
  "summary_last_dropout": 0.1,
  "summary_type": "last",
  "summary_use_proj": true,
  "task_specific_params": {
    "text-generation": {
      "do_sample": true,
      "max_length": 250
    }
  },
  "temperature": 1.0,
  "top_k": 50,
  "top_p": 1.0,
  "torchscript": false,
  "untie_r": true,
  "use_bfloat16": false,
  "vocab_size": 32000
}

Optimizer: adam
Optimizer: adam
**** Training Begins ****
**** Epoch 0/20 ****
Use CrossEntropyLoss
15/33-(2.195)
30/33-(1.476)
12/33-(1.260)

=== Evaluating Model ===
Total valid loss 1.0259297738472621
accuracy on Test 0.5777777777777777
Best accuracy on Test 0.5777777777777777

**** Epoch 0/20 ****
27/33-(1.175)
9/33-(1.179)
24/33-(1.093)
6/33-(1.340)

=== Evaluating Model ===
Total valid loss 1.0653606454531352
accuracy on Test 0.46111111111111114
Best accuracy on Test 0.5777777777777777

**** Epoch 1/20 ****
21/33-(1.188)
3/33-(1.320)
18/33-(0.978)
0/33-(0.754)

=== Evaluating Model ===
Total valid loss 0.9718116273482641
accuracy on Test 0.5611111111111111
Best accuracy on Test 0.5777777777777777

**** Epoch 2/20 ****
15/33-(1.082)
30/33-(1.541)
12/33-(1.157)

=== Evaluating Model ===
Total valid loss 0.9339026709397634
accuracy on Test 0.5666666666666667
Best accuracy on Test 0.5777777777777777

**** Epoch 3/20 ****
27/33-(1.102)
9/33-(1.205)
24/33-(0.868)
6/33-(1.047)

=== Evaluating Model ===
Total valid loss 1.0008735358715057
accuracy on Test 0.5611111111111111
Best accuracy on Test 0.5777777777777777

**** Epoch 4/20 ****
21/33-(1.120)
3/33-(1.060)
18/33-(0.874)
0/33-(0.902)

=== Evaluating Model ===
Total valid loss 1.0756835043430328
accuracy on Test 0.43333333333333335
Best accuracy on Test 0.5777777777777777

**** Epoch 5/20 ****
15/33-(1.573)
30/33-(0.922)
12/33-(1.025)
27/33-(1.067)

=== Evaluating Model ===
Total valid loss 0.9242982318003973
accuracy on Test 0.5777777777777777
Best accuracy on Test 0.5777777777777777

**** Epoch 6/20 ****
9/33-(1.316)
24/33-(0.862)
6/33-(0.669)

=== Evaluating Model ===
Total valid loss 0.9492786775032679
accuracy on Test 0.5277777777777778
Best accuracy on Test 0.5777777777777777

**** Epoch 7/20 ****
21/33-(0.905)
3/33-(0.831)
18/33-(0.973)
0/33-(0.920)

=== Evaluating Model ===
Total valid loss 1.1159556806087494
accuracy on Test 0.55
Best accuracy on Test 0.5777777777777777

**** Epoch 8/20 ****
15/33-(1.292)
30/33-(0.825)
12/33-(0.886)
27/33-(1.012)

=== Evaluating Model ===
Total valid loss 1.1560546544690926
accuracy on Test 0.5444444444444444
Best accuracy on Test 0.5777777777777777

**** Epoch 9/20 ****
9/33-(0.849)
24/33-(0.704)
6/33-(0.787)
21/33-(0.583)

=== Evaluating Model ===
Total valid loss 1.0172183513641357
accuracy on Test 0.5777777777777777
Best accuracy on Test 0.5777777777777777

**** Epoch 10/20 ****
3/33-(0.998)
18/33-(0.713)
0/33-(0.484)

=== Evaluating Model ===
Total valid loss 1.1730146755774815
accuracy on Test 0.5388888888888889
Best accuracy on Test 0.5777777777777777

**** Epoch 11/20 ****
15/33-(0.761)
30/33-(1.343)
12/33-(0.522)
27/33-(0.684)

=== Evaluating Model ===
Total valid loss 1.4309307932853699
accuracy on Test 0.5277777777777778
Best accuracy on Test 0.5777777777777777

**** Epoch 12/20 ****
9/33-(1.345)
24/33-(0.819)
6/33-(0.635)
21/33-(0.835)

=== Evaluating Model ===
Total valid loss 1.13045900563399
accuracy on Test 0.5055555555555555
Best accuracy on Test 0.5777777777777777

**** Epoch 13/20 ****
3/33-(0.791)
18/33-(0.341)
0/33-(1.180)
15/33-(0.713)

=== Evaluating Model ===
Total valid loss 1.31609208881855
accuracy on Test 0.5722222222222222
Best accuracy on Test 0.5777777777777777

**** Epoch 14/20 ****
30/33-(0.718)
12/33-(0.893)
27/33-(0.575)

=== Evaluating Model ===
Total valid loss 1.5606047411759694
accuracy on Test 0.5777777777777777
Best accuracy on Test 0.5777777777777777

**** Epoch 15/20 ****
9/33-(0.566)
24/33-(0.193)
6/33-(0.676)
21/33-(0.931)

=== Evaluating Model ===
Total valid loss 1.7090609868367512
accuracy on Test 0.5111111111111111
Best accuracy on Test 0.5777777777777777

**** Epoch 16/20 ****
3/33-(0.361)
18/33-(0.393)
0/33-(0.589)
15/33-(0.093)

=== Evaluating Model ===
Total valid loss 2.711845268805822
accuracy on Test 0.48333333333333334
Best accuracy on Test 0.5777777777777777

**** Epoch 17/20 ****
30/33-(0.721)
12/33-(0.304)
27/33-(0.371)

=== Evaluating Model ===
Total valid loss 2.348959729075432
accuracy on Test 0.4888888888888889
Best accuracy on Test 0.5777777777777777

**** Epoch 18/20 ****
9/33-(0.394)
24/33-(0.251)
6/33-(0.374)
21/33-(0.105)

=== Evaluating Model ===
Total valid loss 2.3026298781236014
accuracy on Test 0.42777777777777776
Best accuracy on Test 0.5777777777777777

**** Epoch 19/20 ****
3/33-(0.428)
18/33-(0.524)
Best accuracy on Test 0.5777777777777777

Source domain: Clinton, Target domain: Clinton, Cur_fold 5
Corpus: GCDC
Starting new HTTPS connection (1): s3.amazonaws.com:443
https://s3.amazonaws.com:443 "HEAD /models.huggingface.co/bert/xlnet-base-cased-spiece.model HTTP/1.1" 200 0
loading file https://s3.amazonaws.com/models.huggingface.co/bert/xlnet-base-cased-spiece.model from cache at /home/minghongxia/.cache/torch/transformers/dad589d582573df0293448af5109cb6981ca77239ed314e15ca63b7b8a318ddd.8b10bd978b5d01c21303cc761fc9ecd464419b3bf921864a355ba807cfbfafa8
Loading these models for language: en (English):
=======================
| Processor | Package |
-----------------------
| tokenize  | ewt     |
=======================

Use device: gpu
Loading: tokenize
Done loading processors!
Loading these models for language: en (English):
=======================
| Processor | Package |
-----------------------
| tokenize  | ewt     |
=======================

Use device: gpu
Loading: tokenize
Done loading processors!
315.5
Starting new HTTPS connection (1): s3.amazonaws.com:443
https://s3.amazonaws.com:443 "HEAD /models.huggingface.co/bert/xlnet-base-cased-config.json HTTP/1.1" 200 0
loading configuration file https://s3.amazonaws.com/models.huggingface.co/bert/xlnet-base-cased-config.json from cache at /home/minghongxia/.cache/torch/transformers/c9cc6e53904f7f3679a31ec4af244f4419e25ebc8e71ebf8c558a31cbcf07fc8.69e5e35e0b798cab5e473f253752f8bf4d280ee37682281a23eed80f6e2d09c6
Model config XLNetConfig {
  "architectures": [
    "XLNetLMHeadModel"
  ],
  "attn_type": "bi",
  "bi_data": false,
  "bos_token_id": 1,
  "clamp_len": -1,
  "d_head": 64,
  "d_inner": 3072,
  "d_model": 768,
  "do_sample": false,
  "dropout": 0.1,
  "end_n_top": 5,
  "eos_token_id": 2,
  "eos_token_ids": 0,
  "ff_activation": "gelu",
  "finetuning_task": null,
  "id2label": {
    "0": "LABEL_0",
    "1": "LABEL_1"
  },
  "initializer_range": 0.02,
  "is_decoder": false,
  "label2id": {
    "LABEL_0": 0,
    "LABEL_1": 1
  },
  "layer_norm_eps": 1e-12,
  "length_penalty": 1.0,
  "max_length": 20,
  "mem_len": null,
  "model_type": "xlnet",
  "n_head": 12,
  "n_layer": 12,
  "num_beams": 1,
  "num_labels": 2,
  "num_return_sequences": 1,
  "output_attentions": false,
  "output_hidden_states": false,
  "output_past": true,
  "pad_token_id": 5,
  "pruned_heads": {},
  "repetition_penalty": 1.0,
  "reuse_len": null,
  "same_length": false,
  "start_n_top": 5,
  "summary_activation": "tanh",
  "summary_last_dropout": 0.1,
  "summary_type": "last",
  "summary_use_proj": true,
  "task_specific_params": {
    "text-generation": {
      "do_sample": true,
      "max_length": 250
    }
  },
  "temperature": 1.0,
  "top_k": 50,
  "top_p": 1.0,
  "torchscript": false,
  "untie_r": true,
  "use_bfloat16": false,
  "vocab_size": 32000
}

Loading embeddings from: xlnet-base-cased
Model: DIS_Simple Avg Plus Sentence Ordering
Encoder: XLNet
Starting new HTTPS connection (1): s3.amazonaws.com:443
https://s3.amazonaws.com:443 "HEAD /models.huggingface.co/bert/xlnet-base-cased-config.json HTTP/1.1" 200 0
loading configuration file https://s3.amazonaws.com/models.huggingface.co/bert/xlnet-base-cased-config.json from cache at /home/minghongxia/.cache/torch/transformers/c9cc6e53904f7f3679a31ec4af244f4419e25ebc8e71ebf8c558a31cbcf07fc8.69e5e35e0b798cab5e473f253752f8bf4d280ee37682281a23eed80f6e2d09c6
Model config XLNetConfig {
  "architectures": [
    "XLNetLMHeadModel"
  ],
  "attn_type": "bi",
  "bi_data": false,
  "bos_token_id": 1,
  "clamp_len": -1,
  "d_head": 64,
  "d_inner": 3072,
  "d_model": 768,
  "do_sample": false,
  "dropout": 0.1,
  "end_n_top": 5,
  "eos_token_id": 2,
  "eos_token_ids": 0,
  "ff_activation": "gelu",
  "finetuning_task": null,
  "id2label": {
    "0": "LABEL_0",
    "1": "LABEL_1"
  },
  "initializer_range": 0.02,
  "is_decoder": false,
  "label2id": {
    "LABEL_0": 0,
    "LABEL_1": 1
  },
  "layer_norm_eps": 1e-12,
  "length_penalty": 1.0,
  "max_length": 20,
  "mem_len": null,
  "model_type": "xlnet",
  "n_head": 12,
  "n_layer": 12,
  "num_beams": 1,
  "num_labels": 2,
  "num_return_sequences": 1,
  "output_attentions": true,
  "output_hidden_states": false,
  "output_past": true,
  "pad_token_id": 5,
  "pruned_heads": {},
  "repetition_penalty": 1.0,
  "reuse_len": null,
  "same_length": false,
  "start_n_top": 5,
  "summary_activation": "tanh",
  "summary_last_dropout": 0.1,
  "summary_type": "last",
  "summary_use_proj": true,
  "task_specific_params": {
    "text-generation": {
      "do_sample": true,
      "max_length": 250
    }
  },
  "temperature": 1.0,
  "top_k": 50,
  "top_p": 1.0,
  "torchscript": false,
  "untie_r": true,
  "use_bfloat16": false,
  "vocab_size": 32000
}

Starting new HTTPS connection (1): s3.amazonaws.com:443
https://s3.amazonaws.com:443 "HEAD /models.huggingface.co/bert/xlnet-base-cased-pytorch_model.bin HTTP/1.1" 200 0
loading weights file https://s3.amazonaws.com/models.huggingface.co/bert/xlnet-base-cased-pytorch_model.bin from cache at /home/minghongxia/.cache/torch/transformers/24197ba0ce5dbfe23924431610704c88e2c0371afa49149360e4c823219ab474.7eac4fe898a021204e63c88c00ea68c60443c57f94b4bc3c02adbde6465745ac
Starting new HTTPS connection (1): s3.amazonaws.com:443
https://s3.amazonaws.com:443 "HEAD /models.huggingface.co/bert/xlnet-base-cased-config.json HTTP/1.1" 200 0
loading configuration file https://s3.amazonaws.com/models.huggingface.co/bert/xlnet-base-cased-config.json from cache at /home/minghongxia/.cache/torch/transformers/c9cc6e53904f7f3679a31ec4af244f4419e25ebc8e71ebf8c558a31cbcf07fc8.69e5e35e0b798cab5e473f253752f8bf4d280ee37682281a23eed80f6e2d09c6
Model config XLNetConfig {
  "architectures": [
    "XLNetLMHeadModel"
  ],
  "attn_type": "bi",
  "bi_data": false,
  "bos_token_id": 1,
  "clamp_len": -1,
  "d_head": 64,
  "d_inner": 3072,
  "d_model": 768,
  "do_sample": false,
  "dropout": 0.1,
  "end_n_top": 5,
  "eos_token_id": 2,
  "eos_token_ids": 0,
  "ff_activation": "gelu",
  "finetuning_task": null,
  "id2label": {
    "0": "LABEL_0",
    "1": "LABEL_1"
  },
  "initializer_range": 0.02,
  "is_decoder": false,
  "label2id": {
    "LABEL_0": 0,
    "LABEL_1": 1
  },
  "layer_norm_eps": 1e-12,
  "length_penalty": 1.0,
  "max_length": 20,
  "mem_len": null,
  "model_type": "xlnet",
  "n_head": 12,
  "n_layer": 12,
  "num_beams": 1,
  "num_labels": 2,
  "num_return_sequences": 1,
  "output_attentions": false,
  "output_hidden_states": false,
  "output_past": true,
  "pad_token_id": 5,
  "pruned_heads": {},
  "repetition_penalty": 1.0,
  "reuse_len": null,
  "same_length": false,
  "start_n_top": 5,
  "summary_activation": "tanh",
  "summary_last_dropout": 0.1,
  "summary_type": "last",
  "summary_use_proj": true,
  "task_specific_params": {
    "text-generation": {
      "do_sample": true,
      "max_length": 250
    }
  },
  "temperature": 1.0,
  "top_k": 50,
  "top_p": 1.0,
  "torchscript": false,
  "untie_r": true,
  "use_bfloat16": false,
  "vocab_size": 32000
}

Optimizer: adam
Optimizer: adam
**** Training Begins ****
**** Epoch 0/20 ****
Use CrossEntropyLoss
15/33-(1.494)
30/33-(1.375)
12/33-(1.425)

=== Evaluating Model ===
Total valid loss 0.9804609566926956
accuracy on Test 0.5722222222222222
Best accuracy on Test 0.5722222222222222

**** Epoch 0/20 ****
27/33-(1.500)
9/33-(1.065)
24/33-(1.341)
6/33-(1.228)

=== Evaluating Model ===
Total valid loss 0.9470883583029112
accuracy on Test 0.5722222222222222
Best accuracy on Test 0.5722222222222222

**** Epoch 1/20 ****
21/33-(1.272)
3/33-(1.271)
18/33-(1.108)
0/33-(0.940)

=== Evaluating Model ===
Total valid loss 0.9064416438341141
accuracy on Test 0.5722222222222222
Best accuracy on Test 0.5722222222222222

**** Epoch 2/20 ****
15/33-(1.053)
30/33-(0.960)
12/33-(0.988)

=== Evaluating Model ===
Total valid loss 0.896954615910848
accuracy on Test 0.5944444444444444
Best accuracy on Test 0.5944444444444444

**** Epoch 3/20 ****
27/33-(0.966)
9/33-(0.964)
24/33-(0.958)
6/33-(1.260)

=== Evaluating Model ===
Total valid loss 0.9551226993401846
accuracy on Test 0.5333333333333333
Best accuracy on Test 0.5944444444444444

**** Epoch 4/20 ****
21/33-(1.160)
3/33-(1.116)
18/33-(0.936)
0/33-(0.799)

=== Evaluating Model ===
Total valid loss 0.8523215701182684
accuracy on Test 0.5888888888888889
Best accuracy on Test 0.5944444444444444

**** Epoch 5/20 ****
15/33-(0.936)
30/33-(1.077)
12/33-(0.911)
27/33-(1.085)

=== Evaluating Model ===
Total valid loss 0.9061208764712015
accuracy on Test 0.5777777777777777
Best accuracy on Test 0.5944444444444444

**** Epoch 6/20 ****
9/33-(1.105)
24/33-(1.491)
6/33-(0.988)

=== Evaluating Model ===
Total valid loss 0.9149660691618919
accuracy on Test 0.5666666666666667
Best accuracy on Test 0.5944444444444444

**** Epoch 7/20 ****
21/33-(1.557)
3/33-(1.211)
18/33-(1.443)
0/33-(1.051)

=== Evaluating Model ===
Total valid loss 0.960981917877992
accuracy on Test 0.5722222222222222
Best accuracy on Test 0.5944444444444444

**** Epoch 8/20 ****
15/33-(0.773)
30/33-(0.994)
12/33-(1.051)
27/33-(1.061)

=== Evaluating Model ===
Total valid loss 0.9544509053230286
accuracy on Test 0.5222222222222223
Best accuracy on Test 0.5944444444444444

**** Epoch 9/20 ****
9/33-(1.090)
24/33-(1.151)
6/33-(1.115)
21/33-(1.008)

=== Evaluating Model ===
Total valid loss 0.9332385907570521
accuracy on Test 0.5722222222222222
Best accuracy on Test 0.5944444444444444

**** Epoch 10/20 ****
3/33-(1.450)
18/33-(1.178)
0/33-(1.260)

=== Evaluating Model ===
Total valid loss 0.9734336882829666
accuracy on Test 0.5666666666666667
Best accuracy on Test 0.5944444444444444

**** Epoch 11/20 ****
15/33-(0.902)
30/33-(0.995)
12/33-(1.074)
27/33-(1.398)

=== Evaluating Model ===
Total valid loss 0.9644221315781275
accuracy on Test 0.55
Best accuracy on Test 0.5944444444444444

**** Epoch 12/20 ****
9/33-(1.329)
24/33-(1.084)
6/33-(1.168)
21/33-(0.825)

=== Evaluating Model ===
Total valid loss 0.9251447767019272
accuracy on Test 0.5666666666666667
Best accuracy on Test 0.5944444444444444

**** Epoch 13/20 ****
3/33-(0.988)
18/33-(0.764)
0/33-(1.053)
15/33-(0.938)

=== Evaluating Model ===
Total valid loss 1.1741477996110916
accuracy on Test 0.5722222222222222
Best accuracy on Test 0.5944444444444444

**** Epoch 14/20 ****
30/33-(1.207)
12/33-(1.155)
27/33-(1.326)

=== Evaluating Model ===
Total valid loss 0.8919171839952469
accuracy on Test 0.6055555555555555
Best accuracy on Test 0.6055555555555555

**** Epoch 15/20 ****
9/33-(1.251)
24/33-(1.071)
6/33-(0.780)
21/33-(0.891)

=== Evaluating Model ===
Total valid loss 0.9045796891053518
accuracy on Test 0.5944444444444444
Best accuracy on Test 0.6055555555555555

**** Epoch 16/20 ****
3/33-(1.454)
18/33-(0.695)
0/33-(1.226)
15/33-(0.645)

=== Evaluating Model ===
Total valid loss 1.001159759859244
accuracy on Test 0.5722222222222222
Best accuracy on Test 0.6055555555555555

**** Epoch 17/20 ****
30/33-(0.904)
12/33-(0.909)
27/33-(0.787)

=== Evaluating Model ===
Total valid loss 1.0515596643090248
accuracy on Test 0.5944444444444444
Best accuracy on Test 0.6055555555555555

**** Epoch 18/20 ****
9/33-(1.163)
24/33-(0.901)
6/33-(1.254)
21/33-(1.006)

=== Evaluating Model ===
Total valid loss 1.1297820111115773
accuracy on Test 0.48333333333333334
Best accuracy on Test 0.6055555555555555

**** Epoch 19/20 ****
3/33-(0.292)
18/33-(0.079)
Best accuracy on Test 0.6055555555555555

Source domain: Clinton, Target domain: Clinton, Cur_fold 6
Corpus: GCDC
Starting new HTTPS connection (1): s3.amazonaws.com:443
https://s3.amazonaws.com:443 "HEAD /models.huggingface.co/bert/xlnet-base-cased-spiece.model HTTP/1.1" 200 0
loading file https://s3.amazonaws.com/models.huggingface.co/bert/xlnet-base-cased-spiece.model from cache at /home/minghongxia/.cache/torch/transformers/dad589d582573df0293448af5109cb6981ca77239ed314e15ca63b7b8a318ddd.8b10bd978b5d01c21303cc761fc9ecd464419b3bf921864a355ba807cfbfafa8
Loading these models for language: en (English):
=======================
| Processor | Package |
-----------------------
| tokenize  | ewt     |
=======================

Use device: gpu
Loading: tokenize
Done loading processors!
Loading these models for language: en (English):
=======================
| Processor | Package |
-----------------------
| tokenize  | ewt     |
=======================

Use device: gpu
Loading: tokenize
Done loading processors!
315.5
Starting new HTTPS connection (1): s3.amazonaws.com:443
https://s3.amazonaws.com:443 "HEAD /models.huggingface.co/bert/xlnet-base-cased-config.json HTTP/1.1" 200 0
loading configuration file https://s3.amazonaws.com/models.huggingface.co/bert/xlnet-base-cased-config.json from cache at /home/minghongxia/.cache/torch/transformers/c9cc6e53904f7f3679a31ec4af244f4419e25ebc8e71ebf8c558a31cbcf07fc8.69e5e35e0b798cab5e473f253752f8bf4d280ee37682281a23eed80f6e2d09c6
Model config XLNetConfig {
  "architectures": [
    "XLNetLMHeadModel"
  ],
  "attn_type": "bi",
  "bi_data": false,
  "bos_token_id": 1,
  "clamp_len": -1,
  "d_head": 64,
  "d_inner": 3072,
  "d_model": 768,
  "do_sample": false,
  "dropout": 0.1,
  "end_n_top": 5,
  "eos_token_id": 2,
  "eos_token_ids": 0,
  "ff_activation": "gelu",
  "finetuning_task": null,
  "id2label": {
    "0": "LABEL_0",
    "1": "LABEL_1"
  },
  "initializer_range": 0.02,
  "is_decoder": false,
  "label2id": {
    "LABEL_0": 0,
    "LABEL_1": 1
  },
  "layer_norm_eps": 1e-12,
  "length_penalty": 1.0,
  "max_length": 20,
  "mem_len": null,
  "model_type": "xlnet",
  "n_head": 12,
  "n_layer": 12,
  "num_beams": 1,
  "num_labels": 2,
  "num_return_sequences": 1,
  "output_attentions": false,
  "output_hidden_states": false,
  "output_past": true,
  "pad_token_id": 5,
  "pruned_heads": {},
  "repetition_penalty": 1.0,
  "reuse_len": null,
  "same_length": false,
  "start_n_top": 5,
  "summary_activation": "tanh",
  "summary_last_dropout": 0.1,
  "summary_type": "last",
  "summary_use_proj": true,
  "task_specific_params": {
    "text-generation": {
      "do_sample": true,
      "max_length": 250
    }
  },
  "temperature": 1.0,
  "top_k": 50,
  "top_p": 1.0,
  "torchscript": false,
  "untie_r": true,
  "use_bfloat16": false,
  "vocab_size": 32000
}

Loading embeddings from: xlnet-base-cased
Model: DIS_Simple Avg Plus Sentence Ordering
Encoder: XLNet
Starting new HTTPS connection (1): s3.amazonaws.com:443
https://s3.amazonaws.com:443 "HEAD /models.huggingface.co/bert/xlnet-base-cased-config.json HTTP/1.1" 200 0
loading configuration file https://s3.amazonaws.com/models.huggingface.co/bert/xlnet-base-cased-config.json from cache at /home/minghongxia/.cache/torch/transformers/c9cc6e53904f7f3679a31ec4af244f4419e25ebc8e71ebf8c558a31cbcf07fc8.69e5e35e0b798cab5e473f253752f8bf4d280ee37682281a23eed80f6e2d09c6
Model config XLNetConfig {
  "architectures": [
    "XLNetLMHeadModel"
  ],
  "attn_type": "bi",
  "bi_data": false,
  "bos_token_id": 1,
  "clamp_len": -1,
  "d_head": 64,
  "d_inner": 3072,
  "d_model": 768,
  "do_sample": false,
  "dropout": 0.1,
  "end_n_top": 5,
  "eos_token_id": 2,
  "eos_token_ids": 0,
  "ff_activation": "gelu",
  "finetuning_task": null,
  "id2label": {
    "0": "LABEL_0",
    "1": "LABEL_1"
  },
  "initializer_range": 0.02,
  "is_decoder": false,
  "label2id": {
    "LABEL_0": 0,
    "LABEL_1": 1
  },
  "layer_norm_eps": 1e-12,
  "length_penalty": 1.0,
  "max_length": 20,
  "mem_len": null,
  "model_type": "xlnet",
  "n_head": 12,
  "n_layer": 12,
  "num_beams": 1,
  "num_labels": 2,
  "num_return_sequences": 1,
  "output_attentions": true,
  "output_hidden_states": false,
  "output_past": true,
  "pad_token_id": 5,
  "pruned_heads": {},
  "repetition_penalty": 1.0,
  "reuse_len": null,
  "same_length": false,
  "start_n_top": 5,
  "summary_activation": "tanh",
  "summary_last_dropout": 0.1,
  "summary_type": "last",
  "summary_use_proj": true,
  "task_specific_params": {
    "text-generation": {
      "do_sample": true,
      "max_length": 250
    }
  },
  "temperature": 1.0,
  "top_k": 50,
  "top_p": 1.0,
  "torchscript": false,
  "untie_r": true,
  "use_bfloat16": false,
  "vocab_size": 32000
}

Starting new HTTPS connection (1): s3.amazonaws.com:443
https://s3.amazonaws.com:443 "HEAD /models.huggingface.co/bert/xlnet-base-cased-pytorch_model.bin HTTP/1.1" 200 0
loading weights file https://s3.amazonaws.com/models.huggingface.co/bert/xlnet-base-cased-pytorch_model.bin from cache at /home/minghongxia/.cache/torch/transformers/24197ba0ce5dbfe23924431610704c88e2c0371afa49149360e4c823219ab474.7eac4fe898a021204e63c88c00ea68c60443c57f94b4bc3c02adbde6465745ac
Starting new HTTPS connection (1): s3.amazonaws.com:443
https://s3.amazonaws.com:443 "HEAD /models.huggingface.co/bert/xlnet-base-cased-config.json HTTP/1.1" 200 0
loading configuration file https://s3.amazonaws.com/models.huggingface.co/bert/xlnet-base-cased-config.json from cache at /home/minghongxia/.cache/torch/transformers/c9cc6e53904f7f3679a31ec4af244f4419e25ebc8e71ebf8c558a31cbcf07fc8.69e5e35e0b798cab5e473f253752f8bf4d280ee37682281a23eed80f6e2d09c6
Model config XLNetConfig {
  "architectures": [
    "XLNetLMHeadModel"
  ],
  "attn_type": "bi",
  "bi_data": false,
  "bos_token_id": 1,
  "clamp_len": -1,
  "d_head": 64,
  "d_inner": 3072,
  "d_model": 768,
  "do_sample": false,
  "dropout": 0.1,
  "end_n_top": 5,
  "eos_token_id": 2,
  "eos_token_ids": 0,
  "ff_activation": "gelu",
  "finetuning_task": null,
  "id2label": {
    "0": "LABEL_0",
    "1": "LABEL_1"
  },
  "initializer_range": 0.02,
  "is_decoder": false,
  "label2id": {
    "LABEL_0": 0,
    "LABEL_1": 1
  },
  "layer_norm_eps": 1e-12,
  "length_penalty": 1.0,
  "max_length": 20,
  "mem_len": null,
  "model_type": "xlnet",
  "n_head": 12,
  "n_layer": 12,
  "num_beams": 1,
  "num_labels": 2,
  "num_return_sequences": 1,
  "output_attentions": false,
  "output_hidden_states": false,
  "output_past": true,
  "pad_token_id": 5,
  "pruned_heads": {},
  "repetition_penalty": 1.0,
  "reuse_len": null,
  "same_length": false,
  "start_n_top": 5,
  "summary_activation": "tanh",
  "summary_last_dropout": 0.1,
  "summary_type": "last",
  "summary_use_proj": true,
  "task_specific_params": {
    "text-generation": {
      "do_sample": true,
      "max_length": 250
    }
  },
  "temperature": 1.0,
  "top_k": 50,
  "top_p": 1.0,
  "torchscript": false,
  "untie_r": true,
  "use_bfloat16": false,
  "vocab_size": 32000
}

Optimizer: adam
Optimizer: adam
**** Training Begins ****
**** Epoch 0/20 ****
Use CrossEntropyLoss
15/33-(1.905)
30/33-(1.142)
12/33-(1.402)

=== Evaluating Model ===
Total valid loss 0.97532952328523
accuracy on Test 0.55
Best accuracy on Test 0.55

**** Epoch 0/20 ****
27/33-(1.372)
9/33-(1.176)
24/33-(1.330)
6/33-(1.138)

=== Evaluating Model ===
Total valid loss 1.0294898748397827
accuracy on Test 0.4388888888888889
Best accuracy on Test 0.55

**** Epoch 1/20 ****
21/33-(1.113)
3/33-(1.321)
18/33-(1.105)
0/33-(1.288)

=== Evaluating Model ===
Total valid loss 0.9614990452925364
accuracy on Test 0.5611111111111111
Best accuracy on Test 0.5611111111111111

**** Epoch 2/20 ****
15/33-(1.247)
30/33-(1.227)
12/33-(1.110)

=== Evaluating Model ===
Total valid loss 0.9930946677923203
accuracy on Test 0.5611111111111111
Best accuracy on Test 0.5611111111111111

**** Epoch 3/20 ****
27/33-(1.058)
9/33-(1.109)
24/33-(1.077)
6/33-(1.158)

=== Evaluating Model ===
Total valid loss 0.9715280681848526
accuracy on Test 0.6055555555555555
Best accuracy on Test 0.6055555555555555

**** Epoch 4/20 ****
21/33-(0.835)
3/33-(1.072)
18/33-(1.119)
0/33-(0.834)

=== Evaluating Model ===
Total valid loss 1.0174012432495754
accuracy on Test 0.5833333333333334
Best accuracy on Test 0.6055555555555555

**** Epoch 5/20 ****
15/33-(0.987)
30/33-(0.996)
12/33-(1.483)
27/33-(1.002)

=== Evaluating Model ===
Total valid loss 0.9440137644608816
accuracy on Test 0.5611111111111111
Best accuracy on Test 0.6055555555555555

**** Epoch 6/20 ****
9/33-(1.204)
24/33-(0.865)
6/33-(0.914)

=== Evaluating Model ===
Total valid loss 1.036634345849355
accuracy on Test 0.5611111111111111
Best accuracy on Test 0.6055555555555555

**** Epoch 7/20 ****
21/33-(1.607)
3/33-(0.865)
18/33-(0.816)
0/33-(1.104)

=== Evaluating Model ===
Total valid loss 0.8845371504624685
accuracy on Test 0.5833333333333334
Best accuracy on Test 0.6055555555555555

**** Epoch 8/20 ****
15/33-(0.964)
30/33-(1.013)
12/33-(0.957)
27/33-(1.149)

=== Evaluating Model ===
Total valid loss 1.1517122648656368
accuracy on Test 0.6055555555555555
Best accuracy on Test 0.6055555555555555

**** Epoch 9/20 ****
9/33-(1.121)
24/33-(0.883)
6/33-(0.815)
21/33-(0.734)

=== Evaluating Model ===
Total valid loss 0.9570385466019312
accuracy on Test 0.5555555555555556
Best accuracy on Test 0.6055555555555555

**** Epoch 10/20 ****
3/33-(0.939)
18/33-(0.589)
0/33-(1.200)

=== Evaluating Model ===
Total valid loss 0.9970337698856989
accuracy on Test 0.5388888888888889
Best accuracy on Test 0.6055555555555555

**** Epoch 11/20 ****
15/33-(0.644)
30/33-(1.061)
12/33-(0.801)
27/33-(0.916)

=== Evaluating Model ===
Total valid loss 0.988590040554603
accuracy on Test 0.55
Best accuracy on Test 0.6055555555555555

**** Epoch 12/20 ****
9/33-(1.391)
24/33-(0.715)
6/33-(0.603)
21/33-(0.970)

=== Evaluating Model ===
Total valid loss 1.038217027982076
accuracy on Test 0.5444444444444444
Best accuracy on Test 0.6055555555555555

**** Epoch 13/20 ****
3/33-(0.579)
18/33-(0.424)
0/33-(0.709)
15/33-(0.831)

=== Evaluating Model ===
Total valid loss 1.1910979449748993
accuracy on Test 0.5333333333333333
Best accuracy on Test 0.6055555555555555

**** Epoch 14/20 ****
30/33-(1.010)
12/33-(0.740)
27/33-(1.176)

=== Evaluating Model ===
Total valid loss 1.162972867488861
accuracy on Test 0.5777777777777777
Best accuracy on Test 0.6055555555555555

**** Epoch 15/20 ****
9/33-(0.555)
24/33-(0.469)
6/33-(0.225)
21/33-(1.007)

=== Evaluating Model ===
Total valid loss 1.3384231080611546
accuracy on Test 0.5777777777777777
Best accuracy on Test 0.6055555555555555

**** Epoch 16/20 ****
3/33-(1.246)
18/33-(0.631)
0/33-(0.827)
15/33-(0.542)

=== Evaluating Model ===
Total valid loss 1.4100659042596817
accuracy on Test 0.6
Best accuracy on Test 0.6055555555555555

**** Epoch 17/20 ****
30/33-(0.543)
12/33-(0.493)
27/33-(0.573)

=== Evaluating Model ===
Total valid loss 1.3675078228116035
accuracy on Test 0.5444444444444444
Best accuracy on Test 0.6055555555555555

**** Epoch 18/20 ****
9/33-(0.422)
24/33-(0.868)
6/33-(0.512)
21/33-(0.416)

=== Evaluating Model ===
Total valid loss 1.2925135617454846
accuracy on Test 0.5666666666666667
Best accuracy on Test 0.6055555555555555

**** Epoch 19/20 ****
3/33-(0.260)
18/33-(0.513)
Best accuracy on Test 0.6055555555555555

Source domain: Clinton, Target domain: Clinton, Cur_fold 7
Corpus: GCDC
Starting new HTTPS connection (1): s3.amazonaws.com:443
https://s3.amazonaws.com:443 "HEAD /models.huggingface.co/bert/xlnet-base-cased-spiece.model HTTP/1.1" 200 0
loading file https://s3.amazonaws.com/models.huggingface.co/bert/xlnet-base-cased-spiece.model from cache at /home/minghongxia/.cache/torch/transformers/dad589d582573df0293448af5109cb6981ca77239ed314e15ca63b7b8a318ddd.8b10bd978b5d01c21303cc761fc9ecd464419b3bf921864a355ba807cfbfafa8
Loading these models for language: en (English):
=======================
| Processor | Package |
-----------------------
| tokenize  | ewt     |
=======================

Use device: gpu
Loading: tokenize
Done loading processors!
Loading these models for language: en (English):
=======================
| Processor | Package |
-----------------------
| tokenize  | ewt     |
=======================

Use device: gpu
Loading: tokenize
Done loading processors!
315.5
Starting new HTTPS connection (1): s3.amazonaws.com:443
loading configuration file https://s3.amazonaws.com/models.huggingface.co/bert/xlnet-base-cased-config.json from cache at /home/minghongxia/.cache/torch/transformers/c9cc6e53904f7f3679a31ec4af244f4419e25ebc8e71ebf8c558a31cbcf07fc8.69e5e35e0b798cab5e473f253752f8bf4d280ee37682281a23eed80f6e2d09c6
Model config XLNetConfig {
  "architectures": [
    "XLNetLMHeadModel"
  ],
  "attn_type": "bi",
  "bi_data": false,
  "bos_token_id": 1,
  "clamp_len": -1,
  "d_head": 64,
  "d_inner": 3072,
  "d_model": 768,
  "do_sample": false,
  "dropout": 0.1,
  "end_n_top": 5,
  "eos_token_id": 2,
  "eos_token_ids": 0,
  "ff_activation": "gelu",
  "finetuning_task": null,
  "id2label": {
    "0": "LABEL_0",
    "1": "LABEL_1"
  },
  "initializer_range": 0.02,
  "is_decoder": false,
  "label2id": {
    "LABEL_0": 0,
    "LABEL_1": 1
  },
  "layer_norm_eps": 1e-12,
  "length_penalty": 1.0,
  "max_length": 20,
  "mem_len": null,
  "model_type": "xlnet",
  "n_head": 12,
  "n_layer": 12,
  "num_beams": 1,
  "num_labels": 2,
  "num_return_sequences": 1,
  "output_attentions": false,
  "output_hidden_states": false,
  "output_past": true,
  "pad_token_id": 5,
  "pruned_heads": {},
  "repetition_penalty": 1.0,
  "reuse_len": null,
  "same_length": false,
  "start_n_top": 5,
  "summary_activation": "tanh",
  "summary_last_dropout": 0.1,
  "summary_type": "last",
  "summary_use_proj": true,
  "task_specific_params": {
    "text-generation": {
      "do_sample": true,
      "max_length": 250
    }
  },
  "temperature": 1.0,
  "top_k": 50,
  "top_p": 1.0,
  "torchscript": false,
  "untie_r": true,
  "use_bfloat16": false,
  "vocab_size": 32000
}

Loading embeddings from: xlnet-base-cased
Model: DIS_Simple Avg Plus Sentence Ordering
Encoder: XLNet
Starting new HTTPS connection (1): s3.amazonaws.com:443
loading configuration file https://s3.amazonaws.com/models.huggingface.co/bert/xlnet-base-cased-config.json from cache at /home/minghongxia/.cache/torch/transformers/c9cc6e53904f7f3679a31ec4af244f4419e25ebc8e71ebf8c558a31cbcf07fc8.69e5e35e0b798cab5e473f253752f8bf4d280ee37682281a23eed80f6e2d09c6
Model config XLNetConfig {
  "architectures": [
    "XLNetLMHeadModel"
  ],
  "attn_type": "bi",
  "bi_data": false,
  "bos_token_id": 1,
  "clamp_len": -1,
  "d_head": 64,
  "d_inner": 3072,
  "d_model": 768,
  "do_sample": false,
  "dropout": 0.1,
  "end_n_top": 5,
  "eos_token_id": 2,
  "eos_token_ids": 0,
  "ff_activation": "gelu",
  "finetuning_task": null,
  "id2label": {
    "0": "LABEL_0",
    "1": "LABEL_1"
  },
  "initializer_range": 0.02,
  "is_decoder": false,
  "label2id": {
    "LABEL_0": 0,
    "LABEL_1": 1
  },
  "layer_norm_eps": 1e-12,
  "length_penalty": 1.0,
  "max_length": 20,
  "mem_len": null,
  "model_type": "xlnet",
  "n_head": 12,
  "n_layer": 12,
  "num_beams": 1,
  "num_labels": 2,
  "num_return_sequences": 1,
  "output_attentions": true,
  "output_hidden_states": false,
  "output_past": true,
  "pad_token_id": 5,
  "pruned_heads": {},
  "repetition_penalty": 1.0,
  "reuse_len": null,
  "same_length": false,
  "start_n_top": 5,
  "summary_activation": "tanh",
  "summary_last_dropout": 0.1,
  "summary_type": "last",
  "summary_use_proj": true,
  "task_specific_params": {
    "text-generation": {
      "do_sample": true,
      "max_length": 250
    }
  },
  "temperature": 1.0,
  "top_k": 50,
  "top_p": 1.0,
  "torchscript": false,
  "untie_r": true,
  "use_bfloat16": false,
  "vocab_size": 32000
}

Starting new HTTPS connection (1): s3.amazonaws.com:443
https://s3.amazonaws.com:443 "HEAD /models.huggingface.co/bert/xlnet-base-cased-pytorch_model.bin HTTP/1.1" 200 0
loading weights file https://s3.amazonaws.com/models.huggingface.co/bert/xlnet-base-cased-pytorch_model.bin from cache at /home/minghongxia/.cache/torch/transformers/24197ba0ce5dbfe23924431610704c88e2c0371afa49149360e4c823219ab474.7eac4fe898a021204e63c88c00ea68c60443c57f94b4bc3c02adbde6465745ac
Starting new HTTPS connection (1): s3.amazonaws.com:443
loading configuration file https://s3.amazonaws.com/models.huggingface.co/bert/xlnet-base-cased-config.json from cache at /home/minghongxia/.cache/torch/transformers/c9cc6e53904f7f3679a31ec4af244f4419e25ebc8e71ebf8c558a31cbcf07fc8.69e5e35e0b798cab5e473f253752f8bf4d280ee37682281a23eed80f6e2d09c6
Model config XLNetConfig {
  "architectures": [
    "XLNetLMHeadModel"
  ],
  "attn_type": "bi",
  "bi_data": false,
  "bos_token_id": 1,
  "clamp_len": -1,
  "d_head": 64,
  "d_inner": 3072,
  "d_model": 768,
  "do_sample": false,
  "dropout": 0.1,
  "end_n_top": 5,
  "eos_token_id": 2,
  "eos_token_ids": 0,
  "ff_activation": "gelu",
  "finetuning_task": null,
  "id2label": {
    "0": "LABEL_0",
    "1": "LABEL_1"
  },
  "initializer_range": 0.02,
  "is_decoder": false,
  "label2id": {
    "LABEL_0": 0,
    "LABEL_1": 1
  },
  "layer_norm_eps": 1e-12,
  "length_penalty": 1.0,
  "max_length": 20,
  "mem_len": null,
  "model_type": "xlnet",
  "n_head": 12,
  "n_layer": 12,
  "num_beams": 1,
  "num_labels": 2,
  "num_return_sequences": 1,
  "output_attentions": false,
  "output_hidden_states": false,
  "output_past": true,
  "pad_token_id": 5,
  "pruned_heads": {},
  "repetition_penalty": 1.0,
  "reuse_len": null,
  "same_length": false,
  "start_n_top": 5,
  "summary_activation": "tanh",
  "summary_last_dropout": 0.1,
  "summary_type": "last",
  "summary_use_proj": true,
  "task_specific_params": {
    "text-generation": {
      "do_sample": true,
      "max_length": 250
    }
  },
  "temperature": 1.0,
  "top_k": 50,
  "top_p": 1.0,
  "torchscript": false,
  "untie_r": true,
  "use_bfloat16": false,
  "vocab_size": 32000
}

Optimizer: adam
Optimizer: adam
**** Training Begins ****
**** Epoch 0/20 ****
Use CrossEntropyLoss
15/33-(1.825)
30/33-(1.903)
12/33-(1.281)

=== Evaluating Model ===
Total valid loss 1.0285388628641765
accuracy on Test 0.5722222222222222
Best accuracy on Test 0.5722222222222222

**** Epoch 0/20 ****
27/33-(1.544)
9/33-(1.237)
24/33-(1.281)
6/33-(1.141)

=== Evaluating Model ===
Total valid loss 0.9807051867246628
accuracy on Test 0.5722222222222222
Best accuracy on Test 0.5722222222222222

**** Epoch 1/20 ****
