Whole k-fold eval mode
Source domain: 2, Target domain: 2, Cur_fold 0
Corpus: TOEFL
Starting new HTTPS connection (1): s3.amazonaws.com:443
https://s3.amazonaws.com:443 "HEAD /models.huggingface.co/bert/xlnet-base-cased-spiece.model HTTP/1.1" 200 0
loading file https://s3.amazonaws.com/models.huggingface.co/bert/xlnet-base-cased-spiece.model from cache at /home/minghongxia/.cache/torch/transformers/dad589d582573df0293448af5109cb6981ca77239ed314e15ca63b7b8a318ddd.8b10bd978b5d01c21303cc761fc9ecd464419b3bf921864a355ba807cfbfafa8
Loading these models for language: en (English):
=======================
| Processor | Package |
-----------------------
| tokenize  | ewt     |
=======================

Use device: gpu
Loading: tokenize
Done loading processors!
Loading these models for language: en (English):
=======================
| Processor | Package |
-----------------------
| tokenize  | ewt     |
=======================

Use device: gpu
Loading: tokenize
Done loading processors!
Loading these models for language: en (English):
=======================
| Processor | Package |
-----------------------
| tokenize  | ewt     |
=======================

Use device: gpu
Loading: tokenize
Done loading processors!
Starting new HTTPS connection (1): s3.amazonaws.com:443
https://s3.amazonaws.com:443 "HEAD /models.huggingface.co/bert/xlnet-base-cased-config.json HTTP/1.1" 200 0
loading configuration file https://s3.amazonaws.com/models.huggingface.co/bert/xlnet-base-cased-config.json from cache at /home/minghongxia/.cache/torch/transformers/c9cc6e53904f7f3679a31ec4af244f4419e25ebc8e71ebf8c558a31cbcf07fc8.69e5e35e0b798cab5e473f253752f8bf4d280ee37682281a23eed80f6e2d09c6
Model config XLNetConfig {
  "architectures": [
    "XLNetLMHeadModel"
  ],
  "attn_type": "bi",
  "bi_data": false,
  "bos_token_id": 1,
  "clamp_len": -1,
  "d_head": 64,
  "d_inner": 3072,
  "d_model": 768,
  "do_sample": false,
  "dropout": 0.1,
  "end_n_top": 5,
  "eos_token_id": 2,
  "eos_token_ids": 0,
  "ff_activation": "gelu",
  "finetuning_task": null,
  "id2label": {
    "0": "LABEL_0",
    "1": "LABEL_1"
  },
  "initializer_range": 0.02,
  "is_decoder": false,
  "label2id": {
    "LABEL_0": 0,
    "LABEL_1": 1
  },
  "layer_norm_eps": 1e-12,
  "length_penalty": 1.0,
  "max_length": 20,
  "mem_len": null,
  "model_type": "xlnet",
  "n_head": 12,
  "n_layer": 12,
  "num_beams": 1,
  "num_labels": 2,
  "num_return_sequences": 1,
  "output_attentions": false,
  "output_hidden_states": false,
  "output_past": true,
  "pad_token_id": 5,
  "pruned_heads": {},
  "repetition_penalty": 1.0,
  "reuse_len": null,
  "same_length": false,
  "start_n_top": 5,
  "summary_activation": "tanh",
  "summary_last_dropout": 0.1,
  "summary_type": "last",
  "summary_use_proj": true,
  "task_specific_params": {
    "text-generation": {
      "do_sample": true,
      "max_length": 250
    }
  },
  "temperature": 1.0,
  "top_k": 50,
  "top_p": 1.0,
  "torchscript": false,
  "untie_r": true,
  "use_bfloat16": false,
  "vocab_size": 32000
}

Loading embeddings from: xlnet-base-cased
Model: DIS_Simple Avg Plus Sentence Ordering
Encoder: XLNet
Starting new HTTPS connection (1): s3.amazonaws.com:443
https://s3.amazonaws.com:443 "HEAD /models.huggingface.co/bert/xlnet-base-cased-config.json HTTP/1.1" 200 0
loading configuration file https://s3.amazonaws.com/models.huggingface.co/bert/xlnet-base-cased-config.json from cache at /home/minghongxia/.cache/torch/transformers/c9cc6e53904f7f3679a31ec4af244f4419e25ebc8e71ebf8c558a31cbcf07fc8.69e5e35e0b798cab5e473f253752f8bf4d280ee37682281a23eed80f6e2d09c6
Model config XLNetConfig {
  "architectures": [
    "XLNetLMHeadModel"
  ],
  "attn_type": "bi",
  "bi_data": false,
  "bos_token_id": 1,
  "clamp_len": -1,
  "d_head": 64,
  "d_inner": 3072,
  "d_model": 768,
  "do_sample": false,
  "dropout": 0.1,
  "end_n_top": 5,
  "eos_token_id": 2,
  "eos_token_ids": 0,
  "ff_activation": "gelu",
  "finetuning_task": null,
  "id2label": {
    "0": "LABEL_0",
    "1": "LABEL_1"
  },
  "initializer_range": 0.02,
  "is_decoder": false,
  "label2id": {
    "LABEL_0": 0,
    "LABEL_1": 1
  },
  "layer_norm_eps": 1e-12,
  "length_penalty": 1.0,
  "max_length": 20,
  "mem_len": null,
  "model_type": "xlnet",
  "n_head": 12,
  "n_layer": 12,
  "num_beams": 1,
  "num_labels": 2,
  "num_return_sequences": 1,
  "output_attentions": true,
  "output_hidden_states": false,
  "output_past": true,
  "pad_token_id": 5,
  "pruned_heads": {},
  "repetition_penalty": 1.0,
  "reuse_len": null,
  "same_length": false,
  "start_n_top": 5,
  "summary_activation": "tanh",
  "summary_last_dropout": 0.1,
  "summary_type": "last",
  "summary_use_proj": true,
  "task_specific_params": {
    "text-generation": {
      "do_sample": true,
      "max_length": 250
    }
  },
  "temperature": 1.0,
  "top_k": 50,
  "top_p": 1.0,
  "torchscript": false,
  "untie_r": true,
  "use_bfloat16": false,
  "vocab_size": 32000
}

Starting new HTTPS connection (1): s3.amazonaws.com:443
https://s3.amazonaws.com:443 "HEAD /models.huggingface.co/bert/xlnet-base-cased-pytorch_model.bin HTTP/1.1" 200 0
loading weights file https://s3.amazonaws.com/models.huggingface.co/bert/xlnet-base-cased-pytorch_model.bin from cache at /home/minghongxia/.cache/torch/transformers/24197ba0ce5dbfe23924431610704c88e2c0371afa49149360e4c823219ab474.7eac4fe898a021204e63c88c00ea68c60443c57f94b4bc3c02adbde6465745ac
Starting new HTTPS connection (1): s3.amazonaws.com:443
https://s3.amazonaws.com:443 "HEAD /models.huggingface.co/bert/xlnet-base-cased-config.json HTTP/1.1" 200 0
loading configuration file https://s3.amazonaws.com/models.huggingface.co/bert/xlnet-base-cased-config.json from cache at /home/minghongxia/.cache/torch/transformers/c9cc6e53904f7f3679a31ec4af244f4419e25ebc8e71ebf8c558a31cbcf07fc8.69e5e35e0b798cab5e473f253752f8bf4d280ee37682281a23eed80f6e2d09c6
Model config XLNetConfig {
  "architectures": [
    "XLNetLMHeadModel"
  ],
  "attn_type": "bi",
  "bi_data": false,
  "bos_token_id": 1,
  "clamp_len": -1,
  "d_head": 64,
  "d_inner": 3072,
  "d_model": 768,
  "do_sample": false,
  "dropout": 0.1,
  "end_n_top": 5,
  "eos_token_id": 2,
  "eos_token_ids": 0,
  "ff_activation": "gelu",
  "finetuning_task": null,
  "id2label": {
    "0": "LABEL_0",
    "1": "LABEL_1"
  },
  "initializer_range": 0.02,
  "is_decoder": false,
  "label2id": {
    "LABEL_0": 0,
    "LABEL_1": 1
  },
  "layer_norm_eps": 1e-12,
  "length_penalty": 1.0,
  "max_length": 20,
  "mem_len": null,
  "model_type": "xlnet",
  "n_head": 12,
  "n_layer": 12,
  "num_beams": 1,
  "num_labels": 2,
  "num_return_sequences": 1,
  "output_attentions": false,
  "output_hidden_states": false,
  "output_past": true,
  "pad_token_id": 5,
  "pruned_heads": {},
  "repetition_penalty": 1.0,
  "reuse_len": null,
  "same_length": false,
  "start_n_top": 5,
  "summary_activation": "tanh",
  "summary_last_dropout": 0.1,
  "summary_type": "last",
  "summary_use_proj": true,
  "task_specific_params": {
    "text-generation": {
      "do_sample": true,
      "max_length": 250
    }
  },
  "temperature": 1.0,
  "top_k": 50,
  "top_p": 1.0,
  "torchscript": false,
  "untie_r": true,
  "use_bfloat16": false,
  "vocab_size": 32000
}

Optimizer: adam
**** Training Begins ****
**** Epoch 0/20 ****
Use CrossEntropyLoss
15/33-(1.483)
30/33-(1.619)
12/33-(1.425)

=== Evaluating Model ===
accuracy on Valid 0.5384615384615384

Best accuracy on Valid 0.5384615384615384
Total valid loss 0.8156442224979401
accuracy on Test 0.5512820512820513
Best accuracy on Test 0.5512820512820513

**** Epoch 0/20 ****
27/33-(0.965)
9/33-(1.190)
24/33-(1.111)
6/33-(0.809)

=== Evaluating Model ===
accuracy on Valid 0.6217948717948718

Best accuracy on Valid 0.6217948717948718
Total valid loss 0.7907354950904846
accuracy on Test 0.6282051282051282
Best accuracy on Test 0.6282051282051282

**** Epoch 1/20 ****
21/33-(0.812)
3/33-(0.707)
18/33-(0.756)
0/33-(1.264)

=== Evaluating Model ===
accuracy on Valid 0.6089743589743589


**** Epoch 2/20 ****
15/33-(0.660)
30/33-(0.737)
12/33-(0.813)
27/33-(0.886)

=== Evaluating Model ===
accuracy on Valid 0.6730769230769231

Best accuracy on Valid 0.6730769230769231
Total valid loss 0.528994819521904
accuracy on Test 0.7628205128205128
Best accuracy on Test 0.7628205128205128

**** Epoch 3/20 ****
9/33-(0.578)
24/33-(0.517)
6/33-(0.693)
21/33-(0.730)

=== Evaluating Model ===
accuracy on Valid 0.6634615384615384


**** Epoch 4/20 ****
3/33-(0.491)
18/33-(0.530)
0/33-(0.640)
15/33-(0.840)

=== Evaluating Model ===
accuracy on Valid 0.7019230769230769

Best accuracy on Valid 0.7019230769230769
Total valid loss 0.5314981088042259
accuracy on Test 0.7532051282051282
Best accuracy on Test 0.7628205128205128

**** Epoch 5/20 ****
30/33-(0.901)
12/33-(0.432)
27/33-(0.467)
9/33-(0.404)

=== Evaluating Model ===
accuracy on Valid 0.6923076923076923


**** Epoch 6/20 ****
24/33-(1.516)
6/33-(0.579)
21/33-(0.519)

=== Evaluating Model ===
accuracy on Valid 0.6923076923076923


**** Epoch 7/20 ****
3/33-(0.524)
18/33-(0.721)
0/33-(0.422)
15/33-(0.385)

=== Evaluating Model ===
accuracy on Valid 0.6762820512820513


**** Epoch 8/20 ****
30/33-(0.374)
12/33-(0.206)
27/33-(0.532)
9/33-(0.344)

=== Evaluating Model ===
accuracy on Valid 0.7147435897435898

Best accuracy on Valid 0.7147435897435898
Total valid loss 0.5328653931617737
accuracy on Test 0.7692307692307693
Best accuracy on Test 0.7692307692307693

**** Epoch 9/20 ****
24/33-(0.374)
6/33-(0.333)
21/33-(0.363)
3/33-(0.754)

=== Evaluating Model ===
accuracy on Valid 0.7147435897435898

Best accuracy on Valid 0.7147435897435898
Total valid loss 0.6512807816267013
accuracy on Test 0.7660256410256411
Best accuracy on Test 0.7692307692307693

**** Epoch 10/20 ****
18/33-(0.631)
0/33-(0.181)
15/33-(0.500)
30/33-(0.387)

=== Evaluating Model ===
accuracy on Valid 0.6282051282051282


**** Epoch 11/20 ****
12/33-(0.846)
27/33-(0.300)
9/33-(0.155)
24/33-(0.814)

=== Evaluating Model ===
accuracy on Valid 0.7147435897435898

Best accuracy on Valid 0.7147435897435898
Total valid loss 0.7850013718008995
accuracy on Test 0.7243589743589743
Best accuracy on Test 0.7692307692307693

**** Epoch 12/20 ****
6/33-(0.250)
21/33-(1.033)
3/33-(0.294)
18/33-(0.260)

=== Evaluating Model ===
accuracy on Valid 0.6634615384615384


**** Epoch 13/20 ****
0/33-(0.546)
15/33-(0.251)
30/33-(0.394)
12/33-(0.234)

=== Evaluating Model ===
accuracy on Valid 0.7115384615384616


**** Epoch 14/20 ****
27/33-(0.509)
9/33-(0.356)
24/33-(0.250)

=== Evaluating Model ===
accuracy on Valid 0.6057692307692307


**** Epoch 15/20 ****
6/33-(1.730)
21/33-(0.242)
3/33-(0.386)
18/33-(0.500)

=== Evaluating Model ===
accuracy on Valid 0.6923076923076923


**** Epoch 16/20 ****
0/33-(0.178)
15/33-(0.218)
30/33-(0.359)
12/33-(0.277)

=== Evaluating Model ===
accuracy on Valid 0.7339743589743589

Best accuracy on Valid 0.7339743589743589
Total valid loss 0.705861596763134
accuracy on Test 0.7467948717948718
Best accuracy on Test 0.7692307692307693

**** Epoch 17/20 ****
27/33-(0.266)
9/33-(0.119)
24/33-(0.279)
6/33-(0.146)

=== Evaluating Model ===
accuracy on Valid 0.6602564102564102


**** Epoch 18/20 ****
21/33-(0.104)
3/33-(0.483)
18/33-(0.127)
0/33-(0.793)

=== Evaluating Model ===
accuracy on Valid 0.7115384615384616


**** Epoch 19/20 ****
15/33-(0.259)
Best accuracy on Test 0.7692307692307693

Source domain: 2, Target domain: 2, Cur_fold 1
Corpus: TOEFL
Starting new HTTPS connection (1): s3.amazonaws.com:443
loading file https://s3.amazonaws.com/models.huggingface.co/bert/xlnet-base-cased-spiece.model from cache at /home/minghongxia/.cache/torch/transformers/dad589d582573df0293448af5109cb6981ca77239ed314e15ca63b7b8a318ddd.8b10bd978b5d01c21303cc761fc9ecd464419b3bf921864a355ba807cfbfafa8
Loading these models for language: en (English):
=======================
| Processor | Package |
-----------------------
| tokenize  | ewt     |
=======================

Use device: gpu
Loading: tokenize
Done loading processors!
Loading these models for language: en (English):
=======================
| Processor | Package |
-----------------------
| tokenize  | ewt     |
=======================

Use device: gpu
Loading: tokenize
Done loading processors!
Loading these models for language: en (English):
=======================
| Processor | Package |
-----------------------
| tokenize  | ewt     |
=======================

Use device: gpu
Loading: tokenize
Done loading processors!
Starting new HTTPS connection (1): s3.amazonaws.com:443
https://s3.amazonaws.com:443 "HEAD /models.huggingface.co/bert/xlnet-base-cased-config.json HTTP/1.1" 200 0
loading configuration file https://s3.amazonaws.com/models.huggingface.co/bert/xlnet-base-cased-config.json from cache at /home/minghongxia/.cache/torch/transformers/c9cc6e53904f7f3679a31ec4af244f4419e25ebc8e71ebf8c558a31cbcf07fc8.69e5e35e0b798cab5e473f253752f8bf4d280ee37682281a23eed80f6e2d09c6
Model config XLNetConfig {
  "architectures": [
    "XLNetLMHeadModel"
  ],
  "attn_type": "bi",
  "bi_data": false,
  "bos_token_id": 1,
  "clamp_len": -1,
  "d_head": 64,
  "d_inner": 3072,
  "d_model": 768,
  "do_sample": false,
  "dropout": 0.1,
  "end_n_top": 5,
  "eos_token_id": 2,
  "eos_token_ids": 0,
  "ff_activation": "gelu",
  "finetuning_task": null,
  "id2label": {
    "0": "LABEL_0",
    "1": "LABEL_1"
  },
  "initializer_range": 0.02,
  "is_decoder": false,
  "label2id": {
    "LABEL_0": 0,
    "LABEL_1": 1
  },
  "layer_norm_eps": 1e-12,
  "length_penalty": 1.0,
  "max_length": 20,
  "mem_len": null,
  "model_type": "xlnet",
  "n_head": 12,
  "n_layer": 12,
  "num_beams": 1,
  "num_labels": 2,
  "num_return_sequences": 1,
  "output_attentions": false,
  "output_hidden_states": false,
  "output_past": true,
  "pad_token_id": 5,
  "pruned_heads": {},
  "repetition_penalty": 1.0,
  "reuse_len": null,
  "same_length": false,
  "start_n_top": 5,
  "summary_activation": "tanh",
  "summary_last_dropout": 0.1,
  "summary_type": "last",
  "summary_use_proj": true,
  "task_specific_params": {
    "text-generation": {
      "do_sample": true,
      "max_length": 250
    }
  },
  "temperature": 1.0,
  "top_k": 50,
  "top_p": 1.0,
  "torchscript": false,
  "untie_r": true,
  "use_bfloat16": false,
  "vocab_size": 32000
}

Loading embeddings from: xlnet-base-cased
Model: DIS_Simple Avg Plus Sentence Ordering
Encoder: XLNet
Starting new HTTPS connection (1): s3.amazonaws.com:443
https://s3.amazonaws.com:443 "HEAD /models.huggingface.co/bert/xlnet-base-cased-config.json HTTP/1.1" 200 0
loading configuration file https://s3.amazonaws.com/models.huggingface.co/bert/xlnet-base-cased-config.json from cache at /home/minghongxia/.cache/torch/transformers/c9cc6e53904f7f3679a31ec4af244f4419e25ebc8e71ebf8c558a31cbcf07fc8.69e5e35e0b798cab5e473f253752f8bf4d280ee37682281a23eed80f6e2d09c6
Model config XLNetConfig {
  "architectures": [
    "XLNetLMHeadModel"
  ],
  "attn_type": "bi",
  "bi_data": false,
  "bos_token_id": 1,
  "clamp_len": -1,
  "d_head": 64,
  "d_inner": 3072,
  "d_model": 768,
  "do_sample": false,
  "dropout": 0.1,
  "end_n_top": 5,
  "eos_token_id": 2,
  "eos_token_ids": 0,
  "ff_activation": "gelu",
  "finetuning_task": null,
  "id2label": {
    "0": "LABEL_0",
    "1": "LABEL_1"
  },
  "initializer_range": 0.02,
  "is_decoder": false,
  "label2id": {
    "LABEL_0": 0,
    "LABEL_1": 1
  },
  "layer_norm_eps": 1e-12,
  "length_penalty": 1.0,
  "max_length": 20,
  "mem_len": null,
  "model_type": "xlnet",
  "n_head": 12,
  "n_layer": 12,
  "num_beams": 1,
  "num_labels": 2,
  "num_return_sequences": 1,
  "output_attentions": true,
  "output_hidden_states": false,
  "output_past": true,
  "pad_token_id": 5,
  "pruned_heads": {},
  "repetition_penalty": 1.0,
  "reuse_len": null,
  "same_length": false,
  "start_n_top": 5,
  "summary_activation": "tanh",
  "summary_last_dropout": 0.1,
  "summary_type": "last",
  "summary_use_proj": true,
  "task_specific_params": {
    "text-generation": {
      "do_sample": true,
      "max_length": 250
    }
  },
  "temperature": 1.0,
  "top_k": 50,
  "top_p": 1.0,
  "torchscript": false,
  "untie_r": true,
  "use_bfloat16": false,
  "vocab_size": 32000
}

Starting new HTTPS connection (1): s3.amazonaws.com:443
https://s3.amazonaws.com:443 "HEAD /models.huggingface.co/bert/xlnet-base-cased-pytorch_model.bin HTTP/1.1" 200 0
loading weights file https://s3.amazonaws.com/models.huggingface.co/bert/xlnet-base-cased-pytorch_model.bin from cache at /home/minghongxia/.cache/torch/transformers/24197ba0ce5dbfe23924431610704c88e2c0371afa49149360e4c823219ab474.7eac4fe898a021204e63c88c00ea68c60443c57f94b4bc3c02adbde6465745ac
Starting new HTTPS connection (1): s3.amazonaws.com:443
https://s3.amazonaws.com:443 "HEAD /models.huggingface.co/bert/xlnet-base-cased-config.json HTTP/1.1" 200 0
loading configuration file https://s3.amazonaws.com/models.huggingface.co/bert/xlnet-base-cased-config.json from cache at /home/minghongxia/.cache/torch/transformers/c9cc6e53904f7f3679a31ec4af244f4419e25ebc8e71ebf8c558a31cbcf07fc8.69e5e35e0b798cab5e473f253752f8bf4d280ee37682281a23eed80f6e2d09c6
Model config XLNetConfig {
  "architectures": [
    "XLNetLMHeadModel"
  ],
  "attn_type": "bi",
  "bi_data": false,
  "bos_token_id": 1,
  "clamp_len": -1,
  "d_head": 64,
  "d_inner": 3072,
  "d_model": 768,
  "do_sample": false,
  "dropout": 0.1,
  "end_n_top": 5,
  "eos_token_id": 2,
  "eos_token_ids": 0,
  "ff_activation": "gelu",
  "finetuning_task": null,
  "id2label": {
    "0": "LABEL_0",
    "1": "LABEL_1"
  },
  "initializer_range": 0.02,
  "is_decoder": false,
  "label2id": {
    "LABEL_0": 0,
    "LABEL_1": 1
  },
  "layer_norm_eps": 1e-12,
  "length_penalty": 1.0,
  "max_length": 20,
  "mem_len": null,
  "model_type": "xlnet",
  "n_head": 12,
  "n_layer": 12,
  "num_beams": 1,
  "num_labels": 2,
  "num_return_sequences": 1,
  "output_attentions": false,
  "output_hidden_states": false,
  "output_past": true,
  "pad_token_id": 5,
  "pruned_heads": {},
  "repetition_penalty": 1.0,
  "reuse_len": null,
  "same_length": false,
  "start_n_top": 5,
  "summary_activation": "tanh",
  "summary_last_dropout": 0.1,
  "summary_type": "last",
  "summary_use_proj": true,
  "task_specific_params": {
    "text-generation": {
      "do_sample": true,
      "max_length": 250
    }
  },
  "temperature": 1.0,
  "top_k": 50,
  "top_p": 1.0,
  "torchscript": false,
  "untie_r": true,
  "use_bfloat16": false,
  "vocab_size": 32000
}

Optimizer: adam
**** Training Begins ****
**** Epoch 0/20 ****
Use CrossEntropyLoss
15/33-(1.678)
30/33-(1.497)
12/33-(1.631)

=== Evaluating Model ===
accuracy on Valid 0.6602564102564102

Best accuracy on Valid 0.6602564102564102
Total valid loss 0.9030906021595001
accuracy on Test 0.6474358974358975
Best accuracy on Test 0.6474358974358975

**** Epoch 0/20 ****
27/33-(0.829)
9/33-(1.046)
24/33-(1.074)
6/33-(0.931)

=== Evaluating Model ===
accuracy on Valid 0.625


**** Epoch 1/20 ****
21/33-(0.872)
3/33-(1.246)
18/33-(0.724)
0/33-(1.027)

=== Evaluating Model ===
accuracy on Valid 0.657051282051282


**** Epoch 2/20 ****
15/33-(0.794)
30/33-(0.424)
12/33-(0.693)
27/33-(0.659)

=== Evaluating Model ===
accuracy on Valid 0.625


**** Epoch 3/20 ****
9/33-(0.845)
24/33-(0.951)
6/33-(0.580)
21/33-(0.620)

=== Evaluating Model ===
accuracy on Valid 0.6410256410256411


**** Epoch 4/20 ****
3/33-(0.659)
18/33-(0.720)
0/33-(0.710)
15/33-(0.597)

=== Evaluating Model ===
accuracy on Valid 0.5352564102564102


**** Epoch 5/20 ****
30/33-(0.273)
12/33-(0.886)
27/33-(0.723)
9/33-(0.619)

=== Evaluating Model ===
accuracy on Valid 0.7275641025641025

Best accuracy on Valid 0.7275641025641025
Total valid loss 0.7224204570055008
accuracy on Test 0.7083333333333334
Best accuracy on Test 0.7083333333333334

**** Epoch 6/20 ****
24/33-(0.643)
6/33-(0.518)
21/33-(0.506)

=== Evaluating Model ===
accuracy on Valid 0.6410256410256411


**** Epoch 7/20 ****
3/33-(0.399)
18/33-(0.643)
0/33-(0.306)
15/33-(0.711)

=== Evaluating Model ===
accuracy on Valid 0.7147435897435898


**** Epoch 8/20 ****
30/33-(0.638)
12/33-(0.554)
27/33-(0.448)
9/33-(0.248)

=== Evaluating Model ===
accuracy on Valid 0.7307692307692307

Best accuracy on Valid 0.7307692307692307
Total valid loss 0.8740607798099518
accuracy on Test 0.7019230769230769
Best accuracy on Test 0.7083333333333334

**** Epoch 9/20 ****
24/33-(0.466)
6/33-(0.449)
21/33-(0.351)
3/33-(0.315)

=== Evaluating Model ===
accuracy on Valid 0.7564102564102564

Best accuracy on Valid 0.7564102564102564
Total valid loss 0.8498445734381675
accuracy on Test 0.6955128205128205
Best accuracy on Test 0.7083333333333334

**** Epoch 10/20 ****
18/33-(0.384)
0/33-(0.262)
15/33-(0.244)
30/33-(0.273)

=== Evaluating Model ===
accuracy on Valid 0.6891025641025641


**** Epoch 11/20 ****
12/33-(0.390)
27/33-(0.344)
9/33-(0.802)
24/33-(0.525)

=== Evaluating Model ===
accuracy on Valid 0.5993589743589743


**** Epoch 12/20 ****
6/33-(0.633)
21/33-(0.617)
3/33-(0.584)
18/33-(0.378)

=== Evaluating Model ===
accuracy on Valid 0.7019230769230769


**** Epoch 13/20 ****
0/33-(0.179)
15/33-(0.198)
