Whole k-fold eval mode
Source domain: 5, Target domain: 5, Cur_fold 0
Corpus: TOEFL
Starting new HTTPS connection (1): s3.amazonaws.com:443
https://s3.amazonaws.com:443 "HEAD /models.huggingface.co/bert/xlnet-base-cased-spiece.model HTTP/1.1" 200 0
loading file https://s3.amazonaws.com/models.huggingface.co/bert/xlnet-base-cased-spiece.model from cache at /home/minghongxia/.cache/torch/transformers/dad589d582573df0293448af5109cb6981ca77239ed314e15ca63b7b8a318ddd.8b10bd978b5d01c21303cc761fc9ecd464419b3bf921864a355ba807cfbfafa8
Loading these models for language: en (English):
=======================
| Processor | Package |
-----------------------
| tokenize  | ewt     |
=======================

Use device: gpu
Loading: tokenize
Done loading processors!
Loading these models for language: en (English):
=======================
| Processor | Package |
-----------------------
| tokenize  | ewt     |
=======================

Use device: gpu
Loading: tokenize
Done loading processors!
Loading these models for language: en (English):
=======================
| Processor | Package |
-----------------------
| tokenize  | ewt     |
=======================

Use device: gpu
Loading: tokenize
Done loading processors!
Starting new HTTPS connection (1): s3.amazonaws.com:443
https://s3.amazonaws.com:443 "HEAD /models.huggingface.co/bert/xlnet-base-cased-config.json HTTP/1.1" 200 0
loading configuration file https://s3.amazonaws.com/models.huggingface.co/bert/xlnet-base-cased-config.json from cache at /home/minghongxia/.cache/torch/transformers/c9cc6e53904f7f3679a31ec4af244f4419e25ebc8e71ebf8c558a31cbcf07fc8.69e5e35e0b798cab5e473f253752f8bf4d280ee37682281a23eed80f6e2d09c6
Model config XLNetConfig {
  "architectures": [
    "XLNetLMHeadModel"
  ],
  "attn_type": "bi",
  "bi_data": false,
  "bos_token_id": 1,
  "clamp_len": -1,
  "d_head": 64,
  "d_inner": 3072,
  "d_model": 768,
  "do_sample": false,
  "dropout": 0.1,
  "end_n_top": 5,
  "eos_token_id": 2,
  "eos_token_ids": 0,
  "ff_activation": "gelu",
  "finetuning_task": null,
  "id2label": {
    "0": "LABEL_0",
    "1": "LABEL_1"
  },
  "initializer_range": 0.02,
  "is_decoder": false,
  "label2id": {
    "LABEL_0": 0,
    "LABEL_1": 1
  },
  "layer_norm_eps": 1e-12,
  "length_penalty": 1.0,
  "max_length": 20,
  "mem_len": null,
  "model_type": "xlnet",
  "n_head": 12,
  "n_layer": 12,
  "num_beams": 1,
  "num_labels": 2,
  "num_return_sequences": 1,
  "output_attentions": false,
  "output_hidden_states": false,
  "output_past": true,
  "pad_token_id": 5,
  "pruned_heads": {},
  "repetition_penalty": 1.0,
  "reuse_len": null,
  "same_length": false,
  "start_n_top": 5,
  "summary_activation": "tanh",
  "summary_last_dropout": 0.1,
  "summary_type": "last",
  "summary_use_proj": true,
  "task_specific_params": {
    "text-generation": {
      "do_sample": true,
      "max_length": 250
    }
  },
  "temperature": 1.0,
  "top_k": 50,
  "top_p": 1.0,
  "torchscript": false,
  "untie_r": true,
  "use_bfloat16": false,
  "vocab_size": 32000
}

Loading embeddings from: xlnet-base-cased
Model: DIS_Simple Avg Plus Sentence Ordering
Encoder: XLNet
Starting new HTTPS connection (1): s3.amazonaws.com:443
https://s3.amazonaws.com:443 "HEAD /models.huggingface.co/bert/xlnet-base-cased-config.json HTTP/1.1" 200 0
loading configuration file https://s3.amazonaws.com/models.huggingface.co/bert/xlnet-base-cased-config.json from cache at /home/minghongxia/.cache/torch/transformers/c9cc6e53904f7f3679a31ec4af244f4419e25ebc8e71ebf8c558a31cbcf07fc8.69e5e35e0b798cab5e473f253752f8bf4d280ee37682281a23eed80f6e2d09c6
Model config XLNetConfig {
  "architectures": [
    "XLNetLMHeadModel"
  ],
  "attn_type": "bi",
  "bi_data": false,
  "bos_token_id": 1,
  "clamp_len": -1,
  "d_head": 64,
  "d_inner": 3072,
  "d_model": 768,
  "do_sample": false,
  "dropout": 0.1,
  "end_n_top": 5,
  "eos_token_id": 2,
  "eos_token_ids": 0,
  "ff_activation": "gelu",
  "finetuning_task": null,
  "id2label": {
    "0": "LABEL_0",
    "1": "LABEL_1"
  },
  "initializer_range": 0.02,
  "is_decoder": false,
  "label2id": {
    "LABEL_0": 0,
    "LABEL_1": 1
  },
  "layer_norm_eps": 1e-12,
  "length_penalty": 1.0,
  "max_length": 20,
  "mem_len": null,
  "model_type": "xlnet",
  "n_head": 12,
  "n_layer": 12,
  "num_beams": 1,
  "num_labels": 2,
  "num_return_sequences": 1,
  "output_attentions": true,
  "output_hidden_states": false,
  "output_past": true,
  "pad_token_id": 5,
  "pruned_heads": {},
  "repetition_penalty": 1.0,
  "reuse_len": null,
  "same_length": false,
  "start_n_top": 5,
  "summary_activation": "tanh",
  "summary_last_dropout": 0.1,
  "summary_type": "last",
  "summary_use_proj": true,
  "task_specific_params": {
    "text-generation": {
      "do_sample": true,
      "max_length": 250
    }
  },
  "temperature": 1.0,
  "top_k": 50,
  "top_p": 1.0,
  "torchscript": false,
  "untie_r": true,
  "use_bfloat16": false,
  "vocab_size": 32000
}

Starting new HTTPS connection (1): s3.amazonaws.com:443
https://s3.amazonaws.com:443 "HEAD /models.huggingface.co/bert/xlnet-base-cased-pytorch_model.bin HTTP/1.1" 200 0
loading weights file https://s3.amazonaws.com/models.huggingface.co/bert/xlnet-base-cased-pytorch_model.bin from cache at /home/minghongxia/.cache/torch/transformers/24197ba0ce5dbfe23924431610704c88e2c0371afa49149360e4c823219ab474.7eac4fe898a021204e63c88c00ea68c60443c57f94b4bc3c02adbde6465745ac
Starting new HTTPS connection (1): s3.amazonaws.com:443
https://s3.amazonaws.com:443 "HEAD /models.huggingface.co/bert/xlnet-base-cased-config.json HTTP/1.1" 200 0
loading configuration file https://s3.amazonaws.com/models.huggingface.co/bert/xlnet-base-cased-config.json from cache at /home/minghongxia/.cache/torch/transformers/c9cc6e53904f7f3679a31ec4af244f4419e25ebc8e71ebf8c558a31cbcf07fc8.69e5e35e0b798cab5e473f253752f8bf4d280ee37682281a23eed80f6e2d09c6
Model config XLNetConfig {
  "architectures": [
    "XLNetLMHeadModel"
  ],
  "attn_type": "bi",
  "bi_data": false,
  "bos_token_id": 1,
  "clamp_len": -1,
  "d_head": 64,
  "d_inner": 3072,
  "d_model": 768,
  "do_sample": false,
  "dropout": 0.1,
  "end_n_top": 5,
  "eos_token_id": 2,
  "eos_token_ids": 0,
  "ff_activation": "gelu",
  "finetuning_task": null,
  "id2label": {
    "0": "LABEL_0",
    "1": "LABEL_1"
  },
  "initializer_range": 0.02,
  "is_decoder": false,
  "label2id": {
    "LABEL_0": 0,
    "LABEL_1": 1
  },
  "layer_norm_eps": 1e-12,
  "length_penalty": 1.0,
  "max_length": 20,
  "mem_len": null,
  "model_type": "xlnet",
  "n_head": 12,
  "n_layer": 12,
  "num_beams": 1,
  "num_labels": 2,
  "num_return_sequences": 1,
  "output_attentions": false,
  "output_hidden_states": false,
  "output_past": true,
  "pad_token_id": 5,
  "pruned_heads": {},
  "repetition_penalty": 1.0,
  "reuse_len": null,
  "same_length": false,
  "start_n_top": 5,
  "summary_activation": "tanh",
  "summary_last_dropout": 0.1,
  "summary_type": "last",
  "summary_use_proj": true,
  "task_specific_params": {
    "text-generation": {
      "do_sample": true,
      "max_length": 250
    }
  },
  "temperature": 1.0,
  "top_k": 50,
  "top_p": 1.0,
  "torchscript": false,
  "untie_r": true,
  "use_bfloat16": false,
  "vocab_size": 32000
}

Optimizer: adam
**** Training Begins ****
**** Epoch 0/20 ****
Use CrossEntropyLoss
15/33-(1.620)
30/33-(1.498)
12/33-(1.057)
27/33-(0.791)

=== Evaluating Model ===
accuracy on Valid 0.46504559270516715

Best accuracy on Valid 0.46504559270516715
Total valid loss 0.9313770873206002
accuracy on Test 0.5075987841945289
Best accuracy on Test 0.5075987841945289

**** Epoch 0/20 ****
9/33-(0.836)
24/33-(0.816)
6/33-(0.765)
21/33-(0.735)

=== Evaluating Model ===
accuracy on Valid 0.5683890577507599

Best accuracy on Valid 0.5683890577507599
Total valid loss 1.0046714672020503
accuracy on Test 0.5653495440729484
Best accuracy on Test 0.5653495440729484

**** Epoch 1/20 ****
3/33-(0.796)
18/33-(0.609)
0/33-(0.647)
15/33-(0.483)

=== Evaluating Model ===
accuracy on Valid 0.790273556231003

Best accuracy on Valid 0.790273556231003
Total valid loss 0.5629604487192064
accuracy on Test 0.7720364741641338
Best accuracy on Test 0.7720364741641338

**** Epoch 2/20 ****
30/33-(0.422)
12/33-(0.731)
27/33-(0.505)
9/33-(0.708)

=== Evaluating Model ===
accuracy on Valid 0.6899696048632219


**** Epoch 3/20 ****
24/33-(0.531)
6/33-(0.659)
21/33-(0.534)
3/33-(1.090)

=== Evaluating Model ===
accuracy on Valid 0.7811550151975684


**** Epoch 4/20 ****
18/33-(0.510)
0/33-(0.933)
15/33-(0.617)
30/33-(0.537)

=== Evaluating Model ===
accuracy on Valid 0.756838905775076


**** Epoch 5/20 ****
12/33-(0.450)
27/33-(1.173)
9/33-(0.375)
24/33-(0.352)

=== Evaluating Model ===
accuracy on Valid 0.6899696048632219


**** Epoch 6/20 ****
6/33-(0.701)
21/33-(0.334)
3/33-(0.170)
18/33-(0.503)

=== Evaluating Model ===
accuracy on Valid 0.7112462006079028


**** Epoch 7/20 ****
0/33-(1.008)
15/33-(0.589)
30/33-(0.445)
12/33-(0.672)

=== Evaluating Model ===
accuracy on Valid 0.7386018237082067


**** Epoch 8/20 ****
27/33-(1.208)
9/33-(0.271)
24/33-(0.849)
6/33-(0.303)

=== Evaluating Model ===
accuracy on Valid 0.7629179331306991


**** Epoch 9/20 ****
21/33-(0.561)
3/33-(0.783)
18/33-(0.206)
0/33-(0.312)

=== Evaluating Model ===
accuracy on Valid 0.6960486322188449


**** Epoch 10/20 ****
15/33-(0.479)
30/33-(0.195)
12/33-(0.521)
27/33-(0.437)

=== Evaluating Model ===
accuracy on Valid 0.7537993920972644


**** Epoch 11/20 ****
9/33-(0.631)
24/33-(0.222)
6/33-(0.438)
21/33-(0.421)

=== Evaluating Model ===
accuracy on Valid 0.7507598784194529


**** Epoch 12/20 ****
3/33-(0.737)
18/33-(0.191)
0/33-(0.224)
15/33-(0.280)

=== Evaluating Model ===
accuracy on Valid 0.7051671732522796


**** Epoch 13/20 ****
30/33-(0.896)
12/33-(0.397)
27/33-(0.305)
9/33-(0.517)
24/33-(0.501)

=== Evaluating Model ===
accuracy on Valid 0.6808510638297872


**** Epoch 14/20 ****
6/33-(0.462)
21/33-(0.182)
3/33-(0.391)
18/33-(0.329)

=== Evaluating Model ===
accuracy on Valid 0.6717325227963525


**** Epoch 15/20 ****
0/33-(0.164)
15/33-(0.306)
30/33-(0.657)
12/33-(0.241)

=== Evaluating Model ===
accuracy on Valid 0.6990881458966566


**** Epoch 16/20 ****
27/33-(0.166)
9/33-(0.067)
24/33-(0.198)
6/33-(0.140)

=== Evaluating Model ===
accuracy on Valid 0.7507598784194529


**** Epoch 17/20 ****
21/33-(0.169)
3/33-(0.164)
18/33-(0.101)
0/33-(0.148)

=== Evaluating Model ===
accuracy on Valid 0.7386018237082067


**** Epoch 18/20 ****
15/33-(0.362)
30/33-(0.481)
12/33-(0.088)
27/33-(0.675)

=== Evaluating Model ===
accuracy on Valid 0.7781155015197568


**** Epoch 19/20 ****
9/33-(0.139)
Best accuracy on Test 0.7720364741641338

Source domain: 5, Target domain: 5, Cur_fold 1
Corpus: TOEFL
Starting new HTTPS connection (1): s3.amazonaws.com:443
https://s3.amazonaws.com:443 "HEAD /models.huggingface.co/bert/xlnet-base-cased-spiece.model HTTP/1.1" 200 0
loading file https://s3.amazonaws.com/models.huggingface.co/bert/xlnet-base-cased-spiece.model from cache at /home/minghongxia/.cache/torch/transformers/dad589d582573df0293448af5109cb6981ca77239ed314e15ca63b7b8a318ddd.8b10bd978b5d01c21303cc761fc9ecd464419b3bf921864a355ba807cfbfafa8
Loading these models for language: en (English):
=======================
| Processor | Package |
-----------------------
| tokenize  | ewt     |
=======================

Use device: gpu
Loading: tokenize
Done loading processors!
Loading these models for language: en (English):
=======================
| Processor | Package |
-----------------------
| tokenize  | ewt     |
=======================

Use device: gpu
Loading: tokenize
Done loading processors!
Loading these models for language: en (English):
=======================
| Processor | Package |
-----------------------
| tokenize  | ewt     |
=======================

Use device: gpu
Loading: tokenize
Done loading processors!
Starting new HTTPS connection (1): s3.amazonaws.com:443
https://s3.amazonaws.com:443 "HEAD /models.huggingface.co/bert/xlnet-base-cased-config.json HTTP/1.1" 200 0
loading configuration file https://s3.amazonaws.com/models.huggingface.co/bert/xlnet-base-cased-config.json from cache at /home/minghongxia/.cache/torch/transformers/c9cc6e53904f7f3679a31ec4af244f4419e25ebc8e71ebf8c558a31cbcf07fc8.69e5e35e0b798cab5e473f253752f8bf4d280ee37682281a23eed80f6e2d09c6
Model config XLNetConfig {
  "architectures": [
    "XLNetLMHeadModel"
  ],
  "attn_type": "bi",
  "bi_data": false,
  "bos_token_id": 1,
  "clamp_len": -1,
  "d_head": 64,
  "d_inner": 3072,
  "d_model": 768,
  "do_sample": false,
  "dropout": 0.1,
  "end_n_top": 5,
  "eos_token_id": 2,
  "eos_token_ids": 0,
  "ff_activation": "gelu",
  "finetuning_task": null,
  "id2label": {
    "0": "LABEL_0",
    "1": "LABEL_1"
  },
  "initializer_range": 0.02,
  "is_decoder": false,
  "label2id": {
    "LABEL_0": 0,
    "LABEL_1": 1
  },
  "layer_norm_eps": 1e-12,
  "length_penalty": 1.0,
  "max_length": 20,
  "mem_len": null,
  "model_type": "xlnet",
  "n_head": 12,
  "n_layer": 12,
  "num_beams": 1,
  "num_labels": 2,
  "num_return_sequences": 1,
  "output_attentions": false,
  "output_hidden_states": false,
  "output_past": true,
  "pad_token_id": 5,
  "pruned_heads": {},
  "repetition_penalty": 1.0,
  "reuse_len": null,
  "same_length": false,
  "start_n_top": 5,
  "summary_activation": "tanh",
  "summary_last_dropout": 0.1,
  "summary_type": "last",
  "summary_use_proj": true,
  "task_specific_params": {
    "text-generation": {
      "do_sample": true,
      "max_length": 250
    }
  },
  "temperature": 1.0,
  "top_k": 50,
  "top_p": 1.0,
  "torchscript": false,
  "untie_r": true,
  "use_bfloat16": false,
  "vocab_size": 32000
}

Loading embeddings from: xlnet-base-cased
Model: DIS_Simple Avg Plus Sentence Ordering
Encoder: XLNet
Starting new HTTPS connection (1): s3.amazonaws.com:443
loading configuration file https://s3.amazonaws.com/models.huggingface.co/bert/xlnet-base-cased-config.json from cache at /home/minghongxia/.cache/torch/transformers/c9cc6e53904f7f3679a31ec4af244f4419e25ebc8e71ebf8c558a31cbcf07fc8.69e5e35e0b798cab5e473f253752f8bf4d280ee37682281a23eed80f6e2d09c6
Model config XLNetConfig {
  "architectures": [
    "XLNetLMHeadModel"
  ],
  "attn_type": "bi",
  "bi_data": false,
  "bos_token_id": 1,
  "clamp_len": -1,
  "d_head": 64,
  "d_inner": 3072,
  "d_model": 768,
  "do_sample": false,
  "dropout": 0.1,
  "end_n_top": 5,
  "eos_token_id": 2,
  "eos_token_ids": 0,
  "ff_activation": "gelu",
  "finetuning_task": null,
  "id2label": {
    "0": "LABEL_0",
    "1": "LABEL_1"
  },
  "initializer_range": 0.02,
  "is_decoder": false,
  "label2id": {
    "LABEL_0": 0,
    "LABEL_1": 1
  },
  "layer_norm_eps": 1e-12,
  "length_penalty": 1.0,
  "max_length": 20,
  "mem_len": null,
  "model_type": "xlnet",
  "n_head": 12,
  "n_layer": 12,
  "num_beams": 1,
  "num_labels": 2,
  "num_return_sequences": 1,
  "output_attentions": true,
  "output_hidden_states": false,
  "output_past": true,
  "pad_token_id": 5,
  "pruned_heads": {},
  "repetition_penalty": 1.0,
  "reuse_len": null,
  "same_length": false,
  "start_n_top": 5,
  "summary_activation": "tanh",
  "summary_last_dropout": 0.1,
  "summary_type": "last",
  "summary_use_proj": true,
  "task_specific_params": {
    "text-generation": {
      "do_sample": true,
      "max_length": 250
    }
  },
  "temperature": 1.0,
  "top_k": 50,
  "top_p": 1.0,
  "torchscript": false,
  "untie_r": true,
  "use_bfloat16": false,
  "vocab_size": 32000
}

Starting new HTTPS connection (1): s3.amazonaws.com:443
https://s3.amazonaws.com:443 "HEAD /models.huggingface.co/bert/xlnet-base-cased-pytorch_model.bin HTTP/1.1" 200 0
loading weights file https://s3.amazonaws.com/models.huggingface.co/bert/xlnet-base-cased-pytorch_model.bin from cache at /home/minghongxia/.cache/torch/transformers/24197ba0ce5dbfe23924431610704c88e2c0371afa49149360e4c823219ab474.7eac4fe898a021204e63c88c00ea68c60443c57f94b4bc3c02adbde6465745ac
Starting new HTTPS connection (1): s3.amazonaws.com:443
loading configuration file https://s3.amazonaws.com/models.huggingface.co/bert/xlnet-base-cased-config.json from cache at /home/minghongxia/.cache/torch/transformers/c9cc6e53904f7f3679a31ec4af244f4419e25ebc8e71ebf8c558a31cbcf07fc8.69e5e35e0b798cab5e473f253752f8bf4d280ee37682281a23eed80f6e2d09c6
Model config XLNetConfig {
  "architectures": [
    "XLNetLMHeadModel"
  ],
  "attn_type": "bi",
  "bi_data": false,
  "bos_token_id": 1,
  "clamp_len": -1,
  "d_head": 64,
  "d_inner": 3072,
  "d_model": 768,
  "do_sample": false,
  "dropout": 0.1,
  "end_n_top": 5,
  "eos_token_id": 2,
  "eos_token_ids": 0,
  "ff_activation": "gelu",
  "finetuning_task": null,
  "id2label": {
    "0": "LABEL_0",
    "1": "LABEL_1"
  },
  "initializer_range": 0.02,
  "is_decoder": false,
  "label2id": {
    "LABEL_0": 0,
    "LABEL_1": 1
  },
  "layer_norm_eps": 1e-12,
  "length_penalty": 1.0,
  "max_length": 20,
  "mem_len": null,
  "model_type": "xlnet",
  "n_head": 12,
  "n_layer": 12,
  "num_beams": 1,
  "num_labels": 2,
  "num_return_sequences": 1,
  "output_attentions": false,
  "output_hidden_states": false,
  "output_past": true,
  "pad_token_id": 5,
  "pruned_heads": {},
  "repetition_penalty": 1.0,
  "reuse_len": null,
  "same_length": false,
  "start_n_top": 5,
  "summary_activation": "tanh",
  "summary_last_dropout": 0.1,
  "summary_type": "last",
  "summary_use_proj": true,
  "task_specific_params": {
    "text-generation": {
      "do_sample": true,
      "max_length": 250
    }
  },
  "temperature": 1.0,
  "top_k": 50,
  "top_p": 1.0,
  "torchscript": false,
  "untie_r": true,
  "use_bfloat16": false,
  "vocab_size": 32000
}

Optimizer: adam
**** Training Begins ****
**** Epoch 0/20 ****
Use CrossEntropyLoss
15/33-(1.634)
30/33-(1.389)
12/33-(1.101)
27/33-(1.235)

=== Evaluating Model ===
accuracy on Valid 0.503030303030303

Best accuracy on Valid 0.503030303030303
Total valid loss 0.7965831671442304
accuracy on Test 0.5501519756838906
Best accuracy on Test 0.5501519756838906

**** Epoch 0/20 ****
9/33-(1.462)
24/33-(1.342)
6/33-(0.833)
21/33-(0.926)

=== Evaluating Model ===
accuracy on Valid 0.5696969696969697

Best accuracy on Valid 0.5696969696969697
Total valid loss 0.9073763503914788
accuracy on Test 0.6231003039513677
Best accuracy on Test 0.6231003039513677

**** Epoch 1/20 ****
3/33-(0.964)
18/33-(1.024)
0/33-(0.781)
15/33-(0.786)

=== Evaluating Model ===
accuracy on Valid 0.7484848484848485

Best accuracy on Valid 0.7484848484848485
Total valid loss 0.5286453309513274
accuracy on Test 0.7933130699088146
Best accuracy on Test 0.7933130699088146

**** Epoch 2/20 ****
30/33-(2.311)
12/33-(1.693)
27/33-(0.682)
9/33-(0.473)

=== Evaluating Model ===
accuracy on Valid 0.7424242424242424


**** Epoch 3/20 ****
24/33-(0.872)
6/33-(0.661)
21/33-(0.557)
3/33-(0.620)

=== Evaluating Model ===
accuracy on Valid 0.7727272727272727

Best accuracy on Valid 0.7727272727272727
Total valid loss 0.502310281708127
accuracy on Test 0.7872340425531915
Best accuracy on Test 0.7933130699088146

**** Epoch 4/20 ****
18/33-(0.414)
0/33-(0.328)
15/33-(0.674)
30/33-(0.602)

=== Evaluating Model ===
accuracy on Valid 0.7484848484848485


**** Epoch 5/20 ****
12/33-(0.866)
27/33-(0.352)
9/33-(0.307)
24/33-(0.698)

=== Evaluating Model ===
accuracy on Valid 0.7666666666666667


**** Epoch 6/20 ****
6/33-(0.515)
21/33-(0.335)
3/33-(0.558)
18/33-(0.431)

=== Evaluating Model ===
accuracy on Valid 0.7


**** Epoch 7/20 ****
0/33-(0.495)
15/33-(0.746)
30/33-(0.524)
12/33-(0.438)

=== Evaluating Model ===
accuracy on Valid 0.6333333333333333


**** Epoch 8/20 ****
27/33-(0.696)
9/33-(0.442)
24/33-(0.362)
6/33-(0.434)

=== Evaluating Model ===
accuracy on Valid 0.7272727272727273


**** Epoch 9/20 ****
21/33-(0.446)
3/33-(0.759)
18/33-(0.665)
0/33-(0.330)

=== Evaluating Model ===
accuracy on Valid 0.7575757575757576


**** Epoch 10/20 ****
15/33-(0.213)
30/33-(0.160)
12/33-(0.366)
27/33-(0.654)

=== Evaluating Model ===
accuracy on Valid 0.7575757575757576


**** Epoch 11/20 ****
9/33-(0.203)
24/33-(0.338)
6/33-(0.869)
21/33-(0.269)

=== Evaluating Model ===
accuracy on Valid 0.7636363636363637


**** Epoch 12/20 ****
3/33-(0.417)
18/33-(0.475)
0/33-(0.106)
15/33-(0.687)

=== Evaluating Model ===
accuracy on Valid 0.7363636363636363


**** Epoch 13/20 ****
30/33-(0.475)
12/33-(0.220)
27/33-(0.167)
9/33-(0.349)
24/33-(0.393)

=== Evaluating Model ===
accuracy on Valid 0.7363636363636363


**** Epoch 14/20 ****
6/33-(0.711)
21/33-(0.231)
3/33-(0.151)
18/33-(0.258)

=== Evaluating Model ===
accuracy on Valid 0.7181818181818181


**** Epoch 15/20 ****
0/33-(0.442)
15/33-(0.070)
30/33-(0.317)
12/33-(0.586)

=== Evaluating Model ===
accuracy on Valid 0.7545454545454545


**** Epoch 16/20 ****
27/33-(0.275)
9/33-(0.198)
24/33-(0.076)
6/33-(0.433)

=== Evaluating Model ===
accuracy on Valid 0.6666666666666666


**** Epoch 17/20 ****
21/33-(0.386)
3/33-(0.151)
18/33-(0.324)
0/33-(0.238)

=== Evaluating Model ===
accuracy on Valid 0.6909090909090909


**** Epoch 18/20 ****
15/33-(0.490)
30/33-(0.638)
12/33-(0.158)
27/33-(0.322)

=== Evaluating Model ===
accuracy on Valid 0.6696969696969697


**** Epoch 19/20 ****
9/33-(0.521)
Best accuracy on Test 0.7933130699088146

Source domain: 5, Target domain: 5, Cur_fold 2
Corpus: TOEFL
Starting new HTTPS connection (1): s3.amazonaws.com:443
https://s3.amazonaws.com:443 "HEAD /models.huggingface.co/bert/xlnet-base-cased-spiece.model HTTP/1.1" 200 0
loading file https://s3.amazonaws.com/models.huggingface.co/bert/xlnet-base-cased-spiece.model from cache at /home/minghongxia/.cache/torch/transformers/dad589d582573df0293448af5109cb6981ca77239ed314e15ca63b7b8a318ddd.8b10bd978b5d01c21303cc761fc9ecd464419b3bf921864a355ba807cfbfafa8
Loading these models for language: en (English):
=======================
| Processor | Package |
-----------------------
| tokenize  | ewt     |
=======================

Use device: gpu
Loading: tokenize
Done loading processors!
Loading these models for language: en (English):
=======================
| Processor | Package |
-----------------------
| tokenize  | ewt     |
=======================

Use device: gpu
Loading: tokenize
Done loading processors!
Loading these models for language: en (English):
=======================
| Processor | Package |
-----------------------
| tokenize  | ewt     |
=======================

Use device: gpu
Loading: tokenize
Done loading processors!
Starting new HTTPS connection (1): s3.amazonaws.com:443
loading configuration file https://s3.amazonaws.com/models.huggingface.co/bert/xlnet-base-cased-config.json from cache at /home/minghongxia/.cache/torch/transformers/c9cc6e53904f7f3679a31ec4af244f4419e25ebc8e71ebf8c558a31cbcf07fc8.69e5e35e0b798cab5e473f253752f8bf4d280ee37682281a23eed80f6e2d09c6
Model config XLNetConfig {
  "architectures": [
    "XLNetLMHeadModel"
  ],
  "attn_type": "bi",
  "bi_data": false,
  "bos_token_id": 1,
  "clamp_len": -1,
  "d_head": 64,
  "d_inner": 3072,
  "d_model": 768,
  "do_sample": false,
  "dropout": 0.1,
  "end_n_top": 5,
  "eos_token_id": 2,
  "eos_token_ids": 0,
  "ff_activation": "gelu",
  "finetuning_task": null,
  "id2label": {
    "0": "LABEL_0",
    "1": "LABEL_1"
  },
  "initializer_range": 0.02,
  "is_decoder": false,
  "label2id": {
    "LABEL_0": 0,
    "LABEL_1": 1
  },
  "layer_norm_eps": 1e-12,
  "length_penalty": 1.0,
  "max_length": 20,
  "mem_len": null,
  "model_type": "xlnet",
  "n_head": 12,
  "n_layer": 12,
  "num_beams": 1,
  "num_labels": 2,
  "num_return_sequences": 1,
  "output_attentions": false,
  "output_hidden_states": false,
  "output_past": true,
  "pad_token_id": 5,
  "pruned_heads": {},
  "repetition_penalty": 1.0,
  "reuse_len": null,
  "same_length": false,
  "start_n_top": 5,
  "summary_activation": "tanh",
  "summary_last_dropout": 0.1,
  "summary_type": "last",
  "summary_use_proj": true,
  "task_specific_params": {
    "text-generation": {
      "do_sample": true,
      "max_length": 250
    }
  },
  "temperature": 1.0,
  "top_k": 50,
  "top_p": 1.0,
  "torchscript": false,
  "untie_r": true,
  "use_bfloat16": false,
  "vocab_size": 32000
}

Loading embeddings from: xlnet-base-cased
Model: DIS_Simple Avg Plus Sentence Ordering
Encoder: XLNet
Starting new HTTPS connection (1): s3.amazonaws.com:443
https://s3.amazonaws.com:443 "HEAD /models.huggingface.co/bert/xlnet-base-cased-config.json HTTP/1.1" 200 0
loading configuration file https://s3.amazonaws.com/models.huggingface.co/bert/xlnet-base-cased-config.json from cache at /home/minghongxia/.cache/torch/transformers/c9cc6e53904f7f3679a31ec4af244f4419e25ebc8e71ebf8c558a31cbcf07fc8.69e5e35e0b798cab5e473f253752f8bf4d280ee37682281a23eed80f6e2d09c6
Model config XLNetConfig {
  "architectures": [
    "XLNetLMHeadModel"
  ],
  "attn_type": "bi",
  "bi_data": false,
  "bos_token_id": 1,
  "clamp_len": -1,
  "d_head": 64,
  "d_inner": 3072,
  "d_model": 768,
  "do_sample": false,
  "dropout": 0.1,
  "end_n_top": 5,
  "eos_token_id": 2,
  "eos_token_ids": 0,
  "ff_activation": "gelu",
  "finetuning_task": null,
  "id2label": {
    "0": "LABEL_0",
    "1": "LABEL_1"
  },
  "initializer_range": 0.02,
  "is_decoder": false,
  "label2id": {
    "LABEL_0": 0,
    "LABEL_1": 1
  },
  "layer_norm_eps": 1e-12,
  "length_penalty": 1.0,
  "max_length": 20,
  "mem_len": null,
  "model_type": "xlnet",
  "n_head": 12,
  "n_layer": 12,
  "num_beams": 1,
  "num_labels": 2,
  "num_return_sequences": 1,
  "output_attentions": true,
  "output_hidden_states": false,
  "output_past": true,
  "pad_token_id": 5,
  "pruned_heads": {},
  "repetition_penalty": 1.0,
  "reuse_len": null,
  "same_length": false,
  "start_n_top": 5,
  "summary_activation": "tanh",
  "summary_last_dropout": 0.1,
  "summary_type": "last",
  "summary_use_proj": true,
  "task_specific_params": {
    "text-generation": {
      "do_sample": true,
      "max_length": 250
    }
  },
  "temperature": 1.0,
  "top_k": 50,
  "top_p": 1.0,
  "torchscript": false,
  "untie_r": true,
  "use_bfloat16": false,
  "vocab_size": 32000
}

Starting new HTTPS connection (1): s3.amazonaws.com:443
https://s3.amazonaws.com:443 "HEAD /models.huggingface.co/bert/xlnet-base-cased-pytorch_model.bin HTTP/1.1" 200 0
loading weights file https://s3.amazonaws.com/models.huggingface.co/bert/xlnet-base-cased-pytorch_model.bin from cache at /home/minghongxia/.cache/torch/transformers/24197ba0ce5dbfe23924431610704c88e2c0371afa49149360e4c823219ab474.7eac4fe898a021204e63c88c00ea68c60443c57f94b4bc3c02adbde6465745ac
Starting new HTTPS connection (1): s3.amazonaws.com:443
https://s3.amazonaws.com:443 "HEAD /models.huggingface.co/bert/xlnet-base-cased-config.json HTTP/1.1" 200 0
loading configuration file https://s3.amazonaws.com/models.huggingface.co/bert/xlnet-base-cased-config.json from cache at /home/minghongxia/.cache/torch/transformers/c9cc6e53904f7f3679a31ec4af244f4419e25ebc8e71ebf8c558a31cbcf07fc8.69e5e35e0b798cab5e473f253752f8bf4d280ee37682281a23eed80f6e2d09c6
Model config XLNetConfig {
  "architectures": [
    "XLNetLMHeadModel"
  ],
  "attn_type": "bi",
  "bi_data": false,
  "bos_token_id": 1,
  "clamp_len": -1,
  "d_head": 64,
  "d_inner": 3072,
  "d_model": 768,
  "do_sample": false,
  "dropout": 0.1,
  "end_n_top": 5,
  "eos_token_id": 2,
  "eos_token_ids": 0,
  "ff_activation": "gelu",
  "finetuning_task": null,
  "id2label": {
    "0": "LABEL_0",
    "1": "LABEL_1"
  },
  "initializer_range": 0.02,
  "is_decoder": false,
  "label2id": {
    "LABEL_0": 0,
    "LABEL_1": 1
  },
  "layer_norm_eps": 1e-12,
  "length_penalty": 1.0,
  "max_length": 20,
  "mem_len": null,
  "model_type": "xlnet",
  "n_head": 12,
  "n_layer": 12,
  "num_beams": 1,
  "num_labels": 2,
  "num_return_sequences": 1,
  "output_attentions": false,
  "output_hidden_states": false,
  "output_past": true,
  "pad_token_id": 5,
  "pruned_heads": {},
  "repetition_penalty": 1.0,
  "reuse_len": null,
  "same_length": false,
  "start_n_top": 5,
  "summary_activation": "tanh",
  "summary_last_dropout": 0.1,
  "summary_type": "last",
  "summary_use_proj": true,
  "task_specific_params": {
    "text-generation": {
      "do_sample": true,
      "max_length": 250
    }
  },
  "temperature": 1.0,
  "top_k": 50,
  "top_p": 1.0,
  "torchscript": false,
  "untie_r": true,
  "use_bfloat16": false,
  "vocab_size": 32000
}

Optimizer: adam
**** Training Begins ****
**** Epoch 0/20 ****
Use CrossEntropyLoss
15/33-(1.644)
30/33-(1.195)
12/33-(1.388)
27/33-(1.067)

=== Evaluating Model ===
accuracy on Valid 0.6181818181818182

Best accuracy on Valid 0.6181818181818182
Total valid loss 0.7512916454247066
accuracy on Test 0.6636363636363637
Best accuracy on Test 0.6636363636363637

**** Epoch 0/20 ****
9/33-(1.023)
24/33-(0.772)
6/33-(0.867)
21/33-(0.619)

=== Evaluating Model ===
accuracy on Valid 0.693939393939394

Best accuracy on Valid 0.693939393939394
Total valid loss 0.6395140630858285
accuracy on Test 0.7121212121212122
Best accuracy on Test 0.7121212121212122

**** Epoch 1/20 ****
3/33-(0.657)
18/33-(0.982)
0/33-(0.921)
15/33-(0.448)

=== Evaluating Model ===
accuracy on Valid 0.7151515151515152

Best accuracy on Valid 0.7151515151515152
Total valid loss 0.6458856122834342
accuracy on Test 0.7272727272727273
Best accuracy on Test 0.7272727272727273

**** Epoch 2/20 ****
30/33-(0.702)
12/33-(0.576)
27/33-(0.682)
9/33-(0.530)

=== Evaluating Model ===
accuracy on Valid 0.703030303030303


**** Epoch 3/20 ****
24/33-(0.655)
6/33-(0.560)
21/33-(0.728)
3/33-(0.344)

=== Evaluating Model ===
accuracy on Valid 0.6515151515151515


**** Epoch 4/20 ****
18/33-(0.566)
0/33-(0.705)
15/33-(0.457)
30/33-(0.737)

=== Evaluating Model ===
accuracy on Valid 0.7212121212121212

Best accuracy on Valid 0.7212121212121212
Total valid loss 0.5892486430349804
accuracy on Test 0.7121212121212122
Best accuracy on Test 0.7272727272727273

**** Epoch 5/20 ****
12/33-(0.292)
27/33-(0.659)
9/33-(0.419)
24/33-(0.579)

=== Evaluating Model ===
accuracy on Valid 0.7696969696969697

Best accuracy on Valid 0.7696969696969697
Total valid loss 0.5441188187826247
accuracy on Test 0.7575757575757576
Best accuracy on Test 0.7575757575757576

**** Epoch 6/20 ****
6/33-(0.657)
21/33-(0.460)
3/33-(0.631)
18/33-(0.311)

=== Evaluating Model ===
accuracy on Valid 0.7484848484848485


**** Epoch 7/20 ****
0/33-(0.349)
15/33-(0.805)
30/33-(0.291)
12/33-(0.536)

=== Evaluating Model ===
accuracy on Valid 0.6818181818181818


**** Epoch 8/20 ****
27/33-(1.673)
9/33-(0.454)
24/33-(0.378)
6/33-(0.965)

=== Evaluating Model ===
accuracy on Valid 0.7363636363636363


**** Epoch 9/20 ****
21/33-(0.392)
3/33-(0.270)
18/33-(0.658)
0/33-(0.224)

=== Evaluating Model ===
accuracy on Valid 0.7515151515151515


**** Epoch 10/20 ****
15/33-(1.081)
30/33-(0.793)
12/33-(0.284)
27/33-(0.386)

=== Evaluating Model ===
accuracy on Valid 0.7242424242424242


**** Epoch 11/20 ****
9/33-(0.268)
24/33-(0.431)
6/33-(0.270)
21/33-(0.142)

=== Evaluating Model ===
accuracy on Valid 0.7272727272727273


**** Epoch 12/20 ****
3/33-(0.215)
18/33-(0.066)
0/33-(0.361)
15/33-(0.366)

=== Evaluating Model ===
accuracy on Valid 0.7151515151515152


**** Epoch 13/20 ****
30/33-(0.514)
12/33-(0.216)
27/33-(0.092)
9/33-(0.183)
24/33-(0.321)

=== Evaluating Model ===
accuracy on Valid 0.696969696969697


**** Epoch 14/20 ****
6/33-(0.535)
21/33-(0.751)
3/33-(0.155)
18/33-(0.860)

=== Evaluating Model ===
accuracy on Valid 0.7363636363636363


**** Epoch 15/20 ****
0/33-(0.150)
15/33-(0.514)
30/33-(0.740)
12/33-(0.157)

=== Evaluating Model ===
accuracy on Valid 0.7484848484848485


**** Epoch 16/20 ****
27/33-(0.192)
9/33-(0.146)
24/33-(1.506)
6/33-(0.096)

=== Evaluating Model ===
accuracy on Valid 0.7303030303030303


**** Epoch 17/20 ****
21/33-(0.238)
3/33-(0.248)
18/33-(0.264)
0/33-(0.253)

=== Evaluating Model ===
accuracy on Valid 0.706060606060606


**** Epoch 18/20 ****
15/33-(0.174)
30/33-(0.226)
12/33-(0.188)
27/33-(0.404)

=== Evaluating Model ===
accuracy on Valid 0.7424242424242424


**** Epoch 19/20 ****
9/33-(0.069)
Best accuracy on Test 0.7575757575757576

Source domain: 5, Target domain: 5, Cur_fold 3
Corpus: TOEFL
Starting new HTTPS connection (1): s3.amazonaws.com:443
https://s3.amazonaws.com:443 "HEAD /models.huggingface.co/bert/xlnet-base-cased-spiece.model HTTP/1.1" 200 0
loading file https://s3.amazonaws.com/models.huggingface.co/bert/xlnet-base-cased-spiece.model from cache at /home/minghongxia/.cache/torch/transformers/dad589d582573df0293448af5109cb6981ca77239ed314e15ca63b7b8a318ddd.8b10bd978b5d01c21303cc761fc9ecd464419b3bf921864a355ba807cfbfafa8
Loading these models for language: en (English):
=======================
| Processor | Package |
-----------------------
| tokenize  | ewt     |
=======================

Use device: gpu
Loading: tokenize
Done loading processors!
